Tue Jan 18 01:34:44 EST 2022
Slurm nodes: evc1
You were assigned 1 gpu(s)
Please run `conda env list` to see a list of all available environments. Use
`source activate <env>` to activate the environment '<env>'. 

Currently Loaded Modules:
  1) anaconda/anaconda3

 

	[4mGPU0	mlx5_0	CPU Affinity	NUMA Affinity[0m
GPU0	 X 	SYS	8,10,12,14	0-1
mlx5_0	SYS	 X 		

Legend:

  X    = Self
  SYS  = Connection traversing PCIe as well as the SMP interconnect between NUMA nodes (e.g., QPI/UPI)
  NODE = Connection traversing PCIe as well as the interconnect between PCIe Host Bridges within a NUMA node
  PHB  = Connection traversing PCIe as well as a PCIe Host Bridge (typically the CPU)
  PXB  = Connection traversing multiple PCIe bridges (without traversing the PCIe Host Bridge)
  PIX  = Connection traversing at most a single PCIe bridge
  NV#  = Connection traversing a bonded set of # NVLinks


Namespace(arch='vgg16', checkpoint='checkpoint', dataset='cifar100', epochs=15, gamma=0.1, jobid='123190', logs='logs', lr=0.005, manualSeed=2572, momentum=0.9, schedule=[5, 10], test_batch=100, train_batch=128, weight_decay=0.0005, workers=4)
==> Preparing dataset cifar100
Files already downloaded and verified
Testing...
 -> Progress: 20 done!
 -> Progress: 40 done!
 -> Progress: 60 done!
 -> Progress: 80 done!
 -> Progress: 100 done!

Test loss: 1.8128 
Val accuracy: 70.26%
==> Preparing dataset cifar100
Files already downloaded and verified
==> Preparing dataset cifar100
Files already downloaded and verified
==> Preparing dataset cifar100
Files already downloaded and verified
    Total params: 14.77M

Epoch: [1 | 15] LR: 0.005000
Training...
 -> Progress: 20 done!
 -> Progress: 40 done!
 -> Progress: 60 done!
 -> Progress: 80 done!
 -> Progress: 100 done!
Testing...
 -> Progress: 20 done!
 -> Progress: 40 done!
 -> Progress: 60 done!
 -> Progress: 80 done!
 -> Progress: 100 done!
Testing...
 -> Progress: 20 done!
 -> Progress: 40 done!
 -> Progress: 60 done!
 -> Progress: 80 done!
 -> Progress: 100 done!

Keys:  ['time', 'acc1', 'acc5', 'ce_loss']
Training:  [0.01894267201423645, 76.796875, 96.58203125, 0.7492257691919804]
Testing New Task:  [0.013851451873779296, 83.0, 99.2, 0.4731052666902542]
Testing Old Task:  [0.00437267886267768, 70.25555555555556, 90.22222222222223, 1.8128175662623511]
Best Acc:  83.0

Epoch: [2 | 15] LR: 0.005000
Training...
 -> Progress: 20 done!
 -> Progress: 40 done!
 -> Progress: 60 done!
 -> Progress: 80 done!
 -> Progress: 100 done!
Testing...
 -> Progress: 20 done!
 -> Progress: 40 done!
 -> Progress: 60 done!
 -> Progress: 80 done!
 -> Progress: 100 done!
Testing...
 -> Progress: 20 done!
 -> Progress: 40 done!
 -> Progress: 60 done!
 -> Progress: 80 done!
 -> Progress: 100 done!

Keys:  ['time', 'acc1', 'acc5', 'ce_loss']
Training:  [0.017933177947998046, 85.48828125, 98.984375, 0.45775980278849604]
Testing New Task:  [0.015455126762390137, 84.6, 99.5, 0.4455811530351639]
Testing Old Task:  [0.0044789870580037435, 70.25555555555556, 90.22222222222223, 1.8128175662623511]
Best Acc:  84.6

Epoch: [3 | 15] LR: 0.005000
Training...
 -> Progress: 20 done!
 -> Progress: 40 done!
 -> Progress: 60 done!
 -> Progress: 80 done!
 -> Progress: 100 done!
Testing...
 -> Progress: 20 done!
 -> Progress: 40 done!
 -> Progress: 60 done!
 -> Progress: 80 done!
 -> Progress: 100 done!
Testing...
 -> Progress: 20 done!
 -> Progress: 40 done!
 -> Progress: 60 done!
 -> Progress: 80 done!
 -> Progress: 100 done!

Keys:  ['time', 'acc1', 'acc5', 'ce_loss']
Training:  [0.018525290489196777, 84.453125, 99.12109375, 0.4472414322197437]
Testing New Task:  [0.015176844596862794, 84.3, 99.3, 0.43817982375621795]
Testing Old Task:  [0.004360829459296333, 70.25555555555556, 90.22222222222223, 1.8128175662623511]
Best Acc:  84.6

Epoch: [4 | 15] LR: 0.005000
Training...
 -> Progress: 20 done!
 -> Progress: 40 done!
 -> Progress: 60 done!
 -> Progress: 80 done!
 -> Progress: 100 done!
Testing...
 -> Progress: 20 done!
 -> Progress: 40 done!
 -> Progress: 60 done!
 -> Progress: 80 done!
 -> Progress: 100 done!
Testing...
 -> Progress: 20 done!
 -> Progress: 40 done!
 -> Progress: 60 done!
 -> Progress: 80 done!
 -> Progress: 100 done!

Keys:  ['time', 'acc1', 'acc5', 'ce_loss']
Training:  [0.018599045276641846, 85.44921875, 99.27734375, 0.4305167689919472]
Testing New Task:  [0.015491724014282227, 85.6, 99.5, 0.4246513843536377]
Testing Old Task:  [0.004431494077046712, 70.25555555555556, 90.22222222222223, 1.8128175662623511]
Best Acc:  85.6

Epoch: [5 | 15] LR: 0.005000
Training...
 -> Progress: 20 done!
 -> Progress: 40 done!
 -> Progress: 60 done!
 -> Progress: 80 done!
 -> Progress: 100 done!
Testing...
 -> Progress: 20 done!
 -> Progress: 40 done!
 -> Progress: 60 done!
 -> Progress: 80 done!
 -> Progress: 100 done!
Testing...
 -> Progress: 20 done!
 -> Progress: 40 done!
 -> Progress: 60 done!
 -> Progress: 80 done!
 -> Progress: 100 done!

Keys:  ['time', 'acc1', 'acc5', 'ce_loss']
Training:  [0.01797323822975159, 86.2109375, 99.3359375, 0.41303733065724374]
Testing New Task:  [0.015487861633300782, 85.5, 99.3, 0.4277402549982071]
Testing Old Task:  [0.004324070612589518, 70.25555555555556, 90.22222222222223, 1.8128175662623511]
Best Acc:  85.6

Epoch: [6 | 15] LR: 0.000500
Training...
 -> Progress: 20 done!
 -> Progress: 40 done!
 -> Progress: 60 done!
 -> Progress: 80 done!
 -> Progress: 100 done!
Testing...
 -> Progress: 20 done!
 -> Progress: 40 done!
 -> Progress: 60 done!
 -> Progress: 80 done!
 -> Progress: 100 done!
Testing...
 -> Progress: 20 done!
 -> Progress: 40 done!
 -> Progress: 60 done!
 -> Progress: 80 done!
 -> Progress: 100 done!

Keys:  ['time', 'acc1', 'acc5', 'ce_loss']
Training:  [0.018224984407424927, 87.03125, 99.375, 0.38947981148958205]
Testing New Task:  [0.015367746353149414, 86.1, 99.5, 0.41914330422878265]
Testing Old Task:  [0.004243869251675076, 70.25555555555556, 90.22222222222223, 1.8128175662623511]
Best Acc:  86.1

Epoch: [7 | 15] LR: 0.000500
Training...
 -> Progress: 20 done!
 -> Progress: 40 done!
 -> Progress: 60 done!
 -> Progress: 80 done!
 -> Progress: 100 done!
Testing...
 -> Progress: 20 done!
 -> Progress: 40 done!
 -> Progress: 60 done!
 -> Progress: 80 done!
 -> Progress: 100 done!
Testing...
 -> Progress: 20 done!
 -> Progress: 40 done!
 -> Progress: 60 done!
 -> Progress: 80 done!
 -> Progress: 100 done!

Keys:  ['time', 'acc1', 'acc5', 'ce_loss']
Training:  [0.018198961019515993, 86.015625, 99.55078125, 0.3956400714814663]
Testing New Task:  [0.013047385215759277, 86.0, 99.6, 0.41698043048381805]
Testing Old Task:  [0.004196778933207194, 70.25555555555556, 90.22222222222223, 1.8128175662623511]
Best Acc:  86.1

Epoch: [8 | 15] LR: 0.000500
Training...
 -> Progress: 20 done!
 -> Progress: 40 done!
 -> Progress: 60 done!
 -> Progress: 80 done!
 -> Progress: 100 done!
Testing...
 -> Progress: 20 done!
 -> Progress: 40 done!
 -> Progress: 60 done!
 -> Progress: 80 done!
 -> Progress: 100 done!
Testing...
 -> Progress: 20 done!
 -> Progress: 40 done!
 -> Progress: 60 done!
 -> Progress: 80 done!
 -> Progress: 100 done!

Keys:  ['time', 'acc1', 'acc5', 'ce_loss']
Training:  [0.018173038959503174, 86.25, 99.43359375, 0.40405996032059194]
Testing New Task:  [0.014130663871765137, 86.0, 99.8, 0.4162019520998001]
Testing Old Task:  [0.004224726888868544, 70.25555555555556, 90.22222222222223, 1.8128175662623511]
Best Acc:  86.1

Epoch: [9 | 15] LR: 0.000500
Training...
 -> Progress: 20 done!
 -> Progress: 40 done!
 -> Progress: 60 done!
 -> Progress: 80 done!
 -> Progress: 100 done!
Testing...
 -> Progress: 20 done!
 -> Progress: 40 done!
 -> Progress: 60 done!
 -> Progress: 80 done!
 -> Progress: 100 done!
Testing...
 -> Progress: 20 done!
 -> Progress: 40 done!
 -> Progress: 60 done!
 -> Progress: 80 done!
 -> Progress: 100 done!

Keys:  ['time', 'acc1', 'acc5', 'ce_loss']
Training:  [0.018132048845291137, 87.109375, 99.43359375, 0.3879160523414612]
Testing New Task:  [0.014202022552490234, 86.4, 99.6, 0.4169130474328995]
Testing Old Task:  [0.004272680812411838, 70.25555555555556, 90.22222222222223, 1.8128175662623511]
Best Acc:  86.4

Epoch: [10 | 15] LR: 0.000500
Training...
 -> Progress: 20 done!
 -> Progress: 40 done!
 -> Progress: 60 done!
 -> Progress: 80 done!
 -> Progress: 100 done!
Testing...
 -> Progress: 20 done!
 -> Progress: 40 done!
 -> Progress: 60 done!
 -> Progress: 80 done!
 -> Progress: 100 done!
Testing...
 -> Progress: 20 done!
 -> Progress: 40 done!
 -> Progress: 60 done!
 -> Progress: 80 done!
 -> Progress: 100 done!

Keys:  ['time', 'acc1', 'acc5', 'ce_loss']
Training:  [0.01821323037147522, 86.34765625, 99.296875, 0.4004710249602795]
Testing New Task:  [0.014455342292785644, 86.4, 99.6, 0.4163828670978546]
Testing Old Task:  [0.004181186358133952, 70.25555555555556, 90.22222222222223, 1.8128175662623511]
Best Acc:  86.4

Epoch: [11 | 15] LR: 0.000050
Training...
 -> Progress: 20 done!
 -> Progress: 40 done!
 -> Progress: 60 done!
 -> Progress: 80 done!
 -> Progress: 100 done!
Testing...
 -> Progress: 20 done!
 -> Progress: 40 done!
 -> Progress: 60 done!
 -> Progress: 80 done!
 -> Progress: 100 done!
Testing...
 -> Progress: 20 done!
 -> Progress: 40 done!
 -> Progress: 60 done!
 -> Progress: 80 done!
 -> Progress: 100 done!

Keys:  ['time', 'acc1', 'acc5', 'ce_loss']
Training:  [0.018103986978530884, 87.24609375, 99.296875, 0.38842434212565424]
Testing New Task:  [0.014229750633239746, 86.2, 99.6, 0.41606237590312956]
Testing Old Task:  [0.0042267322540283205, 70.25555555555556, 90.22222222222223, 1.8128175662623511]
Best Acc:  86.4

Epoch: [12 | 15] LR: 0.000050
Training...
 -> Progress: 20 done!
 -> Progress: 40 done!
 -> Progress: 60 done!
 -> Progress: 80 done!
 -> Progress: 100 done!
Testing...
 -> Progress: 20 done!
 -> Progress: 40 done!
 -> Progress: 60 done!
 -> Progress: 80 done!
 -> Progress: 100 done!
Testing...
 -> Progress: 20 done!
 -> Progress: 40 done!
 -> Progress: 60 done!
 -> Progress: 80 done!
 -> Progress: 100 done!

Keys:  ['time', 'acc1', 'acc5', 'ce_loss']
Training:  [0.018200558423995972, 86.81640625, 99.43359375, 0.37915696352720263]
Testing New Task:  [0.014694929122924805, 86.3, 99.6, 0.4166826754808426]
Testing Old Task:  [0.00418446593814426, 70.25555555555556, 90.22222222222223, 1.8128175662623511]
Best Acc:  86.4

Epoch: [13 | 15] LR: 0.000050
Training...
 -> Progress: 20 done!
 -> Progress: 40 done!
 -> Progress: 60 done!
 -> Progress: 80 done!
 -> Progress: 100 done!
Testing...
 -> Progress: 20 done!
 -> Progress: 40 done!
 -> Progress: 60 done!
 -> Progress: 80 done!
 -> Progress: 100 done!
Testing...
 -> Progress: 20 done!
 -> Progress: 40 done!
 -> Progress: 60 done!
 -> Progress: 80 done!
 -> Progress: 100 done!

Keys:  ['time', 'acc1', 'acc5', 'ce_loss']
Training:  [0.01855021119117737, 86.1328125, 99.35546875, 0.4010710299015045]
Testing New Task:  [0.016238474845886232, 86.3, 99.6, 0.41671997904777525]
Testing Old Task:  [0.004599454667833116, 70.25555555555556, 90.22222222222223, 1.8128175662623511]
Best Acc:  86.4

Epoch: [14 | 15] LR: 0.000050
Training...
 -> Progress: 20 done!
 -> Progress: 40 done!
 -> Progress: 60 done!
 -> Progress: 80 done!
 -> Progress: 100 done!
Testing...
 -> Progress: 20 done!
 -> Progress: 40 done!
 -> Progress: 60 done!
 -> Progress: 80 done!
 -> Progress: 100 done!
Testing...
 -> Progress: 20 done!
 -> Progress: 40 done!
 -> Progress: 60 done!
 -> Progress: 80 done!
 -> Progress: 100 done!

Keys:  ['time', 'acc1', 'acc5', 'ce_loss']
Training:  [0.018499726057052614, 86.7578125, 99.39453125, 0.38915214091539385]
Testing New Task:  [0.016585683822631835, 86.0, 99.6, 0.4161963164806366]
Testing Old Task:  [0.0045553154415554475, 70.25555555555556, 90.22222222222223, 1.8128175662623511]
Best Acc:  86.4

Epoch: [15 | 15] LR: 0.000050
Training...
 -> Progress: 20 done!
 -> Progress: 40 done!
 -> Progress: 60 done!
 -> Progress: 80 done!
 -> Progress: 100 done!
Testing...
 -> Progress: 20 done!
 -> Progress: 40 done!
 -> Progress: 60 done!
 -> Progress: 80 done!
 -> Progress: 100 done!
Testing...
 -> Progress: 20 done!
 -> Progress: 40 done!
 -> Progress: 60 done!
 -> Progress: 80 done!
 -> Progress: 100 done!

Keys:  ['time', 'acc1', 'acc5', 'ce_loss']
Training:  [0.018623262643814087, 87.67578125, 99.4140625, 0.37480844296514987]
Testing New Task:  [0.016321587562561034, 86.1, 99.7, 0.4162492543458939]
Testing Old Task:  [0.00440526008605957, 70.25555555555556, 90.22222222222223, 1.8128175662623511]
Best Acc:  86.4

real	0m46.831s
user	1m6.184s
sys	0m24.177s

Ending script...
Tue Jan 18 01:35:33 EST 2022
