Sat Jan 15 23:24:44 EST 2022
Slurm nodes: evc2
You were assigned 1 gpu(s)
Please run `conda env list` to see a list of all available environments. Use
`source activate <env>` to activate the environment '<env>'. 

Currently Loaded Modules:
  1) anaconda/anaconda3

 

	[4mGPU0	mlx5_0	CPU Affinity	NUMA Affinity[0m
GPU0	 X 	SYS	0,2,4,6	0-1
mlx5_0	SYS	 X 		

Legend:

  X    = Self
  SYS  = Connection traversing PCIe as well as the SMP interconnect between NUMA nodes (e.g., QPI/UPI)
  NODE = Connection traversing PCIe as well as the interconnect between PCIe Host Bridges within a NUMA node
  PHB  = Connection traversing PCIe as well as a PCIe Host Bridge (typically the CPU)
  PXB  = Connection traversing multiple PCIe bridges (without traversing the PCIe Host Bridge)
  PIX  = Connection traversing at most a single PCIe bridge
  NV#  = Connection traversing a bonded set of # NVLinks


Namespace(arch='vgg16', checkpoint='checkpoint', dataset='cifar100', epochs=90, gamma=0.1, jobid='123148', logs='logs', lr=0.05, manualSeed=1315, momentum=0.9, schedule=[50, 70], test_batch=100, train_batch=128, weight_decay=0.0005, workers=4)
==> Preparing dataset cifar100
Files already downloaded and verified
Testing...
 -> Progress: 20 done!
 -> Progress: 40 done!
 -> Progress: 60 done!
 -> Progress: 80 done!
 -> Progress: 100 done!

Test loss: 4.4995 
Val accuracy: 1.11%
==> Preparing dataset cifar100
Files already downloaded and verified
==> Preparing dataset cifar100
Files already downloaded and verified
    Total params: 14.77M

Epoch: [1 | 90] LR: 0.050000
Training...
 -> Progress: 20 done!
 -> Progress: 40 done!
 -> Progress: 60 done!
 -> Progress: 80 done!
 -> Progress: 100 done!
Testing...
 -> Progress: 20 done!
 -> Progress: 40 done!
 -> Progress: 60 done!
 -> Progress: 80 done!
 -> Progress: 100 done!

Keys:  ['time', 'acc1', 'acc5', 'ce_loss']
Training:  [0.006294835697520863, 2.3817274299534885, 10.787809734994715, 4.369584395126863]
Testing:  [0.0042297681172688804, 2.977777777777778, 15.38888888888889, 4.294699536429511]
Best Acc:  2.977777777777778

Epoch: [2 | 90] LR: 0.050000
Training...
 -> Progress: 20 done!
 -> Progress: 40 done!
 -> Progress: 60 done!
 -> Progress: 80 done!
 -> Progress: 100 done!
Testing...
 -> Progress: 20 done!
 -> Progress: 40 done!
 -> Progress: 60 done!
 -> Progress: 80 done!
 -> Progress: 100 done!

Keys:  ['time', 'acc1', 'acc5', 'ce_loss']
Training:  [0.0062704960053617306, 5.529168638316068, 20.86144649440592, 4.0779148387638005]
Testing:  [0.004174934493170844, 8.255555555555556, 28.38888888888889, 3.877912979655796]
Best Acc:  8.255555555555556

Epoch: [3 | 90] LR: 0.050000
Training...
 -> Progress: 20 done!
 -> Progress: 40 done!
 -> Progress: 60 done!
 -> Progress: 80 done!
 -> Progress: 100 done!
Testing...
 -> Progress: 20 done!
 -> Progress: 40 done!
 -> Progress: 60 done!
 -> Progress: 80 done!
 -> Progress: 100 done!

Keys:  ['time', 'acc1', 'acc5', 'ce_loss']
Training:  [0.006265368651260029, 8.974510732022198, 29.807597452943977, 3.808283444155346]
Testing:  [0.004223789109124077, 9.688888888888888, 30.555555555555557, 3.796387884351942]
Best Acc:  9.688888888888888

Epoch: [4 | 90] LR: 0.050000
Training...
 -> Progress: 20 done!
 -> Progress: 40 done!
 -> Progress: 60 done!
 -> Progress: 80 done!
 -> Progress: 100 done!
Testing...
 -> Progress: 20 done!
 -> Progress: 40 done!
 -> Progress: 60 done!
 -> Progress: 80 done!
 -> Progress: 100 done!

Keys:  ['time', 'acc1', 'acc5', 'ce_loss']
Training:  [0.006268776953220367, 12.921204228292812, 37.31356534090909, 3.5895573788068513]
Testing:  [0.004230440987481011, 16.38888888888889, 42.93333333333333, 3.4014773978127373]
Best Acc:  16.38888888888889

Epoch: [5 | 90] LR: 0.050000
Training...
 -> Progress: 20 done!
 -> Progress: 40 done!
 -> Progress: 60 done!
 -> Progress: 80 done!
 -> Progress: 100 done!
Testing...
 -> Progress: 20 done!
 -> Progress: 40 done!
 -> Progress: 60 done!
 -> Progress: 80 done!
 -> Progress: 100 done!

Keys:  ['time', 'acc1', 'acc5', 'ce_loss']
Training:  [0.006259310651909222, 16.96012862704017, 43.900430072437636, 3.375473169440573]
Testing:  [0.00420831044514974, 19.322222222222223, 46.977777777777774, 3.2587729056676227]
Best Acc:  19.322222222222223

Epoch: [6 | 90] LR: 0.050000
Training...
 -> Progress: 20 done!
 -> Progress: 40 done!
 -> Progress: 60 done!
 -> Progress: 80 done!
 -> Progress: 100 done!
Testing...
 -> Progress: 20 done!
 -> Progress: 40 done!
 -> Progress: 60 done!
 -> Progress: 80 done!
 -> Progress: 100 done!

Keys:  ['time', 'acc1', 'acc5', 'ce_loss']
Training:  [0.0062399215318939905, 20.28611308336258, 48.53540285067125, 3.2048145444555716]
Testing:  [0.004171774122450087, 24.544444444444444, 54.18888888888889, 3.0183041705025566]
Best Acc:  24.544444444444444

Epoch: [7 | 90] LR: 0.050000
Training...
 -> Progress: 20 done!
 -> Progress: 40 done!
 -> Progress: 60 done!
 -> Progress: 80 done!
 -> Progress: 100 done!
Testing...
 -> Progress: 20 done!
 -> Progress: 40 done!
 -> Progress: 60 done!
 -> Progress: 80 done!
 -> Progress: 100 done!

Keys:  ['time', 'acc1', 'acc5', 'ce_loss']
Training:  [0.006262395869601856, 23.993104875087738, 53.80168875780973, 3.0188899019902404]
Testing:  [0.004208077324761285, 24.122222222222224, 53.955555555555556, 3.0299549102783203]
Best Acc:  24.544444444444444

Epoch: [8 | 90] LR: 0.050000
Training...
 -> Progress: 20 done!
 -> Progress: 40 done!
 -> Progress: 60 done!
 -> Progress: 80 done!
 -> Progress: 100 done!
Testing...
 -> Progress: 20 done!
 -> Progress: 40 done!
 -> Progress: 60 done!
 -> Progress: 80 done!
 -> Progress: 100 done!

Keys:  ['time', 'acc1', 'acc5', 'ce_loss']
Training:  [0.006242843514139002, 27.37728850408034, 58.095357873223044, 2.852594747462056]
Testing:  [0.004207038879394531, 30.38888888888889, 60.75555555555555, 2.7154803858862984]
Best Acc:  30.38888888888889

Epoch: [9 | 90] LR: 0.050000
Training...
 -> Progress: 20 done!
 -> Progress: 40 done!
 -> Progress: 60 done!
 -> Progress: 80 done!
 -> Progress: 100 done!
Testing...
 -> Progress: 20 done!
 -> Progress: 40 done!
 -> Progress: 60 done!
 -> Progress: 80 done!
 -> Progress: 100 done!

Keys:  ['time', 'acc1', 'acc5', 'ce_loss']
Training:  [0.006257544186982242, 30.927685044028543, 62.724165472117335, 2.6702379022132265]
Testing:  [0.004173911942376031, 32.63333333333333, 64.64444444444445, 2.604721490542094]
Best Acc:  32.63333333333333

Epoch: [10 | 90] LR: 0.050000
Training...
 -> Progress: 20 done!
 -> Progress: 40 done!
 -> Progress: 60 done!
 -> Progress: 80 done!
 -> Progress: 100 done!
Testing...
 -> Progress: 20 done!
 -> Progress: 40 done!
 -> Progress: 60 done!
 -> Progress: 80 done!
 -> Progress: 100 done!

Keys:  ['time', 'acc1', 'acc5', 'ce_loss']
Training:  [0.006255338815125552, 34.19645675204017, 65.71821731870824, 2.5362089560790495]
Testing:  [0.004198694229125976, 35.6, 67.37777777777778, 2.468298093477885]
Best Acc:  35.6

Epoch: [11 | 90] LR: 0.050000
Training...
 -> Progress: 20 done!
 -> Progress: 40 done!
 -> Progress: 60 done!
 -> Progress: 80 done!
 -> Progress: 100 done!
Testing...
 -> Progress: 20 done!
 -> Progress: 40 done!
 -> Progress: 60 done!
 -> Progress: 80 done!
 -> Progress: 100 done!

Keys:  ['time', 'acc1', 'acc5', 'ce_loss']
Training:  [0.006207098337736997, 36.957711880857296, 68.4170809659091, 2.405645863576369]
Testing:  [0.004068160057067871, 37.455555555555556, 68.8, 2.416435954305861]
Best Acc:  37.455555555555556

Epoch: [12 | 90] LR: 0.050000
Training...
 -> Progress: 20 done!
 -> Progress: 40 done!
 -> Progress: 60 done!
 -> Progress: 80 done!
 -> Progress: 100 done!
Testing...
 -> Progress: 20 done!
 -> Progress: 40 done!
 -> Progress: 60 done!
 -> Progress: 80 done!
 -> Progress: 100 done!

Keys:  ['time', 'acc1', 'acc5', 'ce_loss']
Training:  [0.006197509440508756, 39.08864029971036, 70.77414771643552, 2.3131827982989224]
Testing:  [0.004194021224975586, 41.166666666666664, 71.86666666666666, 2.2525479171011185]
Best Acc:  41.166666666666664

Epoch: [13 | 90] LR: 0.050000
Training...
 -> Progress: 20 done!
 -> Progress: 40 done!
 -> Progress: 60 done!
 -> Progress: 80 done!
 -> Progress: 100 done!
Testing...
 -> Progress: 20 done!
 -> Progress: 40 done!
 -> Progress: 60 done!
 -> Progress: 80 done!
 -> Progress: 100 done!

Keys:  ['time', 'acc1', 'acc5', 'ce_loss']
Training:  [0.006279028952121735, 41.037326379255816, 72.20027422904968, 2.2332112193107605]
Testing:  [0.00416920714908176, 41.733333333333334, 73.04444444444445, 2.195335230562422]
Best Acc:  41.733333333333334

Epoch: [14 | 90] LR: 0.050000
Training...
 -> Progress: 20 done!
 -> Progress: 40 done!
 -> Progress: 60 done!
 -> Progress: 80 done!
 -> Progress: 100 done!
Testing...
 -> Progress: 20 done!
 -> Progress: 40 done!
 -> Progress: 60 done!
 -> Progress: 80 done!
 -> Progress: 100 done!

Keys:  ['time', 'acc1', 'acc5', 'ce_loss']
Training:  [0.006263136863708496, 43.362580884586684, 74.47694719921459, 2.1282872391695324]
Testing:  [0.004243577851189507, 43.94444444444444, 74.47777777777777, 2.1305388040012785]
Best Acc:  43.94444444444444

Epoch: [15 | 90] LR: 0.050000
Training...
 -> Progress: 20 done!
 -> Progress: 40 done!
 -> Progress: 60 done!
 -> Progress: 80 done!
 -> Progress: 100 done!
Testing...
 -> Progress: 20 done!
 -> Progress: 40 done!
 -> Progress: 60 done!
 -> Progress: 80 done!
 -> Progress: 100 done!

Keys:  ['time', 'acc1', 'acc5', 'ce_loss']
Training:  [0.006267874078317122, 44.73741318962791, 75.73316168785095, 2.0641516826369544]
Testing:  [0.004206050766838922, 44.93333333333333, 75.86666666666666, 2.0641720361179776]
Best Acc:  44.93333333333333

Epoch: [16 | 90] LR: 0.050000
Training...
 -> Progress: 20 done!
 -> Progress: 40 done!
 -> Progress: 60 done!
 -> Progress: 80 done!
 -> Progress: 100 done!
Testing...
 -> Progress: 20 done!
 -> Progress: 40 done!
 -> Progress: 60 done!
 -> Progress: 80 done!
 -> Progress: 100 done!

Keys:  ['time', 'acc1', 'acc5', 'ce_loss']
Training:  [0.006280779161236503, 46.51421440731395, 76.76545730504122, 2.0017063566906885]
Testing:  [0.004234756363762749, 43.72222222222222, 73.21111111111111, 2.182231142785814]
Best Acc:  44.93333333333333

Epoch: [17 | 90] LR: 0.050000
Training...
 -> Progress: 20 done!
 -> Progress: 40 done!
 -> Progress: 60 done!
 -> Progress: 80 done!
 -> Progress: 100 done!
Testing...
 -> Progress: 20 done!
 -> Progress: 40 done!
 -> Progress: 60 done!
 -> Progress: 80 done!
 -> Progress: 100 done!

Keys:  ['time', 'acc1', 'acc5', 'ce_loss']
Training:  [0.0062541663646698, 47.68189708753066, 77.62858072194186, 1.9533545767719096]
Testing:  [0.004207229614257813, 45.422222222222224, 76.36666666666666, 2.0371654536989]
Best Acc:  45.422222222222224

Epoch: [18 | 90] LR: 0.050000
Training...
 -> Progress: 20 done!
 -> Progress: 40 done!
 -> Progress: 60 done!
 -> Progress: 80 done!
 -> Progress: 100 done!
Testing...
 -> Progress: 20 done!
 -> Progress: 40 done!
 -> Progress: 60 done!
 -> Progress: 80 done!
 -> Progress: 100 done!

Keys:  ['time', 'acc1', 'acc5', 'ce_loss']
Training:  [0.006258039311929183, 49.36128866672516, 79.06506471200423, 1.8806753371926872]
Testing:  [0.004220949278937446, 49.82222222222222, 78.4, 1.8979466411802504]
Best Acc:  49.82222222222222

Epoch: [19 | 90] LR: 0.050000
Training...
 -> Progress: 20 done!
 -> Progress: 40 done!
 -> Progress: 60 done!
 -> Progress: 80 done!
 -> Progress: 100 done!
Testing...
 -> Progress: 20 done!
 -> Progress: 40 done!
 -> Progress: 60 done!
 -> Progress: 80 done!
 -> Progress: 100 done!

Keys:  ['time', 'acc1', 'acc5', 'ce_loss']
Training:  [0.006216547028584914, 50.2544981024482, 79.65618094530973, 1.8414351225576617]
Testing:  [0.004150223731994629, 47.96666666666667, 76.91111111111111, 1.9714412834909227]
Best Acc:  49.82222222222222

Epoch: [20 | 90] LR: 0.050000
Training...
 -> Progress: 20 done!
 -> Progress: 40 done!
 -> Progress: 60 done!
 -> Progress: 80 done!
 -> Progress: 100 done!
Testing...
 -> Progress: 20 done!
 -> Progress: 40 done!
 -> Progress: 60 done!
 -> Progress: 80 done!
 -> Progress: 100 done!

Keys:  ['time', 'acc1', 'acc5', 'ce_loss']
Training:  [0.006246323612603274, 50.7667002027685, 80.25222932208668, 1.8179608519104393]
Testing:  [0.004221227433946397, 48.21111111111111, 77.22222222222223, 1.9530195262697008]
Best Acc:  49.82222222222222

Epoch: [21 | 90] LR: 0.050000
Training...
 -> Progress: 20 done!
 -> Progress: 40 done!
 -> Progress: 60 done!
 -> Progress: 80 done!
 -> Progress: 100 done!
Testing...
 -> Progress: 20 done!
 -> Progress: 40 done!
 -> Progress: 60 done!
 -> Progress: 80 done!
 -> Progress: 100 done!

Keys:  ['time', 'acc1', 'acc5', 'ce_loss']
Training:  [0.0062588581984693355, 52.174824411218815, 81.0795947638425, 1.7672531496394763]
Testing:  [0.004193319214714898, 50.01111111111111, 78.4888888888889, 1.8839902930789523]
Best Acc:  50.01111111111111

Epoch: [22 | 90] LR: 0.050000
Training...
 -> Progress: 20 done!
 -> Progress: 40 done!
 -> Progress: 60 done!
 -> Progress: 80 done!
 -> Progress: 100 done!
Testing...
 -> Progress: 20 done!
 -> Progress: 40 done!
 -> Progress: 60 done!
 -> Progress: 80 done!
 -> Progress: 100 done!

Keys:  ['time', 'acc1', 'acc5', 'ce_loss']
Training:  [0.006247048350897702, 53.24509745294397, 82.01152144778858, 1.7221240309829062]
Testing:  [0.004265062014261882, 50.28888888888889, 79.26666666666667, 1.8529511504703098]
Best Acc:  50.28888888888889

Epoch: [23 | 90] LR: 0.050000
Training...
 -> Progress: 20 done!
 -> Progress: 40 done!
 -> Progress: 60 done!
 -> Progress: 80 done!
 -> Progress: 100 done!
Testing...
 -> Progress: 20 done!
 -> Progress: 40 done!
 -> Progress: 60 done!
 -> Progress: 80 done!
 -> Progress: 100 done!

Keys:  ['time', 'acc1', 'acc5', 'ce_loss']
Training:  [0.006239076229658994, 53.659396691755816, 82.3609631278298, 1.7105043157935143]
Testing:  [0.004166883892483182, 49.333333333333336, 77.05555555555556, 1.9543462832768759]
Best Acc:  50.28888888888889

Epoch: [24 | 90] LR: 0.050000
Training...
 -> Progress: 20 done!
 -> Progress: 40 done!
 -> Progress: 60 done!
 -> Progress: 80 done!
 -> Progress: 100 done!
Testing...
 -> Progress: 20 done!
 -> Progress: 40 done!
 -> Progress: 60 done!
 -> Progress: 80 done!
 -> Progress: 100 done!

Keys:  ['time', 'acc1', 'acc5', 'ce_loss']
Training:  [0.00626689534295689, 54.2288115458055, 82.26256706497885, 1.6882524121214042]
Testing:  [0.004181994332207574, 52.644444444444446, 80.44444444444444, 1.7930419974856906]
Best Acc:  52.644444444444446

Epoch: [25 | 90] LR: 0.050000
Training...
 -> Progress: 20 done!
 -> Progress: 40 done!
 -> Progress: 60 done!
 -> Progress: 80 done!
 -> Progress: 100 done!
Testing...
 -> Progress: 20 done!
 -> Progress: 40 done!
 -> Progress: 60 done!
 -> Progress: 80 done!
 -> Progress: 100 done!

Keys:  ['time', 'acc1', 'acc5', 'ce_loss']
Training:  [0.0062423334880308675, 55.09711370684884, 83.22827887535095, 1.646320719610561]
Testing:  [0.004265446133083767, 53.72222222222222, 79.81111111111112, 1.7700087123446995]
Best Acc:  53.72222222222222

Epoch: [26 | 90] LR: 0.050000
Training...
 -> Progress: 20 done!
 -> Progress: 40 done!
 -> Progress: 60 done!
 -> Progress: 80 done!
 -> Progress: 100 done!
Testing...
 -> Progress: 20 done!
 -> Progress: 40 done!
 -> Progress: 60 done!
 -> Progress: 80 done!
 -> Progress: 100 done!

Keys:  ['time', 'acc1', 'acc5', 'ce_loss']
Training:  [0.006273399699818005, 55.91461489417336, 83.74738595702432, 1.6181039363145828]
Testing:  [0.004240809546576606, 52.422222222222224, 80.04444444444445, 1.8290509780248005]
Best Acc:  53.72222222222222

Epoch: [27 | 90] LR: 0.050000
Training...
 -> Progress: 20 done!
 -> Progress: 40 done!
 -> Progress: 60 done!
 -> Progress: 80 done!
 -> Progress: 100 done!
Testing...
 -> Progress: 20 done!
 -> Progress: 40 done!
 -> Progress: 60 done!
 -> Progress: 80 done!
 -> Progress: 100 done!

Keys:  ['time', 'acc1', 'acc5', 'ce_loss']
Training:  [0.006232627413489602, 56.46158853444186, 83.92025724324313, 1.6026015627113255]
Testing:  [0.00421896775563558, 52.13333333333333, 80.15555555555555, 1.8418912834591337]
Best Acc:  53.72222222222222

Epoch: [28 | 90] LR: 0.050000
Training...
 -> Progress: 20 done!
 -> Progress: 40 done!
 -> Progress: 60 done!
 -> Progress: 80 done!
 -> Progress: 100 done!
Testing...
 -> Progress: 20 done!
 -> Progress: 40 done!
 -> Progress: 60 done!
 -> Progress: 80 done!
 -> Progress: 100 done!

Keys:  ['time', 'acc1', 'acc5', 'ce_loss']
Training:  [0.006260524419221011, 56.954555316404864, 84.42851363528858, 1.576575436375358]
Testing:  [0.004114105966356065, 53.855555555555554, 80.96666666666667, 1.7530765493710836]
Best Acc:  53.855555555555554

Epoch: [29 | 90] LR: 0.050000
Training...
 -> Progress: 20 done!
 -> Progress: 40 done!
 -> Progress: 60 done!
 -> Progress: 80 done!
 -> Progress: 100 done!
Testing...
 -> Progress: 20 done!
 -> Progress: 40 done!
 -> Progress: 60 done!
 -> Progress: 80 done!
 -> Progress: 100 done!

Keys:  ['time', 'acc1', 'acc5', 'ce_loss']
Training:  [0.006222411312840201, 57.726434263316065, 84.78831280361523, 1.542728272012689]
Testing:  [0.0042252779006958004, 52.98888888888889, 80.74444444444444, 1.7722285005781386]
Best Acc:  53.855555555555554

Epoch: [30 | 90] LR: 0.050000
Training...
 -> Progress: 20 done!
 -> Progress: 40 done!
 -> Progress: 60 done!
 -> Progress: 80 done!
 -> Progress: 100 done!
Testing...
 -> Progress: 20 done!
 -> Progress: 40 done!
 -> Progress: 60 done!
 -> Progress: 80 done!
 -> Progress: 100 done!

Keys:  ['time', 'acc1', 'acc5', 'ce_loss']
Training:  [0.006257788701490922, 58.15873579545455, 85.2637705152685, 1.526963060213761]
Testing:  [0.004192786746554904, 52.977777777777774, 80.61111111111111, 1.8053982549243504]
Best Acc:  53.855555555555554

Epoch: [31 | 90] LR: 0.050000
Training...
 -> Progress: 20 done!
 -> Progress: 40 done!
 -> Progress: 60 done!
 -> Progress: 80 done!
 -> Progress: 100 done!
Testing...
 -> Progress: 20 done!
 -> Progress: 40 done!
 -> Progress: 60 done!
 -> Progress: 80 done!
 -> Progress: 100 done!

Keys:  ['time', 'acc1', 'acc5', 'ce_loss']
Training:  [0.006299421868541024, 58.379941994493656, 85.30963934551586, 1.5195767368105324]
Testing:  [0.004217974344889323, 54.87777777777778, 82.0, 1.7095565292570325]
Best Acc:  54.87777777777778

Epoch: [32 | 90] LR: 0.050000
Training...
 -> Progress: 20 done!
 -> Progress: 40 done!
 -> Progress: 60 done!
 -> Progress: 80 done!
 -> Progress: 100 done!
Testing...
 -> Progress: 20 done!
 -> Progress: 40 done!
 -> Progress: 60 done!
 -> Progress: 80 done!
 -> Progress: 100 done!

Keys:  ['time', 'acc1', 'acc5', 'ce_loss']
Training:  [0.0062678666277365255, 58.84035668589852, 85.52689985795455, 1.5020793110809543]
Testing:  [0.004240992334153917, 52.833333333333336, 80.92222222222222, 1.7689019507831998]
Best Acc:  54.87777777777778

Epoch: [33 | 90] LR: 0.050000
Training...
 -> Progress: 20 done!
 -> Progress: 40 done!
 -> Progress: 60 done!
 -> Progress: 80 done!
 -> Progress: 100 done!
Testing...
 -> Progress: 20 done!
 -> Progress: 40 done!
 -> Progress: 60 done!
 -> Progress: 80 done!
 -> Progress: 100 done!

Keys:  ['time', 'acc1', 'acc5', 'ce_loss']
Training:  [0.0062865032391114664, 59.576231056993656, 85.99841185049577, 1.4792757427150554]
Testing:  [0.004134978188408745, 56.41111111111111, 82.08888888888889, 1.6745676186349656]
Best Acc:  56.41111111111111

Epoch: [34 | 90] LR: 0.050000
Training...
 -> Progress: 20 done!
 -> Progress: 40 done!
 -> Progress: 60 done!
 -> Progress: 80 done!
 -> Progress: 100 done!
Testing...
 -> Progress: 20 done!
 -> Progress: 40 done!
 -> Progress: 60 done!
 -> Progress: 80 done!
 -> Progress: 100 done!

Keys:  ['time', 'acc1', 'acc5', 'ce_loss']
Training:  [0.0063105936754833565, 60.39323902130127, 86.23145517435941, 1.454532571475614]
Testing:  [0.004235312673780653, 55.36666666666667, 81.78888888888889, 1.7011424369282193]
Best Acc:  56.41111111111111

Epoch: [35 | 90] LR: 0.050000
Training...
 -> Progress: 20 done!
 -> Progress: 40 done!
 -> Progress: 60 done!
 -> Progress: 80 done!
 -> Progress: 100 done!
Testing...
 -> Progress: 20 done!
 -> Progress: 40 done!
 -> Progress: 60 done!
 -> Progress: 80 done!
 -> Progress: 100 done!

Keys:  ['time', 'acc1', 'acc5', 'ce_loss']
Training:  [0.006260076029734178, 59.920493992892176, 86.20309539274736, 1.4649822588332675]
Testing:  [0.00417734252081977, 55.68888888888889, 82.21111111111111, 1.69870521624883]
Best Acc:  56.41111111111111

Epoch: [36 | 90] LR: 0.050000
Training...
 -> Progress: 20 done!
 -> Progress: 40 done!
 -> Progress: 60 done!
 -> Progress: 80 done!
 -> Progress: 100 done!
Testing...
 -> Progress: 20 done!
 -> Progress: 40 done!
 -> Progress: 60 done!
 -> Progress: 80 done!
 -> Progress: 100 done!

Keys:  ['time', 'acc1', 'acc5', 'ce_loss']
Training:  [0.006239794194698334, 60.627761992541224, 86.42405499111523, 1.4384866861457175]
Testing:  [0.0042168617248535155, 56.15555555555556, 82.43333333333334, 1.699007711145613]
Best Acc:  56.41111111111111

Epoch: [37 | 90] LR: 0.050000
Training...
 -> Progress: 20 done!
 -> Progress: 40 done!
 -> Progress: 60 done!
 -> Progress: 80 done!
 -> Progress: 100 done!
Testing...
 -> Progress: 20 done!
 -> Progress: 40 done!
 -> Progress: 60 done!
 -> Progress: 80 done!
 -> Progress: 100 done!

Keys:  ['time', 'acc1', 'acc5', 'ce_loss']
Training:  [0.006209300322966142, 61.03663588653911, 86.87657826597041, 1.4190053408118812]
Testing:  [0.004221280415852864, 55.15555555555556, 81.84444444444445, 1.7003330283694797]
Best Acc:  56.41111111111111

Epoch: [38 | 90] LR: 0.050000
Training...
 -> Progress: 20 done!
 -> Progress: 40 done!
 -> Progress: 60 done!
 -> Progress: 80 done!
 -> Progress: 100 done!
Testing...
 -> Progress: 20 done!
 -> Progress: 40 done!
 -> Progress: 60 done!
 -> Progress: 80 done!
 -> Progress: 100 done!

Keys:  ['time', 'acc1', 'acc5', 'ce_loss']
Training:  [0.0062687938863580876, 61.257842085578226, 87.24056974324313, 1.4084147489206358]
Testing:  [0.004253662957085504, 52.98888888888889, 79.81111111111112, 1.8545221156544156]
Best Acc:  56.41111111111111

Epoch: [39 | 90] LR: 0.050000
Training...
 -> Progress: 20 done!
 -> Progress: 40 done!
 -> Progress: 60 done!
 -> Progress: 80 done!
 -> Progress: 100 done!
Testing...
 -> Progress: 20 done!
 -> Progress: 40 done!
 -> Progress: 60 done!
 -> Progress: 80 done!
 -> Progress: 100 done!

Keys:  ['time', 'acc1', 'acc5', 'ce_loss']
Training:  [0.006249434568665244, 61.446002981879495, 86.76313920454545, 1.4173775579441676]
Testing:  [0.004184391763475206, 56.355555555555554, 83.11111111111111, 1.642923112710317]
Best Acc:  56.41111111111111

Epoch: [40 | 90] LR: 0.050000
Training...
 -> Progress: 20 done!
 -> Progress: 40 done!
 -> Progress: 60 done!
 -> Progress: 80 done!
 -> Progress: 100 done!
Testing...
 -> Progress: 20 done!
 -> Progress: 40 done!
 -> Progress: 60 done!
 -> Progress: 80 done!
 -> Progress: 100 done!

Keys:  ['time', 'acc1', 'acc5', 'ce_loss']
Training:  [0.006267912685871124, 61.99914180148732, 87.2122099833055, 1.3852029796689749]
Testing:  [0.004212941063774956, 56.63333333333333, 83.24444444444444, 1.6575628439585368]
Best Acc:  56.63333333333333

Epoch: [41 | 90] LR: 0.050000
Training...
 -> Progress: 20 done!
 -> Progress: 40 done!
 -> Progress: 60 done!
 -> Progress: 80 done!
 -> Progress: 100 done!
Testing...
 -> Progress: 20 done!
 -> Progress: 40 done!
 -> Progress: 60 done!
 -> Progress: 80 done!
 -> Progress: 100 done!

Keys:  ['time', 'acc1', 'acc5', 'ce_loss']
Training:  [0.006260611794211648, 61.97201505574313, 87.22429370880127, 1.3908063566142863]
Testing:  [0.004249829716152615, 56.577777777777776, 82.17777777777778, 1.7507171471913656]
Best Acc:  56.63333333333333

Epoch: [42 | 90] LR: 0.050000
Training...
 -> Progress: 20 done!
 -> Progress: 40 done!
 -> Progress: 60 done!
 -> Progress: 80 done!
 -> Progress: 100 done!
Testing...
 -> Progress: 20 done!
 -> Progress: 40 done!
 -> Progress: 60 done!
 -> Progress: 80 done!
 -> Progress: 100 done!

Keys:  ['time', 'acc1', 'acc5', 'ce_loss']
Training:  [0.006228772754018957, 62.33699297904968, 87.47484610297464, 1.376853895796971]
Testing:  [0.0042070097393459745, 57.388888888888886, 82.0, 1.653653891881307]
Best Acc:  57.388888888888886

Epoch: [43 | 90] LR: 0.050000
Training...
 -> Progress: 20 done!
 -> Progress: 40 done!
 -> Progress: 60 done!
 -> Progress: 80 done!
 -> Progress: 100 done!
Testing...
 -> Progress: 20 done!
 -> Progress: 40 done!
 -> Progress: 60 done!
 -> Progress: 80 done!
 -> Progress: 100 done!

Keys:  ['time', 'acc1', 'acc5', 'ce_loss']
Training:  [0.006259028207172047, 62.30345446413214, 87.51356335119767, 1.3726624186066063]
Testing:  [0.004221068488226997, 57.48888888888889, 82.67777777777778, 1.6625713109970093]
Best Acc:  57.48888888888889

Epoch: [44 | 90] LR: 0.050000
Training...
 -> Progress: 20 done!
 -> Progress: 40 done!
 -> Progress: 60 done!
 -> Progress: 80 done!
 -> Progress: 100 done!
Testing...
 -> Progress: 20 done!
 -> Progress: 40 done!
 -> Progress: 60 done!
 -> Progress: 80 done!
 -> Progress: 100 done!

Keys:  ['time', 'acc1', 'acc5', 'ce_loss']
Training:  [0.006230068477717313, 62.808011748573996, 87.710355498574, 1.3656933016397736]
Testing:  [0.004146377245585124, 55.6, 81.61111111111111, 1.7843362238672045]
Best Acc:  57.48888888888889

Epoch: [45 | 90] LR: 0.050000
Training...
 -> Progress: 20 done!
 -> Progress: 40 done!
 -> Progress: 60 done!
 -> Progress: 80 done!
 -> Progress: 100 done!
Testing...
 -> Progress: 20 done!
 -> Progress: 40 done!
 -> Progress: 60 done!
 -> Progress: 80 done!
 -> Progress: 100 done!

Keys:  ['time', 'acc1', 'acc5', 'ce_loss']
Training:  [0.006268597461960532, 63.155727191404864, 88.0131885138425, 1.3433858582919294]
Testing:  [0.004200665156046549, 58.233333333333334, 82.8, 1.6427014417118497]
Best Acc:  58.233333333333334

Epoch: [46 | 90] LR: 0.050000
Training...
 -> Progress: 20 done!
 -> Progress: 40 done!
 -> Progress: 60 done!
 -> Progress: 80 done!
 -> Progress: 100 done!
Testing...
 -> Progress: 20 done!
 -> Progress: 40 done!
 -> Progress: 60 done!
 -> Progress: 80 done!
 -> Progress: 100 done!

Keys:  ['time', 'acc1', 'acc5', 'ce_loss']
Training:  [0.006264347244392742, 63.52982954545455, 88.26250787214799, 1.327610947530378]
Testing:  [0.004169021712409126, 57.31111111111111, 82.81111111111112, 1.6462470862600538]
Best Acc:  58.233333333333334

Epoch: [47 | 90] LR: 0.050000
Training...
 -> Progress: 20 done!
 -> Progress: 40 done!
 -> Progress: 60 done!
 -> Progress: 80 done!
 -> Progress: 100 done!
Testing...
 -> Progress: 20 done!
 -> Progress: 40 done!
 -> Progress: 60 done!
 -> Progress: 80 done!
 -> Progress: 100 done!

Keys:  ['time', 'acc1', 'acc5', 'ce_loss']
Training:  [0.006259941919283433, 63.371261434121564, 88.20677477663213, 1.3285864366387778]
Testing:  [0.004214980867173937, 57.87777777777778, 82.95555555555555, 1.6255997154447768]
Best Acc:  58.233333333333334

Epoch: [48 | 90] LR: 0.050000
Training...
 -> Progress: 20 done!
 -> Progress: 40 done!
 -> Progress: 60 done!
 -> Progress: 80 done!
 -> Progress: 100 done!
Testing...
 -> Progress: 20 done!
 -> Progress: 40 done!
 -> Progress: 60 done!
 -> Progress: 80 done!
 -> Progress: 100 done!

Keys:  ['time', 'acc1', 'acc5', 'ce_loss']
Training:  [0.0062628496776927604, 63.784820860082455, 88.42107599431819, 1.3091556373983622]
Testing:  [0.004227405124240451, 57.74444444444445, 84.07777777777778, 1.575488011042277]
Best Acc:  58.233333333333334

Epoch: [49 | 90] LR: 0.050000
Training...
 -> Progress: 20 done!
 -> Progress: 40 done!
 -> Progress: 60 done!
 -> Progress: 80 done!
 -> Progress: 100 done!
Testing...
 -> Progress: 20 done!
 -> Progress: 40 done!
 -> Progress: 60 done!
 -> Progress: 80 done!
 -> Progress: 100 done!

Keys:  ['time', 'acc1', 'acc5', 'ce_loss']
Training:  [0.006261625750498338, 63.558435916900635, 88.49037246270613, 1.311767706986178]
Testing:  [0.004139097531636556, 57.34444444444444, 82.38888888888889, 1.6265974150763618]
Best Acc:  58.233333333333334

Epoch: [50 | 90] LR: 0.050000
Training...
 -> Progress: 20 done!
 -> Progress: 40 done!
 -> Progress: 60 done!
 -> Progress: 80 done!
 -> Progress: 100 done!
Testing...
 -> Progress: 20 done!
 -> Progress: 40 done!
 -> Progress: 60 done!
 -> Progress: 80 done!
 -> Progress: 100 done!

Keys:  ['time', 'acc1', 'acc5', 'ce_loss']
Training:  [0.006271174008196051, 64.0038076097315, 88.37717999111523, 1.3100047963248058]
Testing:  [0.004210779401991102, 56.68888888888889, 82.37777777777778, 1.687445012728373]
Best Acc:  58.233333333333334

Epoch: [51 | 90] LR: 0.005000
Training...
 -> Progress: 20 done!
 -> Progress: 40 done!
 -> Progress: 60 done!
 -> Progress: 80 done!
 -> Progress: 100 done!
Testing...
 -> Progress: 20 done!
 -> Progress: 40 done!
 -> Progress: 60 done!
 -> Progress: 80 done!
 -> Progress: 100 done!

Keys:  ['time', 'acc1', 'acc5', 'ce_loss']
Training:  [0.006292566657066345, 76.25966696305709, 94.34062301028858, 0.8172246935692701]
Testing:  [0.004255469640096029, 67.07777777777778, 88.5, 1.2549674431482951]
Best Acc:  67.07777777777778

Epoch: [52 | 90] LR: 0.005000
Training...
 -> Progress: 20 done!
 -> Progress: 40 done!
 -> Progress: 60 done!
 -> Progress: 80 done!
 -> Progress: 100 done!
Testing...
 -> Progress: 20 done!
 -> Progress: 40 done!
 -> Progress: 60 done!
 -> Progress: 80 done!
 -> Progress: 100 done!

Keys:  ['time', 'acc1', 'acc5', 'ce_loss']
Training:  [0.006276092746041038, 80.2894669229334, 95.95096471092917, 0.6576043921099468]
Testing:  [0.004177119996812608, 67.57777777777778, 88.88888888888889, 1.239364938603507]
Best Acc:  67.57777777777778

Epoch: [53 | 90] LR: 0.005000
Training...
 -> Progress: 20 done!
 -> Progress: 40 done!
 -> Progress: 60 done!
 -> Progress: 80 done!
 -> Progress: 100 done!
Testing...
 -> Progress: 20 done!
 -> Progress: 40 done!
 -> Progress: 60 done!
 -> Progress: 80 done!
 -> Progress: 100 done!

Keys:  ['time', 'acc1', 'acc5', 'ce_loss']
Training:  [0.006277976388281042, 81.81004379012369, 96.52925740588795, 0.6026351993734186]
Testing:  [0.004215004709031847, 68.41111111111111, 89.18888888888888, 1.2300796025329166]
Best Acc:  68.41111111111111

Epoch: [54 | 90] LR: 0.005000
Training...
 -> Progress: 20 done!
 -> Progress: 40 done!
 -> Progress: 60 done!
 -> Progress: 80 done!
 -> Progress: 100 done!
Testing...
 -> Progress: 20 done!
 -> Progress: 40 done!
 -> Progress: 60 done!
 -> Progress: 80 done!
 -> Progress: 100 done!

Keys:  ['time', 'acc1', 'acc5', 'ce_loss']
Training:  [0.006254553117535331, 83.1698330965909, 96.89522173187949, 0.5541458311914043]
Testing:  [0.004213523864746094, 68.46666666666667, 89.57777777777778, 1.2221438507239024]
Best Acc:  68.46666666666667

Epoch: [55 | 90] LR: 0.005000
Training...
 -> Progress: 20 done!
 -> Progress: 40 done!
 -> Progress: 60 done!
 -> Progress: 80 done!
 -> Progress: 100 done!
Testing...
 -> Progress: 20 done!
 -> Progress: 40 done!
 -> Progress: 60 done!
 -> Progress: 80 done!
 -> Progress: 100 done!

Keys:  ['time', 'acc1', 'acc5', 'ce_loss']
Training:  [0.006304047324440696, 83.92518938671459, 97.31100062890486, 0.5215686328539794]
Testing:  [0.0041367795732286244, 69.0111111111111, 89.44444444444444, 1.2213905950387318]
Best Acc:  69.0111111111111

Epoch: [56 | 90] LR: 0.005000
Training...
 -> Progress: 20 done!
 -> Progress: 40 done!
 -> Progress: 60 done!
 -> Progress: 80 done!
 -> Progress: 100 done!
Testing...
 -> Progress: 20 done!
 -> Progress: 40 done!
 -> Progress: 60 done!
 -> Progress: 80 done!
 -> Progress: 100 done!

Keys:  ['time', 'acc1', 'acc5', 'ce_loss']
Training:  [0.006265675479715521, 85.15107124502009, 97.62665718252009, 0.48314167609946296]
Testing:  [0.004203801684909397, 68.8, 89.6, 1.2513128969404432]
Best Acc:  69.0111111111111

Epoch: [57 | 90] LR: 0.005000
Training...
 -> Progress: 20 done!
 -> Progress: 40 done!
 -> Progress: 60 done!
 -> Progress: 80 done!
 -> Progress: 100 done!
Testing...
 -> Progress: 20 done!
 -> Progress: 40 done!
 -> Progress: 60 done!
 -> Progress: 80 done!
 -> Progress: 100 done!

Keys:  ['time', 'acc1', 'acc5', 'ce_loss']
Training:  [0.0062457607551054525, 85.67683670737527, 97.84983624111523, 0.45680612727830355]
Testing:  [0.004242380460103353, 69.23333333333333, 89.84444444444445, 1.230013014872869]
Best Acc:  69.23333333333333

Epoch: [58 | 90] LR: 0.005000
Training...
 -> Progress: 20 done!
 -> Progress: 40 done!
 -> Progress: 60 done!
 -> Progress: 80 done!
 -> Progress: 100 done!
Testing...
 -> Progress: 20 done!
 -> Progress: 40 done!
 -> Progress: 60 done!
 -> Progress: 80 done!
 -> Progress: 100 done!

Keys:  ['time', 'acc1', 'acc5', 'ce_loss']
Training:  [0.006280922076918862, 86.63909602165222, 98.07844064452432, 0.42728412930261006]
Testing:  [0.004194066259596083, 69.36666666666666, 89.65555555555555, 1.2708695345454746]
Best Acc:  69.36666666666666

Epoch: [59 | 90] LR: 0.005000
Training...
 -> Progress: 20 done!
 -> Progress: 40 done!
 -> Progress: 60 done!
 -> Progress: 80 done!
 -> Progress: 100 done!
Testing...
 -> Progress: 20 done!
 -> Progress: 40 done!
 -> Progress: 60 done!
 -> Progress: 80 done!
 -> Progress: 100 done!

Keys:  ['time', 'acc1', 'acc5', 'ce_loss']
Training:  [0.006263375959613107, 87.01418480006132, 98.18941365588795, 0.40976570546627045]
Testing:  [0.0041983604431152345, 69.36666666666666, 89.6, 1.268831910027398]
Best Acc:  69.36666666666666

Epoch: [60 | 90] LR: 0.005000
Training...
 -> Progress: 20 done!
 -> Progress: 40 done!
 -> Progress: 60 done!
 -> Progress: 80 done!
 -> Progress: 100 done!
Testing...
 -> Progress: 20 done!
 -> Progress: 40 done!
 -> Progress: 60 done!
 -> Progress: 80 done!
 -> Progress: 100 done!

Keys:  ['time', 'acc1', 'acc5', 'ce_loss']
Training:  [0.006244506348263134, 88.174222686074, 98.46462672406977, 0.37918322579935193]
Testing:  [0.0041013320287068685, 69.1, 89.72222222222223, 1.2981411980258093]
Best Acc:  69.36666666666666

Epoch: [61 | 90] LR: 0.005000
Training...
 -> Progress: 20 done!
 -> Progress: 40 done!
 -> Progress: 60 done!
 -> Progress: 80 done!
 -> Progress: 100 done!
Testing...
 -> Progress: 20 done!
 -> Progress: 40 done!
 -> Progress: 60 done!
 -> Progress: 80 done!
 -> Progress: 100 done!

Keys:  ['time', 'acc1', 'acc5', 'ce_loss']
Training:  [0.0062691975723613395, 88.63315773010254, 98.6000137979334, 0.3595045498064296]
Testing:  [0.004204548729790582, 69.56666666666666, 89.78888888888889, 1.3211997396416135]
Best Acc:  69.56666666666666

Epoch: [62 | 90] LR: 0.005000
Training...
 -> Progress: 20 done!
 -> Progress: 40 done!
 -> Progress: 60 done!
 -> Progress: 80 done!
 -> Progress: 100 done!
Testing...
 -> Progress: 20 done!
 -> Progress: 40 done!
 -> Progress: 60 done!
 -> Progress: 80 done!
 -> Progress: 100 done!

Keys:  ['time', 'acc1', 'acc5', 'ce_loss']
Training:  [0.006206369535489516, 89.45435801419345, 98.75981493429704, 0.3334585006602786]
Testing:  [0.004212376806471083, 69.8, 89.64444444444445, 1.328482311964035]
Best Acc:  69.8

Epoch: [63 | 90] LR: 0.005000
Training...
 -> Progress: 20 done!
 -> Progress: 40 done!
 -> Progress: 60 done!
 -> Progress: 80 done!
 -> Progress: 100 done!
Testing...
 -> Progress: 20 done!
 -> Progress: 40 done!
 -> Progress: 60 done!
 -> Progress: 80 done!
 -> Progress: 100 done!

Keys:  ['time', 'acc1', 'acc5', 'ce_loss']
Training:  [0.0062753341414711694, 89.86915048685941, 98.9173966104334, 0.31983492864211177]
Testing:  [0.004181655248006185, 69.02222222222223, 89.73333333333333, 1.362364931901296]
Best Acc:  69.8

Epoch: [64 | 90] LR: 0.005000
Training...
 -> Progress: 20 done!
 -> Progress: 40 done!
 -> Progress: 60 done!
 -> Progress: 80 done!
 -> Progress: 100 done!
Testing...
 -> Progress: 20 done!
 -> Progress: 40 done!
 -> Progress: 60 done!
 -> Progress: 80 done!
 -> Progress: 100 done!

Keys:  ['time', 'acc1', 'acc5', 'ce_loss']
Training:  [0.006249312650073658, 90.46421241760254, 99.02269766547464, 0.3007790119048547]
Testing:  [0.004151977433098687, 69.66666666666667, 90.07777777777778, 1.3820039159721798]
Best Acc:  69.8

Epoch: [65 | 90] LR: 0.005000
Training...
 -> Progress: 20 done!
 -> Progress: 40 done!
 -> Progress: 60 done!
 -> Progress: 80 done!
 -> Progress: 100 done!
Testing...
 -> Progress: 20 done!
 -> Progress: 40 done!
 -> Progress: 60 done!
 -> Progress: 80 done!
 -> Progress: 100 done!

Keys:  ['time', 'acc1', 'acc5', 'ce_loss']
Training:  [0.006263503296808763, 90.72610872442073, 99.16326349431819, 0.28522246436808596]
Testing:  [0.004212541050381131, 69.64444444444445, 90.03333333333333, 1.4054982999960581]
Best Acc:  69.8

Epoch: [66 | 90] LR: 0.005000
Training...
 -> Progress: 20 done!
 -> Progress: 40 done!
 -> Progress: 60 done!
 -> Progress: 80 done!
 -> Progress: 100 done!
Testing...
 -> Progress: 20 done!
 -> Progress: 40 done!
 -> Progress: 60 done!
 -> Progress: 80 done!
 -> Progress: 100 done!

Keys:  ['time', 'acc1', 'acc5', 'ce_loss']
Training:  [0.006223123859275471, 91.43386994708668, 99.25031564452432, 0.2657159535129639]
Testing:  [0.004199875725640191, 69.22222222222223, 90.03333333333333, 1.4405991839038002]
Best Acc:  69.8

Epoch: [67 | 90] LR: 0.005000
Training...
 -> Progress: 20 done!
 -> Progress: 40 done!
 -> Progress: 60 done!
 -> Progress: 80 done!
 -> Progress: 100 done!
Testing...
 -> Progress: 20 done!
 -> Progress: 40 done!
 -> Progress: 60 done!
 -> Progress: 80 done!
 -> Progress: 100 done!

Keys:  ['time', 'acc1', 'acc5', 'ce_loss']
Training:  [0.006270443173972043, 91.7833116271279, 99.37238595702432, 0.2519118929154832]
Testing:  [0.004182879130045573, 69.12222222222222, 89.85555555555555, 1.467310975657569]
Best Acc:  69.8

Epoch: [68 | 90] LR: 0.005000
Training...
 -> Progress: 20 done!
 -> Progress: 40 done!
 -> Progress: 60 done!
 -> Progress: 80 done!
 -> Progress: 100 done!
Testing...
 -> Progress: 20 done!
 -> Progress: 40 done!
 -> Progress: 60 done!
 -> Progress: 80 done!
 -> Progress: 100 done!

Keys:  ['time', 'acc1', 'acc5', 'ce_loss']
Training:  [0.006232295523990284, 92.10513336008245, 99.37904433770613, 0.24057224454273554]
Testing:  [0.004198251830206977, 69.12222222222222, 89.78888888888889, 1.4543869535128275]
Best Acc:  69.8

Epoch: [69 | 90] LR: 0.005000
Training...
 -> Progress: 20 done!
 -> Progress: 40 done!
 -> Progress: 60 done!
 -> Progress: 80 done!
 -> Progress: 100 done!
Testing...
 -> Progress: 20 done!
 -> Progress: 40 done!
 -> Progress: 60 done!
 -> Progress: 80 done!
 -> Progress: 100 done!

Keys:  ['time', 'acc1', 'acc5', 'ce_loss']
Training:  [0.006269590421156449, 92.66443733735518, 99.50062144886364, 0.22213849139569158]
Testing:  [0.004284487830268012, 69.61111111111111, 90.17777777777778, 1.5167849951320225]
Best Acc:  69.8

Epoch: [70 | 90] LR: 0.005000
Training...
 -> Progress: 20 done!
 -> Progress: 40 done!
 -> Progress: 60 done!
 -> Progress: 80 done!
 -> Progress: 100 done!
Testing...
 -> Progress: 20 done!
 -> Progress: 40 done!
 -> Progress: 60 done!
 -> Progress: 80 done!
 -> Progress: 100 done!

Keys:  ['time', 'acc1', 'acc5', 'ce_loss']
Training:  [0.0062474940310825, 92.9796006896279, 99.50111465020613, 0.21499116684902797]
Testing:  [0.004302830166286893, 69.2, 89.95555555555555, 1.5289706395732032]
Best Acc:  69.8

Epoch: [71 | 90] LR: 0.000500
Training...
 -> Progress: 20 done!
 -> Progress: 40 done!
 -> Progress: 60 done!
 -> Progress: 80 done!
 -> Progress: 100 done!
Testing...
 -> Progress: 20 done!
 -> Progress: 40 done!
 -> Progress: 60 done!
 -> Progress: 80 done!
 -> Progress: 100 done!

Keys:  ['time', 'acc1', 'acc5', 'ce_loss']
Training:  [0.00633712112903595, 94.82495856285095, 99.68705610795455, 0.16288154959593984]
Testing:  [0.0042323456870185005, 70.05555555555556, 89.94444444444444, 1.5627243048614925]
Best Acc:  70.05555555555556

Epoch: [72 | 90] LR: 0.000500
Training...
 -> Progress: 20 done!
 -> Progress: 40 done!
 -> Progress: 60 done!
 -> Progress: 80 done!
 -> Progress: 100 done!
Testing...
 -> Progress: 20 done!
 -> Progress: 40 done!
 -> Progress: 60 done!
 -> Progress: 80 done!
 -> Progress: 100 done!

Keys:  ['time', 'acc1', 'acc5', 'ce_loss']
Training:  [0.006258920512416146, 95.33444799076428, 99.70925071022727, 0.1499148038300601]
Testing:  [0.004210114479064941, 70.16666666666667, 90.02222222222223, 1.6052992118729486]
Best Acc:  70.16666666666667

Epoch: [73 | 90] LR: 0.000500
Training...
 -> Progress: 20 done!
 -> Progress: 40 done!
 -> Progress: 60 done!
 -> Progress: 80 done!
 -> Progress: 100 done!
Testing...
 -> Progress: 20 done!
 -> Progress: 40 done!
 -> Progress: 60 done!
 -> Progress: 80 done!
 -> Progress: 100 done!

Keys:  ['time', 'acc1', 'acc5', 'ce_loss']
Training:  [0.006262699311429804, 95.49646858735518, 99.73810369318181, 0.14159041272730313]
Testing:  [0.004196386867099338, 70.12222222222222, 89.96666666666667, 1.6327545046806335]
Best Acc:  70.16666666666667

Epoch: [74 | 90] LR: 0.000500
Training...
 -> Progress: 20 done!
 -> Progress: 40 done!
 -> Progress: 60 done!
 -> Progress: 80 done!
 -> Progress: 100 done!
Testing...
 -> Progress: 20 done!
 -> Progress: 40 done!
 -> Progress: 60 done!
 -> Progress: 80 done!
 -> Progress: 100 done!

Keys:  ['time', 'acc1', 'acc5', 'ce_loss']
Training:  [0.006276150996034796, 95.59905695915222, 99.76744987747885, 0.13832562091887335]
Testing:  [0.004198132620917426, 70.21111111111111, 90.16666666666667, 1.6536556866433885]
Best Acc:  70.21111111111111

Epoch: [75 | 90] LR: 0.000500
Training...
 -> Progress: 20 done!
 -> Progress: 40 done!
 -> Progress: 60 done!
 -> Progress: 80 done!
 -> Progress: 100 done!
Testing...
 -> Progress: 20 done!
 -> Progress: 40 done!
 -> Progress: 60 done!
 -> Progress: 80 done!
 -> Progress: 100 done!

Keys:  ['time', 'acc1', 'acc5', 'ce_loss']
Training:  [0.006282111460512335, 95.84812972762369, 99.76695667613636, 0.1310129273598167]
Testing:  [0.004145510991414388, 70.12222222222222, 90.23333333333333, 1.6758031374878353]
Best Acc:  70.21111111111111

Epoch: [76 | 90] LR: 0.000500
Training...
 -> Progress: 20 done!
 -> Progress: 40 done!
 -> Progress: 60 done!
 -> Progress: 80 done!
 -> Progress: 100 done!
Testing...
 -> Progress: 20 done!
 -> Progress: 40 done!
 -> Progress: 60 done!
 -> Progress: 80 done!
 -> Progress: 100 done!

Keys:  ['time', 'acc1', 'acc5', 'ce_loss']
Training:  [0.0062652690844102335, 95.83900527520613, 99.74254261363636, 0.1333058192606338]
Testing:  [0.004187048806084527, 70.17777777777778, 90.04444444444445, 1.674183064036899]
Best Acc:  70.21111111111111

Epoch: [77 | 90] LR: 0.000500
Training...
 -> Progress: 20 done!
 -> Progress: 40 done!
 -> Progress: 60 done!
 -> Progress: 80 done!
 -> Progress: 100 done!
Testing...
 -> Progress: 20 done!
 -> Progress: 40 done!
 -> Progress: 60 done!
 -> Progress: 80 done!
 -> Progress: 100 done!

Keys:  ['time', 'acc1', 'acc5', 'ce_loss']
Training:  [0.00621977380730889, 96.02642635865645, 99.76029829545455, 0.12926663394848054]
Testing:  [0.004211854934692383, 70.04444444444445, 90.08888888888889, 1.7123696671591864]
Best Acc:  70.21111111111111

Epoch: [78 | 90] LR: 0.000500
Training...
 -> Progress: 20 done!
 -> Progress: 40 done!
 -> Progress: 60 done!
 -> Progress: 80 done!
 -> Progress: 100 done!
Testing...
 -> Progress: 20 done!
 -> Progress: 40 done!
 -> Progress: 60 done!
 -> Progress: 80 done!
 -> Progress: 100 done!

Keys:  ['time', 'acc1', 'acc5', 'ce_loss']
Training:  [0.006273133510893042, 96.05158025568181, 99.83354048295455, 0.12336127224526452]
Testing:  [0.004210970136854383, 70.02222222222223, 90.07777777777778, 1.7034406205018362]
Best Acc:  70.21111111111111

Epoch: [79 | 90] LR: 0.000500
Training...
 -> Progress: 20 done!
 -> Progress: 40 done!
 -> Progress: 60 done!
 -> Progress: 80 done!
 -> Progress: 100 done!
Testing...
 -> Progress: 20 done!
 -> Progress: 40 done!
 -> Progress: 60 done!
 -> Progress: 80 done!
 -> Progress: 100 done!

Keys:  ['time', 'acc1', 'acc5', 'ce_loss']
Training:  [0.0062697861682284965, 96.04368883913213, 99.7891512784091, 0.12183163514022123]
Testing:  [0.0042402956220838756, 70.18888888888888, 90.03333333333333, 1.7246774892012278]
Best Acc:  70.21111111111111

Epoch: [80 | 90] LR: 0.000500
Training...
 -> Progress: 20 done!
 -> Progress: 40 done!
 -> Progress: 60 done!
 -> Progress: 80 done!
 -> Progress: 100 done!
Testing...
 -> Progress: 20 done!
 -> Progress: 40 done!
 -> Progress: 60 done!
 -> Progress: 80 done!
 -> Progress: 100 done!

Keys:  ['time', 'acc1', 'acc5', 'ce_loss']
Training:  [0.006268458610231226, 96.22790403799577, 99.7802734375, 0.11846678251061928]
Testing:  [0.004216355747646756, 70.22222222222223, 90.11111111111111, 1.7354711923334334]
Best Acc:  70.22222222222223

Epoch: [81 | 90] LR: 0.000500
Training...
 -> Progress: 20 done!
 -> Progress: 40 done!
 -> Progress: 60 done!
 -> Progress: 80 done!
 -> Progress: 100 done!
Testing...
 -> Progress: 20 done!
 -> Progress: 40 done!
 -> Progress: 60 done!
 -> Progress: 80 done!
 -> Progress: 100 done!

Keys:  ['time', 'acc1', 'acc5', 'ce_loss']
Training:  [0.006278905001553622, 96.2002840909091, 99.81578480113636, 0.11802706234051254]
Testing:  [0.004236271646287706, 70.12222222222222, 90.13333333333334, 1.7463453471660615]
Best Acc:  70.22222222222223

Epoch: [82 | 90] LR: 0.000500
Training...
 -> Progress: 20 done!
 -> Progress: 40 done!
 -> Progress: 60 done!
 -> Progress: 80 done!
 -> Progress: 100 done!
Testing...
 -> Progress: 20 done!
 -> Progress: 40 done!
 -> Progress: 60 done!
 -> Progress: 80 done!
 -> Progress: 100 done!

Keys:  ['time', 'acc1', 'acc5', 'ce_loss']
Training:  [0.006257645108483054, 96.33591775460677, 99.78742501952432, 0.11562751172195104]
Testing:  [0.00425064033932156, 70.21111111111111, 90.08888888888889, 1.7645899540848202]
Best Acc:  70.22222222222223

Epoch: [83 | 90] LR: 0.000500
Training...
 -> Progress: 20 done!
 -> Progress: 40 done!
 -> Progress: 60 done!
 -> Progress: 80 done!
 -> Progress: 100 done!
Testing...
 -> Progress: 20 done!
 -> Progress: 40 done!
 -> Progress: 60 done!
 -> Progress: 80 done!
 -> Progress: 100 done!

Keys:  ['time', 'acc1', 'acc5', 'ce_loss']
Training:  [0.006272567944093184, 96.45650844140486, 99.82466264204545, 0.11234676392367957]
Testing:  [0.004127841525607639, 70.0, 90.06666666666666, 1.7718082739247216]
Best Acc:  70.22222222222223

Epoch: [84 | 90] LR: 0.000500
Training...
 -> Progress: 20 done!
 -> Progress: 40 done!
 -> Progress: 60 done!
 -> Progress: 80 done!
 -> Progress: 100 done!
Testing...
 -> Progress: 20 done!
 -> Progress: 40 done!
 -> Progress: 60 done!
 -> Progress: 80 done!
 -> Progress: 100 done!

Keys:  ['time', 'acc1', 'acc5', 'ce_loss']
Training:  [0.0062641081484881315, 96.55416469140486, 99.85573508522727, 0.10977504347366365]
Testing:  [0.004192784097459581, 70.15555555555555, 90.06666666666666, 1.7861649725172255]
Best Acc:  70.22222222222223

Epoch: [85 | 90] LR: 0.000500
Training...
 -> Progress: 20 done!
 -> Progress: 40 done!
 -> Progress: 60 done!
 -> Progress: 80 done!
 -> Progress: 100 done!
Testing...
 -> Progress: 20 done!
 -> Progress: 40 done!
 -> Progress: 60 done!
 -> Progress: 80 done!
 -> Progress: 100 done!

Keys:  ['time', 'acc1', 'acc5', 'ce_loss']
Training:  [0.006233359602364627, 96.66168520667337, 99.81849746270613, 0.10799598355184901]
Testing:  [0.00421136220296224, 70.25555555555556, 90.22222222222223, 1.8128175662623511]
Best Acc:  70.25555555555556

Epoch: [86 | 90] LR: 0.000500
Training...
 -> Progress: 20 done!
 -> Progress: 40 done!
 -> Progress: 60 done!
 -> Progress: 80 done!
 -> Progress: 100 done!
Testing...
 -> Progress: 20 done!
 -> Progress: 40 done!
 -> Progress: 60 done!
 -> Progress: 80 done!
 -> Progress: 100 done!

Keys:  ['time', 'acc1', 'acc5', 'ce_loss']
Training:  [0.006287110800092871, 96.57068733735518, 99.86288666725159, 0.10752656317146664]
Testing:  [0.004216000768873427, 70.22222222222223, 90.14444444444445, 1.8097766141096752]
Best Acc:  70.25555555555556

Epoch: [87 | 90] LR: 0.000500
Training...
 -> Progress: 20 done!
 -> Progress: 40 done!
 -> Progress: 60 done!
 -> Progress: 80 done!
 -> Progress: 100 done!
Testing...
 -> Progress: 20 done!
 -> Progress: 40 done!
 -> Progress: 60 done!
 -> Progress: 80 done!
 -> Progress: 100 done!

Keys:  ['time', 'acc1', 'acc5', 'ce_loss']
Training:  [0.006262521852146496, 96.74553147229281, 99.84685724431819, 0.1047493962528692]
Testing:  [0.004220814175075955, 70.0, 90.14444444444445, 1.823982905679279]
Best Acc:  70.25555555555556

Epoch: [88 | 90] LR: 0.000500
Training...
 -> Progress: 20 done!
 -> Progress: 40 done!
 -> Progress: 60 done!
 -> Progress: 80 done!
 -> Progress: 100 done!
Testing...
 -> Progress: 20 done!
 -> Progress: 40 done!
 -> Progress: 60 done!
 -> Progress: 80 done!
 -> Progress: 100 done!

Keys:  ['time', 'acc1', 'acc5', 'ce_loss']
Training:  [0.006222965365106409, 96.74010612747885, 99.83575994318181, 0.10329523284136402]
Testing:  [0.0042308145099216035, 70.02222222222223, 90.17777777777778, 1.8214877002769045]
Best Acc:  70.25555555555556

Epoch: [89 | 90] LR: 0.000500
Training...
 -> Progress: 20 done!
 -> Progress: 40 done!
 -> Progress: 60 done!
 -> Progress: 80 done!
 -> Progress: 100 done!
Testing...
 -> Progress: 20 done!
 -> Progress: 40 done!
 -> Progress: 60 done!
 -> Progress: 80 done!
 -> Progress: 100 done!

Keys:  ['time', 'acc1', 'acc5', 'ce_loss']
Training:  [0.006224519827149131, 96.82888453656977, 99.84019886363636, 0.10125535947736353]
Testing:  [0.004224742783440484, 70.25555555555556, 90.18888888888888, 1.8277939558029175]
Best Acc:  70.25555555555556

Epoch: [90 | 90] LR: 0.000500
Training...
 -> Progress: 20 done!
 -> Progress: 40 done!
 -> Progress: 60 done!
 -> Progress: 80 done!
 -> Progress: 100 done!
Testing...
 -> Progress: 20 done!
 -> Progress: 40 done!
 -> Progress: 60 done!
 -> Progress: 80 done!
 -> Progress: 100 done!

Keys:  ['time', 'acc1', 'acc5', 'ce_loss']
Training:  [0.006262823939323425, 96.92851363528858, 99.87398396838795, 0.09794177852613344]
Testing:  [0.004181114832560221, 69.97777777777777, 90.0111111111111, 1.8638249297936758]
Best Acc:  70.25555555555556

real	13m9.678s
user	22m59.832s
sys	5m11.709s

Ending script...
Sat Jan 15 23:37:56 EST 2022
