Tue Jan 18 01:35:24 EST 2022
Slurm nodes: evc1
You were assigned 1 gpu(s)
Please run `conda env list` to see a list of all available environments. Use
`source activate <env>` to activate the environment '<env>'. 

Currently Loaded Modules:
  1) anaconda/anaconda3

 

	[4mGPU0	mlx5_0	CPU Affinity	NUMA Affinity[0m
GPU0	 X 	SYS	0,2,4,6	0-1
mlx5_0	SYS	 X 		

Legend:

  X    = Self
  SYS  = Connection traversing PCIe as well as the SMP interconnect between NUMA nodes (e.g., QPI/UPI)
  NODE = Connection traversing PCIe as well as the interconnect between PCIe Host Bridges within a NUMA node
  PHB  = Connection traversing PCIe as well as a PCIe Host Bridge (typically the CPU)
  PXB  = Connection traversing multiple PCIe bridges (without traversing the PCIe Host Bridge)
  PIX  = Connection traversing at most a single PCIe bridge
  NV#  = Connection traversing a bonded set of # NVLinks


Namespace(arch='vgg16', checkpoint='checkpoint', dataset='cifar100', epochs=15, gamma=0.1, jobid='123191', logs='logs', lr=0.005, manualSeed=6186, momentum=0.9, schedule=[5, 10], test_batch=100, train_batch=128, weight_decay=0.0005, workers=4)
==> Preparing dataset cifar100
Files already downloaded and verified
Testing...
 -> Progress: 20 done!
 -> Progress: 40 done!
 -> Progress: 60 done!
 -> Progress: 80 done!
 -> Progress: 100 done!

Test loss: 1.8128 
Val accuracy: 70.26%
==> Preparing dataset cifar100
Files already downloaded and verified
==> Preparing dataset cifar100
Files already downloaded and verified
==> Preparing dataset cifar100
Files already downloaded and verified
    Total params: 14.77M

Epoch: [1 | 15] LR: 0.005000
Training...
 -> Progress: 20 done!
 -> Progress: 40 done!
 -> Progress: 60 done!
 -> Progress: 80 done!
 -> Progress: 100 done!
Testing...
 -> Progress: 20 done!
 -> Progress: 40 done!
 -> Progress: 60 done!
 -> Progress: 80 done!
 -> Progress: 100 done!
Testing...
 -> Progress: 20 done!
 -> Progress: 40 done!
 -> Progress: 60 done!
 -> Progress: 80 done!
 -> Progress: 100 done!

Keys:  ['time', 'acc1', 'acc5', 'ce_loss']
Training:  [0.019562405347824097, 78.7890625, 96.81640625, 0.7103504270315171]
Testing New Task:  [0.015120887756347656, 85.7, 99.6, 0.4133296310901642]
Testing Old Task:  [0.004273189438713921, 66.4888888888889, 88.38888888888889, 2.236581019560496]
Best Acc:  85.7

Epoch: [2 | 15] LR: 0.005000
Training...
 -> Progress: 20 done!
 -> Progress: 40 done!
 -> Progress: 60 done!
 -> Progress: 80 done!
 -> Progress: 100 done!
Testing...
 -> Progress: 20 done!
 -> Progress: 40 done!
 -> Progress: 60 done!
 -> Progress: 80 done!
 -> Progress: 100 done!
Testing...
 -> Progress: 20 done!
 -> Progress: 40 done!
 -> Progress: 60 done!
 -> Progress: 80 done!
 -> Progress: 100 done!

Keys:  ['time', 'acc1', 'acc5', 'ce_loss']
Training:  [0.01922187805175781, 89.0234375, 99.43359375, 0.32967945486307143]
Testing New Task:  [0.01647181510925293, 89.2, 99.4, 0.3103712409734726]
Testing Old Task:  [0.004305238193935818, 66.08888888888889, 88.5111111111111, 2.1478419502576194]
Best Acc:  89.2

Epoch: [3 | 15] LR: 0.005000
Training...
 -> Progress: 20 done!
 -> Progress: 40 done!
 -> Progress: 60 done!
 -> Progress: 80 done!
 -> Progress: 100 done!
Testing...
 -> Progress: 20 done!
 -> Progress: 40 done!
 -> Progress: 60 done!
 -> Progress: 80 done!
 -> Progress: 100 done!
Testing...
 -> Progress: 20 done!
 -> Progress: 40 done!
 -> Progress: 60 done!
 -> Progress: 80 done!
 -> Progress: 100 done!

Keys:  ['time', 'acc1', 'acc5', 'ce_loss']
Training:  [0.020000123977661134, 91.2109375, 99.55078125, 0.2550810784101486]
Testing New Task:  [0.015840697288513183, 89.5, 99.6, 0.31907069832086565]
Testing Old Task:  [0.00450639459821913, 63.94444444444444, 87.02222222222223, 2.3229879087871974]
Best Acc:  89.5

Epoch: [4 | 15] LR: 0.005000
Training...
 -> Progress: 20 done!
 -> Progress: 40 done!
 -> Progress: 60 done!
 -> Progress: 80 done!
 -> Progress: 100 done!
Testing...
 -> Progress: 20 done!
 -> Progress: 40 done!
 -> Progress: 60 done!
 -> Progress: 80 done!
 -> Progress: 100 done!
Testing...
 -> Progress: 20 done!
 -> Progress: 40 done!
 -> Progress: 60 done!
 -> Progress: 80 done!
 -> Progress: 100 done!

Keys:  ['time', 'acc1', 'acc5', 'ce_loss']
Training:  [0.019335198402404784, 93.125, 99.78515625, 0.19882514346390961]
Testing New Task:  [0.016477251052856447, 90.5, 99.7, 0.287860631942749]
Testing Old Task:  [0.004737220870123969, 63.87777777777778, 87.14444444444445, 2.385747226079305]
Best Acc:  90.5

Epoch: [5 | 15] LR: 0.005000
Training...
 -> Progress: 20 done!
 -> Progress: 40 done!
 -> Progress: 60 done!
 -> Progress: 80 done!
 -> Progress: 100 done!
Testing...
 -> Progress: 20 done!
 -> Progress: 40 done!
 -> Progress: 60 done!
 -> Progress: 80 done!
 -> Progress: 100 done!
Testing...
 -> Progress: 20 done!
 -> Progress: 40 done!
 -> Progress: 60 done!
 -> Progress: 80 done!
 -> Progress: 100 done!

Keys:  ['time', 'acc1', 'acc5', 'ce_loss']
Training:  [0.019848674535751343, 94.35546875, 99.8828125, 0.1774359429255128]
Testing New Task:  [0.01724209785461426, 90.6, 99.5, 0.29072756320238113]
Testing Old Task:  [0.004455222023857964, 62.87777777777778, 86.71111111111111, 2.514691196547614]
Best Acc:  90.6

Epoch: [6 | 15] LR: 0.000500
Training...
 -> Progress: 20 done!
 -> Progress: 40 done!
 -> Progress: 60 done!
 -> Progress: 80 done!
 -> Progress: 100 done!
Testing...
 -> Progress: 20 done!
 -> Progress: 40 done!
 -> Progress: 60 done!
 -> Progress: 80 done!
 -> Progress: 100 done!
Testing...
 -> Progress: 20 done!
 -> Progress: 40 done!
 -> Progress: 60 done!
 -> Progress: 80 done!
 -> Progress: 100 done!

Keys:  ['time', 'acc1', 'acc5', 'ce_loss']
Training:  [0.019620203971862794, 95.46875, 99.9609375, 0.13248116690665485]
Testing New Task:  [0.015594935417175293, 90.9, 99.6, 0.2699769973754883]
Testing Old Task:  [0.004590837160746256, 63.522222222222226, 86.96666666666667, 2.4622226039568584]
Best Acc:  90.9

Epoch: [7 | 15] LR: 0.000500
Training...
 -> Progress: 20 done!
 -> Progress: 40 done!
 -> Progress: 60 done!
 -> Progress: 80 done!
 -> Progress: 100 done!
Testing...
 -> Progress: 20 done!
 -> Progress: 40 done!
 -> Progress: 60 done!
 -> Progress: 80 done!
 -> Progress: 100 done!
Testing...
 -> Progress: 20 done!
 -> Progress: 40 done!
 -> Progress: 60 done!
 -> Progress: 80 done!
 -> Progress: 100 done!

Keys:  ['time', 'acc1', 'acc5', 'ce_loss']
Training:  [0.019499152898788452, 96.03515625, 99.98046875, 0.11324517941102386]
Testing New Task:  [0.01688401699066162, 91.0, 99.6, 0.2759983479976654]
Testing Old Task:  [0.004558192359076606, 63.18888888888889, 86.72222222222223, 2.5479988230599298]
Best Acc:  91.0

Epoch: [8 | 15] LR: 0.000500
Training...
 -> Progress: 20 done!
 -> Progress: 40 done!
 -> Progress: 60 done!
 -> Progress: 80 done!
 -> Progress: 100 done!
Testing...
 -> Progress: 20 done!
 -> Progress: 40 done!
 -> Progress: 60 done!
 -> Progress: 80 done!
 -> Progress: 100 done!
Testing...
 -> Progress: 20 done!
 -> Progress: 40 done!
 -> Progress: 60 done!
 -> Progress: 80 done!
 -> Progress: 100 done!

Keys:  ['time', 'acc1', 'acc5', 'ce_loss']
Training:  [0.019516217708587646, 96.26953125, 99.921875, 0.11017741579562426]
Testing New Task:  [0.015520668029785157, 91.0, 99.6, 0.2741188406944275]
Testing Old Task:  [0.004772133297390408, 63.144444444444446, 86.72222222222223, 2.5770772457122804]
Best Acc:  91.0

Epoch: [9 | 15] LR: 0.000500
Training...
 -> Progress: 20 done!
 -> Progress: 40 done!
 -> Progress: 60 done!
 -> Progress: 80 done!
 -> Progress: 100 done!
Testing...
 -> Progress: 20 done!
 -> Progress: 40 done!
 -> Progress: 60 done!
 -> Progress: 80 done!
 -> Progress: 100 done!
Testing...
 -> Progress: 20 done!
 -> Progress: 40 done!
 -> Progress: 60 done!
 -> Progress: 80 done!
 -> Progress: 100 done!

Keys:  ['time', 'acc1', 'acc5', 'ce_loss']
Training:  [0.01991708278656006, 96.6015625, 99.98046875, 0.10509134670719504]
Testing New Task:  [0.015573239326477051, 91.4, 99.5, 0.27407983392477037]
Testing Old Task:  [0.00466919740041097, 63.18888888888889, 86.83333333333333, 2.603697945011987]
Best Acc:  91.4

Epoch: [10 | 15] LR: 0.000500
Training...
 -> Progress: 20 done!
 -> Progress: 40 done!
 -> Progress: 60 done!
 -> Progress: 80 done!
 -> Progress: 100 done!
Testing...
 -> Progress: 20 done!
 -> Progress: 40 done!
 -> Progress: 60 done!
 -> Progress: 80 done!
 -> Progress: 100 done!
Testing...
 -> Progress: 20 done!
 -> Progress: 40 done!
 -> Progress: 60 done!
 -> Progress: 80 done!
 -> Progress: 100 done!

Keys:  ['time', 'acc1', 'acc5', 'ce_loss']
Training:  [0.019138401746749877, 96.640625, 99.9609375, 0.1016753925010562]
Testing New Task:  [0.01578543186187744, 91.1, 99.6, 0.27415281236171724]
Testing Old Task:  [0.004674792289733887, 63.166666666666664, 86.94444444444444, 2.634723126888275]
Best Acc:  91.4

Epoch: [11 | 15] LR: 0.000050
Training...
 -> Progress: 20 done!
 -> Progress: 40 done!
 -> Progress: 60 done!
 -> Progress: 80 done!
 -> Progress: 100 done!
Testing...
 -> Progress: 20 done!
 -> Progress: 40 done!
 -> Progress: 60 done!
 -> Progress: 80 done!
 -> Progress: 100 done!
Testing...
 -> Progress: 20 done!
 -> Progress: 40 done!
 -> Progress: 60 done!
 -> Progress: 80 done!
 -> Progress: 100 done!

Keys:  ['time', 'acc1', 'acc5', 'ce_loss']
Training:  [0.019803982973098756, 96.8359375, 100.0, 0.09397702990099788]
Testing New Task:  [0.015857434272766112, 91.3, 99.6, 0.2746239319443703]
Testing Old Task:  [0.004600368605719672, 63.111111111111114, 86.93333333333334, 2.6397301501697963]
Best Acc:  91.4

Epoch: [12 | 15] LR: 0.000050
Training...
 -> Progress: 20 done!
 -> Progress: 40 done!
 -> Progress: 60 done!
 -> Progress: 80 done!
 -> Progress: 100 done!
Testing...
 -> Progress: 20 done!
 -> Progress: 40 done!
 -> Progress: 60 done!
 -> Progress: 80 done!
 -> Progress: 100 done!
Testing...
 -> Progress: 20 done!
 -> Progress: 40 done!
 -> Progress: 60 done!
 -> Progress: 80 done!
 -> Progress: 100 done!

Keys:  ['time', 'acc1', 'acc5', 'ce_loss']
Training:  [0.02003716826438904, 96.85546875, 99.90234375, 0.09878483340144158]
Testing New Task:  [0.01589052677154541, 91.4, 99.6, 0.2747596487402916]
Testing Old Task:  [0.004556931389702691, 63.144444444444446, 86.94444444444444, 2.6432746873961555]
Best Acc:  91.4

Epoch: [13 | 15] LR: 0.000050
Training...
 -> Progress: 20 done!
 -> Progress: 40 done!
 -> Progress: 60 done!
 -> Progress: 80 done!
 -> Progress: 100 done!
Testing...
 -> Progress: 20 done!
 -> Progress: 40 done!
 -> Progress: 60 done!
 -> Progress: 80 done!
 -> Progress: 100 done!
Testing...
 -> Progress: 20 done!
 -> Progress: 40 done!
 -> Progress: 60 done!
 -> Progress: 80 done!
 -> Progress: 100 done!

Keys:  ['time', 'acc1', 'acc5', 'ce_loss']
Training:  [0.0200245201587677, 96.5625, 100.0, 0.10197962475940585]
Testing New Task:  [0.016133666038513184, 91.3, 99.6, 0.2749874174594879]
Testing Old Task:  [0.004560968610975477, 63.13333333333333, 86.92222222222222, 2.647065590487586]
Best Acc:  91.4

Epoch: [14 | 15] LR: 0.000050
Training...
 -> Progress: 20 done!
 -> Progress: 40 done!
 -> Progress: 60 done!
 -> Progress: 80 done!
 -> Progress: 100 done!
Testing...
 -> Progress: 20 done!
 -> Progress: 40 done!
 -> Progress: 60 done!
 -> Progress: 80 done!
 -> Progress: 100 done!
Testing...
 -> Progress: 20 done!
 -> Progress: 40 done!
 -> Progress: 60 done!
 -> Progress: 80 done!
 -> Progress: 100 done!

Keys:  ['time', 'acc1', 'acc5', 'ce_loss']
Training:  [0.020003801584243773, 96.58203125, 99.94140625, 0.09792063226923346]
Testing New Task:  [0.01575746536254883, 91.4, 99.6, 0.2746139571070671]
Testing Old Task:  [0.004514715406629774, 63.144444444444446, 86.92222222222222, 2.648821791013082]
Best Acc:  91.4

Epoch: [15 | 15] LR: 0.000050
Training...
 -> Progress: 20 done!
 -> Progress: 40 done!
 -> Progress: 60 done!
 -> Progress: 80 done!
 -> Progress: 100 done!
Testing...
 -> Progress: 20 done!
 -> Progress: 40 done!
 -> Progress: 60 done!
 -> Progress: 80 done!
 -> Progress: 100 done!
Testing...
 -> Progress: 20 done!
 -> Progress: 40 done!
 -> Progress: 60 done!
 -> Progress: 80 done!
 -> Progress: 100 done!

Keys:  ['time', 'acc1', 'acc5', 'ce_loss']
Training:  [0.019906049966812132, 96.93359375, 99.921875, 0.09905262822285295]
Testing New Task:  [0.016046357154846192, 91.4, 99.6, 0.27536007910966875]
Testing Old Task:  [0.004572309388054742, 63.166666666666664, 86.87777777777778, 2.656419523557027]
Best Acc:  91.4

real	0m48.427s
user	1m7.592s
sys	0m25.400s

Ending script...
Tue Jan 18 01:36:14 EST 2022
