Tue Jan 18 01:28:10 EST 2022
Slurm nodes: evc1
You were assigned 1 gpu(s)
Please run `conda env list` to see a list of all available environments. Use
`source activate <env>` to activate the environment '<env>'. 

Currently Loaded Modules:
  1) anaconda/anaconda3

 

	[4mGPU0	mlx5_0	CPU Affinity	NUMA Affinity[0m
GPU0	 X 	SYS	8,10,12,14	0-1
mlx5_0	SYS	 X 		

Legend:

  X    = Self
  SYS  = Connection traversing PCIe as well as the SMP interconnect between NUMA nodes (e.g., QPI/UPI)
  NODE = Connection traversing PCIe as well as the interconnect between PCIe Host Bridges within a NUMA node
  PHB  = Connection traversing PCIe as well as a PCIe Host Bridge (typically the CPU)
  PXB  = Connection traversing multiple PCIe bridges (without traversing the PCIe Host Bridge)
  PIX  = Connection traversing at most a single PCIe bridge
  NV#  = Connection traversing a bonded set of # NVLinks


Namespace(arch='vgg16', checkpoint='checkpoint', dataset='cifar100', epochs=15, gamma=0.1, jobid='123187', logs='logs', lr=0.005, manualSeed=6837, momentum=0.9, schedule=[5, 10], test_batch=100, train_batch=128, weight_decay=0.0005, workers=4)
==> Preparing dataset cifar100
Files already downloaded and verified
Testing...
 -> Progress: 20 done!
 -> Progress: 40 done!
 -> Progress: 60 done!
 -> Progress: 80 done!
 -> Progress: 100 done!

Test loss: 1.8128 
Val accuracy: 70.26%
==> Preparing dataset cifar100
Files already downloaded and verified
==> Preparing dataset cifar100
Files already downloaded and verified
==> Preparing dataset cifar100
Files already downloaded and verified
    Total params: 14.77M

Epoch: [1 | 15] LR: 0.005000
Training...
 -> Progress: 20 done!
 -> Progress: 40 done!
 -> Progress: 60 done!
 -> Progress: 80 done!
 -> Progress: 100 done!
Testing...
 -> Progress: 20 done!
 -> Progress: 40 done!
 -> Progress: 60 done!
 -> Progress: 80 done!
 -> Progress: 100 done!
Testing...
 -> Progress: 20 done!
 -> Progress: 40 done!
 -> Progress: 60 done!
 -> Progress: 80 done!
 -> Progress: 100 done!

Keys:  ['time', 'acc1', 'acc5', 'ce_loss']
Training:  [0.020067507028579713, 77.79296875, 96.58203125, 0.7423788525164128]
Testing New Task:  [0.015773296356201172, 86.1, 99.3, 0.39296809434890745]
Testing Old Task:  [0.004441971249050564, 69.43333333333334, 89.91111111111111, 1.778948038816452]
Best Acc:  86.1

Epoch: [2 | 15] LR: 0.005000
Training...
 -> Progress: 20 done!
 -> Progress: 40 done!
 -> Progress: 60 done!
 -> Progress: 80 done!
 -> Progress: 100 done!
Testing...
 -> Progress: 20 done!
 -> Progress: 40 done!
 -> Progress: 60 done!
 -> Progress: 80 done!
 -> Progress: 100 done!
Testing...
 -> Progress: 20 done!
 -> Progress: 40 done!
 -> Progress: 60 done!
 -> Progress: 80 done!
 -> Progress: 100 done!

Keys:  ['time', 'acc1', 'acc5', 'ce_loss']
Training:  [0.019814592599868775, 87.65625, 99.375, 0.4221921995282173]
Testing New Task:  [0.015306711196899414, 87.5, 99.4, 0.3620613142848015]
Testing Old Task:  [0.004382695092095269, 69.56666666666666, 89.88888888888889, 1.7695155362288157]
Best Acc:  87.5

Epoch: [3 | 15] LR: 0.005000
Training...
 -> Progress: 20 done!
 -> Progress: 40 done!
 -> Progress: 60 done!
 -> Progress: 80 done!
 -> Progress: 100 done!
Testing...
 -> Progress: 20 done!
 -> Progress: 40 done!
 -> Progress: 60 done!
 -> Progress: 80 done!
 -> Progress: 100 done!
Testing...
 -> Progress: 20 done!
 -> Progress: 40 done!
 -> Progress: 60 done!
 -> Progress: 80 done!
 -> Progress: 100 done!

Keys:  ['time', 'acc1', 'acc5', 'ce_loss']
Training:  [0.01986175775527954, 90.1953125, 99.58984375, 0.3399563331156969]
Testing New Task:  [0.015599751472473144, 88.9, 99.7, 0.32083703875541686]
Testing Old Task:  [0.004466811815897624, 69.38888888888889, 89.95555555555555, 1.811624378628201]
Best Acc:  88.9

Epoch: [4 | 15] LR: 0.005000
Training...
 -> Progress: 20 done!
 -> Progress: 40 done!
 -> Progress: 60 done!
 -> Progress: 80 done!
 -> Progress: 100 done!
Testing...
 -> Progress: 20 done!
 -> Progress: 40 done!
 -> Progress: 60 done!
 -> Progress: 80 done!
 -> Progress: 100 done!
Testing...
 -> Progress: 20 done!
 -> Progress: 40 done!
 -> Progress: 60 done!
 -> Progress: 80 done!
 -> Progress: 100 done!

Keys:  ['time', 'acc1', 'acc5', 'ce_loss']
Training:  [0.020017457008361817, 92.24609375, 99.6875, 0.32922838628292084]
Testing New Task:  [0.015503120422363282, 89.1, 99.5, 0.32102823406457903]
Testing Old Task:  [0.004457971784803602, 69.31111111111112, 90.16666666666667, 1.7889425476392111]
Best Acc:  89.1

Epoch: [5 | 15] LR: 0.005000
Training...
 -> Progress: 20 done!
 -> Progress: 40 done!
 -> Progress: 60 done!
 -> Progress: 80 done!
 -> Progress: 100 done!
Testing...
 -> Progress: 20 done!
 -> Progress: 40 done!
 -> Progress: 60 done!
 -> Progress: 80 done!
 -> Progress: 100 done!
Testing...
 -> Progress: 20 done!
 -> Progress: 40 done!
 -> Progress: 60 done!
 -> Progress: 80 done!
 -> Progress: 100 done!

Keys:  ['time', 'acc1', 'acc5', 'ce_loss']
Training:  [0.01955137252807617, 93.69140625, 99.8046875, 0.2752222068607807]
Testing New Task:  [0.014844369888305665, 89.1, 99.6, 0.3196052432060242]
Testing Old Task:  [0.004478669166564942, 69.43333333333334, 89.93333333333334, 1.7736941695213317]
Best Acc:  89.1

Epoch: [6 | 15] LR: 0.000500
Training...
 -> Progress: 20 done!
 -> Progress: 40 done!
 -> Progress: 60 done!
 -> Progress: 80 done!
 -> Progress: 100 done!
Testing...
 -> Progress: 20 done!
 -> Progress: 40 done!
 -> Progress: 60 done!
 -> Progress: 80 done!
 -> Progress: 100 done!
Testing...
 -> Progress: 20 done!
 -> Progress: 40 done!
 -> Progress: 60 done!
 -> Progress: 80 done!
 -> Progress: 100 done!

Keys:  ['time', 'acc1', 'acc5', 'ce_loss']
Training:  [0.019613379240036012, 94.43359375, 99.8828125, 0.23111830428242683]
Testing New Task:  [0.015630412101745605, 89.4, 99.3, 0.31038967072963713]
Testing Old Task:  [0.0044830693138970265, 69.28888888888889, 90.05555555555556, 1.7824953609042697]
Best Acc:  89.4

Epoch: [7 | 15] LR: 0.000500
Training...
 -> Progress: 20 done!
 -> Progress: 40 done!
 -> Progress: 60 done!
 -> Progress: 80 done!
 -> Progress: 100 done!
Testing...
 -> Progress: 20 done!
 -> Progress: 40 done!
 -> Progress: 60 done!
 -> Progress: 80 done!
 -> Progress: 100 done!
Testing...
 -> Progress: 20 done!
 -> Progress: 40 done!
 -> Progress: 60 done!
 -> Progress: 80 done!
 -> Progress: 100 done!

Keys:  ['time', 'acc1', 'acc5', 'ce_loss']
Training:  [0.01941547393798828, 95.17578125, 99.90234375, 0.22138483934104441]
Testing New Task:  [0.01534423828125, 89.4, 99.5, 0.3081339120864868]
Testing Old Task:  [0.004478695657518175, 69.33333333333333, 90.12222222222222, 1.784226503637102]
Best Acc:  89.4

Epoch: [8 | 15] LR: 0.000500
Training...
 -> Progress: 20 done!
 -> Progress: 40 done!
 -> Progress: 60 done!
 -> Progress: 80 done!
 -> Progress: 100 done!
Testing...
 -> Progress: 20 done!
 -> Progress: 40 done!
 -> Progress: 60 done!
 -> Progress: 80 done!
 -> Progress: 100 done!
Testing...
 -> Progress: 20 done!
 -> Progress: 40 done!
 -> Progress: 60 done!
 -> Progress: 80 done!
 -> Progress: 100 done!

Keys:  ['time', 'acc1', 'acc5', 'ce_loss']
Training:  [0.01968962550163269, 95.15625, 99.98046875, 0.21360188275575637]
Testing New Task:  [0.013984775543212891, 89.6, 99.5, 0.30728615522384645]
Testing Old Task:  [0.004292660289340549, 69.34444444444445, 90.14444444444445, 1.7915059526761372]
Best Acc:  89.6

Epoch: [9 | 15] LR: 0.000500
Training...
 -> Progress: 20 done!
 -> Progress: 40 done!
 -> Progress: 60 done!
 -> Progress: 80 done!
 -> Progress: 100 done!
Testing...
 -> Progress: 20 done!
 -> Progress: 40 done!
 -> Progress: 60 done!
 -> Progress: 80 done!
 -> Progress: 100 done!
Testing...
 -> Progress: 20 done!
 -> Progress: 40 done!
 -> Progress: 60 done!
 -> Progress: 80 done!
 -> Progress: 100 done!

Keys:  ['time', 'acc1', 'acc5', 'ce_loss']
Training:  [0.019123023748397826, 94.9609375, 99.921875, 0.21177183017134665]
Testing New Task:  [0.014565873146057128, 90.2, 99.5, 0.30647744834423063]
Testing Old Task:  [0.004220644632975261, 69.44444444444444, 90.16666666666667, 1.7914297408527797]
Best Acc:  90.2

Epoch: [10 | 15] LR: 0.000500
Training...
 -> Progress: 20 done!
 -> Progress: 40 done!
 -> Progress: 60 done!
 -> Progress: 80 done!
 -> Progress: 100 done!
Testing...
 -> Progress: 20 done!
 -> Progress: 40 done!
 -> Progress: 60 done!
 -> Progress: 80 done!
 -> Progress: 100 done!
Testing...
 -> Progress: 20 done!
 -> Progress: 40 done!
 -> Progress: 60 done!
 -> Progress: 80 done!
 -> Progress: 100 done!

Keys:  ['time', 'acc1', 'acc5', 'ce_loss']
Training:  [0.019149011373519896, 95.29296875, 99.90234375, 0.21276037581264973]
Testing New Task:  [0.014722347259521484, 89.1, 99.5, 0.30672689974308015]
Testing Old Task:  [0.004217131932576498, 69.62222222222222, 90.12222222222222, 1.785376214981079]
Best Acc:  90.2

Epoch: [11 | 15] LR: 0.000050
Training...
 -> Progress: 20 done!
 -> Progress: 40 done!
 -> Progress: 60 done!
 -> Progress: 80 done!
 -> Progress: 100 done!
Testing...
 -> Progress: 20 done!
 -> Progress: 40 done!
 -> Progress: 60 done!
 -> Progress: 80 done!
 -> Progress: 100 done!
Testing...
 -> Progress: 20 done!
 -> Progress: 40 done!
 -> Progress: 60 done!
 -> Progress: 80 done!
 -> Progress: 100 done!

Keys:  ['time', 'acc1', 'acc5', 'ce_loss']
Training:  [0.019051170349121092, 95.56640625, 99.94140625, 0.19940233901143073]
Testing New Task:  [0.014664220809936523, 89.3, 99.5, 0.30623687207698824]
Testing Old Task:  [0.004287661446465386, 69.61111111111111, 90.14444444444445, 1.7888318101565044]
Best Acc:  90.2

Epoch: [12 | 15] LR: 0.000050
Training...
 -> Progress: 20 done!
 -> Progress: 40 done!
 -> Progress: 60 done!
 -> Progress: 80 done!
 -> Progress: 100 done!
Testing...
 -> Progress: 20 done!
 -> Progress: 40 done!
 -> Progress: 60 done!
 -> Progress: 80 done!
 -> Progress: 100 done!
Testing...
 -> Progress: 20 done!
 -> Progress: 40 done!
 -> Progress: 60 done!
 -> Progress: 80 done!
 -> Progress: 100 done!

Keys:  ['time', 'acc1', 'acc5', 'ce_loss']
Training:  [0.019439888000488282, 95.9375, 99.9609375, 0.1983173900283873]
Testing New Task:  [0.01446235179901123, 89.3, 99.5, 0.3059013351798058]
Testing Old Task:  [0.004201560550265842, 69.58888888888889, 90.12222222222222, 1.7894433445400661]
Best Acc:  90.2

Epoch: [13 | 15] LR: 0.000050
Training...
 -> Progress: 20 done!
 -> Progress: 40 done!
 -> Progress: 60 done!
 -> Progress: 80 done!
 -> Progress: 100 done!
Testing...
 -> Progress: 20 done!
 -> Progress: 40 done!
 -> Progress: 60 done!
 -> Progress: 80 done!
 -> Progress: 100 done!
Testing...
 -> Progress: 20 done!
 -> Progress: 40 done!
 -> Progress: 60 done!
 -> Progress: 80 done!
 -> Progress: 100 done!

Keys:  ['time', 'acc1', 'acc5', 'ce_loss']
Training:  [0.019210368394851685, 95.76171875, 99.8828125, 0.19965438172221184]
Testing New Task:  [0.014649295806884765, 89.6, 99.5, 0.30525294989347457]
Testing Old Task:  [0.004214241769578722, 69.56666666666666, 90.13333333333334, 1.788968453142378]
Best Acc:  90.2

Epoch: [14 | 15] LR: 0.000050
Training...
 -> Progress: 20 done!
 -> Progress: 40 done!
 -> Progress: 60 done!
 -> Progress: 80 done!
 -> Progress: 100 done!
Testing...
 -> Progress: 20 done!
 -> Progress: 40 done!
 -> Progress: 60 done!
 -> Progress: 80 done!
 -> Progress: 100 done!
Testing...
 -> Progress: 20 done!
 -> Progress: 40 done!
 -> Progress: 60 done!
 -> Progress: 80 done!
 -> Progress: 100 done!

Keys:  ['time', 'acc1', 'acc5', 'ce_loss']
Training:  [0.019133973121643066, 95.41015625, 99.921875, 0.20153024452738463]
Testing New Task:  [0.015339207649230958, 89.7, 99.5, 0.3053413048386574]
Testing Old Task:  [0.004286773999532064, 69.57777777777778, 90.12222222222222, 1.788716447353363]
Best Acc:  90.2

Epoch: [15 | 15] LR: 0.000050
Training...
 -> Progress: 20 done!
 -> Progress: 40 done!
 -> Progress: 60 done!
 -> Progress: 80 done!
 -> Progress: 100 done!
Testing...
 -> Progress: 20 done!
 -> Progress: 40 done!
 -> Progress: 60 done!
 -> Progress: 80 done!
 -> Progress: 100 done!
Testing...
 -> Progress: 20 done!
 -> Progress: 40 done!
 -> Progress: 60 done!
 -> Progress: 80 done!
 -> Progress: 100 done!

Keys:  ['time', 'acc1', 'acc5', 'ce_loss']
Training:  [0.019099968671798705, 95.6640625, 99.8828125, 0.2074618771672249]
Testing New Task:  [0.014697813987731933, 89.6, 99.5, 0.3049971505999565]
Testing Old Task:  [0.004235540495978462, 69.56666666666666, 90.13333333333334, 1.7889596713913811]
Best Acc:  90.2

real	0m47.874s
user	1m7.021s
sys	0m24.401s

Ending script...
Tue Jan 18 01:28:59 EST 2022
