Tue Feb  8 17:08:41 EST 2022
Slurm nodes: evc9
You were assigned 1 gpu(s)
Please run `conda env list` to see a list of all available environments. Use
`source activate <env>` to activate the environment '<env>'. 

Currently Loaded Modules:
  1) anaconda/anaconda3

 

	[4mGPU0	mlx5_0	CPU Affinity	NUMA Affinity[0m
GPU0	 X 	SYS	0,2,4,22	0-1
mlx5_0	SYS	 X 		

Legend:

  X    = Self
  SYS  = Connection traversing PCIe as well as the SMP interconnect between NUMA nodes (e.g., QPI/UPI)
  NODE = Connection traversing PCIe as well as the interconnect between PCIe Host Bridges within a NUMA node
  PHB  = Connection traversing PCIe as well as a PCIe Host Bridge (typically the CPU)
  PXB  = Connection traversing multiple PCIe bridges (without traversing the PCIe Host Bridge)
  PIX  = Connection traversing at most a single PCIe bridge
  NV#  = Connection traversing a bonded set of # NVLinks


Namespace(arch='vgg16', checkpoint='checkpoint', dataset='cifar100', epochs_t1=90, epochs_t2=45, gamma=0.1, jobid='124968', logs='logs', lr_t1=0.05, lr_t2=0.005, manualSeed=3035, momentum=0.9, schedule_t1=[40, 70], schedule_t2=[15, 30], t1_weight=0.1, test_batch=100, train_batch=128, weight_decay=0.0005, workers=4)
VGG(
  (features): Sequential(
    (0): Conv2d(3, 64, kernel_size=(3, 3), stride=(1, 1), padding=(1, 1))
    (1): ReLU(inplace)
    (2): Conv2d(64, 64, kernel_size=(3, 3), stride=(1, 1), padding=(1, 1))
    (3): ReLU(inplace)
    (4): MaxPool2d(kernel_size=2, stride=2, padding=0, dilation=1, ceil_mode=False)
    (5): Conv2d(64, 128, kernel_size=(3, 3), stride=(1, 1), padding=(1, 1))
    (6): ReLU(inplace)
    (7): Conv2d(128, 128, kernel_size=(3, 3), stride=(1, 1), padding=(1, 1))
    (8): ReLU(inplace)
    (9): MaxPool2d(kernel_size=2, stride=2, padding=0, dilation=1, ceil_mode=False)
    (10): Conv2d(128, 256, kernel_size=(3, 3), stride=(1, 1), padding=(1, 1))
    (11): ReLU(inplace)
    (12): Conv2d(256, 256, kernel_size=(3, 3), stride=(1, 1), padding=(1, 1))
    (13): ReLU(inplace)
    (14): Conv2d(256, 256, kernel_size=(3, 3), stride=(1, 1), padding=(1, 1))
    (15): ReLU(inplace)
    (16): MaxPool2d(kernel_size=2, stride=2, padding=0, dilation=1, ceil_mode=False)
    (17): Conv2d(256, 512, kernel_size=(3, 3), stride=(1, 1), padding=(1, 1))
    (18): ReLU(inplace)
    (19): Conv2d(512, 512, kernel_size=(3, 3), stride=(1, 1), padding=(1, 1))
    (20): ReLU(inplace)
    (21): Conv2d(512, 512, kernel_size=(3, 3), stride=(1, 1), padding=(1, 1))
    (22): ReLU(inplace)
    (23): MaxPool2d(kernel_size=2, stride=2, padding=0, dilation=1, ceil_mode=False)
    (24): Conv2d(512, 512, kernel_size=(3, 3), stride=(1, 1), padding=(1, 1))
    (25): ReLU(inplace)
    (26): Conv2d(512, 512, kernel_size=(3, 3), stride=(1, 1), padding=(1, 1))
    (27): ReLU(inplace)
    (28): Conv2d(512, 512, kernel_size=(3, 3), stride=(1, 1), padding=(1, 1))
    (29): ReLU(inplace)
    (30): MaxPool2d(kernel_size=2, stride=2, padding=0, dilation=1, ceil_mode=False)
  )
  (classifiers): ModuleList(
    (0): Linear(in_features=512, out_features=75, bias=True)
    (1): Linear(in_features=512, out_features=10, bias=True)
  )
)
==> Preparing dataset cifar100
Files already downloaded and verified
Testing...
 -> Progress: 20 done!
 -> Progress: 40 done!
 -> Progress: 60 done!
 -> Progress: 80 done!
 -> Progress: 100 done!

Test loss: 4.3180 
Val accuracy: 1.25%
==> Preparing dataset cifar100
Files already downloaded and verified
==> Preparing dataset cifar100
Files already downloaded and verified
    Total params: 14.76M

Epoch: [1 | 90] LR: 0.050000
Training...
 -> Progress: 20 done!
 -> Progress: 40 done!
 -> Progress: 60 done!
 -> Progress: 80 done!
 -> Progress: 100 done!
Testing...
 -> Progress: 20 done!
 -> Progress: 40 done!
 -> Progress: 60 done!
 -> Progress: 80 done!
 -> Progress: 100 done!

Keys:  ['time', 'acc1', 'acc5', 'ce_loss']
Training:  [0.0073431034543815325, 3.4933908124018855, 15.327913411241342, 4.097778753209033]
Testing:  [0.005564432144165039, 5.92, 24.68, 3.8475169722239175]
Best Acc:  5.92

Epoch: [2 | 90] LR: 0.050000
Training...
 -> Progress: 20 done!
 -> Progress: 40 done!
 -> Progress: 60 done!
 -> Progress: 80 done!
 -> Progress: 100 done!
Testing...
 -> Progress: 20 done!
 -> Progress: 40 done!
 -> Progress: 60 done!
 -> Progress: 80 done!
 -> Progress: 100 done!

Keys:  ['time', 'acc1', 'acc5', 'ce_loss']
Training:  [0.007328301973310347, 6.547430640601461, 27.20888266709884, 3.752577174645642]
Testing:  [0.005392233530680339, 8.666666666666666, 31.466666666666665, 3.6227188523610434]
Best Acc:  8.666666666666666

Epoch: [3 | 90] LR: 0.050000
Training...
 -> Progress: 20 done!
 -> Progress: 40 done!
 -> Progress: 60 done!
 -> Progress: 80 done!
 -> Progress: 100 done!
Testing...
 -> Progress: 20 done!
 -> Progress: 40 done!
 -> Progress: 60 done!
 -> Progress: 80 done!
 -> Progress: 100 done!

Keys:  ['time', 'acc1', 'acc5', 'ce_loss']
Training:  [0.007336196639025171, 10.661658456301119, 35.75489581892515, 3.521596517172283]
Testing:  [0.005097401936848958, 13.586666666666666, 40.52, 3.3881687418619792]
Best Acc:  13.586666666666666

Epoch: [4 | 90] LR: 0.050000
Training...
 -> Progress: 20 done!
 -> Progress: 40 done!
 -> Progress: 60 done!
 -> Progress: 80 done!
 -> Progress: 100 done!
Testing...
 -> Progress: 20 done!
 -> Progress: 40 done!
 -> Progress: 60 done!
 -> Progress: 80 done!
 -> Progress: 100 done!

Keys:  ['time', 'acc1', 'acc5', 'ce_loss']
Training:  [0.007306703528446549, 13.376379637994864, 40.54148203358309, 3.388867329411946]
Testing:  [0.005286369323730469, 13.626666666666667, 43.0, 3.313270435333252]
Best Acc:  13.626666666666667

Epoch: [5 | 90] LR: 0.050000
Training...
 -> Progress: 20 done!
 -> Progress: 40 done!
 -> Progress: 60 done!
 -> Progress: 80 done!
 -> Progress: 100 done!
Testing...
 -> Progress: 20 done!
 -> Progress: 40 done!
 -> Progress: 60 done!
 -> Progress: 80 done!
 -> Progress: 100 done!

Keys:  ['time', 'acc1', 'acc5', 'ce_loss']
Training:  [0.0073746438726223365, 16.39403625071659, 45.88327782796918, 3.2301070218200163]
Testing:  [0.005429449081420898, 18.986666666666668, 49.413333333333334, 3.100704558690389]
Best Acc:  18.986666666666668

Epoch: [6 | 90] LR: 0.050000
Training...
 -> Progress: 20 done!
 -> Progress: 40 done!
 -> Progress: 60 done!
 -> Progress: 80 done!
 -> Progress: 100 done!
Testing...
 -> Progress: 20 done!
 -> Progress: 40 done!
 -> Progress: 60 done!
 -> Progress: 80 done!
 -> Progress: 100 done!

Keys:  ['time', 'acc1', 'acc5', 'ce_loss']
Training:  [0.007456329495426738, 18.63775390651039, 49.67263706715034, 3.113424406116733]
Testing:  [0.0052934519449869795, 21.573333333333334, 53.4, 2.9833051935831705]
Best Acc:  21.573333333333334

Epoch: [7 | 90] LR: 0.050000
Training...
 -> Progress: 20 done!
 -> Progress: 40 done!
 -> Progress: 60 done!
 -> Progress: 80 done!
 -> Progress: 100 done!
Testing...
 -> Progress: 20 done!
 -> Progress: 40 done!
 -> Progress: 60 done!
 -> Progress: 80 done!
 -> Progress: 100 done!

Keys:  ['time', 'acc1', 'acc5', 'ce_loss']
Training:  [0.007316411965536176, 21.440465705793464, 53.49665928863421, 2.9830502088566284]
Testing:  [0.005703423817952474, 23.573333333333334, 54.44, 2.944324420293172]
Best Acc:  23.573333333333334

Epoch: [8 | 90] LR: 0.050000
Training...
 -> Progress: 20 done!
 -> Progress: 40 done!
 -> Progress: 60 done!
 -> Progress: 80 done!
 -> Progress: 100 done!
Testing...
 -> Progress: 20 done!
 -> Progress: 40 done!
 -> Progress: 60 done!
 -> Progress: 80 done!
 -> Progress: 100 done!

Keys:  ['time', 'acc1', 'acc5', 'ce_loss']
Training:  [0.0073655595551578665, 24.589377133105803, 57.16508519039219, 2.8598663920835423]
Testing:  [0.005487203598022461, 26.346666666666668, 58.946666666666665, 2.783858060836792]
Best Acc:  26.346666666666668

Epoch: [9 | 90] LR: 0.050000
Training...
 -> Progress: 20 done!
 -> Progress: 40 done!
 -> Progress: 60 done!
 -> Progress: 80 done!
 -> Progress: 100 done!
Testing...
 -> Progress: 20 done!
 -> Progress: 40 done!
 -> Progress: 60 done!
 -> Progress: 80 done!
 -> Progress: 100 done!

Keys:  ['time', 'acc1', 'acc5', 'ce_loss']
Training:  [0.007348980919899794, 26.633374158839725, 59.50247028337811, 2.7565291888071]
Testing:  [0.005069551467895508, 29.84, 63.0, 2.622986129124959]
Best Acc:  29.84

Epoch: [10 | 90] LR: 0.050000
Training...
 -> Progress: 20 done!
 -> Progress: 40 done!
 -> Progress: 60 done!
 -> Progress: 80 done!
 -> Progress: 100 done!
Testing...
 -> Progress: 20 done!
 -> Progress: 40 done!
 -> Progress: 60 done!
 -> Progress: 80 done!
 -> Progress: 100 done!

Keys:  ['time', 'acc1', 'acc5', 'ce_loss']
Training:  [0.007244626816629143, 29.20789524638205, 62.256327059488655, 2.6578266164955426]
Testing:  [0.005286016464233398, 31.506666666666668, 65.09333333333333, 2.5499561754862468]
Best Acc:  31.506666666666668

Epoch: [11 | 90] LR: 0.050000
Training...
 -> Progress: 20 done!
 -> Progress: 40 done!
 -> Progress: 60 done!
 -> Progress: 80 done!
 -> Progress: 100 done!
Testing...
 -> Progress: 20 done!
 -> Progress: 40 done!
 -> Progress: 60 done!
 -> Progress: 80 done!
 -> Progress: 100 done!

Keys:  ['time', 'acc1', 'acc5', 'ce_loss']
Training:  [0.0073856575090323695, 31.50691883230372, 64.64583561607596, 2.5628642930105685]
Testing:  [0.005452588399251302, 32.306666666666665, 64.52, 2.5681924565633136]
Best Acc:  32.306666666666665

Epoch: [12 | 90] LR: 0.050000
Training...
 -> Progress: 20 done!
 -> Progress: 40 done!
 -> Progress: 60 done!
 -> Progress: 80 done!
 -> Progress: 100 done!
Testing...
 -> Progress: 20 done!
 -> Progress: 40 done!
 -> Progress: 60 done!
 -> Progress: 80 done!
 -> Progress: 100 done!

Keys:  ['time', 'acc1', 'acc5', 'ce_loss']
Training:  [0.00735348157915239, 33.00035092610955, 66.99758476283363, 2.479458873996149]
Testing:  [0.005351813634236654, 34.49333333333333, 68.2, 2.4003254636128744]
Best Acc:  34.49333333333333

Epoch: [13 | 90] LR: 0.050000
Training...
 -> Progress: 20 done!
 -> Progress: 40 done!
 -> Progress: 60 done!
 -> Progress: 80 done!
 -> Progress: 100 done!
Testing...
 -> Progress: 20 done!
 -> Progress: 40 done!
 -> Progress: 60 done!
 -> Progress: 80 done!
 -> Progress: 100 done!

Keys:  ['time', 'acc1', 'acc5', 'ce_loss']
Training:  [0.007262282810927251, 35.75566992906173, 69.08622220921436, 2.374784369110654]
Testing:  [0.005447473526000977, 34.70666666666666, 68.46666666666667, 2.4078898843129477]
Best Acc:  34.70666666666666

Epoch: [14 | 90] LR: 0.050000
Training...
 -> Progress: 20 done!
 -> Progress: 40 done!
 -> Progress: 60 done!
 -> Progress: 80 done!
 -> Progress: 100 done!
Testing...
 -> Progress: 20 done!
 -> Progress: 40 done!
 -> Progress: 60 done!
 -> Progress: 80 done!
 -> Progress: 100 done!

Keys:  ['time', 'acc1', 'acc5', 'ce_loss']
Training:  [0.007320303152038783, 37.86649853703105, 71.36520492501633, 2.2839609233999414]
Testing:  [0.005150267283121745, 37.86666666666667, 70.24, 2.322527453104655]
Best Acc:  37.86666666666667

Epoch: [15 | 90] LR: 0.050000
Training...
 -> Progress: 20 done!
 -> Progress: 40 done!
 -> Progress: 60 done!
 -> Progress: 80 done!
 -> Progress: 100 done!
Testing...
 -> Progress: 20 done!
 -> Progress: 40 done!
 -> Progress: 60 done!
 -> Progress: 80 done!
 -> Progress: 100 done!

Keys:  ['time', 'acc1', 'acc5', 'ce_loss']
Training:  [0.007355233508165379, 40.067124024999835, 72.90955631399318, 2.2073193312505]
Testing:  [0.005286022822062175, 40.586666666666666, 73.08, 2.192990460395813]
Best Acc:  40.586666666666666

Epoch: [16 | 90] LR: 0.050000
Training...
 -> Progress: 20 done!
 -> Progress: 40 done!
 -> Progress: 60 done!
 -> Progress: 80 done!
 -> Progress: 100 done!
Testing...
 -> Progress: 20 done!
 -> Progress: 40 done!
 -> Progress: 60 done!
 -> Progress: 80 done!
 -> Progress: 100 done!

Keys:  ['time', 'acc1', 'acc5', 'ce_loss']
Training:  [0.007213268670612635, 40.64082626759396, 73.88622632856662, 2.1594701683968816]
Testing:  [0.005341297785441081, 39.25333333333333, 72.68, 2.235053776105245]
Best Acc:  40.586666666666666

Epoch: [17 | 90] LR: 0.050000
Training...
 -> Progress: 20 done!
 -> Progress: 40 done!
 -> Progress: 60 done!
 -> Progress: 80 done!
 -> Progress: 100 done!
Testing...
 -> Progress: 20 done!
 -> Progress: 40 done!
 -> Progress: 60 done!
 -> Progress: 80 done!
 -> Progress: 100 done!

Keys:  ['time', 'acc1', 'acc5', 'ce_loss']
Training:  [0.007350486293180811, 42.71183116769628, 75.54179166201439, 2.0821150638951376]
Testing:  [0.005492642720540364, 43.586666666666666, 75.36, 2.0850671402613323]
Best Acc:  43.586666666666666

Epoch: [18 | 90] LR: 0.050000
Training...
 -> Progress: 20 done!
 -> Progress: 40 done!
 -> Progress: 60 done!
 -> Progress: 80 done!
 -> Progress: 100 done!
Testing...
 -> Progress: 20 done!
 -> Progress: 40 done!
 -> Progress: 60 done!
 -> Progress: 80 done!
 -> Progress: 100 done!

Keys:  ['time', 'acc1', 'acc5', 'ce_loss']
Training:  [0.0074011840104243045, 44.34924790314033, 76.70089383174128, 2.020151429615737]
Testing:  [0.005375811258951823, 42.96, 74.89333333333333, 2.110342597961426]
Best Acc:  43.586666666666666

Epoch: [19 | 90] LR: 0.050000
Training...
 -> Progress: 20 done!
 -> Progress: 40 done!
 -> Progress: 60 done!
 -> Progress: 80 done!
 -> Progress: 100 done!
Testing...
 -> Progress: 20 done!
 -> Progress: 40 done!
 -> Progress: 60 done!
 -> Progress: 80 done!
 -> Progress: 100 done!

Keys:  ['time', 'acc1', 'acc5', 'ce_loss']
Training:  [0.007375003534779207, 45.75537748629729, 77.88829407675681, 1.9685234502720752]
Testing:  [0.005342365900675456, 45.89333333333333, 77.82666666666667, 1.9874370749791463]
Best Acc:  45.89333333333333

Epoch: [20 | 90] LR: 0.050000
Training...
 -> Progress: 20 done!
 -> Progress: 40 done!
 -> Progress: 60 done!
 -> Progress: 80 done!
 -> Progress: 100 done!
Testing...
 -> Progress: 20 done!
 -> Progress: 40 done!
 -> Progress: 60 done!
 -> Progress: 80 done!
 -> Progress: 100 done!

Keys:  ['time', 'acc1', 'acc5', 'ce_loss']
Training:  [0.007354682622916056, 46.645605119828886, 78.92319444259279, 1.923833515456919]
Testing:  [0.005221048990885417, 44.96, 76.58666666666667, 2.0069730138778685]
Best Acc:  45.89333333333333

Epoch: [21 | 90] LR: 0.050000
Training...
 -> Progress: 20 done!
 -> Progress: 40 done!
 -> Progress: 60 done!
 -> Progress: 80 done!
 -> Progress: 100 done!
Testing...
 -> Progress: 20 done!
 -> Progress: 40 done!
 -> Progress: 60 done!
 -> Progress: 80 done!
 -> Progress: 100 done!

Keys:  ['time', 'acc1', 'acc5', 'ce_loss']
Training:  [0.007327856871048338, 47.94396125090407, 79.43978449590377, 1.8787609123125826]
Testing:  [0.005287456512451172, 46.0, 77.72, 1.9574631865819294]
Best Acc:  46.0

Epoch: [22 | 90] LR: 0.050000
Training...
 -> Progress: 20 done!
 -> Progress: 40 done!
 -> Progress: 60 done!
 -> Progress: 80 done!
 -> Progress: 100 done!
Testing...
 -> Progress: 20 done!
 -> Progress: 40 done!
 -> Progress: 60 done!
 -> Progress: 80 done!
 -> Progress: 100 done!

Keys:  ['time', 'acc1', 'acc5', 'ce_loss']
Training:  [0.007205950115321032, 48.90368683590417, 80.30403639757593, 1.8369804519028388]
Testing:  [0.005186227162679037, 48.6, 79.30666666666667, 1.858779788017273]
Best Acc:  48.6

Epoch: [23 | 90] LR: 0.050000
Training...
 -> Progress: 20 done!
 -> Progress: 40 done!
 -> Progress: 60 done!
 -> Progress: 80 done!
 -> Progress: 100 done!
Testing...
 -> Progress: 20 done!
 -> Progress: 40 done!
 -> Progress: 60 done!
 -> Progress: 80 done!
 -> Progress: 100 done!

Keys:  ['time', 'acc1', 'acc5', 'ce_loss']
Training:  [0.007400334491664639, 49.716589371092084, 80.98594215054561, 1.8065691063428495]
Testing:  [0.005374768575032552, 48.56, 79.0, 1.889477063814799]
Best Acc:  48.6

Epoch: [24 | 90] LR: 0.050000
Training...
 -> Progress: 20 done!
 -> Progress: 40 done!
 -> Progress: 60 done!
 -> Progress: 80 done!
 -> Progress: 100 done!
Testing...
 -> Progress: 20 done!
 -> Progress: 40 done!
 -> Progress: 60 done!
 -> Progress: 80 done!
 -> Progress: 100 done!

Keys:  ['time', 'acc1', 'acc5', 'ce_loss']
Training:  [0.007273411181192756, 50.77153060704775, 81.73347530430087, 1.762493909422448]
Testing:  [0.0053116099039713545, 47.36, 78.30666666666667, 1.929009420077006]
Best Acc:  48.6

Epoch: [25 | 90] LR: 0.050000
Training...
 -> Progress: 20 done!
 -> Progress: 40 done!
 -> Progress: 60 done!
 -> Progress: 80 done!
 -> Progress: 100 done!
Testing...
 -> Progress: 20 done!
 -> Progress: 40 done!
 -> Progress: 60 done!
 -> Progress: 80 done!
 -> Progress: 100 done!

Keys:  ['time', 'acc1', 'acc5', 'ce_loss']
Training:  [0.007322055894767058, 51.90938772520514, 82.55205465583671, 1.7231431096893934]
Testing:  [0.00539997418721517, 48.28, 78.42666666666666, 1.9049366887410482]
Best Acc:  48.6

Epoch: [26 | 90] LR: 0.050000
Training...
 -> Progress: 20 done!
 -> Progress: 40 done!
 -> Progress: 60 done!
 -> Progress: 80 done!
 -> Progress: 100 done!
Testing...
 -> Progress: 20 done!
 -> Progress: 40 done!
 -> Progress: 60 done!
 -> Progress: 80 done!
 -> Progress: 100 done!

Keys:  ['time', 'acc1', 'acc5', 'ce_loss']
Training:  [0.007358529055077875, 52.55146978332728, 82.80974761129646, 1.6938451296640338]
Testing:  [0.005588499704996744, 47.57333333333333, 77.89333333333333, 1.9546126445134482]
Best Acc:  48.6

Epoch: [27 | 90] LR: 0.050000
Training...
 -> Progress: 20 done!
 -> Progress: 40 done!
 -> Progress: 60 done!
 -> Progress: 80 done!
 -> Progress: 100 done!
Testing...
 -> Progress: 20 done!
 -> Progress: 40 done!
 -> Progress: 60 done!
 -> Progress: 80 done!
 -> Progress: 100 done!

Keys:  ['time', 'acc1', 'acc5', 'ce_loss']
Training:  [0.00731488462194241, 52.83169795221843, 83.13298193505193, 1.6904091297969883]
Testing:  [0.005241177876790365, 51.053333333333335, 81.36, 1.7783813937505086]
Best Acc:  51.053333333333335

Epoch: [28 | 90] LR: 0.050000
Training...
 -> Progress: 20 done!
 -> Progress: 40 done!
 -> Progress: 60 done!
 -> Progress: 80 done!
 -> Progress: 100 done!
Testing...
 -> Progress: 20 done!
 -> Progress: 40 done!
 -> Progress: 60 done!
 -> Progress: 80 done!
 -> Progress: 100 done!

Keys:  ['time', 'acc1', 'acc5', 'ce_loss']
Training:  [0.007314476136868317, 54.28788671395885, 83.77110743604015, 1.6432836214430095]
Testing:  [0.005273882548014323, 50.0, 79.89333333333333, 1.844829117457072]
Best Acc:  51.053333333333335

Epoch: [29 | 90] LR: 0.050000
Training...
 -> Progress: 20 done!
 -> Progress: 40 done!
 -> Progress: 60 done!
 -> Progress: 80 done!
 -> Progress: 100 done!
Testing...
 -> Progress: 20 done!
 -> Progress: 40 done!
 -> Progress: 60 done!
 -> Progress: 80 done!
 -> Progress: 100 done!

Keys:  ['time', 'acc1', 'acc5', 'ce_loss']
Training:  [0.007312831618273218, 54.7735983422185, 84.26628042487968, 1.6104852738233963]
Testing:  [0.005442495346069336, 50.76, 80.44, 1.806140111287435]
Best Acc:  51.053333333333335

Epoch: [30 | 90] LR: 0.050000
Training...
 -> Progress: 20 done!
 -> Progress: 40 done!
 -> Progress: 60 done!
 -> Progress: 80 done!
 -> Progress: 100 done!
Testing...
 -> Progress: 20 done!
 -> Progress: 40 done!
 -> Progress: 60 done!
 -> Progress: 80 done!
 -> Progress: 100 done!

Keys:  ['time', 'acc1', 'acc5', 'ce_loss']
Training:  [0.007316359887757806, 55.17063126547752, 84.61067379375366, 1.591411052710367]
Testing:  [0.005252294540405274, 50.48, 80.74666666666667, 1.816162044207255]
Best Acc:  51.053333333333335

Epoch: [31 | 90] LR: 0.050000
Training...
 -> Progress: 20 done!
 -> Progress: 40 done!
 -> Progress: 60 done!
 -> Progress: 80 done!
 -> Progress: 100 done!
Testing...
 -> Progress: 20 done!
 -> Progress: 40 done!
 -> Progress: 60 done!
 -> Progress: 80 done!
 -> Progress: 100 done!

Keys:  ['time', 'acc1', 'acc5', 'ce_loss']
Training:  [0.007366620639892162, 55.31169147947136, 85.01269541665556, 1.5773244331314296]
Testing:  [0.005365476608276367, 51.81333333333333, 80.57333333333334, 1.8043717368443808]
Best Acc:  51.81333333333333

Epoch: [32 | 90] LR: 0.050000
Training...
 -> Progress: 20 done!
 -> Progress: 40 done!
 -> Progress: 60 done!
 -> Progress: 80 done!
 -> Progress: 100 done!
Testing...
 -> Progress: 20 done!
 -> Progress: 40 done!
 -> Progress: 60 done!
 -> Progress: 80 done!
 -> Progress: 100 done!

Keys:  ['time', 'acc1', 'acc5', 'ce_loss']
Training:  [0.007324235838021028, 56.413251401621324, 85.28552652300421, 1.5563097463939783]
Testing:  [0.005385910669962565, 51.42666666666667, 81.30666666666667, 1.796930012702942]
Best Acc:  51.81333333333333

Epoch: [33 | 90] LR: 0.050000
Training...
 -> Progress: 20 done!
 -> Progress: 40 done!
 -> Progress: 60 done!
 -> Progress: 80 done!
 -> Progress: 100 done!
Testing...
 -> Progress: 20 done!
 -> Progress: 40 done!
 -> Progress: 60 done!
 -> Progress: 80 done!
 -> Progress: 100 done!

Keys:  ['time', 'acc1', 'acc5', 'ce_loss']
Training:  [0.007331291563274917, 57.06625702112608, 85.83213488477895, 1.5291432618281133]
Testing:  [0.005620400110880534, 51.666666666666664, 81.13333333333334, 1.7750805219014485]
Best Acc:  51.81333333333333

Epoch: [34 | 90] LR: 0.050000
Training...
 -> Progress: 20 done!
 -> Progress: 40 done!
 -> Progress: 60 done!
 -> Progress: 80 done!
 -> Progress: 100 done!
Testing...
 -> Progress: 20 done!
 -> Progress: 40 done!
 -> Progress: 60 done!
 -> Progress: 80 done!
 -> Progress: 100 done!

Keys:  ['time', 'acc1', 'acc5', 'ce_loss']
Training:  [0.007387686101242951, 57.10152207462454, 85.74964907389045, 1.5273047705966052]
Testing:  [0.005125754674275716, 52.16, 80.2, 1.8231083726882935]
Best Acc:  52.16

Epoch: [35 | 90] LR: 0.050000
Training...
 -> Progress: 20 done!
 -> Progress: 40 done!
 -> Progress: 60 done!
 -> Progress: 80 done!
 -> Progress: 100 done!
Testing...
 -> Progress: 20 done!
 -> Progress: 40 done!
 -> Progress: 60 done!
 -> Progress: 80 done!
 -> Progress: 100 done!

Keys:  ['time', 'acc1', 'acc5', 'ce_loss']
Training:  [0.007218409723796128, 57.92070351037556, 86.23235026805474, 1.4993424798034565]
Testing:  [0.005439999898274739, 52.4, 81.36, 1.7635698127746582]
Best Acc:  52.4

Epoch: [36 | 90] LR: 0.050000
Training...
 -> Progress: 20 done!
 -> Progress: 40 done!
 -> Progress: 60 done!
 -> Progress: 80 done!
 -> Progress: 100 done!
Testing...
 -> Progress: 20 done!
 -> Progress: 40 done!
 -> Progress: 60 done!
 -> Progress: 80 done!
 -> Progress: 100 done!

Keys:  ['time', 'acc1', 'acc5', 'ce_loss']
Training:  [0.007362329919183621, 57.896534044181124, 86.21566387085377, 1.4944603532654432]
Testing:  [0.005674448013305664, 50.92, 79.98666666666666, 1.8558341725667318]
Best Acc:  52.4

Epoch: [37 | 90] LR: 0.050000
Training...
 -> Progress: 20 done!
 -> Progress: 40 done!
 -> Progress: 60 done!
 -> Progress: 80 done!
 -> Progress: 100 done!
Testing...
 -> Progress: 20 done!
 -> Progress: 40 done!
 -> Progress: 60 done!
 -> Progress: 80 done!
 -> Progress: 100 done!

Keys:  ['time', 'acc1', 'acc5', 'ce_loss']
Training:  [0.007358324812540829, 58.83174612416342, 86.93584512443672, 1.4581091904396084]
Testing:  [0.005622040430704752, 51.44, 80.85333333333334, 1.7849149656295777]
Best Acc:  52.4

Epoch: [38 | 90] LR: 0.050000
Training...
 -> Progress: 20 done!
 -> Progress: 40 done!
 -> Progress: 60 done!
 -> Progress: 80 done!
 -> Progress: 100 done!
Testing...
 -> Progress: 20 done!
 -> Progress: 40 done!
 -> Progress: 60 done!
 -> Progress: 80 done!
 -> Progress: 100 done!

Keys:  ['time', 'acc1', 'acc5', 'ce_loss']
Training:  [0.007312837314280227, 58.94141184836118, 86.67178727498234, 1.4622835773249943]
Testing:  [0.005347280502319336, 51.48, 80.58666666666667, 1.8411819887161256]
Best Acc:  52.4

Epoch: [39 | 90] LR: 0.050000
Training...
 -> Progress: 20 done!
 -> Progress: 40 done!
 -> Progress: 60 done!
 -> Progress: 80 done!
 -> Progress: 100 done!
Testing...
 -> Progress: 20 done!
 -> Progress: 40 done!
 -> Progress: 60 done!
 -> Progress: 80 done!
 -> Progress: 100 done!

Keys:  ['time', 'acc1', 'acc5', 'ce_loss']
Training:  [0.007348272987600072, 59.47718265520428, 86.96560538750866, 1.4319910901398383]
Testing:  [0.005408096313476563, 52.53333333333333, 80.77333333333333, 1.8164665651321412]
Best Acc:  52.53333333333333

Epoch: [40 | 90] LR: 0.050000
Training...
 -> Progress: 20 done!
 -> Progress: 40 done!
 -> Progress: 60 done!
 -> Progress: 80 done!
 -> Progress: 100 done!
Testing...
 -> Progress: 20 done!
 -> Progress: 40 done!
 -> Progress: 60 done!
 -> Progress: 80 done!
 -> Progress: 100 done!

Keys:  ['time', 'acc1', 'acc5', 'ce_loss']
Training:  [0.007303311963130183, 59.88040845955598, 87.47737876709817, 1.4221861435691652]
Testing:  [0.005334847768147786, 55.54666666666667, 83.05333333333333, 1.6683223978678385]
Best Acc:  55.54666666666667
New lr for parameter group: 0  ->  0.005000000000000001

Epoch: [41 | 90] LR: 0.005000
Training...
 -> Progress: 20 done!
 -> Progress: 40 done!
 -> Progress: 60 done!
 -> Progress: 80 done!
 -> Progress: 100 done!
Testing...
 -> Progress: 20 done!
 -> Progress: 40 done!
 -> Progress: 60 done!
 -> Progress: 80 done!
 -> Progress: 100 done!

Keys:  ['time', 'acc1', 'acc5', 'ce_loss']
Training:  [0.007230700079491521, 72.11764078498294, 93.47476055679061, 0.9436117575437135]
Testing:  [0.005342241923014323, 62.72, 87.61333333333333, 1.3793896905581156]
Best Acc:  62.72

Epoch: [42 | 90] LR: 0.005000
Training...
 -> Progress: 20 done!
 -> Progress: 40 done!
 -> Progress: 60 done!
 -> Progress: 80 done!
 -> Progress: 100 done!
Testing...
 -> Progress: 20 done!
 -> Progress: 40 done!
 -> Progress: 60 done!
 -> Progress: 80 done!
 -> Progress: 100 done!

Keys:  ['time', 'acc1', 'acc5', 'ce_loss']
Training:  [0.007330972586882399, 75.71510650843076, 94.90161908771398, 0.8008550312942205]
Testing:  [0.005533021291097005, 63.42666666666667, 87.82666666666667, 1.3547013958295187]
Best Acc:  63.42666666666667

Epoch: [43 | 90] LR: 0.005000
Training...
 -> Progress: 20 done!
 -> Progress: 40 done!
 -> Progress: 60 done!
 -> Progress: 80 done!
 -> Progress: 100 done!
Testing...
 -> Progress: 20 done!
 -> Progress: 40 done!
 -> Progress: 60 done!
 -> Progress: 80 done!
 -> Progress: 100 done!

Keys:  ['time', 'acc1', 'acc5', 'ce_loss']
Training:  [0.007273783049078932, 77.52514999962504, 95.44530304788323, 0.7400478911888071]
Testing:  [0.005280780792236328, 63.28, 87.94666666666667, 1.36674423456192]
Best Acc:  63.42666666666667

Epoch: [44 | 90] LR: 0.005000
Training...
 -> Progress: 20 done!
 -> Progress: 40 done!
 -> Progress: 60 done!
 -> Progress: 80 done!
 -> Progress: 100 done!
Testing...
 -> Progress: 20 done!
 -> Progress: 40 done!
 -> Progress: 60 done!
 -> Progress: 80 done!
 -> Progress: 100 done!

Keys:  ['time', 'acc1', 'acc5', 'ce_loss']
Training:  [0.007323654031590797, 78.3630821306144, 96.1095762806134, 0.6970364135076569]
Testing:  [0.005218699773152669, 63.52, 88.49333333333334, 1.3460669318834941]
Best Acc:  63.52

Epoch: [45 | 90] LR: 0.005000
Training...
 -> Progress: 20 done!
 -> Progress: 40 done!
 -> Progress: 60 done!
 -> Progress: 80 done!
 -> Progress: 100 done!
Testing...
 -> Progress: 20 done!
 -> Progress: 40 done!
 -> Progress: 60 done!
 -> Progress: 80 done!
 -> Progress: 100 done!

Keys:  ['time', 'acc1', 'acc5', 'ce_loss']
Training:  [0.007257433881531803, 79.8661476109215, 96.34662625569939, 0.6550570790474732]
Testing:  [0.005369033813476563, 64.37333333333333, 88.74666666666667, 1.3348259631792705]
Best Acc:  64.37333333333333

Epoch: [46 | 90] LR: 0.005000
Training...
 -> Progress: 20 done!
 -> Progress: 40 done!
 -> Progress: 60 done!
 -> Progress: 80 done!
 -> Progress: 100 done!
Testing...
 -> Progress: 20 done!
 -> Progress: 40 done!
 -> Progress: 60 done!
 -> Progress: 80 done!
 -> Progress: 100 done!

Keys:  ['time', 'acc1', 'acc5', 'ce_loss']
Training:  [0.007323078734882862, 80.76308420330999, 96.72258615331032, 0.6199362183390217]
Testing:  [0.005643758773803711, 64.81333333333333, 89.21333333333334, 1.334276365439097]
Best Acc:  64.81333333333333

Epoch: [47 | 90] LR: 0.005000
Training...
 -> Progress: 20 done!
 -> Progress: 40 done!
 -> Progress: 60 done!
 -> Progress: 80 done!
 -> Progress: 100 done!
Testing...
 -> Progress: 20 done!
 -> Progress: 40 done!
 -> Progress: 60 done!
 -> Progress: 80 done!
 -> Progress: 100 done!

Keys:  ['time', 'acc1', 'acc5', 'ce_loss']
Training:  [0.007280049470504396, 81.55216131112681, 96.9762365191463, 0.5962373537008266]
Testing:  [0.005282274881998698, 64.57333333333334, 88.65333333333334, 1.3560864822069805]
Best Acc:  64.81333333333333

Epoch: [48 | 90] LR: 0.005000
Training...
 -> Progress: 20 done!
 -> Progress: 40 done!
 -> Progress: 60 done!
 -> Progress: 80 done!
 -> Progress: 100 done!
Testing...
 -> Progress: 20 done!
 -> Progress: 40 done!
 -> Progress: 60 done!
 -> Progress: 80 done!
 -> Progress: 100 done!

Keys:  ['time', 'acc1', 'acc5', 'ce_loss']
Training:  [0.007326519936831738, 82.3251541450162, 97.26919451508506, 0.5653423354690799]
Testing:  [0.005729986826578776, 64.66666666666667, 88.93333333333334, 1.3761021439234415]
Best Acc:  64.81333333333333

Epoch: [49 | 90] LR: 0.005000
Training...
 -> Progress: 20 done!
 -> Progress: 40 done!
 -> Progress: 60 done!
 -> Progress: 80 done!
 -> Progress: 100 done!
Testing...
 -> Progress: 20 done!
 -> Progress: 40 done!
 -> Progress: 60 done!
 -> Progress: 80 done!
 -> Progress: 100 done!

Keys:  ['time', 'acc1', 'acc5', 'ce_loss']
Training:  [0.007352457111606012, 83.07191318863488, 97.55449741610894, 0.5316282272745725]
Testing:  [0.005274836222330729, 65.13333333333334, 89.0, 1.3733713793754578]
Best Acc:  65.13333333333334

Epoch: [50 | 90] LR: 0.005000
Training...
 -> Progress: 20 done!
 -> Progress: 40 done!
 -> Progress: 60 done!
 -> Progress: 80 done!
 -> Progress: 100 done!
Testing...
 -> Progress: 20 done!
 -> Progress: 40 done!
 -> Progress: 60 done!
 -> Progress: 80 done!
 -> Progress: 100 done!

Keys:  ['time', 'acc1', 'acc5', 'ce_loss']
Training:  [0.0073118307484701635, 83.94915294972702, 97.77589314952239, 0.507427924118758]
Testing:  [0.005306212107340494, 65.22666666666667, 88.49333333333334, 1.4094496806462606]
Best Acc:  65.22666666666667

Epoch: [51 | 90] LR: 0.005000
Training...
 -> Progress: 20 done!
 -> Progress: 40 done!
 -> Progress: 60 done!
 -> Progress: 80 done!
 -> Progress: 100 done!
Testing...
 -> Progress: 20 done!
 -> Progress: 40 done!
 -> Progress: 60 done!
 -> Progress: 80 done!
 -> Progress: 100 done!

Keys:  ['time', 'acc1', 'acc5', 'ce_loss']
Training:  [0.007369413310757269, 84.43718690839644, 97.99462250068326, 0.4907280918681174]
Testing:  [0.005379838943481445, 64.84, 88.98666666666666, 1.4216064174969991]
Best Acc:  65.22666666666667

Epoch: [52 | 90] LR: 0.005000
Training...
 -> Progress: 20 done!
 -> Progress: 40 done!
 -> Progress: 60 done!
 -> Progress: 80 done!
 -> Progress: 100 done!
Testing...
 -> Progress: 20 done!
 -> Progress: 40 done!
 -> Progress: 60 done!
 -> Progress: 80 done!
 -> Progress: 100 done!

Keys:  ['time', 'acc1', 'acc5', 'ce_loss']
Training:  [0.007343306069488005, 85.12236114085331, 98.13585475361795, 0.4655209292527352]
Testing:  [0.005303398768107096, 65.4, 88.81333333333333, 1.435917935371399]
Best Acc:  65.4

Epoch: [53 | 90] LR: 0.005000
Training...
 -> Progress: 20 done!
 -> Progress: 40 done!
 -> Progress: 60 done!
 -> Progress: 80 done!
 -> Progress: 100 done!
Testing...
 -> Progress: 20 done!
 -> Progress: 40 done!
 -> Progress: 60 done!
 -> Progress: 80 done!
 -> Progress: 100 done!

Keys:  ['time', 'acc1', 'acc5', 'ce_loss']
Training:  [0.007365950952210931, 85.89879444109295, 98.22943617784937, 0.44798348177821967]
Testing:  [0.005245577494303385, 64.86666666666666, 88.86666666666666, 1.434832313855489]
Best Acc:  65.4

Epoch: [54 | 90] LR: 0.005000
Training...
 -> Progress: 20 done!
 -> Progress: 40 done!
 -> Progress: 60 done!
 -> Progress: 80 done!
 -> Progress: 100 done!
Testing...
 -> Progress: 20 done!
 -> Progress: 40 done!
 -> Progress: 60 done!
 -> Progress: 80 done!
 -> Progress: 100 done!

Keys:  ['time', 'acc1', 'acc5', 'ce_loss']
Training:  [0.007286059571614444, 86.57338915099056, 98.49598839665435, 0.4206932006028732]
Testing:  [0.0052883116404215495, 64.97333333333333, 89.08, 1.4836692992846172]
Best Acc:  65.4

Epoch: [55 | 90] LR: 0.005000
Training...
 -> Progress: 20 done!
 -> Progress: 40 done!
 -> Progress: 60 done!
 -> Progress: 80 done!
 -> Progress: 100 done!
Testing...
 -> Progress: 20 done!
 -> Progress: 40 done!
 -> Progress: 60 done!
 -> Progress: 80 done!
 -> Progress: 100 done!

Keys:  ['time', 'acc1', 'acc5', 'ce_loss']
Training:  [0.007334683128591283, 87.3202342270991, 98.60797645126186, 0.39846872449328063]
Testing:  [0.0053828716278076175, 65.17333333333333, 88.62666666666667, 1.5084650715192158]
Best Acc:  65.4

Epoch: [56 | 90] LR: 0.005000
Training...
 -> Progress: 20 done!
 -> Progress: 40 done!
 -> Progress: 60 done!
 -> Progress: 80 done!
 -> Progress: 100 done!
Testing...
 -> Progress: 20 done!
 -> Progress: 40 done!
 -> Progress: 60 done!
 -> Progress: 80 done!
 -> Progress: 100 done!

Keys:  ['time', 'acc1', 'acc5', 'ce_loss']
Training:  [0.007125199451381436, 87.6743470019448, 98.79195682668849, 0.37985712238952973]
Testing:  [0.00489723523457845, 65.14666666666666, 88.73333333333333, 1.516060751279195]
Best Acc:  65.4

Epoch: [57 | 90] LR: 0.005000
Training...
 -> Progress: 20 done!
 -> Progress: 40 done!
 -> Progress: 60 done!
 -> Progress: 80 done!
 -> Progress: 100 done!
Testing...
 -> Progress: 20 done!
 -> Progress: 40 done!
 -> Progress: 60 done!
 -> Progress: 80 done!
 -> Progress: 100 done!

Keys:  ['time', 'acc1', 'acc5', 'ce_loss']
Training:  [0.00705915831868559, 88.47692805996527, 98.94402662153537, 0.3597684368338601]
Testing:  [0.005000184377034506, 65.08, 88.76, 1.5682989851633709]
Best Acc:  65.4

Epoch: [58 | 90] LR: 0.005000
Training...
 -> Progress: 20 done!
 -> Progress: 40 done!
 -> Progress: 60 done!
 -> Progress: 80 done!
 -> Progress: 100 done!
Testing...
 -> Progress: 20 done!
 -> Progress: 40 done!
 -> Progress: 60 done!
 -> Progress: 80 done!
 -> Progress: 100 done!

Keys:  ['time', 'acc1', 'acc5', 'ce_loss']
Training:  [0.007048438433494177, 88.84772720597303, 98.99451584539315, 0.34421026132009136]
Testing:  [0.005252685546875, 65.33333333333333, 88.74666666666667, 1.550927964846293]
Best Acc:  65.4

Epoch: [59 | 90] LR: 0.005000
Training...
 -> Progress: 20 done!
 -> Progress: 40 done!
 -> Progress: 60 done!
 -> Progress: 80 done!
 -> Progress: 100 done!
Testing...
 -> Progress: 20 done!
 -> Progress: 40 done!
 -> Progress: 60 done!
 -> Progress: 80 done!
 -> Progress: 100 done!

Keys:  ['time', 'acc1', 'acc5', 'ce_loss']
Training:  [0.007018772815274704, 89.58631508993207, 99.07966806457311, 0.3198783182040009]
Testing:  [0.005194746653238933, 64.58666666666667, 88.78666666666666, 1.6107658950487773]
Best Acc:  65.4

Epoch: [60 | 90] LR: 0.005000
Training...
 -> Progress: 20 done!
 -> Progress: 40 done!
 -> Progress: 60 done!
 -> Progress: 80 done!
 -> Progress: 100 done!
Testing...
 -> Progress: 20 done!
 -> Progress: 40 done!
 -> Progress: 60 done!
 -> Progress: 80 done!
 -> Progress: 100 done!

Keys:  ['time', 'acc1', 'acc5', 'ce_loss']
Training:  [0.007003079502248927, 90.17352128272984, 99.18933378877087, 0.30592566357334317]
Testing:  [0.0053784561157226565, 65.09333333333333, 88.62666666666667, 1.629385059674581]
Best Acc:  65.4

Epoch: [61 | 90] LR: 0.005000
Training...
 -> Progress: 20 done!
 -> Progress: 40 done!
 -> Progress: 60 done!
 -> Progress: 80 done!
 -> Progress: 100 done!
Testing...
 -> Progress: 20 done!
 -> Progress: 40 done!
 -> Progress: 60 done!
 -> Progress: 80 done!
 -> Progress: 100 done!

Keys:  ['time', 'acc1', 'acc5', 'ce_loss']
Training:  [0.006923134416443496, 90.4323323741301, 99.24541382252559, 0.2975460942898187]
Testing:  [0.00501490592956543, 65.2, 88.70666666666666, 1.6471630056699118]
Best Acc:  65.4

Epoch: [62 | 90] LR: 0.005000
Training...
 -> Progress: 20 done!
 -> Progress: 40 done!
 -> Progress: 60 done!
 -> Progress: 80 done!
 -> Progress: 100 done!
Testing...
 -> Progress: 20 done!
 -> Progress: 40 done!
 -> Progress: 60 done!
 -> Progress: 80 done!
 -> Progress: 100 done!

Keys:  ['time', 'acc1', 'acc5', 'ce_loss']
Training:  [0.00708253798631271, 90.75505065917969, 99.30674061433447, 0.28071168690614734]
Testing:  [0.004946107864379883, 64.81333333333333, 88.77333333333333, 1.6465427859624227]
Best Acc:  65.4

Epoch: [63 | 90] LR: 0.005000
Training...
 -> Progress: 20 done!
 -> Progress: 40 done!
 -> Progress: 60 done!
 -> Progress: 80 done!
 -> Progress: 100 done!
Testing...
 -> Progress: 20 done!
 -> Progress: 40 done!
 -> Progress: 60 done!
 -> Progress: 80 done!
 -> Progress: 100 done!

Keys:  ['time', 'acc1', 'acc5', 'ce_loss']
Training:  [0.007070792006144345, 91.25340609501653, 99.41597628023844, 0.26710489936452675]
Testing:  [0.004956232706705729, 65.02666666666667, 88.58666666666667, 1.6791125281651815]
Best Acc:  65.4

Epoch: [64 | 90] LR: 0.005000
Training...
 -> Progress: 20 done!
 -> Progress: 40 done!
 -> Progress: 60 done!
 -> Progress: 80 done!
 -> Progress: 100 done!
Testing...
 -> Progress: 20 done!
 -> Progress: 40 done!
 -> Progress: 60 done!
 -> Progress: 80 done!
 -> Progress: 100 done!

Keys:  ['time', 'acc1', 'acc5', 'ce_loss']
Training:  [0.007108017039380383, 91.80766955170616, 99.5065472703745, 0.24778854925783014]
Testing:  [0.005215301513671875, 64.56, 88.50666666666666, 1.6994948307673137]
Best Acc:  65.4

Epoch: [65 | 90] LR: 0.005000
Training...
 -> Progress: 20 done!
 -> Progress: 40 done!
 -> Progress: 60 done!
 -> Progress: 80 done!
 -> Progress: 100 done!
Testing...
 -> Progress: 20 done!
 -> Progress: 40 done!
 -> Progress: 60 done!
 -> Progress: 80 done!
 -> Progress: 100 done!

Keys:  ['time', 'acc1', 'acc5', 'ce_loss']
Training:  [0.007005556451582665, 92.0661365912636, 99.53321109290009, 0.2454285432454262]
Testing:  [0.005214792887369792, 64.8, 88.6, 1.744452689488729]
Best Acc:  65.4

Epoch: [66 | 90] LR: 0.005000
Training...
 -> Progress: 20 done!
 -> Progress: 40 done!
 -> Progress: 60 done!
 -> Progress: 80 done!
 -> Progress: 100 done!
Testing...
 -> Progress: 20 done!
 -> Progress: 40 done!
 -> Progress: 60 done!
 -> Progress: 80 done!
 -> Progress: 100 done!

Keys:  ['time', 'acc1', 'acc5', 'ce_loss']
Training:  [0.007011013226297528, 92.28503798136532, 99.58653873795129, 0.2335733112214775]
Testing:  [0.005244884490966797, 64.53333333333333, 88.41333333333333, 1.8405003945032756]
Best Acc:  65.4

Epoch: [67 | 90] LR: 0.005000
Training...
 -> Progress: 20 done!
 -> Progress: 40 done!
 -> Progress: 60 done!
 -> Progress: 80 done!
 -> Progress: 100 done!
Testing...
 -> Progress: 20 done!
 -> Progress: 40 done!
 -> Progress: 60 done!
 -> Progress: 80 done!
 -> Progress: 100 done!

Keys:  ['time', 'acc1', 'acc5', 'ce_loss']
Training:  [0.006959924925716257, 92.79216670013533, 99.70927832802, 0.22165233120576514]
Testing:  [0.0051348082224527995, 64.50666666666666, 88.18666666666667, 1.8202661784489949]
Best Acc:  65.4

Epoch: [68 | 90] LR: 0.005000
Training...
 -> Progress: 20 done!
 -> Progress: 40 done!
 -> Progress: 60 done!
 -> Progress: 80 done!
 -> Progress: 100 done!
Testing...
 -> Progress: 20 done!
 -> Progress: 40 done!
 -> Progress: 60 done!
 -> Progress: 80 done!
 -> Progress: 100 done!

Keys:  ['time', 'acc1', 'acc5', 'ce_loss']
Training:  [0.007032478221854252, 92.928066162526, 99.66670221843003, 0.21494377915566285]
Testing:  [0.004990053176879883, 64.96, 88.49333333333334, 1.795397974650065]
Best Acc:  65.4

Epoch: [69 | 90] LR: 0.005000
Training...
 -> Progress: 20 done!
 -> Progress: 40 done!
 -> Progress: 60 done!
 -> Progress: 80 done!
 -> Progress: 100 done!
Testing...
 -> Progress: 20 done!
 -> Progress: 40 done!
 -> Progress: 60 done!
 -> Progress: 80 done!
 -> Progress: 100 done!

Keys:  ['time', 'acc1', 'acc5', 'ce_loss']
Training:  [0.006938268707067079, 93.30712250068326, 99.72802901023891, 0.20510625554433048]
Testing:  [0.0048725382486979165, 64.90666666666667, 88.34666666666666, 1.79917431195577]
Best Acc:  65.4

Epoch: [70 | 90] LR: 0.005000
Training...
 -> Progress: 20 done!
 -> Progress: 40 done!
 -> Progress: 60 done!
 -> Progress: 80 done!
 -> Progress: 100 done!
Testing...
 -> Progress: 20 done!
 -> Progress: 40 done!
 -> Progress: 60 done!
 -> Progress: 80 done!
 -> Progress: 100 done!

Keys:  ['time', 'acc1', 'acc5', 'ce_loss']
Training:  [0.007307442381927178, 93.66175134027371, 99.7813566552901, 0.1918675886537028]
Testing:  [0.005241686503092448, 65.24, 88.32, 1.8828068955739339]
Best Acc:  65.4
New lr for parameter group: 0  ->  0.0005000000000000001

Epoch: [71 | 90] LR: 0.000500
Training...
 -> Progress: 20 done!
 -> Progress: 40 done!
 -> Progress: 60 done!
 -> Progress: 80 done!
 -> Progress: 100 done!
Testing...
 -> Progress: 20 done!
 -> Progress: 40 done!
 -> Progress: 60 done!
 -> Progress: 80 done!
 -> Progress: 100 done!

Keys:  ['time', 'acc1', 'acc5', 'ce_loss']
Training:  [0.007337445691990771, 95.94142215976129, 99.85601535836177, 0.13049900867426353]
Testing:  [0.00523928960164388, 66.4, 89.01333333333334, 1.8801456356048585]
Best Acc:  66.4

Epoch: [72 | 90] LR: 0.000500
Training...
 -> Progress: 20 done!
 -> Progress: 40 done!
 -> Progress: 60 done!
 -> Progress: 80 done!
 -> Progress: 100 done!
Testing...
 -> Progress: 20 done!
 -> Progress: 40 done!
 -> Progress: 60 done!
 -> Progress: 80 done!
 -> Progress: 100 done!

Keys:  ['time', 'acc1', 'acc5', 'ce_loss']
Training:  [0.007289711525822662, 96.59201942938587, 99.89325870344663, 0.11065530054805221]
Testing:  [0.0056076653798421226, 66.41333333333333, 89.05333333333333, 1.9157620493570964]
Best Acc:  66.41333333333333

Epoch: [73 | 90] LR: 0.000500
Training...
 -> Progress: 20 done!
 -> Progress: 40 done!
 -> Progress: 60 done!
 -> Progress: 80 done!
 -> Progress: 100 done!
Testing...
 -> Progress: 20 done!
 -> Progress: 40 done!
 -> Progress: 60 done!
 -> Progress: 80 done!
 -> Progress: 100 done!

Keys:  ['time', 'acc1', 'acc5', 'ce_loss']
Training:  [0.00735121131350156, 96.65618464238814, 99.90659061470943, 0.10513172277055503]
Testing:  [0.005281365712483724, 66.46666666666667, 89.0, 1.9499306217829386]
Best Acc:  66.46666666666667

Epoch: [74 | 90] LR: 0.000500
Training...
 -> Progress: 20 done!
 -> Progress: 40 done!
 -> Progress: 60 done!
 -> Progress: 80 done!
 -> Progress: 100 done!
Testing...
 -> Progress: 20 done!
 -> Progress: 40 done!
 -> Progress: 60 done!
 -> Progress: 80 done!
 -> Progress: 100 done!

Keys:  ['time', 'acc1', 'acc5', 'ce_loss']
Training:  [0.007329286568807661, 96.9308220144018, 99.89067832764505, 0.0986756840561844]
Testing:  [0.005472609202067057, 66.34666666666666, 88.94666666666667, 1.9886994489034018]
Best Acc:  66.46666666666667

Epoch: [75 | 90] LR: 0.000500
Training...
 -> Progress: 20 done!
 -> Progress: 40 done!
 -> Progress: 60 done!
 -> Progress: 80 done!
 -> Progress: 100 done!
Testing...
 -> Progress: 20 done!
 -> Progress: 40 done!
 -> Progress: 60 done!
 -> Progress: 80 done!
 -> Progress: 100 done!

Keys:  ['time', 'acc1', 'acc5', 'ce_loss']
Training:  [0.007274038555679061, 97.1756991233435, 99.9280076791809, 0.09275308602295639]
Testing:  [0.00513512929280599, 66.28, 88.89333333333333, 2.025262025197347]
Best Acc:  66.46666666666667

Epoch: [76 | 90] LR: 0.000500
Training...
 -> Progress: 20 done!
 -> Progress: 40 done!
 -> Progress: 60 done!
 -> Progress: 80 done!
 -> Progress: 100 done!
Testing...
 -> Progress: 20 done!
 -> Progress: 40 done!
 -> Progress: 60 done!
 -> Progress: 80 done!
 -> Progress: 100 done!

Keys:  ['time', 'acc1', 'acc5', 'ce_loss']
Training:  [0.007252009655428421, 97.3493579955638, 99.92000853242321, 0.08627486056028373]
Testing:  [0.0054722245534261065, 66.68, 89.05333333333333, 2.0582489569981894]
Best Acc:  66.68

Epoch: [77 | 90] LR: 0.000500
Training...
 -> Progress: 20 done!
 -> Progress: 40 done!
 -> Progress: 60 done!
 -> Progress: 80 done!
 -> Progress: 100 done!
Testing...
 -> Progress: 20 done!
 -> Progress: 40 done!
 -> Progress: 60 done!
 -> Progress: 80 done!
 -> Progress: 100 done!

Keys:  ['time', 'acc1', 'acc5', 'ce_loss']
Training:  [0.007321090828436633, 97.33344573453832, 99.9466723549488, 0.08429596493014296]
Testing:  [0.005340296427408854, 66.34666666666666, 89.08, 2.102600261370341]
Best Acc:  66.68

Epoch: [78 | 90] LR: 0.000500
Training...
 -> Progress: 20 done!
 -> Progress: 40 done!
 -> Progress: 60 done!
 -> Progress: 80 done!
 -> Progress: 100 done!
Testing...
 -> Progress: 20 done!
 -> Progress: 40 done!
 -> Progress: 60 done!
 -> Progress: 80 done!
 -> Progress: 100 done!

Keys:  ['time', 'acc1', 'acc5', 'ce_loss']
Training:  [0.007358451752125607, 97.31452301337858, 99.933340443686, 0.08499574869769425]
Testing:  [0.005380735397338867, 66.52, 88.92, 2.1042944606145224]
Best Acc:  66.68

Epoch: [79 | 90] LR: 0.000500
Training...
 -> Progress: 20 done!
 -> Progress: 40 done!
 -> Progress: 60 done!
 -> Progress: 80 done!
 -> Progress: 100 done!
Testing...
 -> Progress: 20 done!
 -> Progress: 40 done!
 -> Progress: 60 done!
 -> Progress: 80 done!
 -> Progress: 100 done!

Keys:  ['time', 'acc1', 'acc5', 'ce_loss']
Training:  [0.007312610287715144, 97.44543378914582, 99.93600682593856, 0.08163565033633555]
Testing:  [0.005289309819539388, 66.44, 88.97333333333333, 2.1183109362920125]
Best Acc:  66.68

Epoch: [80 | 90] LR: 0.000500
Training...
 -> Progress: 20 done!
 -> Progress: 40 done!
 -> Progress: 60 done!
 -> Progress: 80 done!
 -> Progress: 100 done!
Testing...
 -> Progress: 20 done!
 -> Progress: 40 done!
 -> Progress: 60 done!
 -> Progress: 80 done!
 -> Progress: 100 done!

Keys:  ['time', 'acc1', 'acc5', 'ce_loss']
Training:  [0.0073205912072503935, 97.48284914713264, 99.93600682593856, 0.0788417264386859]
Testing:  [0.005333722432454427, 66.29333333333334, 88.98666666666666, 2.136200749079386]
Best Acc:  66.68

Epoch: [81 | 90] LR: 0.000500
Training...
 -> Progress: 20 done!
 -> Progress: 40 done!
 -> Progress: 60 done!
 -> Progress: 80 done!
 -> Progress: 100 done!
Testing...
 -> Progress: 20 done!
 -> Progress: 40 done!
 -> Progress: 60 done!
 -> Progress: 80 done!
 -> Progress: 100 done!

Keys:  ['time', 'acc1', 'acc5', 'ce_loss']
Training:  [0.007318878336571182, 97.69323529969303, 99.95733788395904, 0.07359735072676232]
Testing:  [0.005539306004842122, 66.30666666666667, 88.98666666666666, 2.1793343925476076]
Best Acc:  66.68

Epoch: [82 | 90] LR: 0.000500
Training...
 -> Progress: 20 done!
 -> Progress: 40 done!
 -> Progress: 60 done!
 -> Progress: 80 done!
 -> Progress: 100 done!
Testing...
 -> Progress: 20 done!
 -> Progress: 40 done!
 -> Progress: 60 done!
 -> Progress: 80 done!
 -> Progress: 100 done!

Keys:  ['time', 'acc1', 'acc5', 'ce_loss']
Training:  [0.0071763886526582995, 97.67732301262865, 99.93067406143345, 0.07555595735793634]
Testing:  [0.005812203089396159, 66.2, 88.85333333333334, 2.1940779463450113]
Best Acc:  66.68

Epoch: [83 | 90] LR: 0.000500
Training...
 -> Progress: 20 done!
 -> Progress: 40 done!
 -> Progress: 60 done!
 -> Progress: 80 done!
 -> Progress: 100 done!
Testing...
 -> Progress: 20 done!
 -> Progress: 40 done!
 -> Progress: 60 done!
 -> Progress: 80 done!
 -> Progress: 100 done!

Keys:  ['time', 'acc1', 'acc5', 'ce_loss']
Training:  [0.007411953532248227, 97.8773877140605, 99.95200511945393, 0.06993630462335645]
Testing:  [0.0051972516377766925, 66.10666666666667, 88.96, 2.219612070719401]
Best Acc:  66.68

Epoch: [84 | 90] LR: 0.000500
Training...
 -> Progress: 20 done!
 -> Progress: 40 done!
 -> Progress: 60 done!
 -> Progress: 80 done!
 -> Progress: 100 done!
Testing...
 -> Progress: 20 done!
 -> Progress: 40 done!
 -> Progress: 60 done!
 -> Progress: 80 done!
 -> Progress: 100 done!

Keys:  ['time', 'acc1', 'acc5', 'ce_loss']
Training:  [0.007341075675886239, 97.8745492928671, 99.9600042662116, 0.0703980515459902]
Testing:  [0.0053961086273193355, 66.0, 88.90666666666667, 2.239468781153361]
Best Acc:  66.68

Epoch: [85 | 90] LR: 0.000500
Training...
 -> Progress: 20 done!
 -> Progress: 40 done!
 -> Progress: 60 done!
 -> Progress: 80 done!
 -> Progress: 100 done!
Testing...
 -> Progress: 20 done!
 -> Progress: 40 done!
 -> Progress: 60 done!
 -> Progress: 80 done!
 -> Progress: 100 done!

Keys:  ['time', 'acc1', 'acc5', 'ce_loss']
Training:  [0.007370677824313323, 97.95677708440266, 99.94133959044369, 0.06858805122025591]
Testing:  [0.00556425412495931, 66.05333333333333, 89.09333333333333, 2.2421965996424356]
Best Acc:  66.68

Epoch: [86 | 90] LR: 0.000500
Training...
 -> Progress: 20 done!
 -> Progress: 40 done!
 -> Progress: 60 done!
 -> Progress: 80 done!
 -> Progress: 100 done!
Testing...
 -> Progress: 20 done!
 -> Progress: 40 done!
 -> Progress: 60 done!
 -> Progress: 80 done!
 -> Progress: 100 done!

Keys:  ['time', 'acc1', 'acc5', 'ce_loss']
Training:  [0.007334091557577608, 98.0611100440953, 99.96533703071673, 0.06453763660513907]
Testing:  [0.00529698371887207, 65.94666666666667, 89.01333333333334, 2.28387682278951]
Best Acc:  66.68

Epoch: [87 | 90] LR: 0.000500
Training...
 -> Progress: 20 done!
 -> Progress: 40 done!
 -> Progress: 60 done!
 -> Progress: 80 done!
 -> Progress: 100 done!
Testing...
 -> Progress: 20 done!
 -> Progress: 40 done!
 -> Progress: 60 done!
 -> Progress: 80 done!
 -> Progress: 100 done!

Keys:  ['time', 'acc1', 'acc5', 'ce_loss']
Training:  [0.0073379949498095206, 97.91996379761159, 99.94400597269625, 0.06729911380914698]
Testing:  [0.005464277267456055, 66.21333333333334, 88.94666666666667, 2.2634201685587567]
Best Acc:  66.68

Epoch: [88 | 90] LR: 0.000500
Training...
 -> Progress: 20 done!
 -> Progress: 40 done!
 -> Progress: 60 done!
 -> Progress: 80 done!
 -> Progress: 100 done!
Testing...
 -> Progress: 20 done!
 -> Progress: 40 done!
 -> Progress: 60 done!
 -> Progress: 80 done!
 -> Progress: 100 done!

Keys:  ['time', 'acc1', 'acc5', 'ce_loss']
Training:  [0.007231646430370344, 98.06377642634786, 99.95200511945393, 0.06295517139111363]
Testing:  [0.005017754236857097, 66.14666666666666, 88.84, 2.296928793589274]
Best Acc:  66.68

Epoch: [89 | 90] LR: 0.000500
Training...
 -> Progress: 20 done!
 -> Progress: 40 done!
 -> Progress: 60 done!
 -> Progress: 80 done!
 -> Progress: 100 done!
Testing...
 -> Progress: 20 done!
 -> Progress: 40 done!
 -> Progress: 60 done!
 -> Progress: 80 done!
 -> Progress: 100 done!

Keys:  ['time', 'acc1', 'acc5', 'ce_loss']
Training:  [0.007413411710042596, 98.04812218467531, 99.95200511945393, 0.0616814815931963]
Testing:  [0.005360320409138997, 66.13333333333334, 88.78666666666666, 2.296506330172221]
Best Acc:  66.68

Epoch: [90 | 90] LR: 0.000500
Training...
 -> Progress: 20 done!
 -> Progress: 40 done!
 -> Progress: 60 done!
 -> Progress: 80 done!
 -> Progress: 100 done!
Testing...
 -> Progress: 20 done!
 -> Progress: 40 done!
 -> Progress: 60 done!
 -> Progress: 80 done!
 -> Progress: 100 done!

Keys:  ['time', 'acc1', 'acc5', 'ce_loss']
Training:  [0.007235319541176025, 97.98154863481228, 99.9466723549488, 0.0640648912142568]
Testing:  [0.005521074930826823, 66.38666666666667, 89.12, 2.297851309776306]
Best Acc:  66.68
==> Preparing dataset cifar100
Files already downloaded and verified
==> Preparing dataset cifar100
Files already downloaded and verified
==> Preparing dataset cifar100
Files already downloaded and verified
    Total params: 14.76M

Epoch: [1 | 45] LR: 0.000000
Training...
 -> Progress: 20 done!
 -> Progress: 40 done!
 -> Progress: 60 done!
 -> Progress: 80 done!
 -> Progress: 100 done!
Testing...
 -> Progress: 20 done!
 -> Progress: 40 done!
 -> Progress: 60 done!
 -> Progress: 80 done!
 -> Progress: 100 done!
Testing...
 -> Progress: 20 done!
 -> Progress: 40 done!
 -> Progress: 60 done!
 -> Progress: 80 done!
 -> Progress: 100 done!

Keys:  ['time', 'acc1', 'acc5', 'ce_loss']
Training:  [0.021770894527435303, 46.66015625, 87.83203125, 2.7021082043647766]
Testing New Task:  [0.018511629104614256, 47.0, 91.3, 2.289416551589966]
Testing Old Task:  [0.005274295806884766, 61.77333333333333, 86.12, 2.191241285006205]
Best Acc:  47.0

Epoch: [2 | 45] LR: 1.000000
Training...
 -> Progress: 20 done!
 -> Progress: 40 done!
 -> Progress: 60 done!
 -> Progress: 80 done!
 -> Progress: 100 done!
Testing...
 -> Progress: 20 done!
 -> Progress: 40 done!
 -> Progress: 60 done!
 -> Progress: 80 done!
 -> Progress: 100 done!
Testing...
 -> Progress: 20 done!
 -> Progress: 40 done!
 -> Progress: 60 done!
 -> Progress: 80 done!
 -> Progress: 100 done!

Keys:  ['time', 'acc1', 'acc5', 'ce_loss']
Training:  [0.02062658667564392, 58.02734375, 94.27734375, 2.1562050193548203]
Testing New Task:  [0.017214298248291016, 57.8, 95.9, 1.4115785241127015]
Testing Old Task:  [0.0054278818766276046, 63.0, 87.4, 2.031490858395894]
Best Acc:  57.8

Epoch: [3 | 45] LR: 2.000000
Training...
 -> Progress: 20 done!
 -> Progress: 40 done!
 -> Progress: 60 done!
 -> Progress: 80 done!
 -> Progress: 100 done!
Testing...
 -> Progress: 20 done!
 -> Progress: 40 done!
 -> Progress: 60 done!
 -> Progress: 80 done!
 -> Progress: 100 done!
Testing...
 -> Progress: 20 done!
 -> Progress: 40 done!
 -> Progress: 60 done!
 -> Progress: 80 done!
 -> Progress: 100 done!

Keys:  ['time', 'acc1', 'acc5', 'ce_loss']
Training:  [0.02094292640686035, 65.390625, 96.8359375, 1.7712928712368012]
Testing New Task:  [0.016998481750488282, 62.9, 95.4, 1.3366856217384337]
Testing Old Task:  [0.00552827517191569, 62.666666666666664, 87.30666666666667, 2.095156461397807]
Best Acc:  62.9

Epoch: [4 | 45] LR: 3.000000
Training...
 -> Progress: 20 done!
 -> Progress: 40 done!
 -> Progress: 60 done!
 -> Progress: 80 done!
 -> Progress: 100 done!
Testing...
 -> Progress: 20 done!
 -> Progress: 40 done!
 -> Progress: 60 done!
 -> Progress: 80 done!
 -> Progress: 100 done!
Testing...
 -> Progress: 20 done!
 -> Progress: 40 done!
 -> Progress: 60 done!
 -> Progress: 80 done!
 -> Progress: 100 done!

Keys:  ['time', 'acc1', 'acc5', 'ce_loss']
Training:  [0.02022794485092163, 67.890625, 97.59765625, 1.7255639523267745]
Testing New Task:  [0.01841919422149658, 66.7, 96.5, 1.1644185125827788]
Testing Old Task:  [0.005385732650756836, 62.306666666666665, 86.96, 2.1066672531763713]
Best Acc:  66.7

Epoch: [5 | 45] LR: 4.000000
Training...
 -> Progress: 20 done!
 -> Progress: 40 done!
 -> Progress: 60 done!
 -> Progress: 80 done!
 -> Progress: 100 done!
Testing...
 -> Progress: 20 done!
 -> Progress: 40 done!
 -> Progress: 60 done!
 -> Progress: 80 done!
 -> Progress: 100 done!
Testing...
 -> Progress: 20 done!
 -> Progress: 40 done!
 -> Progress: 60 done!
 -> Progress: 80 done!
 -> Progress: 100 done!

Keys:  ['time', 'acc1', 'acc5', 'ce_loss']
Training:  [0.02030821442604065, 70.52734375, 98.28125, 1.5988816887140274]
Testing New Task:  [0.017886996269226074, 65.5, 96.5, 1.468668246269226]
Testing Old Task:  [0.005488694508870443, 61.906666666666666, 87.26666666666667, 2.129741039276123]
Best Acc:  66.7

Epoch: [6 | 45] LR: 5.000000
Training...
 -> Progress: 20 done!
 -> Progress: 40 done!
 -> Progress: 60 done!
 -> Progress: 80 done!
 -> Progress: 100 done!
Testing...
 -> Progress: 20 done!
 -> Progress: 40 done!
 -> Progress: 60 done!
 -> Progress: 80 done!
 -> Progress: 100 done!
Testing...
 -> Progress: 20 done!
 -> Progress: 40 done!
 -> Progress: 60 done!
 -> Progress: 80 done!
 -> Progress: 100 done!

Keys:  ['time', 'acc1', 'acc5', 'ce_loss']
Training:  [0.02033202052116394, 76.1328125, 98.828125, 1.3391979157924652]
Testing New Task:  [0.01804397106170654, 66.5, 97.2, 1.1783451855182647]
Testing Old Task:  [0.00538853645324707, 62.77333333333333, 87.2, 2.080089472134908]
Best Acc:  66.7

Epoch: [7 | 45] LR: 6.000000
Training...
 -> Progress: 20 done!
 -> Progress: 40 done!
 -> Progress: 60 done!
 -> Progress: 80 done!
 -> Progress: 100 done!
Testing...
 -> Progress: 20 done!
 -> Progress: 40 done!
 -> Progress: 60 done!
 -> Progress: 80 done!
 -> Progress: 100 done!
Testing...
 -> Progress: 20 done!
 -> Progress: 40 done!
 -> Progress: 60 done!
 -> Progress: 80 done!
 -> Progress: 100 done!

Keys:  ['time', 'acc1', 'acc5', 'ce_loss']
Training:  [0.02048647403717041, 75.87890625, 98.57421875, 1.4080625623464584]
Testing New Task:  [0.016920089721679688, 71.1, 96.9, 1.1749954581260682]
Testing Old Task:  [0.005304660797119141, 61.906666666666666, 87.17333333333333, 2.079370822906494]
Best Acc:  71.1

Epoch: [8 | 45] LR: 7.000000
Training...
 -> Progress: 20 done!
 -> Progress: 40 done!
 -> Progress: 60 done!
 -> Progress: 80 done!
 -> Progress: 100 done!
Testing...
 -> Progress: 20 done!
 -> Progress: 40 done!
 -> Progress: 60 done!
 -> Progress: 80 done!
 -> Progress: 100 done!
Testing...
 -> Progress: 20 done!
 -> Progress: 40 done!
 -> Progress: 60 done!
 -> Progress: 80 done!
 -> Progress: 100 done!

Keys:  ['time', 'acc1', 'acc5', 'ce_loss']
Training:  [0.020254629850387573, 77.6171875, 98.84765625, 1.4144140958786011]
Testing New Task:  [0.017474269866943358, 69.0, 97.6, 1.1598257303237915]
Testing Old Task:  [0.005442314147949219, 61.053333333333335, 86.45333333333333, 2.08197718779246]
Best Acc:  71.1

Epoch: [9 | 45] LR: 8.000000
Training...
 -> Progress: 20 done!
 -> Progress: 40 done!
 -> Progress: 60 done!
 -> Progress: 80 done!
 -> Progress: 100 done!
Testing...
 -> Progress: 20 done!
 -> Progress: 40 done!
 -> Progress: 60 done!
 -> Progress: 80 done!
 -> Progress: 100 done!
Testing...
 -> Progress: 20 done!
 -> Progress: 40 done!
 -> Progress: 60 done!
 -> Progress: 80 done!
 -> Progress: 100 done!

Keys:  ['time', 'acc1', 'acc5', 'ce_loss']
Training:  [0.02025911808013916, 81.9140625, 99.375, 1.2133580192923545]
Testing New Task:  [0.01826624870300293, 71.0, 96.8, 1.174472177028656]
Testing Old Task:  [0.005753437678019206, 60.89333333333333, 86.72, 2.161941002209981]
Best Acc:  71.1

Epoch: [10 | 45] LR: 9.000000
Training...
 -> Progress: 20 done!
 -> Progress: 40 done!
 -> Progress: 60 done!
 -> Progress: 80 done!
 -> Progress: 100 done!
Testing...
 -> Progress: 20 done!
 -> Progress: 40 done!
 -> Progress: 60 done!
 -> Progress: 80 done!
 -> Progress: 100 done!
Testing...
 -> Progress: 20 done!
 -> Progress: 40 done!
 -> Progress: 60 done!
 -> Progress: 80 done!
 -> Progress: 100 done!

Keys:  ['time', 'acc1', 'acc5', 'ce_loss']
Training:  [0.020290493965148926, 83.2421875, 99.58984375, 1.129350209236145]
Testing New Task:  [0.019060635566711427, 69.0, 97.4, 1.3464698314666748]
Testing Old Task:  [0.005397402445475261, 61.76, 86.72, 2.1410634819666545]
Best Acc:  71.1

Epoch: [11 | 45] LR: 10.000000
Training...
 -> Progress: 20 done!
 -> Progress: 40 done!
 -> Progress: 60 done!
 -> Progress: 80 done!
 -> Progress: 100 done!
Testing...
 -> Progress: 20 done!
 -> Progress: 40 done!
 -> Progress: 60 done!
 -> Progress: 80 done!
 -> Progress: 100 done!
Testing...
 -> Progress: 20 done!
 -> Progress: 40 done!
 -> Progress: 60 done!
 -> Progress: 80 done!
 -> Progress: 100 done!

Keys:  ['time', 'acc1', 'acc5', 'ce_loss']
Training:  [0.020260435342788697, 86.54296875, 99.5703125, 0.9885787054896354]
Testing New Task:  [0.01730782985687256, 69.7, 97.6, 1.4304537892341613]
Testing Old Task:  [0.005274051030476888, 61.18666666666667, 86.88, 2.1934285402297973]
Best Acc:  71.1

Epoch: [12 | 45] LR: 11.000000
Training...
 -> Progress: 20 done!
 -> Progress: 40 done!
 -> Progress: 60 done!
 -> Progress: 80 done!
 -> Progress: 100 done!
Testing...
 -> Progress: 20 done!
 -> Progress: 40 done!
 -> Progress: 60 done!
 -> Progress: 80 done!
 -> Progress: 100 done!
Testing...
 -> Progress: 20 done!
 -> Progress: 40 done!
 -> Progress: 60 done!
 -> Progress: 80 done!
 -> Progress: 100 done!

Keys:  ['time', 'acc1', 'acc5', 'ce_loss']
Training:  [0.020103037357330322, 87.05078125, 99.74609375, 0.9688826307654381]
Testing New Task:  [0.017435526847839354, 71.2, 97.1, 1.2687533497810364]
Testing Old Task:  [0.005358438491821289, 61.92, 87.61333333333333, 2.1194841130574544]
Best Acc:  71.2

Epoch: [13 | 45] LR: 12.000000
Training...
 -> Progress: 20 done!
 -> Progress: 40 done!
 -> Progress: 60 done!
 -> Progress: 80 done!
 -> Progress: 100 done!
Testing...
 -> Progress: 20 done!
 -> Progress: 40 done!
 -> Progress: 60 done!
 -> Progress: 80 done!
 -> Progress: 100 done!
Testing...
 -> Progress: 20 done!
 -> Progress: 40 done!
 -> Progress: 60 done!
 -> Progress: 80 done!
 -> Progress: 100 done!

Keys:  ['time', 'acc1', 'acc5', 'ce_loss']
Training:  [0.0203372061252594, 86.50390625, 99.6484375, 0.9921481877565383]
Testing New Task:  [0.01825857162475586, 69.3, 97.5, 1.4359645247459412]
Testing Old Task:  [0.005954132080078125, 61.24, 86.72, 2.1719206523895265]
Best Acc:  71.2

Epoch: [14 | 45] LR: 13.000000
Training...
 -> Progress: 20 done!
 -> Progress: 40 done!
 -> Progress: 60 done!
 -> Progress: 80 done!
 -> Progress: 100 done!
Testing...
 -> Progress: 20 done!
 -> Progress: 40 done!
 -> Progress: 60 done!
 -> Progress: 80 done!
 -> Progress: 100 done!
Testing...
 -> Progress: 20 done!
 -> Progress: 40 done!
 -> Progress: 60 done!
 -> Progress: 80 done!
 -> Progress: 100 done!

Keys:  ['time', 'acc1', 'acc5', 'ce_loss']
Training:  [0.020511841773986815, 86.015625, 99.4921875, 1.197320458292961]
Testing New Task:  [0.017801713943481446, 75.2, 97.8, 1.071113759279251]
Testing Old Task:  [0.00537893295288086, 59.28, 85.77333333333333, 2.1585659344991046]
Best Acc:  75.2

Epoch: [15 | 45] LR: 14.000000
Training...
 -> Progress: 20 done!
 -> Progress: 40 done!
 -> Progress: 60 done!
 -> Progress: 80 done!
 -> Progress: 100 done!
Testing...
 -> Progress: 20 done!
 -> Progress: 40 done!
 -> Progress: 60 done!
 -> Progress: 80 done!
 -> Progress: 100 done!
Testing...
 -> Progress: 20 done!
 -> Progress: 40 done!
 -> Progress: 60 done!
 -> Progress: 80 done!
 -> Progress: 100 done!

Keys:  ['time', 'acc1', 'acc5', 'ce_loss']
Training:  [0.02029181122779846, 89.6875, 99.86328125, 0.9182286381721496]
Testing New Task:  [0.017992949485778807, 73.5, 97.6, 1.0716430306434632]
Testing Old Task:  [0.005398413340250651, 60.12, 86.4, 2.180577597618103]
Best Acc:  75.2

Epoch: [16 | 45] LR: 15.000000
Training...
 -> Progress: 20 done!
 -> Progress: 40 done!
 -> Progress: 60 done!
 -> Progress: 80 done!
 -> Progress: 100 done!
Testing...
 -> Progress: 20 done!
 -> Progress: 40 done!
 -> Progress: 60 done!
 -> Progress: 80 done!
 -> Progress: 100 done!
Testing...
 -> Progress: 20 done!
 -> Progress: 40 done!
 -> Progress: 60 done!
 -> Progress: 80 done!
 -> Progress: 100 done!

Keys:  ['time', 'acc1', 'acc5', 'ce_loss']
Training:  [0.020393562316894532, 90.01953125, 99.8046875, 0.9072006300091744]
Testing New Task:  [0.01849684715270996, 72.8, 97.6, 1.2799245357513427]
Testing Old Task:  [0.0051837285359700525, 59.85333333333333, 85.96, 2.2679897006352743]
Best Acc:  75.2
New lr for parameter group: 0  ->  0.0005
New lr for parameter group: 1  ->  0.0005
New lr for parameter group: 2  ->  0.005000000000000001

Epoch: [17 | 45] LR: 1.600000
Training...
 -> Progress: 20 done!
 -> Progress: 40 done!
 -> Progress: 60 done!
 -> Progress: 80 done!
 -> Progress: 100 done!
Testing...
 -> Progress: 20 done!
 -> Progress: 40 done!
 -> Progress: 60 done!
 -> Progress: 80 done!
 -> Progress: 100 done!
Testing...
 -> Progress: 20 done!
 -> Progress: 40 done!
 -> Progress: 60 done!
 -> Progress: 80 done!
 -> Progress: 100 done!

Keys:  ['time', 'acc1', 'acc5', 'ce_loss']
Training:  [0.01977003216743469, 93.3203125, 99.94140625, 0.7511446937918663]
Testing New Task:  [0.017545366287231447, 76.1, 98.9, 1.0171214163303375]
Testing Old Task:  [0.0052275911966959635, 60.72, 86.74666666666667, 2.2004074827829996]
Best Acc:  76.1

Epoch: [18 | 45] LR: 17.000000
Training...
 -> Progress: 20 done!
 -> Progress: 40 done!
 -> Progress: 60 done!
 -> Progress: 80 done!
 -> Progress: 100 done!
Testing...
 -> Progress: 20 done!
 -> Progress: 40 done!
 -> Progress: 60 done!
 -> Progress: 80 done!
 -> Progress: 100 done!
Testing...
 -> Progress: 20 done!
 -> Progress: 40 done!
 -> Progress: 60 done!
 -> Progress: 80 done!
 -> Progress: 100 done!

Keys:  ['time', 'acc1', 'acc5', 'ce_loss']
Training:  [0.020470190048217773, 96.11328125, 99.9609375, 0.6106814384460449]
Testing New Task:  [0.017196226119995116, 76.7, 98.6, 1.010383278131485]
Testing Old Task:  [0.005515871047973633, 61.22666666666667, 86.8, 2.180580046971639]
Best Acc:  76.7

Epoch: [19 | 45] LR: 18.000000
Training...
 -> Progress: 20 done!
 -> Progress: 40 done!
 -> Progress: 60 done!
 -> Progress: 80 done!
 -> Progress: 100 done!
Testing...
 -> Progress: 20 done!
 -> Progress: 40 done!
 -> Progress: 60 done!
 -> Progress: 80 done!
 -> Progress: 100 done!
Testing...
 -> Progress: 20 done!
 -> Progress: 40 done!
 -> Progress: 60 done!
 -> Progress: 80 done!
 -> Progress: 100 done!

Keys:  ['time', 'acc1', 'acc5', 'ce_loss']
Training:  [0.020328325033187867, 96.66015625, 99.9609375, 0.5918019041419029]
Testing New Task:  [0.017238497734069824, 76.5, 98.6, 1.0135875046253204]
Testing Old Task:  [0.005436188379923503, 61.25333333333333, 87.04, 2.168348382314046]
Best Acc:  76.7

Epoch: [20 | 45] LR: 19.000000
Training...
 -> Progress: 20 done!
 -> Progress: 40 done!
 -> Progress: 60 done!
 -> Progress: 80 done!
 -> Progress: 100 done!
Testing...
 -> Progress: 20 done!
 -> Progress: 40 done!
 -> Progress: 60 done!
 -> Progress: 80 done!
 -> Progress: 100 done!
Testing...
 -> Progress: 20 done!
 -> Progress: 40 done!
 -> Progress: 60 done!
 -> Progress: 80 done!
 -> Progress: 100 done!

Keys:  ['time', 'acc1', 'acc5', 'ce_loss']
Training:  [0.019994312524795534, 96.328125, 99.9609375, 0.5660966947674752]
Testing New Task:  [0.01659674644470215, 76.5, 98.6, 1.0131626009941102]
Testing Old Task:  [0.005264012018839518, 61.45333333333333, 87.14666666666666, 2.1605493863423666]
Best Acc:  76.7

Epoch: [21 | 45] LR: 20.000000
Training...
 -> Progress: 20 done!
 -> Progress: 40 done!
 -> Progress: 60 done!
 -> Progress: 80 done!
 -> Progress: 100 done!
Testing...
 -> Progress: 20 done!
 -> Progress: 40 done!
 -> Progress: 60 done!
 -> Progress: 80 done!
 -> Progress: 100 done!
Testing...
 -> Progress: 20 done!
 -> Progress: 40 done!
 -> Progress: 60 done!
 -> Progress: 80 done!
 -> Progress: 100 done!

Keys:  ['time', 'acc1', 'acc5', 'ce_loss']
Training:  [0.020354163646698, 96.40625, 100.0, 0.5647757247090339]
Testing New Task:  [0.018485546112060547, 77.1, 98.6, 1.010465931892395]
Testing Old Task:  [0.005328763326009115, 61.6, 87.30666666666667, 2.163969677289327]
Best Acc:  77.1

Epoch: [22 | 45] LR: 21.000000
Training...
 -> Progress: 20 done!
 -> Progress: 40 done!
 -> Progress: 60 done!
 -> Progress: 80 done!
 -> Progress: 100 done!
Testing...
 -> Progress: 20 done!
 -> Progress: 40 done!
 -> Progress: 60 done!
 -> Progress: 80 done!
 -> Progress: 100 done!
Testing...
 -> Progress: 20 done!
 -> Progress: 40 done!
 -> Progress: 60 done!
 -> Progress: 80 done!
 -> Progress: 100 done!

Keys:  ['time', 'acc1', 'acc5', 'ce_loss']
Training:  [0.020373225212097168, 96.8359375, 99.9609375, 0.5533483356237412]
Testing New Task:  [0.018686890602111816, 76.2, 98.2, 1.0293956816196441]
Testing Old Task:  [0.005282154083251953, 61.626666666666665, 87.36, 2.177374529838562]
Best Acc:  77.1

Epoch: [23 | 45] LR: 22.000000
Training...
 -> Progress: 20 done!
 -> Progress: 40 done!
 -> Progress: 60 done!
 -> Progress: 80 done!
 -> Progress: 100 done!
Testing...
 -> Progress: 20 done!
 -> Progress: 40 done!
 -> Progress: 60 done!
 -> Progress: 80 done!
 -> Progress: 100 done!
Testing...
 -> Progress: 20 done!
 -> Progress: 40 done!
 -> Progress: 60 done!
 -> Progress: 80 done!
 -> Progress: 100 done!

Keys:  ['time', 'acc1', 'acc5', 'ce_loss']
Training:  [0.020521700382232666, 97.0703125, 100.0, 0.5234906047582626]
Testing New Task:  [0.016466951370239256, 76.8, 98.2, 1.0236388444900513]
Testing Old Task:  [0.005232235590616862, 61.86666666666667, 87.25333333333333, 2.1624609359105427]
Best Acc:  77.1

Epoch: [24 | 45] LR: 23.000000
Training...
 -> Progress: 20 done!
 -> Progress: 40 done!
 -> Progress: 60 done!
 -> Progress: 80 done!
 -> Progress: 100 done!
Testing...
 -> Progress: 20 done!
 -> Progress: 40 done!
 -> Progress: 60 done!
 -> Progress: 80 done!
 -> Progress: 100 done!
Testing...
 -> Progress: 20 done!
 -> Progress: 40 done!
 -> Progress: 60 done!
 -> Progress: 80 done!
 -> Progress: 100 done!

Keys:  ['time', 'acc1', 'acc5', 'ce_loss']
Training:  [0.020354193449020386, 96.66015625, 100.0, 0.5230753123760223]
Testing New Task:  [0.01743271350860596, 76.1, 98.3, 1.0279534041881562]
Testing Old Task:  [0.005635194778442383, 61.973333333333336, 87.37333333333333, 2.1690728123982748]
Best Acc:  77.1

Epoch: [25 | 45] LR: 24.000000
Training...
 -> Progress: 20 done!
 -> Progress: 40 done!
 -> Progress: 60 done!
 -> Progress: 80 done!
 -> Progress: 100 done!
Testing...
 -> Progress: 20 done!
 -> Progress: 40 done!
 -> Progress: 60 done!
 -> Progress: 80 done!
 -> Progress: 100 done!
Testing...
 -> Progress: 20 done!
 -> Progress: 40 done!
 -> Progress: 60 done!
 -> Progress: 80 done!
 -> Progress: 100 done!

Keys:  ['time', 'acc1', 'acc5', 'ce_loss']
Training:  [0.020341432094573973, 97.16796875, 99.98046875, 0.5238810002803802]
Testing New Task:  [0.017884111404418944, 76.1, 98.3, 1.0018414080142974]
Testing Old Task:  [0.005444895426432291, 61.946666666666665, 87.44, 2.1570828008651732]
Best Acc:  77.1

Epoch: [26 | 45] LR: 25.000000
Training...
 -> Progress: 20 done!
 -> Progress: 40 done!
 -> Progress: 60 done!
 -> Progress: 80 done!
 -> Progress: 100 done!
Testing...
 -> Progress: 20 done!
 -> Progress: 40 done!
 -> Progress: 60 done!
 -> Progress: 80 done!
 -> Progress: 100 done!
Testing...
 -> Progress: 20 done!
 -> Progress: 40 done!
 -> Progress: 60 done!
 -> Progress: 80 done!
 -> Progress: 100 done!

Keys:  ['time', 'acc1', 'acc5', 'ce_loss']
Training:  [0.020424282550811766, 97.34375, 100.0, 0.5020858757197857]
Testing New Task:  [0.018289923667907715, 76.1, 98.5, 1.0199760437011718]
Testing Old Task:  [0.005262823104858399, 62.013333333333335, 87.45333333333333, 2.1696374368667604]
Best Acc:  77.1

Epoch: [27 | 45] LR: 26.000000
Training...
 -> Progress: 20 done!
 -> Progress: 40 done!
 -> Progress: 60 done!
 -> Progress: 80 done!
 -> Progress: 100 done!
Testing...
 -> Progress: 20 done!
 -> Progress: 40 done!
 -> Progress: 60 done!
 -> Progress: 80 done!
 -> Progress: 100 done!
Testing...
 -> Progress: 20 done!
 -> Progress: 40 done!
 -> Progress: 60 done!
 -> Progress: 80 done!
 -> Progress: 100 done!

Keys:  ['time', 'acc1', 'acc5', 'ce_loss']
Training:  [0.020454198122024536, 97.48046875, 100.0, 0.4969153627753258]
Testing New Task:  [0.017942380905151368, 76.5, 98.4, 1.0257910192012787]
Testing Old Task:  [0.005446637471516927, 62.04, 87.37333333333333, 2.174857209523519]
Best Acc:  77.1

Epoch: [28 | 45] LR: 27.000000
Training...
 -> Progress: 20 done!
 -> Progress: 40 done!
 -> Progress: 60 done!
 -> Progress: 80 done!
 -> Progress: 100 done!
Testing...
 -> Progress: 20 done!
 -> Progress: 40 done!
 -> Progress: 60 done!
 -> Progress: 80 done!
 -> Progress: 100 done!
Testing...
 -> Progress: 20 done!
 -> Progress: 40 done!
 -> Progress: 60 done!
 -> Progress: 80 done!
 -> Progress: 100 done!

Keys:  ['time', 'acc1', 'acc5', 'ce_loss']
Training:  [0.02053180932998657, 97.16796875, 100.0, 0.4919672109186649]
Testing New Task:  [0.01825237274169922, 75.7, 98.4, 1.031666201353073]
Testing Old Task:  [0.00519809087117513, 62.24, 87.45333333333333, 2.1736067231496174]
Best Acc:  77.1

Epoch: [29 | 45] LR: 28.000000
Training...
 -> Progress: 20 done!
 -> Progress: 40 done!
 -> Progress: 60 done!
 -> Progress: 80 done!
 -> Progress: 100 done!
Testing...
 -> Progress: 20 done!
 -> Progress: 40 done!
 -> Progress: 60 done!
 -> Progress: 80 done!
 -> Progress: 100 done!
Testing...
 -> Progress: 20 done!
 -> Progress: 40 done!
 -> Progress: 60 done!
 -> Progress: 80 done!
 -> Progress: 100 done!

Keys:  ['time', 'acc1', 'acc5', 'ce_loss']
Training:  [0.020267146825790405, 97.578125, 99.9609375, 0.48743859604001044]
Testing New Task:  [0.016199350357055664, 76.1, 98.0, 1.0268530070781707]
Testing Old Task:  [0.00523461659749349, 62.346666666666664, 87.53333333333333, 2.165241117477417]
Best Acc:  77.1

Epoch: [30 | 45] LR: 29.000000
Training...
 -> Progress: 20 done!
 -> Progress: 40 done!
 -> Progress: 60 done!
 -> Progress: 80 done!
 -> Progress: 100 done!
Testing...
 -> Progress: 20 done!
 -> Progress: 40 done!
 -> Progress: 60 done!
 -> Progress: 80 done!
 -> Progress: 100 done!
Testing...
 -> Progress: 20 done!
 -> Progress: 40 done!
 -> Progress: 60 done!
 -> Progress: 80 done!
 -> Progress: 100 done!

Keys:  ['time', 'acc1', 'acc5', 'ce_loss']
Training:  [0.02043869495391846, 97.75390625, 99.98046875, 0.47953527569770815]
Testing New Task:  [0.017368006706237792, 75.8, 98.1, 1.0333599746227264]
Testing Old Task:  [0.005456657409667969, 62.36, 87.42666666666666, 2.167612640062968]
Best Acc:  77.1

Epoch: [31 | 45] LR: 30.000000
Training...
 -> Progress: 20 done!
 -> Progress: 40 done!
 -> Progress: 60 done!
 -> Progress: 80 done!
 -> Progress: 100 done!
Testing...
 -> Progress: 20 done!
 -> Progress: 40 done!
 -> Progress: 60 done!
 -> Progress: 80 done!
 -> Progress: 100 done!
Testing...
 -> Progress: 20 done!
 -> Progress: 40 done!
 -> Progress: 60 done!
 -> Progress: 80 done!
 -> Progress: 100 done!

Keys:  ['time', 'acc1', 'acc5', 'ce_loss']
Training:  [0.01998937726020813, 97.65625, 100.0, 0.47651218473911283]
Testing New Task:  [0.015535068511962891, 75.2, 98.1, 1.0421420693397523]
Testing Old Task:  [0.005221935907999674, 62.346666666666664, 87.58666666666667, 2.1673159774144493]
Best Acc:  77.1
New lr for parameter group: 0  ->  5e-05
New lr for parameter group: 1  ->  5e-05
New lr for parameter group: 2  ->  0.0005000000000000001

Epoch: [32 | 45] LR: 3.100000
Training...
 -> Progress: 20 done!
 -> Progress: 40 done!
 -> Progress: 60 done!
 -> Progress: 80 done!
 -> Progress: 100 done!
Testing...
 -> Progress: 20 done!
 -> Progress: 40 done!
 -> Progress: 60 done!
 -> Progress: 80 done!
 -> Progress: 100 done!
Testing...
 -> Progress: 20 done!
 -> Progress: 40 done!
 -> Progress: 60 done!
 -> Progress: 80 done!
 -> Progress: 100 done!

Keys:  ['time', 'acc1', 'acc5', 'ce_loss']
Training:  [0.02027561664581299, 97.6171875, 100.0, 0.47317319363355637]
Testing New Task:  [0.017827343940734864, 75.5, 98.0, 1.0336477220058442]
Testing Old Task:  [0.004960695902506511, 62.38666666666666, 87.61333333333333, 2.1657013463974]
Best Acc:  77.1

Epoch: [33 | 45] LR: 32.000000
Training...
 -> Progress: 20 done!
 -> Progress: 40 done!
 -> Progress: 60 done!
 -> Progress: 80 done!
 -> Progress: 100 done!
Testing...
 -> Progress: 20 done!
 -> Progress: 40 done!
 -> Progress: 60 done!
 -> Progress: 80 done!
 -> Progress: 100 done!
Testing...
 -> Progress: 20 done!
 -> Progress: 40 done!
 -> Progress: 60 done!
 -> Progress: 80 done!
 -> Progress: 100 done!

Keys:  ['time', 'acc1', 'acc5', 'ce_loss']
Training:  [0.020474982261657716, 97.79296875, 99.98046875, 0.47190031632781027]
Testing New Task:  [0.017390060424804687, 75.5, 97.8, 1.030614537000656]
Testing Old Task:  [0.005362428029378255, 62.346666666666664, 87.58666666666667, 2.1652398109436035]
Best Acc:  77.1

Epoch: [34 | 45] LR: 33.000000
Training...
 -> Progress: 20 done!
 -> Progress: 40 done!
 -> Progress: 60 done!
 -> Progress: 80 done!
 -> Progress: 100 done!
Testing...
 -> Progress: 20 done!
 -> Progress: 40 done!
 -> Progress: 60 done!
 -> Progress: 80 done!
 -> Progress: 100 done!
Testing...
 -> Progress: 20 done!
 -> Progress: 40 done!
 -> Progress: 60 done!
 -> Progress: 80 done!
 -> Progress: 100 done!

Keys:  ['time', 'acc1', 'acc5', 'ce_loss']
Training:  [0.0202919602394104, 97.7734375, 100.0, 0.4679731599986553]
Testing New Task:  [0.0171860933303833, 75.3, 97.9, 1.0280723035335542]
Testing Old Task:  [0.005464531580607096, 62.42666666666667, 87.64, 2.1637944746017457]
Best Acc:  77.1

Epoch: [35 | 45] LR: 34.000000
Training...
 -> Progress: 20 done!
 -> Progress: 40 done!
 -> Progress: 60 done!
 -> Progress: 80 done!
 -> Progress: 100 done!
Testing...
 -> Progress: 20 done!
 -> Progress: 40 done!
 -> Progress: 60 done!
 -> Progress: 80 done!
 -> Progress: 100 done!
Testing...
 -> Progress: 20 done!
 -> Progress: 40 done!
 -> Progress: 60 done!
 -> Progress: 80 done!
 -> Progress: 100 done!

Keys:  ['time', 'acc1', 'acc5', 'ce_loss']
Training:  [0.01967320442199707, 97.98828125, 100.0, 0.4616002894937992]
Testing New Task:  [0.017720627784729003, 75.1, 97.9, 1.0277105629444123]
Testing Old Task:  [0.005667041142781576, 62.4, 87.62666666666667, 2.1635638507207235]
Best Acc:  77.1

Epoch: [36 | 45] LR: 35.000000
Training...
 -> Progress: 20 done!
 -> Progress: 40 done!
 -> Progress: 60 done!
 -> Progress: 80 done!
 -> Progress: 100 done!
Testing...
 -> Progress: 20 done!
 -> Progress: 40 done!
 -> Progress: 60 done!
 -> Progress: 80 done!
 -> Progress: 100 done!
Testing...
 -> Progress: 20 done!
 -> Progress: 40 done!
 -> Progress: 60 done!
 -> Progress: 80 done!
 -> Progress: 100 done!

Keys:  ['time', 'acc1', 'acc5', 'ce_loss']
Training:  [0.020319664478302003, 97.265625, 100.0, 0.46639164686203005]
Testing New Task:  [0.018424105644226075, 75.7, 97.9, 1.0288539111614228]
Testing Old Task:  [0.005287221272786458, 62.413333333333334, 87.61333333333333, 2.1644869311650594]
Best Acc:  77.1

Epoch: [37 | 45] LR: 36.000000
Training...
 -> Progress: 20 done!
 -> Progress: 40 done!
 -> Progress: 60 done!
 -> Progress: 80 done!
 -> Progress: 100 done!
Testing...
 -> Progress: 20 done!
 -> Progress: 40 done!
 -> Progress: 60 done!
 -> Progress: 80 done!
 -> Progress: 100 done!
Testing...
 -> Progress: 20 done!
 -> Progress: 40 done!
 -> Progress: 60 done!
 -> Progress: 80 done!
 -> Progress: 100 done!

Keys:  ['time', 'acc1', 'acc5', 'ce_loss']
Training:  [0.019919818639755248, 98.125, 99.98046875, 0.45668525621294975]
Testing New Task:  [0.017412853240966798, 75.8, 97.8, 1.031634622812271]
Testing Old Task:  [0.005394620895385742, 62.46666666666667, 87.58666666666667, 2.1641958951950073]
Best Acc:  77.1

Epoch: [38 | 45] LR: 37.000000
Training...
 -> Progress: 20 done!
 -> Progress: 40 done!
 -> Progress: 60 done!
 -> Progress: 80 done!
 -> Progress: 100 done!
Testing...
 -> Progress: 20 done!
 -> Progress: 40 done!
 -> Progress: 60 done!
 -> Progress: 80 done!
 -> Progress: 100 done!
Testing...
 -> Progress: 20 done!
 -> Progress: 40 done!
 -> Progress: 60 done!
 -> Progress: 80 done!
 -> Progress: 100 done!

Keys:  ['time', 'acc1', 'acc5', 'ce_loss']
Training:  [0.02038801312446594, 97.75390625, 99.98046875, 0.4697007700800896]
Testing New Task:  [0.017999982833862303, 75.9, 97.9, 1.0312521398067473]
Testing Old Task:  [0.005300369262695313, 62.53333333333333, 87.58666666666667, 2.1637710587183636]
Best Acc:  77.1

Epoch: [39 | 45] LR: 38.000000
Training...
 -> Progress: 20 done!
 -> Progress: 40 done!
 -> Progress: 60 done!
 -> Progress: 80 done!
 -> Progress: 100 done!
Testing...
 -> Progress: 20 done!
 -> Progress: 40 done!
 -> Progress: 60 done!
 -> Progress: 80 done!
 -> Progress: 100 done!
Testing...
 -> Progress: 20 done!
 -> Progress: 40 done!
 -> Progress: 60 done!
 -> Progress: 80 done!
 -> Progress: 100 done!

Keys:  ['time', 'acc1', 'acc5', 'ce_loss']
Training:  [0.020426154136657715, 97.83203125, 100.0, 0.46789729222655296]
Testing New Task:  [0.01774466037750244, 75.7, 97.9, 1.0313489615917206]
Testing Old Task:  [0.005168387095133464, 62.52, 87.6, 2.1627965354919434]
Best Acc:  77.1

Epoch: [40 | 45] LR: 39.000000
Training...
 -> Progress: 20 done!
 -> Progress: 40 done!
 -> Progress: 60 done!
 -> Progress: 80 done!
 -> Progress: 100 done!
Testing...
 -> Progress: 20 done!
 -> Progress: 40 done!
 -> Progress: 60 done!
 -> Progress: 80 done!
 -> Progress: 100 done!
Testing...
 -> Progress: 20 done!
 -> Progress: 40 done!
 -> Progress: 60 done!
 -> Progress: 80 done!
 -> Progress: 100 done!

Keys:  ['time', 'acc1', 'acc5', 'ce_loss']
Training:  [0.02053196430206299, 97.4609375, 100.0, 0.46849090456962583]
Testing New Task:  [0.016530346870422364, 76.1, 97.9, 1.0321183502674103]
Testing Old Task:  [0.005213228861490885, 62.42666666666667, 87.57333333333334, 2.165094960530599]
Best Acc:  77.1

Epoch: [41 | 45] LR: 40.000000
Training...
 -> Progress: 20 done!
 -> Progress: 40 done!
 -> Progress: 60 done!
 -> Progress: 80 done!
 -> Progress: 100 done!
Testing...
 -> Progress: 20 done!
 -> Progress: 40 done!
 -> Progress: 60 done!
 -> Progress: 80 done!
 -> Progress: 100 done!
Testing...
 -> Progress: 20 done!
 -> Progress: 40 done!
 -> Progress: 60 done!
 -> Progress: 80 done!
 -> Progress: 100 done!

Keys:  ['time', 'acc1', 'acc5', 'ce_loss']
Training:  [0.020210391283035277, 98.10546875, 99.98046875, 0.45621244236826897]
Testing New Task:  [0.017275166511535645, 75.6, 97.9, 1.0313609063625335]
Testing Old Task:  [0.005379403432210286, 62.50666666666667, 87.6, 2.1661843903859457]
Best Acc:  77.1

Epoch: [42 | 45] LR: 41.000000
Training...
 -> Progress: 20 done!
 -> Progress: 40 done!
 -> Progress: 60 done!
 -> Progress: 80 done!
 -> Progress: 100 done!
Testing...
 -> Progress: 20 done!
 -> Progress: 40 done!
 -> Progress: 60 done!
 -> Progress: 80 done!
 -> Progress: 100 done!
Testing...
 -> Progress: 20 done!
 -> Progress: 40 done!
 -> Progress: 60 done!
 -> Progress: 80 done!
 -> Progress: 100 done!

Keys:  ['time', 'acc1', 'acc5', 'ce_loss']
Training:  [0.019913238286972047, 98.06640625, 99.9609375, 0.4673530749976635]
Testing New Task:  [0.01728191375732422, 75.9, 98.0, 1.0311537981033325]
Testing Old Task:  [0.00550689697265625, 62.45333333333333, 87.6, 2.164605746269226]
Best Acc:  77.1

Epoch: [43 | 45] LR: 42.000000
Training...
 -> Progress: 20 done!
 -> Progress: 40 done!
 -> Progress: 60 done!
 -> Progress: 80 done!
 -> Progress: 100 done!
Testing...
 -> Progress: 20 done!
 -> Progress: 40 done!
 -> Progress: 60 done!
 -> Progress: 80 done!
 -> Progress: 100 done!
Testing...
 -> Progress: 20 done!
 -> Progress: 40 done!
 -> Progress: 60 done!
 -> Progress: 80 done!
 -> Progress: 100 done!

Keys:  ['time', 'acc1', 'acc5', 'ce_loss']
Training:  [0.02033150792121887, 97.734375, 99.98046875, 0.47039035335183144]
Testing New Task:  [0.01670677661895752, 75.9, 98.0, 1.030435848236084]
Testing Old Task:  [0.005212955474853516, 62.413333333333334, 87.64, 2.164091033935547]
Best Acc:  77.1

Epoch: [44 | 45] LR: 43.000000
Training...
 -> Progress: 20 done!
 -> Progress: 40 done!
 -> Progress: 60 done!
 -> Progress: 80 done!
 -> Progress: 100 done!
Testing...
 -> Progress: 20 done!
 -> Progress: 40 done!
 -> Progress: 60 done!
 -> Progress: 80 done!
 -> Progress: 100 done!
Testing...
 -> Progress: 20 done!
 -> Progress: 40 done!
 -> Progress: 60 done!
 -> Progress: 80 done!
 -> Progress: 100 done!

Keys:  ['time', 'acc1', 'acc5', 'ce_loss']
Training:  [0.020293939113616943, 98.22265625, 99.98046875, 0.4536862067878246]
Testing New Task:  [0.01789114475250244, 76.1, 97.8, 1.0306290924549102]
Testing Old Task:  [0.005362958908081055, 62.52, 87.57333333333334, 2.162832644780477]
Best Acc:  77.1

Epoch: [45 | 45] LR: 44.000000
Training...
 -> Progress: 20 done!
 -> Progress: 40 done!
 -> Progress: 60 done!
 -> Progress: 80 done!
 -> Progress: 100 done!
Testing...
 -> Progress: 20 done!
 -> Progress: 40 done!
 -> Progress: 60 done!
 -> Progress: 80 done!
 -> Progress: 100 done!
Testing...
 -> Progress: 20 done!
 -> Progress: 40 done!
 -> Progress: 60 done!
 -> Progress: 80 done!
 -> Progress: 100 done!

Keys:  ['time', 'acc1', 'acc5', 'ce_loss']
Training:  [0.020307064056396484, 98.14453125, 100.0, 0.45418904200196264]
Testing New Task:  [0.016975903511047365, 75.9, 97.8, 1.029833436012268]
Testing Old Task:  [0.005319331487019857, 62.52, 87.61333333333333, 2.1626607815424603]
Best Acc:  77.1

real	13m15.137s
user	25m28.528s
sys	5m56.311s

Ending script...
Tue Feb  8 17:21:58 EST 2022
