Tue Feb  8 16:18:39 EST 2022
Slurm nodes: evc3
You were assigned 1 gpu(s)
Please run `conda env list` to see a list of all available environments. Use
`source activate <env>` to activate the environment '<env>'. 

Currently Loaded Modules:
  1) anaconda/anaconda3

 

	[4mGPU0	mlx5_0	CPU Affinity	NUMA Affinity[0m
GPU0	 X 	SYS	0,2,20,22	0-1
mlx5_0	SYS	 X 		

Legend:

  X    = Self
  SYS  = Connection traversing PCIe as well as the SMP interconnect between NUMA nodes (e.g., QPI/UPI)
  NODE = Connection traversing PCIe as well as the interconnect between PCIe Host Bridges within a NUMA node
  PHB  = Connection traversing PCIe as well as a PCIe Host Bridge (typically the CPU)
  PXB  = Connection traversing multiple PCIe bridges (without traversing the PCIe Host Bridge)
  PIX  = Connection traversing at most a single PCIe bridge
  NV#  = Connection traversing a bonded set of # NVLinks


Namespace(arch='vgg16', checkpoint='checkpoint', dataset='cifar100', epochs_t1=90, epochs_t2=15, gamma=0.1, jobid='124952', logs='logs', lr_t1=0.05, lr_t2=0.005, manualSeed=2232, momentum=0.9, schedule_t1=[50, 70], schedule_t2=[5, 10], t1_weight=0.1, test_batch=100, train_batch=128, weight_decay=0.0005, workers=4)
==> Preparing dataset cifar100
Files already downloaded and verified
Testing...
 -> Progress: 20 done!
 -> Progress: 40 done!
 -> Progress: 60 done!
 -> Progress: 80 done!
 -> Progress: 100 done!

Test loss: 4.3173 
Val accuracy: 1.27%
==> Preparing dataset cifar100
Files already downloaded and verified
==> Preparing dataset cifar100
Files already downloaded and verified
    Total params: 14.76M

Epoch: [1 | 90] LR: 0.050000
Training...
 -> Progress: 20 done!
 -> Progress: 40 done!
 -> Progress: 60 done!
 -> Progress: 80 done!
 -> Progress: 100 done!
Testing...
 -> Progress: 20 done!
 -> Progress: 40 done!
 -> Progress: 60 done!
 -> Progress: 80 done!
 -> Progress: 100 done!

Keys:  ['time', 'acc1', 'acc5', 'ce_loss']
Training:  [0.007335929740411023, 2.5174949079650255, 12.072432703532456, 4.168551146373814]
Testing:  [0.005486647288004558, 4.08, 19.333333333333332, 4.031924686431885]
Best Acc:  4.08

Epoch: [2 | 90] LR: 0.050000
Training...
 -> Progress: 20 done!
 -> Progress: 40 done!
 -> Progress: 60 done!
 -> Progress: 80 done!
 -> Progress: 100 done!
Testing...
 -> Progress: 20 done!
 -> Progress: 40 done!
 -> Progress: 60 done!
 -> Progress: 80 done!
 -> Progress: 100 done!

Keys:  ['time', 'acc1', 'acc5', 'ce_loss']
Training:  [0.007261463399633206, 5.24305364459041, 22.297578583805226, 3.8956914013156303]
Testing:  [0.005041952133178711, 8.093333333333334, 29.866666666666667, 3.699056561787923]
Best Acc:  8.093333333333334

Epoch: [3 | 90] LR: 0.050000
Training...
 -> Progress: 20 done!
 -> Progress: 40 done!
 -> Progress: 60 done!
 -> Progress: 80 done!
 -> Progress: 100 done!
Testing...
 -> Progress: 20 done!
 -> Progress: 40 done!
 -> Progress: 60 done!
 -> Progress: 80 done!
 -> Progress: 100 done!

Keys:  ['time', 'acc1', 'acc5', 'ce_loss']
Training:  [0.007290051658812643, 9.399857563370324, 33.962828912832634, 3.581057482612011]
Testing:  [0.005514227549235026, 12.186666666666667, 39.026666666666664, 3.4114828968048094]
Best Acc:  12.186666666666667

Epoch: [4 | 90] LR: 0.050000
Training...
 -> Progress: 20 done!
 -> Progress: 40 done!
 -> Progress: 60 done!
 -> Progress: 80 done!
 -> Progress: 100 done!
Testing...
 -> Progress: 20 done!
 -> Progress: 40 done!
 -> Progress: 60 done!
 -> Progress: 80 done!
 -> Progress: 100 done!

Keys:  ['time', 'acc1', 'acc5', 'ce_loss']
Training:  [0.007399864164228732, 13.32580438815693, 40.80055117037516, 3.4032735507236]
Testing:  [0.00521434466044108, 15.546666666666667, 44.54666666666667, 3.2873417059580485]
Best Acc:  15.546666666666667

Epoch: [5 | 90] LR: 0.050000
Training...
 -> Progress: 20 done!
 -> Progress: 40 done!
 -> Progress: 60 done!
 -> Progress: 80 done!
 -> Progress: 100 done!
Testing...
 -> Progress: 20 done!
 -> Progress: 40 done!
 -> Progress: 60 done!
 -> Progress: 80 done!
 -> Progress: 100 done!

Keys:  ['time', 'acc1', 'acc5', 'ce_loss']
Training:  [0.007350378882762922, 16.03717109042223, 45.96232315948799, 3.233860314502651]
Testing:  [0.00520663579305013, 19.493333333333332, 50.16, 3.107309652964274]
Best Acc:  19.493333333333332

Epoch: [6 | 90] LR: 0.050000
Training...
 -> Progress: 20 done!
 -> Progress: 40 done!
 -> Progress: 60 done!
 -> Progress: 80 done!
 -> Progress: 100 done!
Testing...
 -> Progress: 20 done!
 -> Progress: 40 done!
 -> Progress: 60 done!
 -> Progress: 80 done!
 -> Progress: 100 done!

Keys:  ['time', 'acc1', 'acc5', 'ce_loss']
Training:  [0.007367113751356106, 19.25386023277309, 50.33992073397587, 3.097151106128107]
Testing:  [0.0055464808146158855, 22.64, 54.413333333333334, 2.9446835041046144]
Best Acc:  22.64

Epoch: [7 | 90] LR: 0.050000
Training...
 -> Progress: 20 done!
 -> Progress: 40 done!
 -> Progress: 60 done!
 -> Progress: 80 done!
 -> Progress: 100 done!
Testing...
 -> Progress: 20 done!
 -> Progress: 40 done!
 -> Progress: 60 done!
 -> Progress: 80 done!
 -> Progress: 100 done!

Keys:  ['time', 'acc1', 'acc5', 'ce_loss']
Training:  [0.007310935661654423, 22.325704613643296, 54.15775006134762, 2.9700209069170644]
Testing:  [0.005175377527872721, 24.36, 55.86666666666667, 2.8960563723246255]
Best Acc:  24.36

Epoch: [8 | 90] LR: 0.050000
Training...
 -> Progress: 20 done!
 -> Progress: 40 done!
 -> Progress: 60 done!
 -> Progress: 80 done!
 -> Progress: 100 done!
Testing...
 -> Progress: 20 done!
 -> Progress: 40 done!
 -> Progress: 60 done!
 -> Progress: 80 done!
 -> Progress: 100 done!

Keys:  ['time', 'acc1', 'acc5', 'ce_loss']
Training:  [0.007389919749705865, 25.131770892354815, 57.81946699122927, 2.837038154081273]
Testing:  [0.005192089080810547, 27.533333333333335, 59.52, 2.758134552637736]
Best Acc:  27.533333333333335

Epoch: [9 | 90] LR: 0.050000
Training...
 -> Progress: 20 done!
 -> Progress: 40 done!
 -> Progress: 60 done!
 -> Progress: 80 done!
 -> Progress: 100 done!
Testing...
 -> Progress: 20 done!
 -> Progress: 40 done!
 -> Progress: 60 done!
 -> Progress: 80 done!
 -> Progress: 100 done!

Keys:  ['time', 'acc1', 'acc5', 'ce_loss']
Training:  [0.007251558857159403, 27.562135305827795, 60.98669904897644, 2.719625490924197]
Testing:  [0.005250129699707031, 28.986666666666668, 61.973333333333336, 2.665901794433594]
Best Acc:  28.986666666666668

Epoch: [10 | 90] LR: 0.050000
Training...
 -> Progress: 20 done!
 -> Progress: 40 done!
 -> Progress: 60 done!
 -> Progress: 80 done!
 -> Progress: 100 done!
Testing...
 -> Progress: 20 done!
 -> Progress: 40 done!
 -> Progress: 60 done!
 -> Progress: 80 done!
 -> Progress: 100 done!

Keys:  ['time', 'acc1', 'acc5', 'ce_loss']
Training:  [0.007240939872663583, 29.771189992338318, 63.149479107645185, 2.6295553995073857]
Testing:  [0.005351597468058268, 29.44, 62.18666666666667, 2.664099095662435]
Best Acc:  29.44

Epoch: [11 | 90] LR: 0.050000
Training...
 -> Progress: 20 done!
 -> Progress: 40 done!
 -> Progress: 60 done!
 -> Progress: 80 done!
 -> Progress: 100 done!
Testing...
 -> Progress: 20 done!
 -> Progress: 40 done!
 -> Progress: 60 done!
 -> Progress: 80 done!
 -> Progress: 100 done!

Keys:  ['time', 'acc1', 'acc5', 'ce_loss']
Training:  [0.007235981905419672, 31.792135726876634, 65.35698558039226, 2.53481386708725]
Testing:  [0.005043544769287109, 32.693333333333335, 64.94666666666667, 2.534950227737427]
Best Acc:  32.693333333333335

Epoch: [12 | 90] LR: 0.050000
Training...
 -> Progress: 20 done!
 -> Progress: 40 done!
 -> Progress: 60 done!
 -> Progress: 80 done!
 -> Progress: 100 done!
Testing...
 -> Progress: 20 done!
 -> Progress: 40 done!
 -> Progress: 60 done!
 -> Progress: 80 done!
 -> Progress: 100 done!

Keys:  ['time', 'acc1', 'acc5', 'ce_loss']
Training:  [0.00742019158581418, 33.96592535337897, 68.01657286764411, 2.431689912548651]
Testing:  [0.0054498958587646485, 35.53333333333333, 68.98666666666666, 2.388897992769877]
Best Acc:  35.53333333333333

Epoch: [13 | 90] LR: 0.050000
Training...
 -> Progress: 20 done!
 -> Progress: 40 done!
 -> Progress: 60 done!
 -> Progress: 80 done!
 -> Progress: 100 done!
Testing...
 -> Progress: 20 done!
 -> Progress: 40 done!
 -> Progress: 60 done!
 -> Progress: 80 done!
 -> Progress: 100 done!

Keys:  ['time', 'acc1', 'acc5', 'ce_loss']
Training:  [0.007315343557364298, 36.73010362618612, 70.5570330570989, 2.3290437614551585]
Testing:  [0.005297091801961263, 35.45333333333333, 69.02666666666667, 2.388992443084717]
Best Acc:  35.53333333333333

Epoch: [14 | 90] LR: 0.050000
Training...
 -> Progress: 20 done!
 -> Progress: 40 done!
 -> Progress: 60 done!
 -> Progress: 80 done!
 -> Progress: 100 done!
Testing...
 -> Progress: 20 done!
 -> Progress: 40 done!
 -> Progress: 60 done!
 -> Progress: 80 done!
 -> Progress: 100 done!

Keys:  ['time', 'acc1', 'acc5', 'ce_loss']
Training:  [0.007282039004381199, 38.34446906392485, 71.77083907924822, 2.2642860176620223]
Testing:  [0.00558388074239095, 39.74666666666667, 72.24, 2.218284111022949]
Best Acc:  39.74666666666667

Epoch: [15 | 90] LR: 0.050000
Training...
 -> Progress: 20 done!
 -> Progress: 40 done!
 -> Progress: 60 done!
 -> Progress: 80 done!
 -> Progress: 100 done!
Testing...
 -> Progress: 20 done!
 -> Progress: 40 done!
 -> Progress: 60 done!
 -> Progress: 80 done!
 -> Progress: 100 done!

Keys:  ['time', 'acc1', 'acc5', 'ce_loss']
Training:  [0.007026449405292602, 40.04828732331051, 73.50132116115948, 2.1810095029479406]
Testing:  [0.005033013025919597, 42.48, 74.50666666666666, 2.1181316153208414]
Best Acc:  42.48

Epoch: [16 | 90] LR: 0.050000
Training...
 -> Progress: 20 done!
 -> Progress: 40 done!
 -> Progress: 60 done!
 -> Progress: 80 done!
 -> Progress: 100 done!
Testing...
 -> Progress: 20 done!
 -> Progress: 40 done!
 -> Progress: 60 done!
 -> Progress: 80 done!
 -> Progress: 100 done!

Keys:  ['time', 'acc1', 'acc5', 'ce_loss']
Training:  [0.007205442356981922, 41.63220438778197, 74.5702823990441, 2.129403926406704]
Testing:  [0.004998210271199544, 40.733333333333334, 73.18666666666667, 2.1763640610376993]
Best Acc:  42.48

Epoch: [17 | 90] LR: 0.050000
Training...
 -> Progress: 20 done!
 -> Progress: 40 done!
 -> Progress: 60 done!
 -> Progress: 80 done!
 -> Progress: 100 done!
Testing...
 -> Progress: 20 done!
 -> Progress: 40 done!
 -> Progress: 60 done!
 -> Progress: 80 done!
 -> Progress: 100 done!

Keys:  ['time', 'acc1', 'acc5', 'ce_loss']
Training:  [0.007153314128263819, 42.862610787661815, 75.58582998542656, 2.0743404525131903]
Testing:  [0.004863284428914388, 41.0, 73.18666666666667, 2.2076850573221845]
Best Acc:  42.48

Epoch: [18 | 90] LR: 0.050000
Training...
 -> Progress: 20 done!
 -> Progress: 40 done!
 -> Progress: 60 done!
 -> Progress: 80 done!
 -> Progress: 100 done!
Testing...
 -> Progress: 20 done!
 -> Progress: 40 done!
 -> Progress: 60 done!
 -> Progress: 80 done!
 -> Progress: 100 done!

Keys:  ['time', 'acc1', 'acc5', 'ce_loss']
Training:  [0.007009109132525864, 44.6293900655805, 77.1766280346763, 2.0086238111652204]
Testing:  [0.005112072626749674, 43.986666666666665, 76.25333333333333, 2.04125493367513]
Best Acc:  43.986666666666665

Epoch: [19 | 90] LR: 0.050000
Training...
 -> Progress: 20 done!
 -> Progress: 40 done!
 -> Progress: 60 done!
 -> Progress: 80 done!
 -> Progress: 100 done!
Testing...
 -> Progress: 20 done!
 -> Progress: 40 done!
 -> Progress: 60 done!
 -> Progress: 80 done!
 -> Progress: 100 done!

Keys:  ['time', 'acc1', 'acc5', 'ce_loss']
Training:  [0.006961029951076052, 45.62171433484595, 78.06092081948759, 1.9544346666173316]
Testing:  [0.0051761690775553384, 45.25333333333333, 77.72, 2.021457257270813]
Best Acc:  45.25333333333333

Epoch: [20 | 90] LR: 0.050000
Training...
 -> Progress: 20 done!
 -> Progress: 40 done!
 -> Progress: 60 done!
 -> Progress: 80 done!
 -> Progress: 100 done!
Testing...
 -> Progress: 20 done!
 -> Progress: 40 done!
 -> Progress: 60 done!
 -> Progress: 80 done!
 -> Progress: 100 done!

Keys:  ['time', 'acc1', 'acc5', 'ce_loss']
Training:  [0.006977074789105829, 46.771441150443955, 78.62412954597343, 1.915416306603077]
Testing:  [0.0048247655232747395, 44.81333333333333, 75.4, 2.0609714142481486]
Best Acc:  45.25333333333333

Epoch: [21 | 90] LR: 0.050000
Training...
 -> Progress: 20 done!
 -> Progress: 40 done!
 -> Progress: 60 done!
 -> Progress: 80 done!
 -> Progress: 100 done!
Testing...
 -> Progress: 20 done!
 -> Progress: 40 done!
 -> Progress: 60 done!
 -> Progress: 80 done!
 -> Progress: 100 done!

Keys:  ['time', 'acc1', 'acc5', 'ce_loss']
Training:  [0.007020300158868471, 47.92736087317353, 79.7065947340617, 1.871586195844839]
Testing:  [0.004791069030761719, 46.54666666666667, 77.54666666666667, 1.9393703985214232]
Best Acc:  46.54666666666667

Epoch: [22 | 90] LR: 0.050000
Training...
 -> Progress: 20 done!
 -> Progress: 40 done!
 -> Progress: 60 done!
 -> Progress: 80 done!
 -> Progress: 100 done!
Testing...
 -> Progress: 20 done!
 -> Progress: 40 done!
 -> Progress: 60 done!
 -> Progress: 80 done!
 -> Progress: 100 done!

Keys:  ['time', 'acc1', 'acc5', 'ce_loss']
Training:  [0.007019881909210934, 49.612944515085054, 81.01114375924901, 1.8114039344592305]
Testing:  [0.004822874069213867, 48.54666666666667, 78.56, 1.9204728571573892]
Best Acc:  48.54666666666667

Epoch: [23 | 90] LR: 0.050000
Training...
 -> Progress: 20 done!
 -> Progress: 40 done!
 -> Progress: 60 done!
 -> Progress: 80 done!
 -> Progress: 100 done!
Testing...
 -> Progress: 20 done!
 -> Progress: 40 done!
 -> Progress: 60 done!
 -> Progress: 80 done!
 -> Progress: 100 done!

Keys:  ['time', 'acc1', 'acc5', 'ce_loss']
Training:  [0.007051205879185387, 49.9018599344195, 81.1523760121837, 1.7967782866832747]
Testing:  [0.004953826268513997, 47.093333333333334, 77.98666666666666, 1.95373597462972]
Best Acc:  48.54666666666667

Epoch: [24 | 90] LR: 0.050000
Training...
 -> Progress: 20 done!
 -> Progress: 40 done!
 -> Progress: 60 done!
 -> Progress: 80 done!
 -> Progress: 100 done!
Testing...
 -> Progress: 20 done!
 -> Progress: 40 done!
 -> Progress: 60 done!
 -> Progress: 80 done!
 -> Progress: 100 done!

Keys:  ['time', 'acc1', 'acc5', 'ce_loss']
Training:  [0.006901658842588041, 50.727578303106, 81.69064117535797, 1.7647691985446032]
Testing:  [0.00512242317199707, 48.22666666666667, 78.10666666666667, 1.9090495856602987]
Best Acc:  48.54666666666667

Epoch: [25 | 90] LR: 0.050000
Training...
 -> Progress: 20 done!
 -> Progress: 40 done!
 -> Progress: 60 done!
 -> Progress: 80 done!
 -> Progress: 100 done!
Testing...
 -> Progress: 20 done!
 -> Progress: 40 done!
 -> Progress: 60 done!
 -> Progress: 80 done!
 -> Progress: 100 done!

Keys:  ['time', 'acc1', 'acc5', 'ce_loss']
Training:  [0.006987068840261205, 51.811935763310245, 82.4695688449482, 1.7230006350592135]
Testing:  [0.005033426284790039, 48.36, 79.32, 1.8861503410339355]
Best Acc:  48.54666666666667

Epoch: [26 | 90] LR: 0.050000
Training...
 -> Progress: 20 done!
 -> Progress: 40 done!
 -> Progress: 60 done!
 -> Progress: 80 done!
 -> Progress: 100 done!
Testing...
 -> Progress: 20 done!
 -> Progress: 40 done!
 -> Progress: 60 done!
 -> Progress: 80 done!
 -> Progress: 100 done!

Keys:  ['time', 'acc1', 'acc5', 'ce_loss']
Training:  [0.0068958708857513535, 52.73880463167262, 83.04060470528977, 1.6910952952127816]
Testing:  [0.004930922190348307, 50.72, 80.98666666666666, 1.8033329836527507]
Best Acc:  50.72

Epoch: [27 | 90] LR: 0.050000
Training...
 -> Progress: 20 done!
 -> Progress: 40 done!
 -> Progress: 60 done!
 -> Progress: 80 done!
 -> Progress: 100 done!
Testing...
 -> Progress: 20 done!
 -> Progress: 40 done!
 -> Progress: 60 done!
 -> Progress: 80 done!
 -> Progress: 100 done!

Keys:  ['time', 'acc1', 'acc5', 'ce_loss']
Training:  [0.006946898971401384, 53.818861469880716, 83.45595823945446, 1.6551578451749]
Testing:  [0.005084962844848633, 48.78666666666667, 79.02666666666667, 1.9123436959584554]
Best Acc:  50.72

Epoch: [28 | 90] LR: 0.050000
Training...
 -> Progress: 20 done!
 -> Progress: 40 done!
 -> Progress: 60 done!
 -> Progress: 80 done!
 -> Progress: 100 done!
Testing...
 -> Progress: 20 done!
 -> Progress: 40 done!
 -> Progress: 60 done!
 -> Progress: 80 done!
 -> Progress: 100 done!

Keys:  ['time', 'acc1', 'acc5', 'ce_loss']
Training:  [0.007010778062579575, 53.9734256340782, 83.91689831730449, 1.6385570626210026]
Testing:  [0.0050487486521403, 48.92, 79.0, 1.9153688685099284]
Best Acc:  50.72

Epoch: [29 | 90] LR: 0.050000
Training...
 -> Progress: 20 done!
 -> Progress: 40 done!
 -> Progress: 60 done!
 -> Progress: 80 done!
 -> Progress: 100 done!
Testing...
 -> Progress: 20 done!
 -> Progress: 40 done!
 -> Progress: 60 done!
 -> Progress: 80 done!
 -> Progress: 100 done!

Keys:  ['time', 'acc1', 'acc5', 'ce_loss']
Training:  [0.007151556503243821, 55.0847909556314, 84.45834595351496, 1.609013299486336]
Testing:  [0.005098918279012044, 51.2, 80.25333333333333, 1.7964288520812988]
Best Acc:  51.2

Epoch: [30 | 90] LR: 0.050000
Training...
 -> Progress: 20 done!
 -> Progress: 40 done!
 -> Progress: 60 done!
 -> Progress: 80 done!
 -> Progress: 100 done!
Testing...
 -> Progress: 20 done!
 -> Progress: 40 done!
 -> Progress: 60 done!
 -> Progress: 80 done!
 -> Progress: 100 done!

Keys:  ['time', 'acc1', 'acc5', 'ce_loss']
Training:  [0.007098410316701635, 55.24184947616004, 84.54453030218443, 1.596959279665768]
Testing:  [0.005460694630940755, 48.333333333333336, 78.88, 1.951432778040568]
Best Acc:  51.2

Epoch: [31 | 90] LR: 0.050000
Training...
 -> Progress: 20 done!
 -> Progress: 40 done!
 -> Progress: 60 done!
 -> Progress: 80 done!
 -> Progress: 100 done!
Testing...
 -> Progress: 20 done!
 -> Progress: 40 done!
 -> Progress: 60 done!
 -> Progress: 80 done!
 -> Progress: 100 done!

Keys:  ['time', 'acc1', 'acc5', 'ce_loss']
Training:  [0.007044442277719543, 55.905950682968815, 85.0856338865521, 1.5707113531262396]
Testing:  [0.005318107604980468, 51.29333333333334, 80.94666666666667, 1.7982676394780477]
Best Acc:  51.29333333333334

Epoch: [32 | 90] LR: 0.050000
Training...
 -> Progress: 20 done!
 -> Progress: 40 done!
 -> Progress: 60 done!
 -> Progress: 80 done!
 -> Progress: 100 done!
Testing...
 -> Progress: 20 done!
 -> Progress: 40 done!
 -> Progress: 60 done!
 -> Progress: 80 done!
 -> Progress: 100 done!

Keys:  ['time', 'acc1', 'acc5', 'ce_loss']
Training:  [0.007096994452102192, 56.55250536296962, 85.61073915136552, 1.5436752017447566]
Testing:  [0.0050195598602294925, 52.42666666666667, 81.94666666666667, 1.7247984679539998]
Best Acc:  52.42666666666667

Epoch: [33 | 90] LR: 0.050000
Training...
 -> Progress: 20 done!
 -> Progress: 40 done!
 -> Progress: 60 done!
 -> Progress: 80 done!
 -> Progress: 100 done!
Testing...
 -> Progress: 20 done!
 -> Progress: 40 done!
 -> Progress: 60 done!
 -> Progress: 80 done!
 -> Progress: 100 done!

Keys:  ['time', 'acc1', 'acc5', 'ce_loss']
Training:  [0.007154739757446705, 57.376245466108614, 86.05869136979555, 1.513288938144775]
Testing:  [0.004871190388997396, 52.266666666666666, 81.48, 1.7686858145395914]
Best Acc:  52.42666666666667

Epoch: [34 | 90] LR: 0.050000
Training...
 -> Progress: 20 done!
 -> Progress: 40 done!
 -> Progress: 60 done!
 -> Progress: 80 done!
 -> Progress: 100 done!
Testing...
 -> Progress: 20 done!
 -> Progress: 40 done!
 -> Progress: 60 done!
 -> Progress: 80 done!
 -> Progress: 100 done!

Keys:  ['time', 'acc1', 'acc5', 'ce_loss']
Training:  [0.007155747950687344, 57.125347488976175, 85.97061474901011, 1.5121657417089052]
Testing:  [0.005070619583129883, 51.12, 80.61333333333333, 1.8027364635467529]
Best Acc:  52.42666666666667

Epoch: [35 | 90] LR: 0.050000
Training...
 -> Progress: 20 done!
 -> Progress: 40 done!
 -> Progress: 60 done!
 -> Progress: 80 done!
 -> Progress: 100 done!
Testing...
 -> Progress: 20 done!
 -> Progress: 40 done!
 -> Progress: 60 done!
 -> Progress: 80 done!
 -> Progress: 100 done!

Keys:  ['time', 'acc1', 'acc5', 'ce_loss']
Training:  [0.007140847196351139, 57.844152535187916, 86.16749697740575, 1.4962899855786216]
Testing:  [0.004891319274902344, 50.89333333333333, 79.78666666666666, 1.8284683259328207]
Best Acc:  52.42666666666667

Epoch: [36 | 90] LR: 0.050000
Training...
 -> Progress: 20 done!
 -> Progress: 40 done!
 -> Progress: 60 done!
 -> Progress: 80 done!
 -> Progress: 100 done!
Testing...
 -> Progress: 20 done!
 -> Progress: 40 done!
 -> Progress: 60 done!
 -> Progress: 80 done!
 -> Progress: 100 done!

Keys:  ['time', 'acc1', 'acc5', 'ce_loss']
Training:  [0.007001469159695882, 58.20514629481189, 86.5728730862458, 1.479121218362359]
Testing:  [0.005539433161417643, 51.946666666666665, 80.52, 1.8176044829686482]
Best Acc:  52.42666666666667

Epoch: [37 | 90] LR: 0.050000
Training...
 -> Progress: 20 done!
 -> Progress: 40 done!
 -> Progress: 60 done!
 -> Progress: 80 done!
 -> Progress: 100 done!
Testing...
 -> Progress: 20 done!
 -> Progress: 40 done!
 -> Progress: 60 done!
 -> Progress: 80 done!
 -> Progress: 100 done!

Keys:  ['time', 'acc1', 'acc5', 'ce_loss']
Training:  [0.007129298135282237, 59.33250990988044, 86.80261201825972, 1.442667840690743]
Testing:  [0.0051164595286051434, 52.70666666666666, 81.66666666666667, 1.7817761786778767]
Best Acc:  52.70666666666666

Epoch: [38 | 90] LR: 0.050000
Training...
 -> Progress: 20 done!
 -> Progress: 40 done!
 -> Progress: 60 done!
 -> Progress: 80 done!
 -> Progress: 100 done!
Testing...
 -> Progress: 20 done!
 -> Progress: 40 done!
 -> Progress: 60 done!
 -> Progress: 80 done!
 -> Progress: 100 done!

Keys:  ['time', 'acc1', 'acc5', 'ce_loss']
Training:  [0.007124348305191196, 58.92231710128003, 86.87451833262786, 1.456793960857717]
Testing:  [0.004995737075805664, 52.77333333333333, 80.92, 1.7784123547871908]
Best Acc:  52.77333333333333

Epoch: [39 | 90] LR: 0.050000
Training...
 -> Progress: 20 done!
 -> Progress: 40 done!
 -> Progress: 60 done!
 -> Progress: 80 done!
 -> Progress: 100 done!
Testing...
 -> Progress: 20 done!
 -> Progress: 40 done!
 -> Progress: 60 done!
 -> Progress: 80 done!
 -> Progress: 100 done!

Keys:  ['time', 'acc1', 'acc5', 'ce_loss']
Training:  [0.007120158485178248, 59.76196947846396, 87.42663147180967, 1.4182640013027517]
Testing:  [0.004973669052124024, 53.28, 82.90666666666667, 1.7248982572555542]
Best Acc:  53.28

Epoch: [40 | 90] LR: 0.050000
Training...
 -> Progress: 20 done!
 -> Progress: 40 done!
 -> Progress: 60 done!
 -> Progress: 80 done!
 -> Progress: 100 done!
Testing...
 -> Progress: 20 done!
 -> Progress: 40 done!
 -> Progress: 60 done!
 -> Progress: 80 done!
 -> Progress: 100 done!

Keys:  ['time', 'acc1', 'acc5', 'ce_loss']
Training:  [0.0071070771982238564, 59.815383129966136, 87.19155977529064, 1.429411410471685]
Testing:  [0.004824047088623047, 54.14666666666667, 82.36, 1.720014942487081]
Best Acc:  54.14666666666667

Epoch: [41 | 90] LR: 0.050000
Training...
 -> Progress: 20 done!
 -> Progress: 40 done!
 -> Progress: 60 done!
 -> Progress: 80 done!
 -> Progress: 100 done!
Testing...
 -> Progress: 20 done!
 -> Progress: 40 done!
 -> Progress: 60 done!
 -> Progress: 80 done!
 -> Progress: 100 done!

Keys:  ['time', 'acc1', 'acc5', 'ce_loss']
Training:  [0.007085836788086354, 60.956766759983104, 87.62041725965896, 1.398840976046214]
Testing:  [0.005013469060262044, 53.13333333333333, 81.81333333333333, 1.7580038754145304]
Best Acc:  54.14666666666667

Epoch: [42 | 90] LR: 0.050000
Training...
 -> Progress: 20 done!
 -> Progress: 40 done!
 -> Progress: 60 done!
 -> Progress: 80 done!
 -> Progress: 100 done!
Testing...
 -> Progress: 20 done!
 -> Progress: 40 done!
 -> Progress: 60 done!
 -> Progress: 80 done!
 -> Progress: 100 done!

Keys:  ['time', 'acc1', 'acc5', 'ce_loss']
Training:  [0.007137314858290116, 61.01878165547758, 87.9570695271671, 1.3804061095462317]
Testing:  [0.005108826955159505, 53.946666666666665, 82.42666666666666, 1.7230393695831299]
Best Acc:  54.14666666666667

Epoch: [43 | 90] LR: 0.050000
Training...
 -> Progress: 20 done!
 -> Progress: 40 done!
 -> Progress: 60 done!
 -> Progress: 80 done!
 -> Progress: 100 done!
Testing...
 -> Progress: 20 done!
 -> Progress: 40 done!
 -> Progress: 60 done!
 -> Progress: 80 done!
 -> Progress: 100 done!

Keys:  ['time', 'acc1', 'acc5', 'ce_loss']
Training:  [0.007118903736205638, 61.2615084469115, 87.88017450013665, 1.3801369439212943]
Testing:  [0.004979060490926107, 52.693333333333335, 80.70666666666666, 1.7838229163487753]
Best Acc:  54.14666666666667

Epoch: [44 | 90] LR: 0.050000
Training...
 -> Progress: 20 done!
 -> Progress: 40 done!
 -> Progress: 60 done!
 -> Progress: 80 done!
 -> Progress: 100 done!
Testing...
 -> Progress: 20 done!
 -> Progress: 40 done!
 -> Progress: 60 done!
 -> Progress: 80 done!
 -> Progress: 100 done!

Keys:  ['time', 'acc1', 'acc5', 'ce_loss']
Training:  [0.006971072825148651, 60.91694305211611, 88.07998115617667, 1.3832893082713105]
Testing:  [0.0050846703847249345, 53.28, 82.16, 1.7231660334269205]
Best Acc:  54.14666666666667

Epoch: [45 | 90] LR: 0.050000
Training...
 -> Progress: 20 done!
 -> Progress: 40 done!
 -> Progress: 60 done!
 -> Progress: 80 done!
 -> Progress: 100 done!
Testing...
 -> Progress: 20 done!
 -> Progress: 40 done!
 -> Progress: 60 done!
 -> Progress: 80 done!
 -> Progress: 100 done!

Keys:  ['time', 'acc1', 'acc5', 'ce_loss']
Training:  [0.00712917363684332, 61.596440468225055, 88.39427021013591, 1.3554432571137724]
Testing:  [0.004838625590006511, 51.78666666666667, 79.86666666666666, 1.8969163831075033]
Best Acc:  54.14666666666667

Epoch: [46 | 90] LR: 0.050000
Training...
 -> Progress: 20 done!
 -> Progress: 40 done!
 -> Progress: 60 done!
 -> Progress: 80 done!
 -> Progress: 100 done!
Testing...
 -> Progress: 20 done!
 -> Progress: 40 done!
 -> Progress: 60 done!
 -> Progress: 80 done!
 -> Progress: 100 done!

Keys:  ['time', 'acc1', 'acc5', 'ce_loss']
Training:  [0.007090607600814246, 61.99330136556267, 88.25862876709817, 1.354564139257112]
Testing:  [0.004943745930989583, 54.4, 82.48, 1.6902124102910359]
Best Acc:  54.4

Epoch: [47 | 90] LR: 0.050000
Training...
 -> Progress: 20 done!
 -> Progress: 40 done!
 -> Progress: 60 done!
 -> Progress: 80 done!
 -> Progress: 100 done!
Testing...
 -> Progress: 20 done!
 -> Progress: 40 done!
 -> Progress: 60 done!
 -> Progress: 80 done!
 -> Progress: 100 done!

Keys:  ['time', 'acc1', 'acc5', 'ce_loss']
Training:  [0.0071098218598870284, 62.32333066764545, 88.63467467116007, 1.3339005566294282]
Testing:  [0.004955600102742513, 53.50666666666667, 81.96, 1.77021245320638]
Best Acc:  54.4

Epoch: [48 | 90] LR: 0.050000
Training...
 -> Progress: 20 done!
 -> Progress: 40 done!
 -> Progress: 60 done!
 -> Progress: 80 done!
 -> Progress: 100 done!
Testing...
 -> Progress: 20 done!
 -> Progress: 40 done!
 -> Progress: 60 done!
 -> Progress: 80 done!
 -> Progress: 100 done!

Keys:  ['time', 'acc1', 'acc5', 'ce_loss']
Training:  [0.007111447663030527, 62.39747330597236, 88.65901616327592, 1.3338789170919425]
Testing:  [0.005265897115071615, 55.666666666666664, 83.33333333333333, 1.6584467776616414]
Best Acc:  55.666666666666664

Epoch: [49 | 90] LR: 0.050000
Training...
 -> Progress: 20 done!
 -> Progress: 40 done!
 -> Progress: 60 done!
 -> Progress: 80 done!
 -> Progress: 100 done!
Testing...
 -> Progress: 20 done!
 -> Progress: 40 done!
 -> Progress: 60 done!
 -> Progress: 80 done!
 -> Progress: 100 done!

Keys:  ['time', 'acc1', 'acc5', 'ce_loss']
Training:  [0.007028392557398044, 62.71571893008496, 88.84531886911229, 1.3201186302985755]
Testing:  [0.005375115076700846, 54.76, 83.73333333333333, 1.681897889773051]
Best Acc:  55.666666666666664

Epoch: [50 | 90] LR: 0.050000
Training...
 -> Progress: 20 done!
 -> Progress: 40 done!
 -> Progress: 60 done!
 -> Progress: 80 done!
 -> Progress: 100 done!
Testing...
 -> Progress: 20 done!
 -> Progress: 40 done!
 -> Progress: 60 done!
 -> Progress: 80 done!
 -> Progress: 100 done!

Keys:  ['time', 'acc1', 'acc5', 'ce_loss']
Training:  [0.0071450109774749025, 62.610439834334336, 88.90982810791849, 1.3269997296072924]
Testing:  [0.0050947729746500655, 53.44, 80.74666666666667, 1.8229017845789592]
Best Acc:  55.666666666666664

Epoch: [51 | 90] LR: 0.005000
Training...
 -> Progress: 20 done!
 -> Progress: 40 done!
 -> Progress: 60 done!
 -> Progress: 80 done!
 -> Progress: 100 done!
Testing...
 -> Progress: 20 done!
 -> Progress: 40 done!
 -> Progress: 60 done!
 -> Progress: 80 done!
 -> Progress: 100 done!

Keys:  ['time', 'acc1', 'acc5', 'ce_loss']
Training:  [0.007114526761676671, 74.66463793341211, 94.47499792730441, 0.8470133315174246]
Testing:  [0.004899727503458659, 63.88, 88.16, 1.358188789685567]
Best Acc:  63.88

Epoch: [52 | 90] LR: 0.005000
Training...
 -> Progress: 20 done!
 -> Progress: 40 done!
 -> Progress: 60 done!
 -> Progress: 80 done!
 -> Progress: 100 done!
Testing...
 -> Progress: 20 done!
 -> Progress: 40 done!
 -> Progress: 60 done!
 -> Progress: 80 done!
 -> Progress: 100 done!

Keys:  ['time', 'acc1', 'acc5', 'ce_loss']
Training:  [0.007044565962443173, 78.52065672890726, 96.05349622081978, 0.6992149571713328]
Testing:  [0.005012912750244141, 64.56, 88.66666666666667, 1.3353805788358053]
Best Acc:  64.56

Epoch: [53 | 90] LR: 0.005000
Training...
 -> Progress: 20 done!
 -> Progress: 40 done!
 -> Progress: 60 done!
 -> Progress: 80 done!
 -> Progress: 100 done!
Testing...
 -> Progress: 20 done!
 -> Progress: 40 done!
 -> Progress: 60 done!
 -> Progress: 80 done!
 -> Progress: 100 done!

Keys:  ['time', 'acc1', 'acc5', 'ce_loss']
Training:  [0.007112062831787526, 80.36011643133065, 96.75742113549555, 0.634543399761968]
Testing:  [0.005509325663248698, 64.97333333333333, 89.10666666666667, 1.3161080503463745]
Best Acc:  64.97333333333333

Epoch: [54 | 90] LR: 0.005000
Training...
 -> Progress: 20 done!
 -> Progress: 40 done!
 -> Progress: 60 done!
 -> Progress: 80 done!
 -> Progress: 100 done!
Testing...
 -> Progress: 20 done!
 -> Progress: 40 done!
 -> Progress: 60 done!
 -> Progress: 80 done!
 -> Progress: 100 done!

Keys:  ['time', 'acc1', 'acc5', 'ce_loss']
Training:  [0.007104488769895795, 81.75480636232135, 97.01055543658677, 0.5878994798497535]
Testing:  [0.005094369252522786, 65.38666666666667, 89.26666666666667, 1.31201353708903]
Best Acc:  65.38666666666667

Epoch: [55 | 90] LR: 0.005000
Training...
 -> Progress: 20 done!
 -> Progress: 40 done!
 -> Progress: 60 done!
 -> Progress: 80 done!
 -> Progress: 100 done!
Testing...
 -> Progress: 20 done!
 -> Progress: 40 done!
 -> Progress: 60 done!
 -> Progress: 80 done!
 -> Progress: 100 done!

Keys:  ['time', 'acc1', 'acc5', 'ce_loss']
Training:  [0.007043151725274304, 82.58439529471023, 97.42694112627986, 0.551079726259863]
Testing:  [0.0049672889709472656, 65.53333333333333, 88.98666666666666, 1.334578086535136]
Best Acc:  65.53333333333333

Epoch: [56 | 90] LR: 0.005000
Training...
 -> Progress: 20 done!
 -> Progress: 40 done!
 -> Progress: 60 done!
 -> Progress: 80 done!
 -> Progress: 100 done!
Testing...
 -> Progress: 20 done!
 -> Progress: 40 done!
 -> Progress: 60 done!
 -> Progress: 80 done!
 -> Progress: 100 done!

Keys:  ['time', 'acc1', 'acc5', 'ce_loss']
Training:  [0.00712704333022186, 83.81583383709905, 97.65341160484549, 0.5171812208235874]
Testing:  [0.005019156138102213, 65.32, 89.14666666666666, 1.3343214623133342]
Best Acc:  65.53333333333333

Epoch: [57 | 90] LR: 0.005000
Training...
 -> Progress: 20 done!
 -> Progress: 40 done!
 -> Progress: 60 done!
 -> Progress: 80 done!
 -> Progress: 100 done!
Testing...
 -> Progress: 20 done!
 -> Progress: 40 done!
 -> Progress: 60 done!
 -> Progress: 80 done!
 -> Progress: 100 done!

Keys:  ['time', 'acc1', 'acc5', 'ce_loss']
Training:  [0.0071446822364989405, 84.6750110196579, 97.87222696245733, 0.49092390431478977]
Testing:  [0.00499455451965332, 65.69333333333333, 89.37333333333333, 1.3544628580411275]
Best Acc:  65.69333333333333

Epoch: [58 | 90] LR: 0.005000
Training...
 -> Progress: 20 done!
 -> Progress: 40 done!
 -> Progress: 60 done!
 -> Progress: 80 done!
 -> Progress: 100 done!
Testing...
 -> Progress: 20 done!
 -> Progress: 40 done!
 -> Progress: 60 done!
 -> Progress: 80 done!
 -> Progress: 100 done!

Keys:  ['time', 'acc1', 'acc5', 'ce_loss']
Training:  [0.007120287865908887, 85.42667276948792, 98.07470000074991, 0.45851103905524815]
Testing:  [0.00498257319132487, 65.41333333333333, 89.25333333333333, 1.3948911039034526]
Best Acc:  65.69333333333333

Epoch: [59 | 90] LR: 0.005000
Training...
 -> Progress: 20 done!
 -> Progress: 40 done!
 -> Progress: 60 done!
 -> Progress: 80 done!
 -> Progress: 100 done!
Testing...
 -> Progress: 20 done!
 -> Progress: 40 done!
 -> Progress: 60 done!
 -> Progress: 80 done!
 -> Progress: 100 done!

Keys:  ['time', 'acc1', 'acc5', 'ce_loss']
Training:  [0.007190143695870357, 86.09550465658663, 98.31192198873786, 0.43633282052372097]
Testing:  [0.004953638712565104, 65.77333333333333, 89.52, 1.3936963256200154]
Best Acc:  65.77333333333333

Epoch: [60 | 90] LR: 0.005000
Training...
 -> Progress: 20 done!
 -> Progress: 40 done!
 -> Progress: 60 done!
 -> Progress: 80 done!
 -> Progress: 100 done!
Testing...
 -> Progress: 20 done!
 -> Progress: 40 done!
 -> Progress: 60 done!
 -> Progress: 80 done!
 -> Progress: 100 done!

Keys:  ['time', 'acc1', 'acc5', 'ce_loss']
Training:  [0.006990976301069552, 86.48015180464084, 98.46674419832718, 0.41389952345716263]
Testing:  [0.0053321743011474606, 65.41333333333333, 89.82666666666667, 1.4104940581321717]
Best Acc:  65.77333333333333

Epoch: [61 | 90] LR: 0.005000
Training...
 -> Progress: 20 done!
 -> Progress: 40 done!
 -> Progress: 60 done!
 -> Progress: 80 done!
 -> Progress: 100 done!
Testing...
 -> Progress: 20 done!
 -> Progress: 40 done!
 -> Progress: 60 done!
 -> Progress: 80 done!
 -> Progress: 100 done!

Keys:  ['time', 'acc1', 'acc5', 'ce_loss']
Training:  [0.007177866359619557, 87.60527908273117, 98.61064283351442, 0.38895414383134747]
Testing:  [0.004839108784993489, 66.36, 89.44, 1.4202675072352091]
Best Acc:  66.36

Epoch: [62 | 90] LR: 0.005000
Training...
 -> Progress: 20 done!
 -> Progress: 40 done!
 -> Progress: 60 done!
 -> Progress: 80 done!
 -> Progress: 100 done!
Testing...
 -> Progress: 20 done!
 -> Progress: 40 done!
 -> Progress: 60 done!
 -> Progress: 80 done!
 -> Progress: 100 done!

Keys:  ['time', 'acc1', 'acc5', 'ce_loss']
Training:  [0.007094676990964713, 88.38145436361788, 98.80537474440226, 0.36167498695769]
Testing:  [0.005015106201171875, 65.89333333333333, 89.49333333333334, 1.4414701461791992]
Best Acc:  66.36

Epoch: [63 | 90] LR: 0.005000
Training...
 -> Progress: 20 done!
 -> Progress: 40 done!
 -> Progress: 60 done!
 -> Progress: 80 done!
 -> Progress: 100 done!
Testing...
 -> Progress: 20 done!
 -> Progress: 40 done!
 -> Progress: 60 done!
 -> Progress: 80 done!
 -> Progress: 100 done!

Keys:  ['time', 'acc1', 'acc5', 'ce_loss']
Training:  [0.007048178044602326, 88.61067723088703, 98.97585116962524, 0.3509336978502241]
Testing:  [0.0049688498179117834, 65.84, 89.42666666666666, 1.4740663154919942]
Best Acc:  66.36

Epoch: [64 | 90] LR: 0.005000
Training...
 -> Progress: 20 done!
 -> Progress: 40 done!
 -> Progress: 60 done!
 -> Progress: 80 done!
 -> Progress: 100 done!
Testing...
 -> Progress: 20 done!
 -> Progress: 40 done!
 -> Progress: 60 done!
 -> Progress: 80 done!
 -> Progress: 100 done!

Keys:  ['time', 'acc1', 'acc5', 'ce_loss']
Training:  [0.007151124420426405, 89.16502669402763, 98.98410836177474, 0.33453683794155054]
Testing:  [0.005068715413411458, 65.68, 89.94666666666667, 1.4876243376731872]
Best Acc:  66.36

Epoch: [65 | 90] LR: 0.005000
Training...
 -> Progress: 20 done!
 -> Progress: 40 done!
 -> Progress: 60 done!
 -> Progress: 80 done!
 -> Progress: 100 done!
Testing...
 -> Progress: 20 done!
 -> Progress: 40 done!
 -> Progress: 60 done!
 -> Progress: 80 done!
 -> Progress: 100 done!

Keys:  ['time', 'acc1', 'acc5', 'ce_loss']
Training:  [0.00711882643325337, 89.92012896228569, 99.06409982935153, 0.31304127684835686]
Testing:  [0.005091749827067058, 66.17333333333333, 89.72, 1.5049341781934102]
Best Acc:  66.36

Epoch: [66 | 90] LR: 0.005000
Training...
 -> Progress: 20 done!
 -> Progress: 40 done!
 -> Progress: 60 done!
 -> Progress: 80 done!
 -> Progress: 100 done!
Testing...
 -> Progress: 20 done!
 -> Progress: 40 done!
 -> Progress: 60 done!
 -> Progress: 80 done!
 -> Progress: 100 done!

Keys:  ['time', 'acc1', 'acc5', 'ce_loss']
Training:  [0.0071504929773636644, 90.58913286228636, 99.20533208228622, 0.2909988587525111]
Testing:  [0.005113563537597656, 66.17333333333333, 89.65333333333334, 1.5989496731758117]
Best Acc:  66.36

Epoch: [67 | 90] LR: 0.005000
Training...
 -> Progress: 20 done!
 -> Progress: 40 done!
 -> Progress: 60 done!
 -> Progress: 80 done!
 -> Progress: 100 done!
Testing...
 -> Progress: 20 done!
 -> Progress: 40 done!
 -> Progress: 60 done!
 -> Progress: 80 done!
 -> Progress: 100 done!

Keys:  ['time', 'acc1', 'acc5', 'ce_loss']
Training:  [0.007142152395671545, 90.9491804728329, 99.27973273996606, 0.27850704434178386]
Testing:  [0.005477593739827474, 66.04, 89.12, 1.5869711494445802]
Best Acc:  66.36

Epoch: [68 | 90] LR: 0.005000
Training...
 -> Progress: 20 done!
 -> Progress: 40 done!
 -> Progress: 60 done!
 -> Progress: 80 done!
 -> Progress: 100 done!
Testing...
 -> Progress: 20 done!
 -> Progress: 40 done!
 -> Progress: 60 done!
 -> Progress: 80 done!
 -> Progress: 100 done!

Keys:  ['time', 'acc1', 'acc5', 'ce_loss']
Training:  [0.0069784011450236974, 91.37846801549502, 99.4107295221843, 0.2635924018436325]
Testing:  [0.005232117970784505, 66.54666666666667, 89.33333333333333, 1.6456948804855347]
Best Acc:  66.54666666666667

Epoch: [69 | 90] LR: 0.005000
Training...
 -> Progress: 20 done!
 -> Progress: 40 done!
 -> Progress: 60 done!
 -> Progress: 80 done!
 -> Progress: 100 done!
Testing...
 -> Progress: 20 done!
 -> Progress: 40 done!
 -> Progress: 60 done!
 -> Progress: 80 done!
 -> Progress: 100 done!

Keys:  ['time', 'acc1', 'acc5', 'ce_loss']
Training:  [0.007219598561830488, 91.76259909880446, 99.43722133180795, 0.25138203720895913]
Testing:  [0.0049400806427001955, 65.88, 89.25333333333333, 1.6436565113067627]
Best Acc:  66.54666666666667

Epoch: [70 | 90] LR: 0.005000
Training...
 -> Progress: 20 done!
 -> Progress: 40 done!
 -> Progress: 60 done!
 -> Progress: 80 done!
 -> Progress: 100 done!
Testing...
 -> Progress: 20 done!
 -> Progress: 40 done!
 -> Progress: 60 done!
 -> Progress: 80 done!
 -> Progress: 100 done!

Keys:  ['time', 'acc1', 'acc5', 'ce_loss']
Training:  [0.0071242726296695015, 92.34662281856602, 99.50671928327645, 0.23610151721857514]
Testing:  [0.00500027338663737, 65.70666666666666, 89.16, 1.7053005186716717]
Best Acc:  66.54666666666667

Epoch: [71 | 90] LR: 0.000500
Training...
 -> Progress: 20 done!
 -> Progress: 40 done!
 -> Progress: 60 done!
 -> Progress: 80 done!
 -> Progress: 100 done!
Testing...
 -> Progress: 20 done!
 -> Progress: 40 done!
 -> Progress: 60 done!
 -> Progress: 80 done!
 -> Progress: 100 done!

Keys:  ['time', 'acc1', 'acc5', 'ce_loss']
Training:  [0.00707073016378253, 94.25343018098903, 99.66670221843003, 0.18351288729763682]
Testing:  [0.0052178160349527995, 66.62666666666667, 89.58666666666667, 1.707314863204956]
Best Acc:  66.62666666666667

Epoch: [72 | 90] LR: 0.000500
Training...
 -> Progress: 20 done!
 -> Progress: 40 done!
 -> Progress: 60 done!
 -> Progress: 80 done!
 -> Progress: 100 done!
Testing...
 -> Progress: 20 done!
 -> Progress: 40 done!
 -> Progress: 60 done!
 -> Progress: 80 done!
 -> Progress: 100 done!

Keys:  ['time', 'acc1', 'acc5', 'ce_loss']
Training:  [0.007081843073457581, 94.76804195573305, 99.74136092150171, 0.16754462620809216]
Testing:  [0.005053478876749675, 66.84, 89.62666666666667, 1.747372260093689]
Best Acc:  66.84

Epoch: [73 | 90] LR: 0.000500
Training...
 -> Progress: 20 done!
 -> Progress: 40 done!
 -> Progress: 60 done!
 -> Progress: 80 done!
 -> Progress: 100 done!
Testing...
 -> Progress: 20 done!
 -> Progress: 40 done!
 -> Progress: 60 done!
 -> Progress: 80 done!
 -> Progress: 100 done!

Keys:  ['time', 'acc1', 'acc5', 'ce_loss']
Training:  [0.007112308573804211, 94.77062233153464, 99.71194471027258, 0.16573159223733908]
Testing:  [0.005075629552205404, 66.86666666666666, 89.77333333333333, 1.7801448996861775]
Best Acc:  66.86666666666666

Epoch: [74 | 90] LR: 0.000500
Training...
 -> Progress: 20 done!
 -> Progress: 40 done!
 -> Progress: 60 done!
 -> Progress: 80 done!
 -> Progress: 100 done!
Testing...
 -> Progress: 20 done!
 -> Progress: 40 done!
 -> Progress: 60 done!
 -> Progress: 80 done!
 -> Progress: 100 done!

Keys:  ['time', 'acc1', 'acc5', 'ce_loss']
Training:  [0.007127548647415109, 94.99743683590417, 99.73069539249147, 0.15774437434233904]
Testing:  [0.004990307490030924, 66.98666666666666, 89.70666666666666, 1.7916557121276855]
Best Acc:  66.98666666666666

Epoch: [75 | 90] LR: 0.000500
Training...
 -> Progress: 20 done!
 -> Progress: 40 done!
 -> Progress: 60 done!
 -> Progress: 80 done!
 -> Progress: 100 done!
Testing...
 -> Progress: 20 done!
 -> Progress: 40 done!
 -> Progress: 60 done!
 -> Progress: 80 done!
 -> Progress: 100 done!

Keys:  ['time', 'acc1', 'acc5', 'ce_loss']
Training:  [0.0071123403087004055, 95.00001721170575, 99.73336177474403, 0.1587569280797711]
Testing:  [0.0050221856435139975, 66.62666666666667, 89.72, 1.8028231938680013]
Best Acc:  66.98666666666666

Epoch: [76 | 90] LR: 0.000500
Training...
 -> Progress: 20 done!
 -> Progress: 40 done!
 -> Progress: 60 done!
 -> Progress: 80 done!
 -> Progress: 100 done!
Testing...
 -> Progress: 20 done!
 -> Progress: 40 done!
 -> Progress: 60 done!
 -> Progress: 80 done!
 -> Progress: 100 done!

Keys:  ['time', 'acc1', 'acc5', 'ce_loss']
Training:  [0.007082725140828729, 95.36273120450485, 99.73336177474403, 0.14915274164985878]
Testing:  [0.004922068913777669, 66.81333333333333, 89.64, 1.8287014357248943]
Best Acc:  66.98666666666666

Epoch: [77 | 90] LR: 0.000500
Training...
 -> Progress: 20 done!
 -> Progress: 40 done!
 -> Progress: 60 done!
 -> Progress: 80 done!
 -> Progress: 100 done!
Testing...
 -> Progress: 20 done!
 -> Progress: 40 done!
 -> Progress: 60 done!
 -> Progress: 80 done!
 -> Progress: 100 done!

Keys:  ['time', 'acc1', 'acc5', 'ce_loss']
Training:  [0.00720559126687945, 95.26682744986368, 99.72536262798634, 0.1507743524559122]
Testing:  [0.004988476435343425, 66.72, 89.72, 1.845910480817159]
Best Acc:  66.98666666666666

Epoch: [78 | 90] LR: 0.000500
Training...
 -> Progress: 20 done!
 -> Progress: 40 done!
 -> Progress: 60 done!
 -> Progress: 80 done!
 -> Progress: 100 done!
Testing...
 -> Progress: 20 done!
 -> Progress: 40 done!
 -> Progress: 60 done!
 -> Progress: 80 done!
 -> Progress: 100 done!

Keys:  ['time', 'acc1', 'acc5', 'ce_loss']
Training:  [0.007086456025419788, 95.43188513016945, 99.77335750853243, 0.14435790199468568]
Testing:  [0.004917132059733073, 66.84, 89.65333333333334, 1.863129013379415]
Best Acc:  66.98666666666666

Epoch: [79 | 90] LR: 0.000500
Training...
 -> Progress: 20 done!
 -> Progress: 40 done!
 -> Progress: 60 done!
 -> Progress: 80 done!
 -> Progress: 100 done!
Testing...
 -> Progress: 20 done!
 -> Progress: 40 done!
 -> Progress: 60 done!
 -> Progress: 80 done!
 -> Progress: 100 done!

Keys:  ['time', 'acc1', 'acc5', 'ce_loss']
Training:  [0.007081811338561387, 95.60519997658584, 99.78393703109168, 0.1394168500353045]
Testing:  [0.004891595840454102, 66.85333333333334, 89.68, 1.8885136381785075]
Best Acc:  66.98666666666666

Epoch: [80 | 90] LR: 0.000500
Training...
 -> Progress: 20 done!
 -> Progress: 40 done!
 -> Progress: 60 done!
 -> Progress: 80 done!
 -> Progress: 100 done!
Testing...
 -> Progress: 20 done!
 -> Progress: 40 done!
 -> Progress: 60 done!
 -> Progress: 80 done!
 -> Progress: 100 done!

Keys:  ['time', 'acc1', 'acc5', 'ce_loss']
Training:  [0.007129141088231839, 95.616123524949, 99.78668941979522, 0.13953967326330244]
Testing:  [0.005027198791503906, 66.82666666666667, 89.73333333333333, 1.8763421932856241]
Best Acc:  66.98666666666666

Epoch: [81 | 90] LR: 0.000500
Training...
 -> Progress: 20 done!
 -> Progress: 40 done!
 -> Progress: 60 done!
 -> Progress: 80 done!
 -> Progress: 100 done!
Testing...
 -> Progress: 20 done!
 -> Progress: 40 done!
 -> Progress: 60 done!
 -> Progress: 80 done!
 -> Progress: 100 done!

Keys:  ['time', 'acc1', 'acc5', 'ce_loss']
Training:  [0.0070964915760548045, 95.63994895232008, 99.81601962457339, 0.13913850977050565]
Testing:  [0.005171073277791341, 66.68, 89.68, 1.897578984896342]
Best Acc:  66.98666666666666

Epoch: [82 | 90] LR: 0.000500
Training...
 -> Progress: 20 done!
 -> Progress: 40 done!
 -> Progress: 60 done!
 -> Progress: 80 done!
 -> Progress: 100 done!
Testing...
 -> Progress: 20 done!
 -> Progress: 40 done!
 -> Progress: 60 done!
 -> Progress: 80 done!
 -> Progress: 100 done!

Keys:  ['time', 'acc1', 'acc5', 'ce_loss']
Training:  [0.007140698286453612, 95.59487847337951, 99.7946885665529, 0.13633534734363034]
Testing:  [0.00498992919921875, 66.84, 89.74666666666667, 1.9019978189468383]
Best Acc:  66.98666666666666

Epoch: [83 | 90] LR: 0.000500
Training...
 -> Progress: 20 done!
 -> Progress: 40 done!
 -> Progress: 60 done!
 -> Progress: 80 done!
 -> Progress: 100 done!
Testing...
 -> Progress: 20 done!
 -> Progress: 40 done!
 -> Progress: 60 done!
 -> Progress: 80 done!
 -> Progress: 100 done!

Keys:  ['time', 'acc1', 'acc5', 'ce_loss']
Training:  [0.007078810356582798, 95.8851701131046, 99.8213523890785, 0.12828854926617073]
Testing:  [0.005136788686116537, 66.8, 89.70666666666666, 1.9328633165359497]
Best Acc:  66.98666666666666

Epoch: [84 | 90] LR: 0.000500
Training...
 -> Progress: 20 done!
 -> Progress: 40 done!
 -> Progress: 60 done!
 -> Progress: 80 done!
 -> Progress: 100 done!
Testing...
 -> Progress: 20 done!
 -> Progress: 40 done!
 -> Progress: 60 done!
 -> Progress: 80 done!
 -> Progress: 100 done!

Keys:  ['time', 'acc1', 'acc5', 'ce_loss']
Training:  [0.007032046139036836, 95.96008683552921, 99.8346843003413, 0.12739054075483577]
Testing:  [0.005232804616292317, 66.98666666666666, 89.74666666666667, 1.9412217505772908]
Best Acc:  66.98666666666666

Epoch: [85 | 90] LR: 0.000500
Training...
 -> Progress: 20 done!
 -> Progress: 40 done!
 -> Progress: 60 done!
 -> Progress: 80 done!
 -> Progress: 100 done!
Testing...
 -> Progress: 20 done!
 -> Progress: 40 done!
 -> Progress: 60 done!
 -> Progress: 80 done!
 -> Progress: 100 done!

Keys:  ['time', 'acc1', 'acc5', 'ce_loss']
Training:  [0.007122935695452901, 96.03474553860089, 99.8213523890785, 0.1264777961266529]
Testing:  [0.005114154815673828, 66.86666666666666, 89.94666666666667, 1.9557968187332153]
Best Acc:  66.98666666666666

Epoch: [86 | 90] LR: 0.000500
Training...
 -> Progress: 20 done!
 -> Progress: 40 done!
 -> Progress: 60 done!
 -> Progress: 80 done!
 -> Progress: 100 done!
Testing...
 -> Progress: 20 done!
 -> Progress: 40 done!
 -> Progress: 60 done!
 -> Progress: 80 done!
 -> Progress: 100 done!

Keys:  ['time', 'acc1', 'acc5', 'ce_loss']
Training:  [0.007131530156314576, 95.93333700655263, 99.8213523890785, 0.12785319301201215]
Testing:  [0.004997351964314779, 66.86666666666666, 89.74666666666667, 1.9566596253712971]
Best Acc:  66.98666666666666

Epoch: [87 | 90] LR: 0.000500
Training...
 -> Progress: 20 done!
 -> Progress: 40 done!
 -> Progress: 60 done!
 -> Progress: 80 done!
 -> Progress: 100 done!
Testing...
 -> Progress: 20 done!
 -> Progress: 40 done!
 -> Progress: 60 done!
 -> Progress: 80 done!
 -> Progress: 100 done!

Keys:  ['time', 'acc1', 'acc5', 'ce_loss']
Training:  [0.007132184383405353, 96.18406294474423, 99.85601535836177, 0.12230770821355716]
Testing:  [0.005288130442301433, 66.56, 89.74666666666667, 1.976127422650655]
Best Acc:  66.98666666666666

Epoch: [88 | 90] LR: 0.000500
Training...
 -> Progress: 20 done!
 -> Progress: 40 done!
 -> Progress: 60 done!
 -> Progress: 80 done!
 -> Progress: 100 done!
Testing...
 -> Progress: 20 done!
 -> Progress: 40 done!
 -> Progress: 60 done!
 -> Progress: 80 done!
 -> Progress: 100 done!

Keys:  ['time', 'acc1', 'acc5', 'ce_loss']
Training:  [0.007138602155874207, 96.20264161406116, 99.84001706484642, 0.12004275561497887]
Testing:  [0.005227079391479492, 66.68, 89.66666666666667, 2.0045967435836793]
Best Acc:  66.98666666666666

Epoch: [89 | 90] LR: 0.000500
Training...
 -> Progress: 20 done!
 -> Progress: 40 done!
 -> Progress: 60 done!
 -> Progress: 80 done!
 -> Progress: 100 done!
Testing...
 -> Progress: 20 done!
 -> Progress: 40 done!
 -> Progress: 60 done!
 -> Progress: 80 done!
 -> Progress: 100 done!

Keys:  ['time', 'acc1', 'acc5', 'ce_loss']
Training:  [0.007135784259835201, 96.16548427542729, 99.83201791808874, 0.12123393533122011]
Testing:  [0.004914093017578125, 66.8, 89.53333333333333, 2.0075758997599285]
Best Acc:  66.98666666666666

Epoch: [90 | 90] LR: 0.000500
Training...
 -> Progress: 20 done!
 -> Progress: 40 done!
 -> Progress: 60 done!
 -> Progress: 80 done!
 -> Progress: 100 done!
Testing...
 -> Progress: 20 done!
 -> Progress: 40 done!
 -> Progress: 60 done!
 -> Progress: 80 done!
 -> Progress: 100 done!

Keys:  ['time', 'acc1', 'acc5', 'ce_loss']
Training:  [0.007126817931087351, 96.26147403651945, 99.85068259385666, 0.1156742901321971]
Testing:  [0.004914646148681641, 67.09333333333333, 89.69333333333333, 2.0166766850153603]
Best Acc:  67.09333333333333
==> Preparing dataset cifar100
Files already downloaded and verified
==> Preparing dataset cifar100
Files already downloaded and verified
==> Preparing dataset cifar100
Files already downloaded and verified
    Total params: 14.76M

Epoch: [1 | 15] LR: 0.005000
Training...
 -> Progress: 20 done!
 -> Progress: 41 done!
 -> Progress: 61 done!
 -> Progress: 81 done!
 -> Progress: 100 done!
Testing...
 -> Progress: 20 done!
 -> Progress: 40 done!
 -> Progress: 60 done!
 -> Progress: 80 done!
 -> Progress: 100 done!
Testing...
 -> Progress: 20 done!
 -> Progress: 40 done!
 -> Progress: 60 done!
 -> Progress: 80 done!
 -> Progress: 100 done!

Keys:  ['time', 'acc1', 'acc5', 'ce_loss']
Training:  [0.01839533902830997, 33.91921272924391, 74.11909006409726, 2.102209277072195]
Testing New Task:  [0.012917168935139974, 44.333333333333336, 84.06666666666666, 1.7281312624613443]
Testing Old Task:  [0.004898989995320638, 66.56, 89.58666666666667, 1.9677465852101643]
Best Acc:  44.333333333333336

Epoch: [2 | 15] LR: 0.005000
Training...
 -> Progress: 20 done!
 -> Progress: 41 done!
 -> Progress: 61 done!
 -> Progress: 81 done!
 -> Progress: 100 done!
Testing...
 -> Progress: 20 done!
 -> Progress: 40 done!
 -> Progress: 60 done!
 -> Progress: 80 done!
 -> Progress: 100 done!
Testing...
 -> Progress: 20 done!
 -> Progress: 40 done!
 -> Progress: 60 done!
 -> Progress: 80 done!
 -> Progress: 100 done!

Keys:  ['time', 'acc1', 'acc5', 'ce_loss']
Training:  [0.018674236232951537, 48.30229704258806, 86.35495654607223, 1.7219733080621493]
Testing New Task:  [0.011422046025594075, 51.8, 87.13333333333334, 1.5299577713012695]
Testing Old Task:  [0.004820610682169596, 66.37333333333333, 89.21333333333334, 1.935980388323466]
Best Acc:  51.8

Epoch: [3 | 15] LR: 0.005000
Training...
 -> Progress: 20 done!
 -> Progress: 41 done!
 -> Progress: 61 done!
 -> Progress: 81 done!
 -> Progress: 100 done!
Testing...
 -> Progress: 20 done!
 -> Progress: 40 done!
 -> Progress: 60 done!
 -> Progress: 80 done!
 -> Progress: 100 done!
Testing...
 -> Progress: 20 done!
 -> Progress: 40 done!
 -> Progress: 60 done!
 -> Progress: 80 done!
 -> Progress: 100 done!

Keys:  ['time', 'acc1', 'acc5', 'ce_loss']
Training:  [0.018477233789734922, 56.469530525854076, 90.14691123315843, 1.54112893241947]
Testing New Task:  [0.010700480143229166, 55.53333333333333, 89.0, 1.4156084537506104]
Testing Old Task:  [0.004806216557820638, 66.08, 89.16, 1.9447344207763673]
Best Acc:  55.53333333333333

Epoch: [4 | 15] LR: 0.005000
Training...
 -> Progress: 20 done!
 -> Progress: 41 done!
 -> Progress: 61 done!
 -> Progress: 81 done!
 -> Progress: 100 done!
Testing...
 -> Progress: 20 done!
 -> Progress: 40 done!
 -> Progress: 60 done!
 -> Progress: 80 done!
 -> Progress: 100 done!
Testing...
 -> Progress: 20 done!
 -> Progress: 40 done!
 -> Progress: 60 done!
 -> Progress: 80 done!
 -> Progress: 100 done!

Keys:  ['time', 'acc1', 'acc5', 'ce_loss']
Training:  [0.01866428730851513, 60.4580173815711, 92.20910463494769, 1.4258003517732782]
Testing New Task:  [0.010836950937906901, 57.13333333333333, 90.2, 1.350436027844747]
Testing Old Task:  [0.004877284367879231, 65.69333333333333, 89.06666666666666, 1.9823437452316284]
Best Acc:  57.13333333333333

Epoch: [5 | 15] LR: 0.005000
Training...
 -> Progress: 20 done!
 -> Progress: 41 done!
 -> Progress: 61 done!
 -> Progress: 81 done!
 -> Progress: 100 done!
Testing...
 -> Progress: 20 done!
 -> Progress: 40 done!
 -> Progress: 60 done!
 -> Progress: 80 done!
 -> Progress: 100 done!
Testing...
 -> Progress: 20 done!
 -> Progress: 40 done!
 -> Progress: 60 done!
 -> Progress: 80 done!
 -> Progress: 100 done!

Keys:  ['time', 'acc1', 'acc5', 'ce_loss']
Training:  [0.018866757215079615, 65.01937439482091, 93.97510593220339, 1.311965202881118]
Testing New Task:  [0.011504697799682616, 58.333333333333336, 90.73333333333333, 1.3156886577606202]
Testing Old Task:  [0.005159753163655599, 65.58666666666667, 88.89333333333333, 1.9796112664540608]
Best Acc:  58.333333333333336

Epoch: [6 | 15] LR: 0.000500
Training...
 -> Progress: 20 done!
 -> Progress: 41 done!
 -> Progress: 61 done!
 -> Progress: 81 done!
 -> Progress: 100 done!
Testing...
 -> Progress: 20 done!
 -> Progress: 40 done!
 -> Progress: 60 done!
 -> Progress: 80 done!
 -> Progress: 100 done!
Testing...
 -> Progress: 20 done!
 -> Progress: 40 done!
 -> Progress: 60 done!
 -> Progress: 80 done!
 -> Progress: 100 done!

Keys:  ['time', 'acc1', 'acc5', 'ce_loss']
Training:  [0.018908157186993096, 69.7382359908799, 95.20517394502284, 1.1595328308768191]
Testing New Task:  [0.01113890012105306, 60.13333333333333, 90.93333333333334, 1.2877653280893961]
Testing Old Task:  [0.004983034133911133, 65.49333333333334, 88.97333333333333, 1.976159593264262]
Best Acc:  60.13333333333333

Epoch: [7 | 15] LR: 0.000500
Training...
 -> Progress: 20 done!
 -> Progress: 41 done!
 -> Progress: 61 done!
 -> Progress: 81 done!
 -> Progress: 100 done!
Testing...
 -> Progress: 20 done!
 -> Progress: 40 done!
 -> Progress: 60 done!
 -> Progress: 80 done!
 -> Progress: 100 done!
Testing...
 -> Progress: 20 done!
 -> Progress: 40 done!
 -> Progress: 60 done!
 -> Progress: 80 done!
 -> Progress: 100 done!

Keys:  ['time', 'acc1', 'acc5', 'ce_loss']
Training:  [0.01889335503012447, 70.87212863210904, 95.45676292807369, 1.1232798796589092]
Testing New Task:  [0.011288102467854817, 60.733333333333334, 91.26666666666667, 1.2836527585983277]
Testing Old Task:  [0.005044711430867513, 65.54666666666667, 88.93333333333334, 1.983209285736084]
Best Acc:  60.733333333333334

Epoch: [8 | 15] LR: 0.000500
Training...
 -> Progress: 20 done!
 -> Progress: 41 done!
 -> Progress: 61 done!
 -> Progress: 81 done!
 -> Progress: 100 done!
Testing...
 -> Progress: 20 done!
 -> Progress: 40 done!
 -> Progress: 60 done!
 -> Progress: 80 done!
 -> Progress: 100 done!
Testing...
 -> Progress: 20 done!
 -> Progress: 40 done!
 -> Progress: 60 done!
 -> Progress: 80 done!
 -> Progress: 100 done!

Keys:  ['time', 'acc1', 'acc5', 'ce_loss']
Training:  [0.018751386868751656, 71.15856377553132, 95.7487733485335, 1.10421102935985]
Testing New Task:  [0.01192320187886556, 60.8, 91.06666666666666, 1.2778982003529866]
Testing Old Task:  [0.004957958857218425, 65.50666666666666, 88.90666666666667, 1.9821050882339477]
Best Acc:  60.8

Epoch: [9 | 15] LR: 0.000500
Training...
 -> Progress: 20 done!
 -> Progress: 41 done!
 -> Progress: 61 done!
 -> Progress: 81 done!
 -> Progress: 100 done!
Testing...
 -> Progress: 20 done!
 -> Progress: 40 done!
 -> Progress: 60 done!
 -> Progress: 80 done!
 -> Progress: 100 done!
Testing...
 -> Progress: 20 done!
 -> Progress: 40 done!
 -> Progress: 60 done!
 -> Progress: 80 done!
 -> Progress: 100 done!

Keys:  ['time', 'acc1', 'acc5', 'ce_loss']
Training:  [0.018684375084052653, 71.49517731747385, 95.71810887223583, 1.0919040754690008]
Testing New Task:  [0.012370649973551433, 60.666666666666664, 91.53333333333333, 1.2829524993896484]
Testing Old Task:  [0.0052433967590332035, 65.65333333333334, 89.02666666666667, 1.982618474960327]
Best Acc:  60.8

Epoch: [10 | 15] LR: 0.000500
Training...
 -> Progress: 20 done!
 -> Progress: 41 done!
 -> Progress: 61 done!
 -> Progress: 81 done!
 -> Progress: 100 done!
Testing...
 -> Progress: 20 done!
 -> Progress: 40 done!
 -> Progress: 60 done!
 -> Progress: 80 done!
 -> Progress: 100 done!
Testing...
 -> Progress: 20 done!
 -> Progress: 40 done!
 -> Progress: 60 done!
 -> Progress: 80 done!
 -> Progress: 100 done!

Keys:  ['time', 'acc1', 'acc5', 'ce_loss']
Training:  [0.018690905328524316, 71.78161233158436, 95.7975580247782, 1.086989906884856]
Testing New Task:  [0.011150789260864259, 60.46666666666667, 91.33333333333333, 1.2886940002441407]
Testing Old Task:  [0.005372060139973958, 65.58666666666667, 89.09333333333333, 1.98660152276357]
Best Acc:  60.8

Epoch: [11 | 15] LR: 0.000050
Training...
 -> Progress: 20 done!
 -> Progress: 41 done!
 -> Progress: 61 done!
 -> Progress: 81 done!
 -> Progress: 100 done!
Testing...
 -> Progress: 20 done!
 -> Progress: 40 done!
 -> Progress: 60 done!
 -> Progress: 80 done!
 -> Progress: 100 done!
Testing...
 -> Progress: 20 done!
 -> Progress: 40 done!
 -> Progress: 60 done!
 -> Progress: 80 done!
 -> Progress: 100 done!

Keys:  ['time', 'acc1', 'acc5', 'ce_loss']
Training:  [0.01831485457339529, 72.55868090613414, 96.21292372881356, 1.0711075602951696]
Testing New Task:  [0.01345828374226888, 60.8, 91.6, 1.2828701575597128]
Testing Old Task:  [0.005298837025960287, 65.64, 89.09333333333333, 1.9879287528991698]
Best Acc:  60.8

Epoch: [12 | 15] LR: 0.000050
Training...
 -> Progress: 20 done!
 -> Progress: 41 done!
 -> Progress: 61 done!
 -> Progress: 81 done!
 -> Progress: 100 done!
Testing...
 -> Progress: 20 done!
 -> Progress: 40 done!
 -> Progress: 60 done!
 -> Progress: 80 done!
 -> Progress: 100 done!
Testing...
 -> Progress: 20 done!
 -> Progress: 40 done!
 -> Progress: 60 done!
 -> Progress: 80 done!
 -> Progress: 100 done!

Keys:  ['time', 'acc1', 'acc5', 'ce_loss']
Training:  [0.018658613754531084, 72.48620094687251, 96.01360385700808, 1.0694583846350847]
Testing New Task:  [0.012471834818522135, 60.8, 91.33333333333333, 1.2809056043624878]
Testing Old Task:  [0.0050725841522216795, 65.66666666666667, 89.10666666666667, 1.98673721631368]
Best Acc:  60.8

Epoch: [13 | 15] LR: 0.000050
Training...
 -> Progress: 20 done!
 -> Progress: 41 done!
 -> Progress: 61 done!
 -> Progress: 81 done!
 -> Progress: 100 done!
Testing...
 -> Progress: 20 done!
 -> Progress: 40 done!
 -> Progress: 60 done!
 -> Progress: 80 done!
 -> Progress: 100 done!
Testing...
 -> Progress: 20 done!
 -> Progress: 40 done!
 -> Progress: 60 done!
 -> Progress: 80 done!
 -> Progress: 100 done!

Keys:  ['time', 'acc1', 'acc5', 'ce_loss']
Training:  [0.018705998436879305, 71.86733388092559, 96.33140046717757, 1.0666192608364558]
Testing New Task:  [0.012414328257242839, 60.86666666666667, 91.33333333333333, 1.2795892159144084]
Testing Old Task:  [0.005061009724934896, 65.65333333333334, 89.08, 1.9865480931599935]
Best Acc:  60.86666666666667

Epoch: [14 | 15] LR: 0.000050
Training...
 -> Progress: 20 done!
 -> Progress: 41 done!
 -> Progress: 61 done!
 -> Progress: 81 done!
 -> Progress: 100 done!
Testing...
 -> Progress: 20 done!
 -> Progress: 40 done!
 -> Progress: 60 done!
 -> Progress: 80 done!
 -> Progress: 100 done!
Testing...
 -> Progress: 20 done!
 -> Progress: 40 done!
 -> Progress: 60 done!
 -> Progress: 80 done!
 -> Progress: 100 done!

Keys:  ['time', 'acc1', 'acc5', 'ce_loss']
Training:  [0.018747564089500297, 73.32041704856744, 96.35858050847457, 1.0551757539732982]
Testing New Task:  [0.01267256736755371, 60.733333333333334, 91.26666666666667, 1.279913560549418]
Testing Old Task:  [0.004938882191975911, 65.68, 89.05333333333333, 1.986580932935079]
Best Acc:  60.86666666666667

Epoch: [15 | 15] LR: 0.000050
Training...
 -> Progress: 20 done!
 -> Progress: 41 done!
 -> Progress: 61 done!
 -> Progress: 81 done!
 -> Progress: 100 done!
Testing...
 -> Progress: 20 done!
 -> Progress: 40 done!
 -> Progress: 60 done!
 -> Progress: 80 done!
 -> Progress: 100 done!
Testing...
 -> Progress: 20 done!
 -> Progress: 40 done!
 -> Progress: 60 done!
 -> Progress: 80 done!
 -> Progress: 100 done!

Keys:  ['time', 'acc1', 'acc5', 'ce_loss']
Training:  [0.01821912749338958, 72.49595784332793, 96.15926063666909, 1.0611537593906208]
Testing New Task:  [0.011773395538330077, 60.666666666666664, 91.26666666666667, 1.2793059746424358]
Testing Old Task:  [0.004816824595133463, 65.69333333333333, 89.06666666666666, 1.985869789123535]
Best Acc:  60.86666666666667

real	12m10.404s
user	23m20.900s
sys	5m11.436s

Ending script...
Tue Feb  8 16:30:52 EST 2022
