Tue Feb  8 17:29:49 EST 2022
Slurm nodes: evc10
You were assigned 1 gpu(s)
Please run `conda env list` to see a list of all available environments. Use
`source activate <env>` to activate the environment '<env>'. 

Currently Loaded Modules:
  1) anaconda/anaconda3

 

	[4mGPU0	mlx5_0	CPU Affinity	NUMA Affinity[0m
GPU0	 X 	SYS	0,2,4,22	0-1
mlx5_0	SYS	 X 		

Legend:

  X    = Self
  SYS  = Connection traversing PCIe as well as the SMP interconnect between NUMA nodes (e.g., QPI/UPI)
  NODE = Connection traversing PCIe as well as the interconnect between PCIe Host Bridges within a NUMA node
  PHB  = Connection traversing PCIe as well as a PCIe Host Bridge (typically the CPU)
  PXB  = Connection traversing multiple PCIe bridges (without traversing the PCIe Host Bridge)
  PIX  = Connection traversing at most a single PCIe bridge
  NV#  = Connection traversing a bonded set of # NVLinks


Namespace(arch='vgg16', checkpoint='checkpoint', dataset='cifar100', epochs_t1=90, epochs_t2=45, gamma=0.1, jobid='124975', logs='logs', lr_t1=0.05, lr_t2=0.005, manualSeed=5842, momentum=0.9, schedule_t1=[50, 70], schedule_t2=[15, 30], t1_weight=0.1, test_batch=100, train_batch=128, weight_decay=0.0005, workers=4)
VGG(
  (features): Sequential(
    (0): Conv2d(3, 64, kernel_size=(3, 3), stride=(1, 1), padding=(1, 1))
    (1): ReLU(inplace)
    (2): Conv2d(64, 64, kernel_size=(3, 3), stride=(1, 1), padding=(1, 1))
    (3): ReLU(inplace)
    (4): MaxPool2d(kernel_size=2, stride=2, padding=0, dilation=1, ceil_mode=False)
    (5): Conv2d(64, 128, kernel_size=(3, 3), stride=(1, 1), padding=(1, 1))
    (6): ReLU(inplace)
    (7): Conv2d(128, 128, kernel_size=(3, 3), stride=(1, 1), padding=(1, 1))
    (8): ReLU(inplace)
    (9): MaxPool2d(kernel_size=2, stride=2, padding=0, dilation=1, ceil_mode=False)
    (10): Conv2d(128, 256, kernel_size=(3, 3), stride=(1, 1), padding=(1, 1))
    (11): ReLU(inplace)
    (12): Conv2d(256, 256, kernel_size=(3, 3), stride=(1, 1), padding=(1, 1))
    (13): ReLU(inplace)
    (14): Conv2d(256, 256, kernel_size=(3, 3), stride=(1, 1), padding=(1, 1))
    (15): ReLU(inplace)
    (16): MaxPool2d(kernel_size=2, stride=2, padding=0, dilation=1, ceil_mode=False)
    (17): Conv2d(256, 512, kernel_size=(3, 3), stride=(1, 1), padding=(1, 1))
    (18): ReLU(inplace)
    (19): Conv2d(512, 512, kernel_size=(3, 3), stride=(1, 1), padding=(1, 1))
    (20): ReLU(inplace)
    (21): Conv2d(512, 512, kernel_size=(3, 3), stride=(1, 1), padding=(1, 1))
    (22): ReLU(inplace)
    (23): MaxPool2d(kernel_size=2, stride=2, padding=0, dilation=1, ceil_mode=False)
    (24): Conv2d(512, 512, kernel_size=(3, 3), stride=(1, 1), padding=(1, 1))
    (25): ReLU(inplace)
    (26): Conv2d(512, 512, kernel_size=(3, 3), stride=(1, 1), padding=(1, 1))
    (27): ReLU(inplace)
    (28): Conv2d(512, 512, kernel_size=(3, 3), stride=(1, 1), padding=(1, 1))
    (29): ReLU(inplace)
    (30): MaxPool2d(kernel_size=2, stride=2, padding=0, dilation=1, ceil_mode=False)
  )
  (classifiers): ModuleList(
    (0): Linear(in_features=512, out_features=75, bias=True)
    (1): Linear(in_features=512, out_features=10, bias=True)
  )
)
==> Preparing dataset cifar100
Files already downloaded and verified
Testing...
 -> Progress: 20 done!
 -> Progress: 40 done!
 -> Progress: 60 done!
 -> Progress: 80 done!
 -> Progress: 100 done!

Test loss: 4.3173 
Val accuracy: 1.43%
==> Preparing dataset cifar100
Files already downloaded and verified
==> Preparing dataset cifar100
Files already downloaded and verified
    Total params: 14.76M

Epoch: [1 | 90] LR: 0.050000
Training...
 -> Progress: 20 done!
 -> Progress: 40 done!
 -> Progress: 60 done!
 -> Progress: 80 done!
 -> Progress: 100 done!
Testing...
 -> Progress: 20 done!
 -> Progress: 40 done!
 -> Progress: 60 done!
 -> Progress: 80 done!
 -> Progress: 100 done!

Keys:  ['time', 'acc1', 'acc5', 'ce_loss']
Training:  [0.0072374238089082995, 2.7441373994326024, 13.0568438324912, 4.157024078401689]
Testing:  [0.0050111643473307295, 5.28, 23.066666666666666, 3.844910929997762]
Best Acc:  5.28

Epoch: [2 | 90] LR: 0.050000
Training...
 -> Progress: 20 done!
 -> Progress: 40 done!
 -> Progress: 60 done!
 -> Progress: 80 done!
 -> Progress: 100 done!
Testing...
 -> Progress: 20 done!
 -> Progress: 40 done!
 -> Progress: 60 done!
 -> Progress: 80 done!
 -> Progress: 100 done!

Keys:  ['time', 'acc1', 'acc5', 'ce_loss']
Training:  [0.0070349755140701655, 6.546828553131416, 26.72334306476059, 3.7663573242291655]
Testing:  [0.005091498692830404, 8.52, 31.0, 3.6836671161651613]
Best Acc:  8.52

Epoch: [3 | 90] LR: 0.050000
Training...
 -> Progress: 20 done!
 -> Progress: 40 done!
 -> Progress: 60 done!
 -> Progress: 80 done!
 -> Progress: 100 done!
Testing...
 -> Progress: 20 done!
 -> Progress: 40 done!
 -> Progress: 60 done!
 -> Progress: 80 done!
 -> Progress: 100 done!

Keys:  ['time', 'acc1', 'acc5', 'ce_loss']
Training:  [0.0071650430204111566, 10.370936777811409, 35.875571123975945, 3.529854134894882]
Testing:  [0.005156393051147461, 12.16, 39.306666666666665, 3.415250291824341]
Best Acc:  12.16

Epoch: [4 | 90] LR: 0.050000
Training...
 -> Progress: 20 done!
 -> Progress: 40 done!
 -> Progress: 60 done!
 -> Progress: 80 done!
 -> Progress: 100 done!
Testing...
 -> Progress: 20 done!
 -> Progress: 40 done!
 -> Progress: 60 done!
 -> Progress: 80 done!
 -> Progress: 100 done!

Keys:  ['time', 'acc1', 'acc5', 'ce_loss']
Training:  [0.007134623088120601, 13.58676580031984, 41.72750605820796, 3.365718295549777]
Testing:  [0.005085131327311198, 15.48, 45.266666666666666, 3.2363242022196452]
Best Acc:  15.48

Epoch: [5 | 90] LR: 0.050000
Training...
 -> Progress: 20 done!
 -> Progress: 40 done!
 -> Progress: 60 done!
 -> Progress: 80 done!
 -> Progress: 100 done!
Testing...
 -> Progress: 20 done!
 -> Progress: 40 done!
 -> Progress: 60 done!
 -> Progress: 80 done!
 -> Progress: 100 done!

Keys:  ['time', 'acc1', 'acc5', 'ce_loss']
Training:  [0.007179160166925945, 16.751589508186836, 46.50127642634786, 3.2193533259447116]
Testing:  [0.0055636946360270185, 20.093333333333334, 49.89333333333333, 3.096116298039754]
Best Acc:  20.093333333333334

Epoch: [6 | 90] LR: 0.050000
Training...
 -> Progress: 20 done!
 -> Progress: 40 done!
 -> Progress: 60 done!
 -> Progress: 80 done!
 -> Progress: 100 done!
Testing...
 -> Progress: 20 done!
 -> Progress: 40 done!
 -> Progress: 60 done!
 -> Progress: 80 done!
 -> Progress: 100 done!

Keys:  ['time', 'acc1', 'acc5', 'ce_loss']
Training:  [0.0072618027189079, 20.168343332440372, 50.952156496536205, 3.0725160776144818]
Testing:  [0.005286722183227539, 22.026666666666667, 53.25333333333333, 2.998818626403809]
Best Acc:  22.026666666666667

Epoch: [7 | 90] LR: 0.050000
Training...
 -> Progress: 20 done!
 -> Progress: 40 done!
 -> Progress: 60 done!
 -> Progress: 80 done!
 -> Progress: 100 done!
Testing...
 -> Progress: 20 done!
 -> Progress: 40 done!
 -> Progress: 60 done!
 -> Progress: 80 done!
 -> Progress: 100 done!

Keys:  ['time', 'acc1', 'acc5', 'ce_loss']
Training:  [0.007203640791336424, 22.70622316562275, 54.424560312524996, 2.9555894563629357]
Testing:  [0.004939222335815429, 24.69333333333333, 57.17333333333333, 2.872963663736979]
Best Acc:  24.69333333333333

Epoch: [8 | 90] LR: 0.050000
Training...
 -> Progress: 20 done!
 -> Progress: 40 done!
 -> Progress: 60 done!
 -> Progress: 80 done!
 -> Progress: 100 done!
Testing...
 -> Progress: 20 done!
 -> Progress: 40 done!
 -> Progress: 60 done!
 -> Progress: 80 done!
 -> Progress: 100 done!

Keys:  ['time', 'acc1', 'acc5', 'ce_loss']
Training:  [0.007057231440885889, 24.52005119453925, 56.94747398819126, 2.861622859186687]
Testing:  [0.005474154154459635, 27.14666666666667, 59.57333333333333, 2.7665253766377766]
Best Acc:  27.14666666666667

Epoch: [9 | 90] LR: 0.050000
Training...
 -> Progress: 20 done!
 -> Progress: 40 done!
 -> Progress: 60 done!
 -> Progress: 80 done!
 -> Progress: 100 done!
Testing...
 -> Progress: 20 done!
 -> Progress: 40 done!
 -> Progress: 60 done!
 -> Progress: 80 done!
 -> Progress: 100 done!

Keys:  ['time', 'acc1', 'acc5', 'ce_loss']
Training:  [0.00723045596490541, 27.277090443686006, 60.28466640641665, 2.7366740117707757]
Testing:  [0.005302168528238932, 28.533333333333335, 61.586666666666666, 2.6857527669270835]
Best Acc:  28.533333333333335

Epoch: [10 | 90] LR: 0.050000
Training...
 -> Progress: 20 done!
 -> Progress: 40 done!
 -> Progress: 60 done!
 -> Progress: 80 done!
 -> Progress: 100 done!
Testing...
 -> Progress: 20 done!
 -> Progress: 40 done!
 -> Progress: 60 done!
 -> Progress: 80 done!
 -> Progress: 100 done!

Keys:  ['time', 'acc1', 'acc5', 'ce_loss']
Training:  [0.00717317366355922, 29.535430198643393, 63.281938103685604, 2.6325568745974386]
Testing:  [0.00529205322265625, 31.893333333333334, 65.09333333333333, 2.558041874567668]
Best Acc:  31.893333333333334

Epoch: [11 | 90] LR: 0.050000
Training...
 -> Progress: 20 done!
 -> Progress: 40 done!
 -> Progress: 60 done!
 -> Progress: 80 done!
 -> Progress: 100 done!
Testing...
 -> Progress: 20 done!
 -> Progress: 40 done!
 -> Progress: 60 done!
 -> Progress: 80 done!
 -> Progress: 100 done!

Keys:  ['time', 'acc1', 'acc5', 'ce_loss']
Training:  [0.007185199561786326, 31.64040997085311, 65.53915970317333, 2.53985591390434]
Testing:  [0.004892317454020182, 33.626666666666665, 66.41333333333333, 2.470028069814046]
Best Acc:  33.626666666666665

Epoch: [12 | 90] LR: 0.050000
Training...
 -> Progress: 20 done!
 -> Progress: 40 done!
 -> Progress: 60 done!
 -> Progress: 80 done!
 -> Progress: 100 done!
Testing...
 -> Progress: 20 done!
 -> Progress: 40 done!
 -> Progress: 60 done!
 -> Progress: 80 done!
 -> Progress: 100 done!

Keys:  ['time', 'acc1', 'acc5', 'ce_loss']
Training:  [0.007184623451363104, 33.80577039230399, 67.61902386662089, 2.446380796692884]
Testing:  [0.004979165395100912, 33.44, 67.86666666666666, 2.4509480094909666]
Best Acc:  33.626666666666665

Epoch: [13 | 90] LR: 0.050000
Training...
 -> Progress: 20 done!
 -> Progress: 40 done!
 -> Progress: 60 done!
 -> Progress: 80 done!
 -> Progress: 100 done!
Testing...
 -> Progress: 20 done!
 -> Progress: 40 done!
 -> Progress: 60 done!
 -> Progress: 80 done!
 -> Progress: 100 done!

Keys:  ['time', 'acc1', 'acc5', 'ce_loss']
Training:  [0.007159208681803107, 35.854068040034065, 69.78180392528964, 2.3655211982466664]
Testing:  [0.005141490300496419, 36.49333333333333, 69.86666666666666, 2.3670823748906455]
Best Acc:  36.49333333333333

Epoch: [14 | 90] LR: 0.050000
Training...
 -> Progress: 20 done!
 -> Progress: 40 done!
 -> Progress: 60 done!
 -> Progress: 80 done!
 -> Progress: 100 done!
Testing...
 -> Progress: 20 done!
 -> Progress: 40 done!
 -> Progress: 60 done!
 -> Progress: 80 done!
 -> Progress: 100 done!

Keys:  ['time', 'acc1', 'acc5', 'ce_loss']
Training:  [0.0070360479908184795, 37.78091627257676, 71.3278755734805, 2.285669229136392]
Testing:  [0.005205507278442383, 38.08, 71.21333333333334, 2.276771909395854]
Best Acc:  38.08

Epoch: [15 | 90] LR: 0.050000
Training...
 -> Progress: 20 done!
 -> Progress: 40 done!
 -> Progress: 60 done!
 -> Progress: 80 done!
 -> Progress: 100 done!
Testing...
 -> Progress: 20 done!
 -> Progress: 40 done!
 -> Progress: 60 done!
 -> Progress: 80 done!
 -> Progress: 100 done!

Keys:  ['time', 'acc1', 'acc5', 'ce_loss']
Training:  [0.007209880360157416, 39.55225421788342, 73.14660628907916, 2.2068941047980926]
Testing:  [0.00504918098449707, 38.946666666666665, 72.57333333333334, 2.2381052605311074]
Best Acc:  38.946666666666665

Epoch: [16 | 90] LR: 0.050000
Training...
 -> Progress: 20 done!
 -> Progress: 40 done!
 -> Progress: 60 done!
 -> Progress: 80 done!
 -> Progress: 100 done!
Testing...
 -> Progress: 20 done!
 -> Progress: 40 done!
 -> Progress: 60 done!
 -> Progress: 80 done!
 -> Progress: 100 done!

Keys:  ['time', 'acc1', 'acc5', 'ce_loss']
Training:  [0.007171757798959778, 41.37881206733782, 74.4989781819106, 2.136888355932138]
Testing:  [0.005370871225992838, 41.06666666666667, 73.44, 2.1912484614054364]
Best Acc:  41.06666666666667

Epoch: [17 | 90] LR: 0.050000
Training...
 -> Progress: 20 done!
 -> Progress: 40 done!
 -> Progress: 60 done!
 -> Progress: 80 done!
 -> Progress: 100 done!
Testing...
 -> Progress: 20 done!
 -> Progress: 40 done!
 -> Progress: 60 done!
 -> Progress: 80 done!
 -> Progress: 100 done!

Keys:  ['time', 'acc1', 'acc5', 'ce_loss']
Training:  [0.007164523870058027, 42.770577596723015, 75.7279223549488, 2.081518505620468]
Testing:  [0.005331220626831054, 40.25333333333333, 72.01333333333334, 2.220122413635254]
Best Acc:  41.06666666666667

Epoch: [18 | 90] LR: 0.050000
Training...
 -> Progress: 20 done!
 -> Progress: 40 done!
 -> Progress: 60 done!
 -> Progress: 80 done!
 -> Progress: 100 done!
Testing...
 -> Progress: 20 done!
 -> Progress: 40 done!
 -> Progress: 60 done!
 -> Progress: 80 done!
 -> Progress: 100 done!

Keys:  ['time', 'acc1', 'acc5', 'ce_loss']
Training:  [0.00713415113325412, 44.02919602638219, 76.799549975086, 2.0267140706651445]
Testing:  [0.005146684646606445, 43.25333333333333, 75.38666666666667, 2.0931932067871095]
Best Acc:  43.25333333333333

Epoch: [19 | 90] LR: 0.050000
Training...
 -> Progress: 20 done!
 -> Progress: 40 done!
 -> Progress: 60 done!
 -> Progress: 80 done!
 -> Progress: 100 done!
Testing...
 -> Progress: 20 done!
 -> Progress: 40 done!
 -> Progress: 60 done!
 -> Progress: 80 done!
 -> Progress: 100 done!

Keys:  ['time', 'acc1', 'acc5', 'ce_loss']
Training:  [0.007144444631635126, 45.541808873720136, 78.03735343750833, 1.9633032954186709]
Testing:  [0.004872353871663412, 43.89333333333333, 76.56, 2.023447791735331]
Best Acc:  43.89333333333333

Epoch: [20 | 90] LR: 0.050000
Training...
 -> Progress: 20 done!
 -> Progress: 40 done!
 -> Progress: 60 done!
 -> Progress: 80 done!
 -> Progress: 100 done!
Testing...
 -> Progress: 20 done!
 -> Progress: 40 done!
 -> Progress: 60 done!
 -> Progress: 80 done!
 -> Progress: 100 done!

Keys:  ['time', 'acc1', 'acc5', 'ce_loss']
Training:  [0.0069816714667622955, 46.79999724508552, 78.34106296890832, 1.929412211981243]
Testing:  [0.005653696060180664, 45.46666666666667, 76.2, 2.0119753058751426]
Best Acc:  45.46666666666667

Epoch: [21 | 90] LR: 0.050000
Training...
 -> Progress: 20 done!
 -> Progress: 40 done!
 -> Progress: 60 done!
 -> Progress: 80 done!
 -> Progress: 100 done!
Testing...
 -> Progress: 20 done!
 -> Progress: 40 done!
 -> Progress: 60 done!
 -> Progress: 80 done!
 -> Progress: 100 done!

Keys:  ['time', 'acc1', 'acc5', 'ce_loss']
Training:  [0.007216082498075206, 47.41790983701322, 79.36503978638112, 1.8864903909761344]
Testing:  [0.0050134754180908205, 45.61333333333334, 76.97333333333333, 2.0100989039738972]
Best Acc:  45.61333333333334

Epoch: [22 | 90] LR: 0.050000
Training...
 -> Progress: 20 done!
 -> Progress: 40 done!
 -> Progress: 60 done!
 -> Progress: 80 done!
 -> Progress: 100 done!
Testing...
 -> Progress: 20 done!
 -> Progress: 40 done!
 -> Progress: 60 done!
 -> Progress: 80 done!
 -> Progress: 100 done!

Keys:  ['time', 'acc1', 'acc5', 'ce_loss']
Training:  [0.00719297623878453, 49.242489407900656, 80.47743725044329, 1.8261571809293466]
Testing:  [0.005090936024983724, 45.413333333333334, 76.38666666666667, 2.024309123357137]
Best Acc:  45.61333333333334

Epoch: [23 | 90] LR: 0.050000
Training...
 -> Progress: 20 done!
 -> Progress: 40 done!
 -> Progress: 60 done!
 -> Progress: 80 done!
 -> Progress: 100 done!
Testing...
 -> Progress: 20 done!
 -> Progress: 40 done!
 -> Progress: 60 done!
 -> Progress: 80 done!
 -> Progress: 100 done!

Keys:  ['time', 'acc1', 'acc5', 'ce_loss']
Training:  [0.007151446651680071, 49.66025129194553, 81.01793873757633, 1.8043761928740623]
Testing:  [0.005091876983642578, 46.693333333333335, 77.88, 1.9790124845504762]
Best Acc:  46.693333333333335

Epoch: [24 | 90] LR: 0.050000
Training...
 -> Progress: 20 done!
 -> Progress: 40 done!
 -> Progress: 60 done!
 -> Progress: 80 done!
 -> Progress: 100 done!
Testing...
 -> Progress: 20 done!
 -> Progress: 40 done!
 -> Progress: 60 done!
 -> Progress: 80 done!
 -> Progress: 100 done!

Keys:  ['time', 'acc1', 'acc5', 'ce_loss']
Training:  [0.007174405628503793, 50.75991894197952, 81.59929607508532, 1.7662031817354846]
Testing:  [0.004992771148681641, 48.093333333333334, 77.89333333333333, 1.9413597551981607]
Best Acc:  48.093333333333334

Epoch: [25 | 90] LR: 0.050000
Training...
 -> Progress: 20 done!
 -> Progress: 40 done!
 -> Progress: 60 done!
 -> Progress: 80 done!
 -> Progress: 100 done!
Testing...
 -> Progress: 20 done!
 -> Progress: 40 done!
 -> Progress: 60 done!
 -> Progress: 80 done!
 -> Progress: 100 done!

Keys:  ['time', 'acc1', 'acc5', 'ce_loss']
Training:  [0.007163894868141148, 51.55192049046018, 82.33100297426608, 1.7314745151142212]
Testing:  [0.0050372664133707685, 49.12, 78.38666666666667, 1.9227075592676799]
Best Acc:  49.12

Epoch: [26 | 90] LR: 0.050000
Training...
 -> Progress: 20 done!
 -> Progress: 40 done!
 -> Progress: 60 done!
 -> Progress: 80 done!
 -> Progress: 100 done!
Testing...
 -> Progress: 20 done!
 -> Progress: 40 done!
 -> Progress: 60 done!
 -> Progress: 80 done!
 -> Progress: 100 done!

Keys:  ['time', 'acc1', 'acc5', 'ce_loss']
Training:  [0.007102324287232279, 52.24191139663853, 82.86608569044301, 1.703908165974015]
Testing:  [0.004743858973185222, 47.54666666666667, 78.25333333333333, 1.938217854499817]
Best Acc:  49.12

Epoch: [27 | 90] LR: 0.050000
Training...
 -> Progress: 20 done!
 -> Progress: 40 done!
 -> Progress: 60 done!
 -> Progress: 80 done!
 -> Progress: 100 done!
Testing...
 -> Progress: 20 done!
 -> Progress: 40 done!
 -> Progress: 60 done!
 -> Progress: 80 done!
 -> Progress: 100 done!

Keys:  ['time', 'acc1', 'acc5', 'ce_loss']
Training:  [0.007250060807315969, 53.47429607508533, 83.43178878627947, 1.666588785705306]
Testing:  [0.005062379837036133, 50.266666666666666, 80.74666666666667, 1.8204581022262574]
Best Acc:  50.266666666666666

Epoch: [28 | 90] LR: 0.050000
Training...
 -> Progress: 20 done!
 -> Progress: 40 done!
 -> Progress: 60 done!
 -> Progress: 80 done!
 -> Progress: 100 done!
Testing...
 -> Progress: 20 done!
 -> Progress: 40 done!
 -> Progress: 60 done!
 -> Progress: 80 done!
 -> Progress: 100 done!

Keys:  ['time', 'acc1', 'acc5', 'ce_loss']
Training:  [0.007105051860874423, 53.95897556083601, 83.83174612416342, 1.6431242032262652]
Testing:  [0.0052730115254720055, 49.32, 78.68, 1.8817997392018635]
Best Acc:  50.266666666666666

Epoch: [29 | 90] LR: 0.050000
Training...
 -> Progress: 20 done!
 -> Progress: 40 done!
 -> Progress: 60 done!
 -> Progress: 80 done!
 -> Progress: 100 done!
Testing...
 -> Progress: 20 done!
 -> Progress: 40 done!
 -> Progress: 60 done!
 -> Progress: 80 done!
 -> Progress: 100 done!

Keys:  ['time', 'acc1', 'acc5', 'ce_loss']
Training:  [0.007194999134988101, 54.51986196993154, 84.29905112204698, 1.6232600920029467]
Testing:  [0.00510009765625, 50.72, 79.64, 1.8629252354303996]
Best Acc:  50.72

Epoch: [30 | 90] LR: 0.050000
Training...
 -> Progress: 20 done!
 -> Progress: 40 done!
 -> Progress: 60 done!
 -> Progress: 80 done!
 -> Progress: 100 done!
Testing...
 -> Progress: 20 done!
 -> Progress: 40 done!
 -> Progress: 60 done!
 -> Progress: 80 done!
 -> Progress: 100 done!

Keys:  ['time', 'acc1', 'acc5', 'ce_loss']
Training:  [0.00721024164974486, 54.80774523373757, 84.28812754764492, 1.6113900727379444]
Testing:  [0.0050260003407796225, 50.626666666666665, 80.05333333333333, 1.8341304953893025]
Best Acc:  50.72

Epoch: [31 | 90] LR: 0.050000
Training...
 -> Progress: 20 done!
 -> Progress: 40 done!
 -> Progress: 60 done!
 -> Progress: 80 done!
 -> Progress: 100 done!
Testing...
 -> Progress: 20 done!
 -> Progress: 40 done!
 -> Progress: 60 done!
 -> Progress: 80 done!
 -> Progress: 100 done!

Keys:  ['time', 'acc1', 'acc5', 'ce_loss']
Training:  [0.007150431948717137, 55.73633436131396, 84.98138693331045, 1.5733451277729593]
Testing:  [0.004950373967488607, 48.93333333333333, 78.72, 1.9170859797795614]
Best Acc:  50.72

Epoch: [32 | 90] LR: 0.050000
Training...
 -> Progress: 20 done!
 -> Progress: 40 done!
 -> Progress: 60 done!
 -> Progress: 80 done!
 -> Progress: 100 done!
Testing...
 -> Progress: 20 done!
 -> Progress: 40 done!
 -> Progress: 60 done!
 -> Progress: 80 done!
 -> Progress: 100 done!

Keys:  ['time', 'acc1', 'acc5', 'ce_loss']
Training:  [0.007087487002688463, 56.14695722820816, 85.46176579706498, 1.5510613434143847]
Testing:  [0.004818245569864909, 50.76, 80.58666666666667, 1.840775671005249]
Best Acc:  50.76

Epoch: [33 | 90] LR: 0.050000
Training...
 -> Progress: 20 done!
 -> Progress: 40 done!
 -> Progress: 60 done!
 -> Progress: 80 done!
 -> Progress: 100 done!
Testing...
 -> Progress: 20 done!
 -> Progress: 40 done!
 -> Progress: 60 done!
 -> Progress: 80 done!
 -> Progress: 100 done!

Keys:  ['time', 'acc1', 'acc5', 'ce_loss']
Training:  [0.007231356747728159, 56.78972737699645, 85.78697842542628, 1.535683923613903]
Testing:  [0.005017709732055664, 53.21333333333333, 81.66666666666667, 1.740579826037089]
Best Acc:  53.21333333333333

Epoch: [34 | 90] LR: 0.050000
Training...
 -> Progress: 20 done!
 -> Progress: 40 done!
 -> Progress: 60 done!
 -> Progress: 80 done!
 -> Progress: 100 done!
Testing...
 -> Progress: 20 done!
 -> Progress: 40 done!
 -> Progress: 60 done!
 -> Progress: 80 done!
 -> Progress: 100 done!

Keys:  ['time', 'acc1', 'acc5', 'ce_loss']
Training:  [0.0070426024674555545, 57.75762413467564, 86.14160726501673, 1.4994059626152898]
Testing:  [0.004894158045450846, 52.24, 80.8, 1.7879862928390502]
Best Acc:  53.21333333333333

Epoch: [35 | 90] LR: 0.050000
Training...
 -> Progress: 20 done!
 -> Progress: 40 done!
 -> Progress: 60 done!
 -> Progress: 80 done!
 -> Progress: 100 done!
Testing...
 -> Progress: 20 done!
 -> Progress: 40 done!
 -> Progress: 60 done!
 -> Progress: 80 done!
 -> Progress: 100 done!

Keys:  ['time', 'acc1', 'acc5', 'ce_loss']
Training:  [0.00685489137018093, 57.97239692870261, 86.14607991293428, 1.50527599036897]
Testing:  [0.004689702987670899, 52.56, 81.73333333333333, 1.7392130851745606]
Best Acc:  53.21333333333333

Epoch: [36 | 90] LR: 0.050000
Training...
 -> Progress: 20 done!
 -> Progress: 40 done!
 -> Progress: 60 done!
 -> Progress: 80 done!
 -> Progress: 100 done!
Testing...
 -> Progress: 20 done!
 -> Progress: 40 done!
 -> Progress: 60 done!
 -> Progress: 80 done!
 -> Progress: 100 done!

Keys:  ['time', 'acc1', 'acc5', 'ce_loss']
Training:  [0.006943738501226536, 58.63150940982962, 86.37900129194553, 1.4797135204992196]
Testing:  [0.004663829803466797, 53.093333333333334, 81.01333333333334, 1.7534592882792155]
Best Acc:  53.21333333333333

Epoch: [37 | 90] LR: 0.050000
Training...
 -> Progress: 20 done!
 -> Progress: 40 done!
 -> Progress: 60 done!
 -> Progress: 80 done!
 -> Progress: 100 done!
Testing...
 -> Progress: 20 done!
 -> Progress: 40 done!
 -> Progress: 60 done!
 -> Progress: 80 done!
 -> Progress: 100 done!

Keys:  ['time', 'acc1', 'acc5', 'ce_loss']
Training:  [0.006799798776672155, 58.58385858112635, 86.5995369087714, 1.472241240963594]
Testing:  [0.0046714401245117184, 52.266666666666666, 80.74666666666667, 1.7897356828053792]
Best Acc:  53.21333333333333

Epoch: [38 | 90] LR: 0.050000
Training...
 -> Progress: 20 done!
 -> Progress: 40 done!
 -> Progress: 60 done!
 -> Progress: 80 done!
 -> Progress: 100 done!
Testing...
 -> Progress: 20 done!
 -> Progress: 40 done!
 -> Progress: 60 done!
 -> Progress: 80 done!
 -> Progress: 100 done!

Keys:  ['time', 'acc1', 'acc5', 'ce_loss']
Training:  [0.006917352969329105, 58.877590687201696, 86.95760624075099, 1.456543631927959]
Testing:  [0.004954919815063476, 54.586666666666666, 82.44, 1.69602441628774]
Best Acc:  54.586666666666666

Epoch: [39 | 90] LR: 0.050000
Training...
 -> Progress: 20 done!
 -> Progress: 40 done!
 -> Progress: 60 done!
 -> Progress: 80 done!
 -> Progress: 100 done!
Testing...
 -> Progress: 20 done!
 -> Progress: 40 done!
 -> Progress: 60 done!
 -> Progress: 80 done!
 -> Progress: 100 done!

Keys:  ['time', 'acc1', 'acc5', 'ce_loss']
Training:  [0.006830593831710034, 59.38041878397554, 86.96457323198025, 1.4400635318951396]
Testing:  [0.004994767506917318, 52.81333333333333, 81.21333333333334, 1.7599250109990439]
Best Acc:  54.586666666666666

Epoch: [40 | 90] LR: 0.050000
Training...
 -> Progress: 20 done!
 -> Progress: 40 done!
 -> Progress: 60 done!
 -> Progress: 80 done!
 -> Progress: 100 done!
Testing...
 -> Progress: 20 done!
 -> Progress: 40 done!
 -> Progress: 60 done!
 -> Progress: 80 done!
 -> Progress: 100 done!

Keys:  ['time', 'acc1', 'acc5', 'ce_loss']
Training:  [0.0067834756480142115, 59.05056149479472, 86.9571761824572, 1.4472452084765906]
Testing:  [0.00506130854288737, 53.77333333333333, 82.50666666666666, 1.7108741807937622]
Best Acc:  54.586666666666666

Epoch: [41 | 90] LR: 0.050000
Training...
 -> Progress: 20 done!
 -> Progress: 40 done!
 -> Progress: 60 done!
 -> Progress: 80 done!
 -> Progress: 100 done!
Testing...
 -> Progress: 20 done!
 -> Progress: 40 done!
 -> Progress: 60 done!
 -> Progress: 80 done!
 -> Progress: 100 done!

Keys:  ['time', 'acc1', 'acc5', 'ce_loss']
Training:  [0.006863287284512569, 60.212846111518935, 87.67176662614321, 1.4148931718930449]
Testing:  [0.004667332967122396, 53.49333333333333, 82.25333333333333, 1.7236112181345622]
Best Acc:  54.586666666666666

Epoch: [42 | 90] LR: 0.050000
Training...
 -> Progress: 20 done!
 -> Progress: 40 done!
 -> Progress: 60 done!
 -> Progress: 80 done!
 -> Progress: 100 done!
Testing...
 -> Progress: 20 done!
 -> Progress: 40 done!
 -> Progress: 60 done!
 -> Progress: 80 done!
 -> Progress: 100 done!

Keys:  ['time', 'acc1', 'acc5', 'ce_loss']
Training:  [0.006926395787313936, 60.33575774052851, 87.75511257965817, 1.4005275315798997]
Testing:  [0.004923617045084636, 55.64, 83.26666666666667, 1.673398338953654]
Best Acc:  55.64

Epoch: [43 | 90] LR: 0.050000
Training...
 -> Progress: 20 done!
 -> Progress: 40 done!
 -> Progress: 60 done!
 -> Progress: 80 done!
 -> Progress: 100 done!
Testing...
 -> Progress: 20 done!
 -> Progress: 40 done!
 -> Progress: 60 done!
 -> Progress: 80 done!
 -> Progress: 100 done!

Keys:  ['time', 'acc1', 'acc5', 'ce_loss']
Training:  [0.006890795743506109, 60.8132121896581, 87.69851645511979, 1.397696092673943]
Testing:  [0.004699923197428385, 54.2, 83.21333333333334, 1.714720788002014]
Best Acc:  55.64

Epoch: [44 | 90] LR: 0.050000
Training...
 -> Progress: 20 done!
 -> Progress: 40 done!
 -> Progress: 60 done!
 -> Progress: 80 done!
 -> Progress: 100 done!
Testing...
 -> Progress: 20 done!
 -> Progress: 40 done!
 -> Progress: 60 done!
 -> Progress: 80 done!
 -> Progress: 100 done!

Keys:  ['time', 'acc1', 'acc5', 'ce_loss']
Training:  [0.006810791256484725, 61.46122908348109, 88.0291478544372, 1.3725347002211692]
Testing:  [0.004895213445027669, 54.906666666666666, 82.42666666666666, 1.681375945409139]
Best Acc:  55.64

Epoch: [45 | 90] LR: 0.050000
Training...
 -> Progress: 20 done!
 -> Progress: 40 done!
 -> Progress: 60 done!
 -> Progress: 80 done!
 -> Progress: 100 done!
Testing...
 -> Progress: 20 done!
 -> Progress: 40 done!
 -> Progress: 60 done!
 -> Progress: 80 done!
 -> Progress: 100 done!

Keys:  ['time', 'acc1', 'acc5', 'ce_loss']
Training:  [0.006822573853841007, 60.94971374928341, 88.00558047245794, 1.3743108982925936]
Testing:  [0.004954210917154948, 52.88, 82.10666666666667, 1.7552571058273316]
Best Acc:  55.64

Epoch: [46 | 90] LR: 0.050000
Training...
 -> Progress: 20 done!
 -> Progress: 40 done!
 -> Progress: 60 done!
 -> Progress: 80 done!
 -> Progress: 100 done!
Testing...
 -> Progress: 20 done!
 -> Progress: 40 done!
 -> Progress: 60 done!
 -> Progress: 80 done!
 -> Progress: 100 done!

Keys:  ['time', 'acc1', 'acc5', 'ce_loss']
Training:  [0.006846479181543552, 61.813277547269955, 88.28314227211598, 1.3560076109785268]
Testing:  [0.004799677530924479, 54.86666666666667, 82.76, 1.6839815521240233]
Best Acc:  55.64

Epoch: [47 | 90] LR: 0.050000
Training...
 -> Progress: 20 done!
 -> Progress: 40 done!
 -> Progress: 60 done!
 -> Progress: 80 done!
 -> Progress: 100 done!
Testing...
 -> Progress: 20 done!
 -> Progress: 40 done!
 -> Progress: 60 done!
 -> Progress: 80 done!
 -> Progress: 100 done!

Keys:  ['time', 'acc1', 'acc5', 'ce_loss']
Training:  [0.006937625871990321, 61.52006151895881, 88.22663218006745, 1.3594451068611275]
Testing:  [0.0048246415456136066, 53.373333333333335, 80.92, 1.7516042137145995]
Best Acc:  55.64

Epoch: [48 | 90] LR: 0.050000
Training...
 -> Progress: 20 done!
 -> Progress: 40 done!
 -> Progress: 60 done!
 -> Progress: 80 done!
 -> Progress: 100 done!
Testing...
 -> Progress: 20 done!
 -> Progress: 40 done!
 -> Progress: 60 done!
 -> Progress: 80 done!
 -> Progress: 100 done!

Keys:  ['time', 'acc1', 'acc5', 'ce_loss']
Training:  [0.006825467425401707, 61.887420185596866, 88.45619907314054, 1.3480469897745413]
Testing:  [0.0054687118530273434, 54.21333333333333, 82.66666666666667, 1.6931201712290447]
Best Acc:  55.64

Epoch: [49 | 90] LR: 0.050000
Training...
 -> Progress: 20 done!
 -> Progress: 40 done!
 -> Progress: 60 done!
 -> Progress: 80 done!
 -> Progress: 100 done!
Testing...
 -> Progress: 20 done!
 -> Progress: 40 done!
 -> Progress: 60 done!
 -> Progress: 80 done!
 -> Progress: 100 done!

Keys:  ['time', 'acc1', 'acc5', 'ce_loss']
Training:  [0.007183256409680884, 62.42697552365248, 88.72257927904357, 1.331429252852352]
Testing:  [0.005050363540649414, 53.54666666666667, 81.89333333333333, 1.7557372617721558]
Best Acc:  55.64

Epoch: [50 | 90] LR: 0.050000
Training...
 -> Progress: 20 done!
 -> Progress: 40 done!
 -> Progress: 60 done!
 -> Progress: 80 done!
 -> Progress: 100 done!
Testing...
 -> Progress: 20 done!
 -> Progress: 40 done!
 -> Progress: 60 done!
 -> Progress: 80 done!
 -> Progress: 100 done!

Keys:  ['time', 'acc1', 'acc5', 'ce_loss']
Training:  [0.007165361183088388, 61.70920263296915, 88.58341131112681, 1.3585484544571755]
Testing:  [0.005036656061808268, 53.733333333333334, 82.73333333333333, 1.7288144620259602]
Best Acc:  55.64
New lr for parameter group: 0  ->  0.005000000000000001

Epoch: [51 | 90] LR: 0.005000
Training...
 -> Progress: 20 done!
 -> Progress: 40 done!
 -> Progress: 60 done!
 -> Progress: 80 done!
 -> Progress: 100 done!
Testing...
 -> Progress: 20 done!
 -> Progress: 40 done!
 -> Progress: 60 done!
 -> Progress: 80 done!
 -> Progress: 100 done!

Keys:  ['time', 'acc1', 'acc5', 'ce_loss']
Training:  [0.0071243238937325854, 74.23698461747414, 94.38683530006799, 0.8637742387963643]
Testing:  [0.005141032536824544, 63.82666666666667, 88.18666666666667, 1.3421553111076354]
Best Acc:  63.82666666666667

Epoch: [52 | 90] LR: 0.005000
Training...
 -> Progress: 20 done!
 -> Progress: 40 done!
 -> Progress: 60 done!
 -> Progress: 80 done!
 -> Progress: 100 done!
Testing...
 -> Progress: 20 done!
 -> Progress: 40 done!
 -> Progress: 60 done!
 -> Progress: 80 done!
 -> Progress: 100 done!

Keys:  ['time', 'acc1', 'acc5', 'ce_loss']
Training:  [0.007140243419608158, 78.11803300877074, 96.04515304825819, 0.7156776261004165]
Testing:  [0.004995749791463216, 64.86666666666666, 89.05333333333333, 1.312751492659251]
Best Acc:  64.86666666666666

Epoch: [53 | 90] LR: 0.005000
Training...
 -> Progress: 20 done!
 -> Progress: 40 done!
 -> Progress: 60 done!
 -> Progress: 80 done!
 -> Progress: 100 done!
Testing...
 -> Progress: 20 done!
 -> Progress: 40 done!
 -> Progress: 60 done!
 -> Progress: 80 done!
 -> Progress: 100 done!

Keys:  ['time', 'acc1', 'acc5', 'ce_loss']
Training:  [0.007146618878882086, 79.77084595351496, 96.52011311501774, 0.655852218638508]
Testing:  [0.005202960968017578, 65.2, 89.33333333333333, 1.305393455028534]
Best Acc:  65.2

Epoch: [54 | 90] LR: 0.005000
Training...
 -> Progress: 20 done!
 -> Progress: 40 done!
 -> Progress: 60 done!
 -> Progress: 80 done!
 -> Progress: 100 done!
Testing...
 -> Progress: 20 done!
 -> Progress: 40 done!
 -> Progress: 60 done!
 -> Progress: 80 done!
 -> Progress: 100 done!

Keys:  ['time', 'acc1', 'acc5', 'ce_loss']
Training:  [0.007057065442967333, 81.47191182419708, 96.98148327720043, 0.5979061481692278]
Testing:  [0.005190464655558268, 65.72, 89.12, 1.3257585660616558]
Best Acc:  65.72

Epoch: [55 | 90] LR: 0.005000
Training...
 -> Progress: 20 done!
 -> Progress: 40 done!
 -> Progress: 60 done!
 -> Progress: 80 done!
 -> Progress: 100 done!
Testing...
 -> Progress: 20 done!
 -> Progress: 40 done!
 -> Progress: 60 done!
 -> Progress: 80 done!
 -> Progress: 100 done!

Keys:  ['time', 'acc1', 'acc5', 'ce_loss']
Training:  [0.007167928454818986, 82.49889904972636, 97.29603035051261, 0.5639445337215788]
Testing:  [0.005162471135457356, 65.70666666666666, 89.58666666666667, 1.3137577660878499]
Best Acc:  65.72

Epoch: [56 | 90] LR: 0.005000
Training...
 -> Progress: 20 done!
 -> Progress: 40 done!
 -> Progress: 60 done!
 -> Progress: 80 done!
 -> Progress: 100 done!
Testing...
 -> Progress: 20 done!
 -> Progress: 40 done!
 -> Progress: 60 done!
 -> Progress: 80 done!
 -> Progress: 100 done!

Keys:  ['time', 'acc1', 'acc5', 'ce_loss']
Training:  [0.007241627462081128, 83.38413795757619, 97.66915185296902, 0.5292879473227283]
Testing:  [0.005486644109090169, 65.86666666666666, 89.14666666666666, 1.3499016674359638]
Best Acc:  65.86666666666666

Epoch: [57 | 90] LR: 0.005000
Training...
 -> Progress: 20 done!
 -> Progress: 40 done!
 -> Progress: 60 done!
 -> Progress: 80 done!
 -> Progress: 100 done!
Testing...
 -> Progress: 20 done!
 -> Progress: 40 done!
 -> Progress: 60 done!
 -> Progress: 80 done!
 -> Progress: 100 done!

Keys:  ['time', 'acc1', 'acc5', 'ce_loss']
Training:  [0.0071524743740875975, 84.06114100433454, 97.89854673314014, 0.49981155452467885]
Testing:  [0.005069866180419922, 66.09333333333333, 89.66666666666667, 1.330680511792501]
Best Acc:  66.09333333333333

Epoch: [58 | 90] LR: 0.005000
Training...
 -> Progress: 20 done!
 -> Progress: 40 done!
 -> Progress: 60 done!
 -> Progress: 80 done!
 -> Progress: 100 done!
Testing...
 -> Progress: 20 done!
 -> Progress: 40 done!
 -> Progress: 60 done!
 -> Progress: 80 done!
 -> Progress: 100 done!

Keys:  ['time', 'acc1', 'acc5', 'ce_loss']
Training:  [0.007150029973365341, 84.8983850316383, 98.13559673426501, 0.47208340949165944]
Testing:  [0.004951295852661133, 66.18666666666667, 89.28, 1.3869348589579265]
Best Acc:  66.18666666666667

Epoch: [59 | 90] LR: 0.005000
Training...
 -> Progress: 20 done!
 -> Progress: 40 done!
 -> Progress: 60 done!
 -> Progress: 80 done!
 -> Progress: 100 done!
Testing...
 -> Progress: 20 done!
 -> Progress: 40 done!
 -> Progress: 60 done!
 -> Progress: 80 done!
 -> Progress: 100 done!

Keys:  ['time', 'acc1', 'acc5', 'ce_loss']
Training:  [0.007213047340054561, 85.8268881527637, 98.25601399392399, 0.4495509534870805]
Testing:  [0.005076541900634766, 66.02666666666667, 89.6, 1.3805165473620098]
Best Acc:  66.18666666666667

Epoch: [60 | 90] LR: 0.005000
Training...
 -> Progress: 20 done!
 -> Progress: 40 done!
 -> Progress: 60 done!
 -> Progress: 80 done!
 -> Progress: 100 done!
Testing...
 -> Progress: 20 done!
 -> Progress: 40 done!
 -> Progress: 60 done!
 -> Progress: 80 done!
 -> Progress: 100 done!

Keys:  ['time', 'acc1', 'acc5', 'ce_loss']
Training:  [0.0070227714121951995, 86.40566511447112, 98.33333907924822, 0.42686047997490945]
Testing:  [0.005255578358968099, 65.65333333333334, 89.69333333333333, 1.3978670287132262]
Best Acc:  66.18666666666667

Epoch: [61 | 90] LR: 0.005000
Training...
 -> Progress: 20 done!
 -> Progress: 40 done!
 -> Progress: 60 done!
 -> Progress: 80 done!
 -> Progress: 100 done!
Testing...
 -> Progress: 20 done!
 -> Progress: 40 done!
 -> Progress: 60 done!
 -> Progress: 80 done!
 -> Progress: 100 done!

Keys:  ['time', 'acc1', 'acc5', 'ce_loss']
Training:  [0.0071895504974261075, 87.05067157419876, 98.48807525634766, 0.40386191040989483]
Testing:  [0.005010223388671875, 65.96, 89.64, 1.4109830443064373]
Best Acc:  66.18666666666667

Epoch: [62 | 90] LR: 0.005000
Training...
 -> Progress: 20 done!
 -> Progress: 40 done!
 -> Progress: 60 done!
 -> Progress: 80 done!
 -> Progress: 100 done!
Testing...
 -> Progress: 20 done!
 -> Progress: 40 done!
 -> Progress: 60 done!
 -> Progress: 80 done!
 -> Progress: 100 done!

Keys:  ['time', 'acc1', 'acc5', 'ce_loss']
Training:  [0.007165773736738915, 87.7838406872017, 98.72271689457291, 0.38253590428991935]
Testing:  [0.005051396687825521, 66.06666666666666, 89.78666666666666, 1.4360795791943868]
Best Acc:  66.18666666666667

Epoch: [63 | 90] LR: 0.005000
Training...
 -> Progress: 20 done!
 -> Progress: 40 done!
 -> Progress: 60 done!
 -> Progress: 80 done!
 -> Progress: 100 done!
Testing...
 -> Progress: 20 done!
 -> Progress: 40 done!
 -> Progress: 60 done!
 -> Progress: 80 done!
 -> Progress: 100 done!

Keys:  ['time', 'acc1', 'acc5', 'ce_loss']
Training:  [0.007162562002500983, 88.57025143880486, 98.86128276525504, 0.3565225588481988]
Testing:  [0.005015958150227865, 66.50666666666666, 89.72, 1.4543194683392842]
Best Acc:  66.50666666666666

Epoch: [64 | 90] LR: 0.005000
Training...
 -> Progress: 20 done!
 -> Progress: 40 done!
 -> Progress: 60 done!
 -> Progress: 80 done!
 -> Progress: 100 done!
Testing...
 -> Progress: 20 done!
 -> Progress: 40 done!
 -> Progress: 60 done!
 -> Progress: 80 done!
 -> Progress: 100 done!

Keys:  ['time', 'acc1', 'acc5', 'ce_loss']
Training:  [0.007171054748951779, 88.90079683167129, 98.97602320856609, 0.34316816122458654]
Testing:  [0.005410394668579102, 66.37333333333333, 89.64, 1.4756353863080343]
Best Acc:  66.50666666666666

Epoch: [65 | 90] LR: 0.005000
Training...
 -> Progress: 20 done!
 -> Progress: 40 done!
 -> Progress: 60 done!
 -> Progress: 80 done!
 -> Progress: 100 done!
Testing...
 -> Progress: 20 done!
 -> Progress: 40 done!
 -> Progress: 60 done!
 -> Progress: 80 done!
 -> Progress: 100 done!

Keys:  ['time', 'acc1', 'acc5', 'ce_loss']
Training:  [0.007158377878495044, 89.80831292058014, 99.05601467614288, 0.3193046664469478]
Testing:  [0.005035556157430013, 66.17333333333333, 89.30666666666667, 1.525701383749644]
Best Acc:  66.50666666666666

Epoch: [66 | 90] LR: 0.005000
Training...
