Tue Feb  8 16:19:50 EST 2022
Slurm nodes: evc8
You were assigned 1 gpu(s)
Please run `conda env list` to see a list of all available environments. Use
`source activate <env>` to activate the environment '<env>'. 

Currently Loaded Modules:
  1) anaconda/anaconda3

 

	[4mGPU0	mlx5_0	CPU Affinity	NUMA Affinity[0m
GPU0	 X 	SYS	6,8,10,12	0-1
mlx5_0	SYS	 X 		

Legend:

  X    = Self
  SYS  = Connection traversing PCIe as well as the SMP interconnect between NUMA nodes (e.g., QPI/UPI)
  NODE = Connection traversing PCIe as well as the interconnect between PCIe Host Bridges within a NUMA node
  PHB  = Connection traversing PCIe as well as a PCIe Host Bridge (typically the CPU)
  PXB  = Connection traversing multiple PCIe bridges (without traversing the PCIe Host Bridge)
  PIX  = Connection traversing at most a single PCIe bridge
  NV#  = Connection traversing a bonded set of # NVLinks


Namespace(arch='vgg16', checkpoint='checkpoint', dataset='cifar100', epochs_t1=90, epochs_t2=15, gamma=0.1, jobid='124953', logs='logs', lr_t1=0.05, lr_t2=0.005, manualSeed=8271, momentum=0.9, schedule_t1=[50, 70], schedule_t2=[5, 10], t1_weight=0.1, test_batch=100, train_batch=128, weight_decay=0.0005, workers=4)
==> Preparing dataset cifar100
Files already downloaded and verified
Testing...
 -> Progress: 20 done!
 -> Progress: 40 done!
 -> Progress: 60 done!
 -> Progress: 80 done!
 -> Progress: 100 done!

Test loss: 4.3176 
Val accuracy: 1.28%
==> Preparing dataset cifar100
Files already downloaded and verified
==> Preparing dataset cifar100
Files already downloaded and verified
    Total params: 14.76M

Epoch: [1 | 90] LR: 0.050000
Training...
 -> Progress: 20 done!
 -> Progress: 40 done!
 -> Progress: 60 done!
 -> Progress: 80 done!
 -> Progress: 100 done!
Testing...
 -> Progress: 20 done!
 -> Progress: 40 done!
 -> Progress: 60 done!
 -> Progress: 80 done!
 -> Progress: 100 done!

Keys:  ['time', 'acc1', 'acc5', 'ce_loss']
Training:  [0.0064302206853144, 2.528160436975264, 12.557886299419728, 4.1542592317171065]
Testing:  [0.004257373809814453, 3.7733333333333334, 17.453333333333333, 4.033714087804158]
Best Acc:  3.7733333333333334

Epoch: [2 | 90] LR: 0.050000
Training...
 -> Progress: 20 done!
 -> Progress: 40 done!
 -> Progress: 60 done!
 -> Progress: 80 done!
 -> Progress: 100 done!
Testing...
 -> Progress: 20 done!
 -> Progress: 40 done!
 -> Progress: 60 done!
 -> Progress: 80 done!
 -> Progress: 100 done!

Keys:  ['time', 'acc1', 'acc5', 'ce_loss']
Training:  [0.006328787819924208, 4.875006880776467, 21.080676127619302, 3.8835619610731107]
Testing:  [0.004260123570760091, 8.213333333333333, 30.826666666666668, 3.6977959569295247]
Best Acc:  8.213333333333333

Epoch: [3 | 90] LR: 0.050000
Training...
 -> Progress: 20 done!
 -> Progress: 40 done!
 -> Progress: 60 done!
 -> Progress: 80 done!
 -> Progress: 100 done!
Testing...
 -> Progress: 20 done!
 -> Progress: 40 done!
 -> Progress: 60 done!
 -> Progress: 80 done!
 -> Progress: 100 done!

Keys:  ['time', 'acc1', 'acc5', 'ce_loss']
Training:  [0.006312824353423135, 8.64243297934939, 31.931561714146323, 3.617376129781834]
Testing:  [0.0042730426788330075, 11.666666666666666, 38.666666666666664, 3.4190262254079182]
Best Acc:  11.666666666666666

Epoch: [4 | 90] LR: 0.050000
Training...
 -> Progress: 20 done!
 -> Progress: 40 done!
 -> Progress: 60 done!
 -> Progress: 80 done!
 -> Progress: 100 done!
Testing...
 -> Progress: 20 done!
 -> Progress: 40 done!
 -> Progress: 60 done!
 -> Progress: 80 done!
 -> Progress: 100 done!

Keys:  ['time', 'acc1', 'acc5', 'ce_loss']
Training:  [0.00630597612556744, 12.048263240592878, 39.23469668443699, 3.4307059314063792]
Testing:  [0.004243055979410808, 12.546666666666667, 40.74666666666667, 3.3601945940653484]
Best Acc:  12.546666666666667

Epoch: [5 | 90] LR: 0.050000
Training...
 -> Progress: 20 done!
 -> Progress: 40 done!
 -> Progress: 60 done!
 -> Progress: 80 done!
 -> Progress: 100 done!
Testing...
 -> Progress: 20 done!
 -> Progress: 40 done!
 -> Progress: 60 done!
 -> Progress: 80 done!
 -> Progress: 100 done!

Keys:  ['time', 'acc1', 'acc5', 'ce_loss']
Training:  [0.006336096610632366, 15.835042113737035, 45.34148615293535, 3.2532206110579978]
Testing:  [0.004247506459554036, 18.653333333333332, 49.81333333333333, 3.1311180528004963]
Best Acc:  18.653333333333332

Epoch: [6 | 90] LR: 0.050000
Training...
 -> Progress: 20 done!
 -> Progress: 40 done!
 -> Progress: 60 done!
 -> Progress: 80 done!
 -> Progress: 100 done!
Testing...
 -> Progress: 20 done!
 -> Progress: 40 done!
 -> Progress: 60 done!
 -> Progress: 80 done!
 -> Progress: 100 done!

Keys:  ['time', 'acc1', 'acc5', 'ce_loss']
Training:  [0.006345968604494687, 19.386749287107293, 50.794409885341395, 3.083953299213188]
Testing:  [0.004334472020467123, 18.68, 49.78666666666667, 3.1328315289815265]
Best Acc:  18.68

Epoch: [7 | 90] LR: 0.050000
Training...
 -> Progress: 20 done!
 -> Progress: 40 done!
 -> Progress: 60 done!
 -> Progress: 80 done!
 -> Progress: 100 done!
Testing...
 -> Progress: 20 done!
 -> Progress: 40 done!
 -> Progress: 60 done!
 -> Progress: 80 done!
 -> Progress: 100 done!

Keys:  ['time', 'acc1', 'acc5', 'ce_loss']
Training:  [0.006341471200103239, 22.621587030716725, 54.731624329863145, 2.9500708986874735]
Testing:  [0.004251797993977864, 25.173333333333332, 57.28, 2.8986275482177732]
Best Acc:  25.173333333333332

Epoch: [8 | 90] LR: 0.050000
Training...
 -> Progress: 20 done!
 -> Progress: 40 done!
 -> Progress: 60 done!
 -> Progress: 80 done!
 -> Progress: 100 done!
Testing...
 -> Progress: 20 done!
 -> Progress: 40 done!
 -> Progress: 60 done!
 -> Progress: 80 done!
 -> Progress: 100 done!

Keys:  ['time', 'acc1', 'acc5', 'ce_loss']
Training:  [0.006361952413877936, 25.007311049581794, 57.90410313264502, 2.8333039267478135]
Testing:  [0.004236704508463542, 27.92, 60.64, 2.7272757625579835]
Best Acc:  27.92

Epoch: [9 | 90] LR: 0.050000
Training...
 -> Progress: 20 done!
 -> Progress: 40 done!
 -> Progress: 60 done!
 -> Progress: 80 done!
 -> Progress: 100 done!
Testing...
 -> Progress: 20 done!
 -> Progress: 40 done!
 -> Progress: 60 done!
 -> Progress: 80 done!
 -> Progress: 100 done!

Keys:  ['time', 'acc1', 'acc5', 'ce_loss']
Training:  [0.006369734786883149, 27.586476797943636, 60.70432057559694, 2.7155552520686856]
Testing:  [0.004292351404825846, 30.866666666666667, 63.413333333333334, 2.602660182317098]
Best Acc:  30.866666666666667

Epoch: [10 | 90] LR: 0.050000
Training...
 -> Progress: 20 done!
 -> Progress: 40 done!
 -> Progress: 60 done!
 -> Progress: 80 done!
 -> Progress: 100 done!
Testing...
 -> Progress: 20 done!
 -> Progress: 40 done!
 -> Progress: 60 done!
 -> Progress: 80 done!
 -> Progress: 100 done!

Keys:  ['time', 'acc1', 'acc5', 'ce_loss']
Training:  [0.00628764800244224, 30.0982948928156, 63.99214190590504, 2.599226449536789]
Testing:  [0.004241056442260742, 32.06666666666667, 66.85333333333334, 2.511944408416748]
Best Acc:  32.06666666666667

Epoch: [11 | 90] LR: 0.050000
Training...
 -> Progress: 20 done!
 -> Progress: 40 done!
 -> Progress: 60 done!
 -> Progress: 80 done!
 -> Progress: 100 done!
Testing...
 -> Progress: 20 done!
 -> Progress: 40 done!
 -> Progress: 60 done!
 -> Progress: 80 done!
 -> Progress: 100 done!

Keys:  ['time', 'acc1', 'acc5', 'ce_loss']
Training:  [0.006374233818705171, 32.7861802293172, 66.49002601180874, 2.4992031701188853]
Testing:  [0.004243949254353841, 32.61333333333334, 66.50666666666666, 2.4712634023030597]
Best Acc:  32.61333333333334

Epoch: [12 | 90] LR: 0.050000
Training...
 -> Progress: 20 done!
 -> Progress: 40 done!
 -> Progress: 60 done!
 -> Progress: 80 done!
 -> Progress: 100 done!
Testing...
 -> Progress: 20 done!
 -> Progress: 40 done!
 -> Progress: 60 done!
 -> Progress: 80 done!
 -> Progress: 100 done!

Keys:  ['time', 'acc1', 'acc5', 'ce_loss']
Training:  [0.006355888607558944, 35.362507569505084, 69.04983898071706, 2.3835926495314457]
Testing:  [0.004222399393717448, 37.82666666666667, 70.25333333333333, 2.327602456410726]
Best Acc:  37.82666666666667

Epoch: [13 | 90] LR: 0.050000
Training...
 -> Progress: 20 done!
 -> Progress: 40 done!
 -> Progress: 60 done!
 -> Progress: 80 done!
 -> Progress: 100 done!
Testing...
 -> Progress: 20 done!
 -> Progress: 40 done!
 -> Progress: 60 done!
 -> Progress: 80 done!
 -> Progress: 100 done!

Keys:  ['time', 'acc1', 'acc5', 'ce_loss']
Training:  [0.006267393815232625, 37.519610811825906, 71.71673732406043, 2.2822394977250604]
Testing:  [0.004339227676391602, 37.013333333333335, 71.17333333333333, 2.3247348403930665]
Best Acc:  37.82666666666667

Epoch: [14 | 90] LR: 0.050000
Training...
 -> Progress: 20 done!
 -> Progress: 40 done!
 -> Progress: 60 done!
 -> Progress: 80 done!
 -> Progress: 100 done!
Testing...
 -> Progress: 20 done!
 -> Progress: 40 done!
 -> Progress: 60 done!
 -> Progress: 80 done!
 -> Progress: 100 done!

Keys:  ['time', 'acc1', 'acc5', 'ce_loss']
Training:  [0.006377333260233492, 38.95541465160383, 72.40612613300415, 2.2343024816936192]
Testing:  [0.004242763519287109, 39.093333333333334, 72.62666666666667, 2.22489062945048]
Best Acc:  39.093333333333334

Epoch: [15 | 90] LR: 0.050000
Training...
 -> Progress: 20 done!
 -> Progress: 40 done!
 -> Progress: 60 done!
 -> Progress: 80 done!
 -> Progress: 100 done!
Testing...
 -> Progress: 20 done!
 -> Progress: 40 done!
 -> Progress: 60 done!
 -> Progress: 80 done!
 -> Progress: 100 done!

Keys:  ['time', 'acc1', 'acc5', 'ce_loss']
Training:  [0.006357654369731812, 41.03209636805408, 74.00776175020498, 2.156500927010494]
Testing:  [0.004224678675333659, 41.12, 73.56, 2.1692763503392536]
Best Acc:  41.12

Epoch: [16 | 90] LR: 0.050000
Training...
 -> Progress: 20 done!
 -> Progress: 40 done!
 -> Progress: 60 done!
 -> Progress: 80 done!
 -> Progress: 100 done!
Testing...
 -> Progress: 20 done!
 -> Progress: 40 done!
 -> Progress: 60 done!
 -> Progress: 80 done!
 -> Progress: 100 done!

Keys:  ['time', 'acc1', 'acc5', 'ce_loss']
Training:  [0.006297865825301551, 42.680608690802146, 75.52252491505072, 2.084566580557579]
Testing:  [0.004257869720458984, 43.13333333333333, 75.16, 2.0872475544611615]
Best Acc:  43.13333333333333

Epoch: [17 | 90] LR: 0.050000
Training...
 -> Progress: 20 done!
 -> Progress: 40 done!
 -> Progress: 60 done!
 -> Progress: 80 done!
 -> Progress: 100 done!
Testing...
 -> Progress: 20 done!
 -> Progress: 40 done!
 -> Progress: 60 done!
 -> Progress: 80 done!
 -> Progress: 100 done!

Keys:  ['time', 'acc1', 'acc5', 'ce_loss']
Training:  [0.006338638657189067, 44.42683103385639, 76.75172713348076, 2.0214742361075237]
Testing:  [0.004256121317545573, 44.45333333333333, 75.52, 2.0850014241536456]
Best Acc:  44.45333333333333

Epoch: [18 | 90] LR: 0.050000
Training...
 -> Progress: 20 done!
 -> Progress: 40 done!
 -> Progress: 60 done!
 -> Progress: 80 done!
 -> Progress: 100 done!
Testing...
 -> Progress: 20 done!
 -> Progress: 40 done!
 -> Progress: 60 done!
 -> Progress: 80 done!
 -> Progress: 100 done!

Keys:  ['time', 'acc1', 'acc5', 'ce_loss']
Training:  [0.006370929320924518, 44.92527248916365, 77.25567337921456, 1.9967480458497187]
Testing:  [0.004278707504272461, 42.88, 74.44, 2.1162754758199056]
Best Acc:  44.45333333333333

Epoch: [19 | 90] LR: 0.050000
Training...
 -> Progress: 20 done!
 -> Progress: 40 done!
 -> Progress: 60 done!
 -> Progress: 80 done!
 -> Progress: 100 done!
Testing...
 -> Progress: 20 done!
 -> Progress: 40 done!
 -> Progress: 60 done!
 -> Progress: 80 done!
 -> Progress: 100 done!

Keys:  ['time', 'acc1', 'acc5', 'ce_loss']
Training:  [0.006347050845826445, 46.65463640909553, 78.58877849904343, 1.9315694017214986]
Testing:  [0.004277283350626627, 42.53333333333333, 74.32, 2.1247348896662395]
Best Acc:  44.45333333333333

Epoch: [20 | 90] LR: 0.050000
Training...
 -> Progress: 20 done!
 -> Progress: 40 done!
 -> Progress: 60 done!
 -> Progress: 80 done!
 -> Progress: 100 done!
Testing...
 -> Progress: 20 done!
 -> Progress: 40 done!
 -> Progress: 60 done!
 -> Progress: 80 done!
 -> Progress: 100 done!

Keys:  ['time', 'acc1', 'acc5', 'ce_loss']
Training:  [0.0063488686857776835, 47.20305103653527, 79.10192805996527, 1.8998710323926125]
Testing:  [0.004246718088785808, 45.36, 77.0, 2.00636331876119]
Best Acc:  45.36

Epoch: [21 | 90] LR: 0.050000
Training...
 -> Progress: 20 done!
 -> Progress: 40 done!
 -> Progress: 60 done!
 -> Progress: 80 done!
 -> Progress: 100 done!
Testing...
 -> Progress: 20 done!
 -> Progress: 40 done!
 -> Progress: 60 done!
 -> Progress: 80 done!
 -> Progress: 100 done!

Keys:  ['time', 'acc1', 'acc5', 'ce_loss']
Training:  [0.006351070599344403, 48.434403559453656, 80.03215141426581, 1.8544320421414164]
Testing:  [0.004254318873087565, 46.29333333333334, 77.49333333333334, 1.9778658056259155]
Best Acc:  46.29333333333334

Epoch: [22 | 90] LR: 0.050000
Training...
 -> Progress: 20 done!
 -> Progress: 40 done!
 -> Progress: 60 done!
 -> Progress: 80 done!
 -> Progress: 100 done!
Testing...
 -> Progress: 20 done!
 -> Progress: 40 done!
 -> Progress: 60 done!
 -> Progress: 80 done!
 -> Progress: 100 done!

Keys:  ['time', 'acc1', 'acc5', 'ce_loss']
Training:  [0.00639852240630791, 49.970497769300444, 81.04546267668948, 1.7929936533495021]
Testing:  [0.004230969746907552, 47.78666666666667, 77.45333333333333, 1.9622177950541178]
Best Acc:  47.78666666666667

Epoch: [23 | 90] LR: 0.050000
Training...
 -> Progress: 20 done!
 -> Progress: 40 done!
 -> Progress: 60 done!
 -> Progress: 80 done!
 -> Progress: 100 done!
Testing...
 -> Progress: 20 done!
 -> Progress: 40 done!
 -> Progress: 60 done!
 -> Progress: 80 done!
 -> Progress: 100 done!

Keys:  ['time', 'acc1', 'acc5', 'ce_loss']
Training:  [0.00635355324468515, 50.978218234846615, 81.48782408522257, 1.7697317360204234]
Testing:  [0.004286333719889323, 49.10666666666667, 78.76, 1.891502095858256]
Best Acc:  49.10666666666667

Epoch: [24 | 90] LR: 0.050000
Training...
 -> Progress: 20 done!
 -> Progress: 40 done!
 -> Progress: 60 done!
 -> Progress: 80 done!
 -> Progress: 100 done!
Testing...
 -> Progress: 20 done!
 -> Progress: 40 done!
 -> Progress: 60 done!
 -> Progress: 80 done!
 -> Progress: 100 done!

Keys:  ['time', 'acc1', 'acc5', 'ce_loss']
Training:  [0.0063485537779616, 51.45550065805481, 82.21557442726943, 1.7300127012330924]
Testing:  [0.004252719879150391, 49.2, 79.32, 1.8726726881663005]
Best Acc:  49.2

Epoch: [25 | 90] LR: 0.050000
Training...
 -> Progress: 20 done!
 -> Progress: 40 done!
 -> Progress: 60 done!
 -> Progress: 80 done!
 -> Progress: 100 done!
Testing...
 -> Progress: 20 done!
 -> Progress: 40 done!
 -> Progress: 60 done!
 -> Progress: 80 done!
 -> Progress: 100 done!

Keys:  ['time', 'acc1', 'acc5', 'ce_loss']
Training:  [0.006339695673346926, 52.36740338843023, 82.64735633928214, 1.7092213594059082]
Testing:  [0.004254137674967448, 48.21333333333333, 77.98666666666666, 1.9496845149993896]
Best Acc:  49.2

Epoch: [26 | 90] LR: 0.050000
Training...
 -> Progress: 20 done!
 -> Progress: 40 done!
 -> Progress: 60 done!
 -> Progress: 80 done!
 -> Progress: 100 done!
Testing...
 -> Progress: 20 done!
 -> Progress: 40 done!
 -> Progress: 60 done!
 -> Progress: 80 done!
 -> Progress: 100 done!

Keys:  ['time', 'acc1', 'acc5', 'ce_loss']
Training:  [0.006337405878529207, 53.10427102619471, 83.55392630515244, 1.6668773047346304]
Testing:  [0.0042707729339599605, 49.04, 78.89333333333333, 1.9276825126012167]
Best Acc:  49.2

Epoch: [27 | 90] LR: 0.050000
Training...
 -> Progress: 20 done!
 -> Progress: 40 done!
 -> Progress: 60 done!
 -> Progress: 80 done!
 -> Progress: 100 done!
Testing...
 -> Progress: 20 done!
 -> Progress: 40 done!
 -> Progress: 60 done!
 -> Progress: 80 done!
 -> Progress: 100 done!

Keys:  ['time', 'acc1', 'acc5', 'ce_loss']
Training:  [0.006295841301667405, 53.525043357354384, 83.43737959617641, 1.6589420395092753]
Testing:  [0.004245065053304037, 49.74666666666667, 79.89333333333333, 1.838760223388672]
Best Acc:  49.74666666666667

Epoch: [28 | 90] LR: 0.050000
Training...
 -> Progress: 20 done!
 -> Progress: 40 done!
 -> Progress: 60 done!
 -> Progress: 80 done!
 -> Progress: 100 done!
Testing...
 -> Progress: 20 done!
 -> Progress: 40 done!
 -> Progress: 60 done!
 -> Progress: 80 done!
 -> Progress: 100 done!

Keys:  ['time', 'acc1', 'acc5', 'ce_loss']
Training:  [0.006382969866026791, 54.6684052659383, 84.2640441009209, 1.6134477430643075]
Testing:  [0.004277588526407878, 50.45333333333333, 78.86666666666666, 1.878397978146871]
Best Acc:  50.45333333333333

Epoch: [29 | 90] LR: 0.050000
Training...
 -> Progress: 20 done!
 -> Progress: 40 done!
 -> Progress: 60 done!
 -> Progress: 80 done!
 -> Progress: 100 done!
Testing...
 -> Progress: 20 done!
 -> Progress: 40 done!
 -> Progress: 60 done!
 -> Progress: 80 done!
 -> Progress: 100 done!

Keys:  ['time', 'acc1', 'acc5', 'ce_loss']
Training:  [0.006360207808302531, 55.47227651185957, 84.49361099399397, 1.598911302081554]
Testing:  [0.0043477090199788414, 50.666666666666664, 79.89333333333333, 1.847416272163391]
Best Acc:  50.666666666666664

Epoch: [30 | 90] LR: 0.050000
Training...
 -> Progress: 20 done!
 -> Progress: 40 done!
 -> Progress: 60 done!
 -> Progress: 80 done!
 -> Progress: 100 done!
Testing...
 -> Progress: 20 done!
 -> Progress: 40 done!
 -> Progress: 60 done!
 -> Progress: 80 done!
 -> Progress: 100 done!

Keys:  ['time', 'acc1', 'acc5', 'ce_loss']
Training:  [0.00638437840718865, 56.111434142337316, 84.87929029757659, 1.5724198557817894]
Testing:  [0.00429257074991862, 52.61333333333334, 82.05333333333333, 1.7374369541803996]
Best Acc:  52.61333333333334

Epoch: [31 | 90] LR: 0.050000
Training...
 -> Progress: 20 done!
 -> Progress: 40 done!
 -> Progress: 60 done!
 -> Progress: 80 done!
 -> Progress: 100 done!
Testing...
 -> Progress: 20 done!
 -> Progress: 40 done!
 -> Progress: 60 done!
 -> Progress: 80 done!
 -> Progress: 100 done!

Keys:  ['time', 'acc1', 'acc5', 'ce_loss']
Training:  [0.006352975506831355, 56.769686506876766, 85.34083247266125, 1.5482180476595517]
Testing:  [0.004259579976399739, 49.653333333333336, 79.34666666666666, 1.8610682106018066]
Best Acc:  52.61333333333334

Epoch: [32 | 90] LR: 0.050000
Training...
 -> Progress: 20 done!
 -> Progress: 40 done!
 -> Progress: 60 done!
 -> Progress: 80 done!
 -> Progress: 100 done!
Testing...
 -> Progress: 20 done!
 -> Progress: 40 done!
 -> Progress: 60 done!
 -> Progress: 80 done!
 -> Progress: 100 done!

Keys:  ['time', 'acc1', 'acc5', 'ce_loss']
Training:  [0.006314364716461494, 57.108919137167035, 85.78594626989788, 1.52719215402831]
Testing:  [0.0042623774210611975, 51.906666666666666, 79.76, 1.8063899850845337]
Best Acc:  52.61333333333334

Epoch: [33 | 90] LR: 0.050000
Training...
 -> Progress: 20 done!
 -> Progress: 40 done!
 -> Progress: 60 done!
 -> Progress: 80 done!
 -> Progress: 100 done!
Testing...
 -> Progress: 20 done!
 -> Progress: 40 done!
 -> Progress: 60 done!
 -> Progress: 80 done!
 -> Progress: 100 done!

Keys:  ['time', 'acc1', 'acc5', 'ce_loss']
Training:  [0.006346036956578798, 57.41787542662116, 86.02075994706398, 1.5177921695513936]
Testing:  [0.00431425412495931, 51.946666666666665, 81.68, 1.8036861069997152]
Best Acc:  52.61333333333334

Epoch: [34 | 90] LR: 0.050000
Training...
 -> Progress: 20 done!
 -> Progress: 40 done!
 -> Progress: 60 done!
 -> Progress: 80 done!
 -> Progress: 100 done!
Testing...
 -> Progress: 20 done!
 -> Progress: 40 done!
 -> Progress: 60 done!
 -> Progress: 80 done!
 -> Progress: 100 done!

Keys:  ['time', 'acc1', 'acc5', 'ce_loss']
Training:  [0.006367226916368504, 58.303802438156595, 86.20818081487974, 1.48921448826383]
Testing:  [0.004290250142415365, 51.653333333333336, 81.18666666666667, 1.810100326538086]
Best Acc:  52.61333333333334

Epoch: [35 | 90] LR: 0.050000
Training...
 -> Progress: 20 done!
 -> Progress: 40 done!
 -> Progress: 60 done!
 -> Progress: 80 done!
 -> Progress: 100 done!
Testing...
 -> Progress: 20 done!
 -> Progress: 40 done!
 -> Progress: 60 done!
 -> Progress: 80 done!
 -> Progress: 100 done!

Keys:  ['time', 'acc1', 'acc5', 'ce_loss']
Training:  [0.00637563991872117, 58.343110068259385, 86.24748844498254, 1.4900788504109042]
Testing:  [0.004313945770263672, 53.53333333333333, 82.44, 1.7183215061823527]
Best Acc:  53.53333333333333

Epoch: [36 | 90] LR: 0.050000
Training...
 -> Progress: 20 done!
 -> Progress: 40 done!
 -> Progress: 60 done!
 -> Progress: 80 done!
 -> Progress: 100 done!
Testing...
 -> Progress: 20 done!
 -> Progress: 40 done!
 -> Progress: 60 done!
 -> Progress: 80 done!
 -> Progress: 100 done!

Keys:  ['time', 'acc1', 'acc5', 'ce_loss']
Training:  [0.0063189418649510715, 58.61955370593803, 86.34941304177555, 1.4739211968594443]
Testing:  [0.004230982462565105, 52.373333333333335, 81.05333333333333, 1.7720413970947266]
Best Acc:  53.53333333333333

Epoch: [37 | 90] LR: 0.050000
Training...
 -> Progress: 20 done!
 -> Progress: 40 done!
 -> Progress: 60 done!
 -> Progress: 80 done!
 -> Progress: 100 done!
Testing...
 -> Progress: 20 done!
 -> Progress: 40 done!
 -> Progress: 60 done!
 -> Progress: 80 done!
 -> Progress: 100 done!

Keys:  ['time', 'acc1', 'acc5', 'ce_loss']
Training:  [0.00636810654259379, 58.658775329589844, 86.88036716187773, 1.4559525300211467]
Testing:  [0.004336980183919271, 53.026666666666664, 82.17333333333333, 1.7503931109110515]
Best Acc:  53.53333333333333

Epoch: [38 | 90] LR: 0.050000
Training...
 -> Progress: 20 done!
 -> Progress: 40 done!
 -> Progress: 60 done!
 -> Progress: 80 done!
 -> Progress: 100 done!
Testing...
 -> Progress: 20 done!
 -> Progress: 40 done!
 -> Progress: 60 done!
 -> Progress: 80 done!
 -> Progress: 100 done!

Keys:  ['time', 'acc1', 'acc5', 'ce_loss']
Training:  [0.0063549308646661026, 59.60284665989794, 86.99459154044402, 1.440943828621822]
Testing:  [0.004251394271850586, 54.14666666666667, 82.34666666666666, 1.7361242326100668]
Best Acc:  54.14666666666667

Epoch: [39 | 90] LR: 0.050000
Training...
 -> Progress: 20 done!
 -> Progress: 40 done!
 -> Progress: 60 done!
 -> Progress: 80 done!
 -> Progress: 100 done!
Testing...
 -> Progress: 20 done!
 -> Progress: 40 done!
 -> Progress: 60 done!
 -> Progress: 80 done!
 -> Progress: 100 done!

Keys:  ['time', 'acc1', 'acc5', 'ce_loss']
Training:  [0.006364807740820146, 59.75474444184287, 87.05815465621167, 1.4281514944070028]
Testing:  [0.0042780749003092445, 52.85333333333333, 81.78666666666666, 1.7303217363357544]
Best Acc:  54.14666666666667

Epoch: [40 | 90] LR: 0.050000
Training...
 -> Progress: 20 done!
 -> Progress: 40 done!
 -> Progress: 60 done!
 -> Progress: 80 done!
 -> Progress: 100 done!
Testing...
 -> Progress: 20 done!
 -> Progress: 40 done!
 -> Progress: 60 done!
 -> Progress: 80 done!
 -> Progress: 100 done!

Keys:  ['time', 'acc1', 'acc5', 'ce_loss']
Training:  [0.00634188538118434, 60.09621339609192, 87.41596594279943, 1.4192661864765674]
Testing:  [0.0042609564463297524, 54.06666666666667, 82.88, 1.717407331466675]
Best Acc:  54.14666666666667

Epoch: [41 | 90] LR: 0.050000
Training...
 -> Progress: 20 done!
 -> Progress: 40 done!
 -> Progress: 60 done!
 -> Progress: 80 done!
 -> Progress: 100 done!
Testing...
 -> Progress: 20 done!
 -> Progress: 40 done!
 -> Progress: 60 done!
 -> Progress: 80 done!
 -> Progress: 100 done!

Keys:  ['time', 'acc1', 'acc5', 'ce_loss']
Training:  [0.006387450182397211, 60.46408812747474, 87.76242362273024, 1.3951575304461015]
Testing:  [0.004222402572631836, 56.013333333333335, 83.28, 1.6536229499181112]
Best Acc:  56.013333333333335

Epoch: [42 | 90] LR: 0.050000
Training...
 -> Progress: 20 done!
 -> Progress: 40 done!
 -> Progress: 60 done!
 -> Progress: 80 done!
 -> Progress: 100 done!
Testing...
 -> Progress: 20 done!
 -> Progress: 40 done!
 -> Progress: 60 done!
 -> Progress: 80 done!
 -> Progress: 100 done!

Keys:  ['time', 'acc1', 'acc5', 'ce_loss']
Training:  [0.006340929265722073, 60.4287370675253, 87.56287501208205, 1.4090990312270337]
Testing:  [0.004267702102661133, 53.96, 82.50666666666666, 1.7222706000010173]
Best Acc:  56.013333333333335

Epoch: [43 | 90] LR: 0.050000
Training...
 -> Progress: 20 done!
 -> Progress: 40 done!
 -> Progress: 60 done!
 -> Progress: 80 done!
 -> Progress: 100 done!
Testing...
 -> Progress: 20 done!
 -> Progress: 40 done!
 -> Progress: 60 done!
 -> Progress: 80 done!
 -> Progress: 100 done!

Keys:  ['time', 'acc1', 'acc5', 'ce_loss']
Training:  [0.006457055388050275, 61.09352636500023, 88.05331733365108, 1.3811935920764156]
Testing:  [0.004238230387369792, 54.06666666666667, 82.42666666666666, 1.7186669603983562]
Best Acc:  56.013333333333335

Epoch: [44 | 90] LR: 0.050000
Training...
 -> Progress: 20 done!
 -> Progress: 40 done!
 -> Progress: 60 done!
 -> Progress: 80 done!
 -> Progress: 100 done!
Testing...
 -> Progress: 20 done!
 -> Progress: 40 done!
 -> Progress: 60 done!
 -> Progress: 80 done!
 -> Progress: 100 done!

Keys:  ['time', 'acc1', 'acc5', 'ce_loss']
Training:  [0.006400741407895658, 61.496150085136755, 88.1144720865191, 1.3713810486598226]
Testing:  [0.004309730529785156, 55.52, 83.26666666666667, 1.643102634747823]
Best Acc:  56.013333333333335

Epoch: [45 | 90] LR: 0.050000
Training...
 -> Progress: 20 done!
 -> Progress: 40 done!
 -> Progress: 60 done!
 -> Progress: 80 done!
 -> Progress: 100 done!
Testing...
 -> Progress: 20 done!
 -> Progress: 40 done!
 -> Progress: 60 done!
 -> Progress: 80 done!
 -> Progress: 100 done!

Keys:  ['time', 'acc1', 'acc5', 'ce_loss']
Training:  [0.006503339513576885, 61.76837910727023, 88.67209002914689, 1.346646592682132]
Testing:  [0.004253044128417969, 55.61333333333334, 83.25333333333333, 1.6516152699788411]
Best Acc:  56.013333333333335

Epoch: [46 | 90] LR: 0.050000
Training...
 -> Progress: 20 done!
 -> Progress: 40 done!
 -> Progress: 60 done!
 -> Progress: 80 done!
 -> Progress: 100 done!
Testing...
 -> Progress: 20 done!
 -> Progress: 40 done!
 -> Progress: 60 done!
 -> Progress: 80 done!
 -> Progress: 100 done!

Keys:  ['time', 'acc1', 'acc5', 'ce_loss']
Training:  [0.006406124134519401, 62.18975353566453, 88.55184478238988, 1.3422869026864348]
Testing:  [0.004355198542277019, 54.18666666666667, 82.6, 1.7025563732783]
Best Acc:  56.013333333333335

Epoch: [47 | 90] LR: 0.050000
Training...
 -> Progress: 20 done!
 -> Progress: 40 done!
 -> Progress: 60 done!
 -> Progress: 80 done!
 -> Progress: 100 done!
Testing...
 -> Progress: 20 done!
 -> Progress: 40 done!
 -> Progress: 60 done!
 -> Progress: 80 done!
 -> Progress: 100 done!

Keys:  ['time', 'acc1', 'acc5', 'ce_loss']
Training:  [0.00642417803559287, 62.30432194003473, 88.41611733290115, 1.3364518998832833]
Testing:  [0.004271024068196614, 54.733333333333334, 82.57333333333334, 1.7166377607981365]
Best Acc:  56.013333333333335

Epoch: [48 | 90] LR: 0.050000
Training...
 -> Progress: 20 done!
 -> Progress: 40 done!
 -> Progress: 60 done!
 -> Progress: 80 done!
 -> Progress: 100 done!
Testing...
 -> Progress: 20 done!
 -> Progress: 40 done!
 -> Progress: 60 done!
 -> Progress: 80 done!
 -> Progress: 100 done!

Keys:  ['time', 'acc1', 'acc5', 'ce_loss']
Training:  [0.0064331614523617485, 63.132792723463666, 88.91739719638238, 1.3108038798534016]
Testing:  [0.00424554189046224, 56.14666666666667, 84.18666666666667, 1.6360357936223349]
Best Acc:  56.14666666666667

Epoch: [49 | 90] LR: 0.050000
Training...
 -> Progress: 20 done!
 -> Progress: 40 done!
 -> Progress: 60 done!
 -> Progress: 80 done!
 -> Progress: 100 done!
Testing...
 -> Progress: 20 done!
 -> Progress: 40 done!
 -> Progress: 60 done!
 -> Progress: 80 done!
 -> Progress: 100 done!

Keys:  ['time', 'acc1', 'acc5', 'ce_loss']
Training:  [0.006379872051929044, 62.45037089272977, 88.74089990296868, 1.3363771003260954]
Testing:  [0.0042514801025390625, 53.44, 81.06666666666666, 1.7394188944498699]
Best Acc:  56.14666666666667

Epoch: [50 | 90] LR: 0.050000
Training...
 -> Progress: 20 done!
 -> Progress: 40 done!
 -> Progress: 60 done!
 -> Progress: 80 done!
 -> Progress: 100 done!
Testing...
 -> Progress: 20 done!
 -> Progress: 40 done!
 -> Progress: 60 done!
 -> Progress: 80 done!
 -> Progress: 100 done!

Keys:  ['time', 'acc1', 'acc5', 'ce_loss']
Training:  [0.006399866663962094, 62.67211067798601, 88.74167401310527, 1.3239086121829295]
Testing:  [0.004229145050048828, 55.666666666666664, 83.42666666666666, 1.6464260816574097]
Best Acc:  56.14666666666667

Epoch: [51 | 90] LR: 0.005000
Training...
 -> Progress: 20 done!
 -> Progress: 40 done!
 -> Progress: 60 done!
 -> Progress: 80 done!
 -> Progress: 100 done!
Testing...
 -> Progress: 20 done!
 -> Progress: 40 done!
 -> Progress: 60 done!
 -> Progress: 80 done!
 -> Progress: 100 done!

Keys:  ['time', 'acc1', 'acc5', 'ce_loss']
Training:  [0.006398787677491484, 74.77120719102463, 94.56574095638132, 0.8432783425464565]
Testing:  [0.004291712443033854, 64.04, 88.78666666666666, 1.318112591902415]
Best Acc:  64.04

Epoch: [52 | 90] LR: 0.005000
Training...
 -> Progress: 20 done!
 -> Progress: 40 done!
 -> Progress: 60 done!
 -> Progress: 80 done!
 -> Progress: 100 done!
Testing...
 -> Progress: 20 done!
 -> Progress: 40 done!
 -> Progress: 60 done!
 -> Progress: 80 done!
 -> Progress: 100 done!

Keys:  ['time', 'acc1', 'acc5', 'ce_loss']
Training:  [0.006395836332145404, 78.6029705268938, 96.01332847412942, 0.7031948201282032]
Testing:  [0.004268859227498372, 65.04, 89.18666666666667, 1.292939851284027]
Best Acc:  65.04

Epoch: [53 | 90] LR: 0.005000
Training...
 -> Progress: 20 done!
 -> Progress: 40 done!
 -> Progress: 60 done!
 -> Progress: 80 done!
 -> Progress: 100 done!
Testing...
 -> Progress: 20 done!
 -> Progress: 40 done!
 -> Progress: 60 done!
 -> Progress: 80 done!
 -> Progress: 100 done!

Keys:  ['time', 'acc1', 'acc5', 'ce_loss']
Training:  [0.0064152711080609735, 80.37336233614248, 96.56260321815672, 0.6378057790290781]
Testing:  [0.0042892042795817055, 65.8, 89.58666666666667, 1.2868188150723776]
Best Acc:  65.8

Epoch: [54 | 90] LR: 0.005000
Training...
 -> Progress: 20 done!
 -> Progress: 40 done!
 -> Progress: 60 done!
 -> Progress: 80 done!
 -> Progress: 100 done!
Testing...
 -> Progress: 20 done!
 -> Progress: 40 done!
 -> Progress: 60 done!
 -> Progress: 80 done!
 -> Progress: 100 done!

Keys:  ['time', 'acc1', 'acc5', 'ce_loss']
Training:  [0.006354982128729186, 81.82155195112522, 97.02423139969237, 0.5881275836721622]
Testing:  [0.004266942342122396, 66.04, 89.6, 1.3062859129905702]
Best Acc:  66.04

Epoch: [55 | 90] LR: 0.005000
Training...
 -> Progress: 20 done!
 -> Progress: 40 done!
 -> Progress: 60 done!
 -> Progress: 80 done!
 -> Progress: 100 done!
Testing...
 -> Progress: 20 done!
 -> Progress: 40 done!
 -> Progress: 60 done!
 -> Progress: 80 done!
 -> Progress: 100 done!

Keys:  ['time', 'acc1', 'acc5', 'ce_loss']
Training:  [0.006439571901393018, 82.45812920580138, 97.42659707443705, 0.5547273961553801]
Testing:  [0.004262297948201497, 66.33333333333333, 89.8, 1.3026785127321878]
Best Acc:  66.33333333333333

Epoch: [56 | 90] LR: 0.005000
Training...
 -> Progress: 20 done!
 -> Progress: 40 done!
 -> Progress: 60 done!
 -> Progress: 80 done!
 -> Progress: 100 done!
Testing...
 -> Progress: 20 done!
 -> Progress: 40 done!
 -> Progress: 60 done!
 -> Progress: 80 done!
 -> Progress: 100 done!

Keys:  ['time', 'acc1', 'acc5', 'ce_loss']
Training:  [0.006362976881424315, 83.53551964873746, 97.53867113549555, 0.5249924012825351]
Testing:  [0.0042715517679850264, 66.8, 89.78666666666666, 1.3087659804026286]
Best Acc:  66.8

Epoch: [57 | 90] LR: 0.005000
Training...
 -> Progress: 20 done!
 -> Progress: 40 done!
 -> Progress: 60 done!
 -> Progress: 80 done!
 -> Progress: 100 done!
Testing...
 -> Progress: 20 done!
 -> Progress: 40 done!
 -> Progress: 60 done!
 -> Progress: 80 done!
 -> Progress: 100 done!

Keys:  ['time', 'acc1', 'acc5', 'ce_loss']
Training:  [0.006423994135938, 84.72541423706471, 97.77073242395811, 0.4882922793512865]
Testing:  [0.00426510492960612, 66.26666666666667, 89.89333333333333, 1.335058777332306]
Best Acc:  66.8

Epoch: [58 | 90] LR: 0.005000
Training...
 -> Progress: 20 done!
 -> Progress: 40 done!
 -> Progress: 60 done!
 -> Progress: 80 done!
 -> Progress: 100 done!
Testing...
 -> Progress: 20 done!
 -> Progress: 40 done!
 -> Progress: 60 done!
 -> Progress: 80 done!
 -> Progress: 100 done!

Keys:  ['time', 'acc1', 'acc5', 'ce_loss']
Training:  [0.006405631836770745, 85.26643178894251, 98.04528376348189, 0.464537091629497]
Testing:  [0.004300804138183594, 66.10666666666667, 89.85333333333334, 1.3451128395398457]
Best Acc:  66.8

Epoch: [59 | 90] LR: 0.005000
Training...
 -> Progress: 20 done!
 -> Progress: 40 done!
 -> Progress: 60 done!
 -> Progress: 80 done!
 -> Progress: 100 done!
Testing...
 -> Progress: 20 done!
 -> Progress: 40 done!
 -> Progress: 60 done!
 -> Progress: 80 done!
 -> Progress: 100 done!

Keys:  ['time', 'acc1', 'acc5', 'ce_loss']
Training:  [0.006404547968008412, 85.74964907389045, 98.26401314068166, 0.4442062934307515]
Testing:  [0.004255927403767903, 66.73333333333333, 89.74666666666667, 1.3658684055010477]
Best Acc:  66.8

Epoch: [60 | 90] LR: 0.005000
Training...
 -> Progress: 20 done!
 -> Progress: 40 done!
 -> Progress: 60 done!
 -> Progress: 80 done!
 -> Progress: 100 done!
Testing...
 -> Progress: 20 done!
 -> Progress: 40 done!
 -> Progress: 60 done!
 -> Progress: 80 done!
 -> Progress: 100 done!

Keys:  ['time', 'acc1', 'acc5', 'ce_loss']
Training:  [0.006392961476036306, 86.49589205276438, 98.46123939488122, 0.42139083757335416]
Testing:  [0.004252182642618815, 66.73333333333333, 89.8, 1.349390971660614]
Best Acc:  66.8

Epoch: [61 | 90] LR: 0.005000
Training...
 -> Progress: 20 done!
 -> Progress: 40 done!
 -> Progress: 60 done!
 -> Progress: 80 done!
 -> Progress: 100 done!
Testing...
 -> Progress: 20 done!
 -> Progress: 40 done!
 -> Progress: 60 done!
 -> Progress: 80 done!
 -> Progress: 100 done!

Keys:  ['time', 'acc1', 'acc5', 'ce_loss']
Training:  [0.006434412132757922, 87.43463061856735, 98.66672286726916, 0.3959876028852658]
Testing:  [0.004278523127237956, 66.70666666666666, 90.22666666666667, 1.378298548857371]
Best Acc:  66.8

Epoch: [62 | 90] LR: 0.005000
Training...
 -> Progress: 20 done!
 -> Progress: 40 done!
 -> Progress: 60 done!
 -> Progress: 80 done!
 -> Progress: 100 done!
Testing...
 -> Progress: 20 done!
 -> Progress: 40 done!
 -> Progress: 60 done!
 -> Progress: 80 done!
 -> Progress: 100 done!

Keys:  ['time', 'acc1', 'acc5', 'ce_loss']
Training:  [0.006446199612405927, 87.94416767419808, 98.78120526518838, 0.3741120431610342]
Testing:  [0.004259576797485351, 66.38666666666667, 90.05333333333333, 1.4216502483685811]
Best Acc:  66.8

Epoch: [63 | 90] LR: 0.005000
Training...
 -> Progress: 20 done!
 -> Progress: 40 done!
 -> Progress: 60 done!
 -> Progress: 80 done!
 -> Progress: 100 done!
Testing...
 -> Progress: 20 done!
 -> Progress: 40 done!
 -> Progress: 60 done!
 -> Progress: 80 done!
 -> Progress: 100 done!

Keys:  ['time', 'acc1', 'acc5', 'ce_loss']
Training:  [0.0063942642342108506, 88.44002876672322, 98.87194829426528, 0.3548386389383277]
Testing:  [0.004294230143229167, 66.78666666666666, 89.82666666666667, 1.448951650460561]
Best Acc:  66.8

Epoch: [64 | 90] LR: 0.005000
Training...
 -> Progress: 20 done!
 -> Progress: 40 done!
 -> Progress: 60 done!
 -> Progress: 80 done!
 -> Progress: 100 done!
Testing...
 -> Progress: 20 done!
 -> Progress: 40 done!
 -> Progress: 60 done!
 -> Progress: 80 done!
 -> Progress: 100 done!

Keys:  ['time', 'acc1', 'acc5', 'ce_loss']
Training:  [0.006429929375241641, 89.26669327146772, 99.03210324232082, 0.3332252920487635]
Testing:  [0.004252971013387044, 66.93333333333334, 89.69333333333333, 1.4474779486656189]
Best Acc:  66.93333333333334

Epoch: [65 | 90] LR: 0.005000
Training...
 -> Progress: 20 done!
 -> Progress: 40 done!
 -> Progress: 60 done!
 -> Progress: 80 done!
 -> Progress: 100 done!
Testing...
 -> Progress: 20 done!
 -> Progress: 40 done!
 -> Progress: 60 done!
 -> Progress: 80 done!
 -> Progress: 100 done!

Keys:  ['time', 'acc1', 'acc5', 'ce_loss']
Training:  [0.006389069475818412, 89.8559637492834, 99.1038375177481, 0.3158972611708039]
Testing:  [0.004252189000447591, 66.2, 89.32, 1.5246370283762614]
Best Acc:  66.93333333333334

Epoch: [66 | 90] LR: 0.005000
Training...
 -> Progress: 20 done!
 -> Progress: 40 done!
 -> Progress: 60 done!
 -> Progress: 80 done!
 -> Progress: 100 done!
Testing...
 -> Progress: 20 done!
 -> Progress: 40 done!
 -> Progress: 60 done!
 -> Progress: 80 done!
 -> Progress: 100 done!

Keys:  ['time', 'acc1', 'acc5', 'ce_loss']
Training:  [0.006404936110200329, 90.17541355484582, 99.19724692907756, 0.30097827600130855]
Testing:  [0.004288880030314127, 66.30666666666667, 89.85333333333334, 1.483143801689148]
Best Acc:  66.93333333333334

Epoch: [67 | 90] LR: 0.005000
Training...
 -> Progress: 20 done!
 -> Progress: 40 done!
 -> Progress: 60 done!
 -> Progress: 80 done!
 -> Progress: 100 done!
Testing...
 -> Progress: 20 done!
 -> Progress: 40 done!
 -> Progress: 60 done!
 -> Progress: 80 done!
 -> Progress: 100 done!

Keys:  ['time', 'acc1', 'acc5', 'ce_loss']
Training:  [0.006394845226925795, 90.64280455918035, 99.31198737238861, 0.283491133473839]
Testing:  [0.004247426986694336, 66.62666666666667, 89.53333333333333, 1.5772900954882303]
Best Acc:  66.93333333333334

Epoch: [68 | 90] LR: 0.005000
Training...
 -> Progress: 20 done!
 -> Progress: 40 done!
 -> Progress: 60 done!
 -> Progress: 80 done!
 -> Progress: 100 done!
Testing...
 -> Progress: 20 done!
 -> Progress: 40 done!
 -> Progress: 60 done!
 -> Progress: 80 done!
 -> Progress: 100 done!

Keys:  ['time', 'acc1', 'acc5', 'ce_loss']
Training:  [0.0064029742426432844, 90.9686192587374, 99.39206484641639, 0.2746528768753029]
Testing:  [0.0042632102966308595, 66.66666666666667, 89.4, 1.5613984314600626]
Best Acc:  66.93333333333334

Epoch: [69 | 90] LR: 0.005000
Training...
 -> Progress: 20 done!
 -> Progress: 40 done!
 -> Progress: 60 done!
 -> Progress: 80 done!
 -> Progress: 100 done!
Testing...
 -> Progress: 20 done!
 -> Progress: 40 done!
 -> Progress: 60 done!
 -> Progress: 80 done!
 -> Progress: 100 done!

Keys:  ['time', 'acc1', 'acc5', 'ce_loss']
Training:  [0.006345725303623864, 91.83742981477809, 99.43730733825892, 0.2537486176848818]
Testing:  [0.004272839228312174, 66.62666666666667, 89.56, 1.6028301763534545]
Best Acc:  66.93333333333334

Epoch: [70 | 90] LR: 0.005000
Training...
 -> Progress: 20 done!
 -> Progress: 40 done!
 -> Progress: 60 done!
 -> Progress: 80 done!
 -> Progress: 100 done!
Testing...
 -> Progress: 20 done!
 -> Progress: 40 done!
 -> Progress: 60 done!
 -> Progress: 80 done!
 -> Progress: 100 done!

Keys:  ['time', 'acc1', 'acc5', 'ce_loss']
Training:  [0.006396228542913756, 91.96773849331072, 99.45605802047781, 0.24639507266136568]
Testing:  [0.004235544204711914, 66.37333333333333, 89.45333333333333, 1.591411124865214]
Best Acc:  66.93333333333334

Epoch: [71 | 90] LR: 0.000500
Training...
 -> Progress: 20 done!
 -> Progress: 40 done!
 -> Progress: 60 done!
 -> Progress: 80 done!
 -> Progress: 100 done!
Testing...
 -> Progress: 20 done!
 -> Progress: 40 done!
 -> Progress: 60 done!
 -> Progress: 80 done!
 -> Progress: 100 done!

Keys:  ['time', 'acc1', 'acc5', 'ce_loss']
Training:  [0.006416180028036593, 94.02386326187707, 99.66670221843003, 0.18957805295344507]
Testing:  [0.0042733701070149736, 66.98666666666666, 89.89333333333333, 1.6191702461242676]
Best Acc:  66.98666666666666

Epoch: [72 | 90] LR: 0.000500
Training...
 -> Progress: 20 done!
 -> Progress: 40 done!
 -> Progress: 60 done!
 -> Progress: 80 done!
 -> Progress: 100 done!
Testing...
 -> Progress: 20 done!
 -> Progress: 40 done!
 -> Progress: 60 done!
 -> Progress: 80 done!
 -> Progress: 100 done!

Keys:  ['time', 'acc1', 'acc5', 'ce_loss']
Training:  [0.006384519993648594, 94.32516445641632, 99.6506179184637, 0.181159312611147]
Testing:  [0.004276247024536133, 67.22666666666667, 89.72, 1.6480085492134093]
Best Acc:  67.22666666666667

Epoch: [73 | 90] LR: 0.000500
Training...
 -> Progress: 20 done!
 -> Progress: 40 done!
 -> Progress: 60 done!
 -> Progress: 80 done!
 -> Progress: 100 done!
Testing...
 -> Progress: 20 done!
 -> Progress: 40 done!
 -> Progress: 60 done!
 -> Progress: 80 done!
 -> Progress: 100 done!

Keys:  ['time', 'acc1', 'acc5', 'ce_loss']
Training:  [0.00639473130678561, 94.51963834795121, 99.73869453924915, 0.17097905687606377]
Testing:  [0.004282693862915039, 67.21333333333334, 89.94666666666667, 1.672242226600647]
Best Acc:  67.22666666666667

Epoch: [74 | 90] LR: 0.000500
Training...
 -> Progress: 20 done!
 -> Progress: 40 done!
 -> Progress: 60 done!
 -> Progress: 80 done!
 -> Progress: 100 done!
Testing...
 -> Progress: 20 done!
 -> Progress: 40 done!
 -> Progress: 60 done!
 -> Progress: 80 done!
 -> Progress: 100 done!

Keys:  ['time', 'acc1', 'acc5', 'ce_loss']
Training:  [0.006363292602955685, 94.76270919122794, 99.73869453924915, 0.16391378041013516]
Testing:  [0.004245236714680989, 67.25333333333333, 89.89333333333333, 1.7063141187032065]
Best Acc:  67.25333333333333

Epoch: [75 | 90] LR: 0.000500
Training...
 -> Progress: 20 done!
 -> Progress: 40 done!
 -> Progress: 60 done!
 -> Progress: 80 done!
 -> Progress: 100 done!
Testing...
 -> Progress: 20 done!
 -> Progress: 40 done!
 -> Progress: 60 done!
 -> Progress: 80 done!
 -> Progress: 100 done!

Keys:  ['time', 'acc1', 'acc5', 'ce_loss']
Training:  [0.006417405483258869, 94.9494419553581, 99.74136092150171, 0.15814657130440754]
Testing:  [0.00428277333577474, 67.28, 89.97333333333333, 1.7206937217712401]
Best Acc:  67.28

Epoch: [76 | 90] LR: 0.000500
Training...
 -> Progress: 20 done!
 -> Progress: 40 done!
 -> Progress: 60 done!
 -> Progress: 80 done!
 -> Progress: 100 done!
Testing...
 -> Progress: 20 done!
 -> Progress: 40 done!
 -> Progress: 60 done!
 -> Progress: 80 done!
 -> Progress: 100 done!

Keys:  ['time', 'acc1', 'acc5', 'ce_loss']
Training:  [0.006414012290511929, 95.0535168696589, 99.74669368600682, 0.15666419898283768]
Testing:  [0.0042398866017659504, 67.44, 89.98666666666666, 1.7445032993952434]
Best Acc:  67.44

Epoch: [77 | 90] LR: 0.000500
Training...
 -> Progress: 20 done!
 -> Progress: 40 done!
 -> Progress: 60 done!
 -> Progress: 80 done!
 -> Progress: 100 done!
Testing...
 -> Progress: 20 done!
 -> Progress: 40 done!
 -> Progress: 60 done!
 -> Progress: 80 done!
 -> Progress: 100 done!

Keys:  ['time', 'acc1', 'acc5', 'ce_loss']
Training:  [0.006401913971624277, 95.16240848372007, 99.81335324232082, 0.15165404484642245]
Testing:  [0.004283183415730794, 67.29333333333334, 89.98666666666666, 1.756064345041911]
Best Acc:  67.44

Epoch: [78 | 90] LR: 0.000500
Training...
 -> Progress: 20 done!
 -> Progress: 40 done!
 -> Progress: 60 done!
 -> Progress: 80 done!
 -> Progress: 100 done!
Testing...
 -> Progress: 20 done!
 -> Progress: 40 done!
 -> Progress: 60 done!
 -> Progress: 80 done!
 -> Progress: 100 done!

Keys:  ['time', 'acc1', 'acc5', 'ce_loss']
Training:  [0.006416586071964824, 95.05076448095537, 99.77869027303754, 0.15285745133413797]
Testing:  [0.004277165730794271, 67.21333333333334, 90.04, 1.7752653678258261]
Best Acc:  67.44

Epoch: [79 | 90] LR: 0.000500
Training...
 -> Progress: 20 done!
 -> Progress: 40 done!
 -> Progress: 60 done!
 -> Progress: 80 done!
 -> Progress: 100 done!
Testing...
 -> Progress: 20 done!
 -> Progress: 40 done!
 -> Progress: 60 done!
 -> Progress: 80 done!
 -> Progress: 100 done!

Keys:  ['time', 'acc1', 'acc5', 'ce_loss']
Training:  [0.006344652013160263, 95.19191072743908, 99.75727320856609, 0.1485556520191069]
Testing:  [0.0042715644836425785, 67.42666666666666, 90.01333333333334, 1.7730443175633748]
Best Acc:  67.44

Epoch: [80 | 90] LR: 0.000500
Training...
 -> Progress: 20 done!
 -> Progress: 40 done!
 -> Progress: 60 done!
 -> Progress: 80 done!
 -> Progress: 100 done!
Testing...
 -> Progress: 20 done!
 -> Progress: 40 done!
 -> Progress: 60 done!
 -> Progress: 80 done!
 -> Progress: 100 done!

Keys:  ['time', 'acc1', 'acc5', 'ce_loss']
Training:  [0.0063934049508677405, 95.49562025883905, 99.76527235532376, 0.14266369318901068]
Testing:  [0.004262809753417969, 67.33333333333333, 89.82666666666667, 1.8107044569651285]
Best Acc:  67.44

Epoch: [81 | 90] LR: 0.000500
Training...
 -> Progress: 20 done!
 -> Progress: 40 done!
 -> Progress: 60 done!
 -> Progress: 80 done!
 -> Progress: 100 done!
Testing...
 -> Progress: 20 done!
 -> Progress: 40 done!
 -> Progress: 60 done!
 -> Progress: 80 done!
 -> Progress: 100 done!

Keys:  ['time', 'acc1', 'acc5', 'ce_loss']
Training:  [0.006408514830032713, 95.43480953177495, 99.8080204778157, 0.14224624778732098]
Testing:  [0.004263633092244466, 67.28, 89.73333333333333, 1.8222783454259237]
Best Acc:  67.44

Epoch: [82 | 90] LR: 0.000500
Training...
 -> Progress: 20 done!
 -> Progress: 40 done!
 -> Progress: 60 done!
 -> Progress: 80 done!
 -> Progress: 100 done!
Testing...
 -> Progress: 20 done!
 -> Progress: 40 done!
 -> Progress: 60 done!
 -> Progress: 80 done!
 -> Progress: 100 done!

Keys:  ['time', 'acc1', 'acc5', 'ce_loss']
Training:  [0.006399275906663706, 95.501211068736, 99.7680247440273, 0.14198594565786193]
Testing:  [0.004267686208089192, 67.0, 89.84, 1.835744441350301]
Best Acc:  67.44

Epoch: [83 | 90] LR: 0.000500
Training...
 -> Progress: 20 done!
 -> Progress: 40 done!
 -> Progress: 60 done!
 -> Progress: 80 done!
 -> Progress: 100 done!
Testing...
 -> Progress: 20 done!
 -> Progress: 40 done!
 -> Progress: 60 done!
 -> Progress: 80 done!
 -> Progress: 100 done!

Keys:  ['time', 'acc1', 'acc5', 'ce_loss']
Training:  [0.0064036626457761175, 95.46388171720017, 99.77869027303754, 0.13944387046855464]
Testing:  [0.004196341832478841, 67.17333333333333, 89.90666666666667, 1.829003259340922]
Best Acc:  67.44

Epoch: [84 | 90] LR: 0.000500
Training...
 -> Progress: 20 done!
 -> Progress: 40 done!
 -> Progress: 60 done!
 -> Progress: 80 done!
 -> Progress: 100 done!
Testing...
 -> Progress: 20 done!
 -> Progress: 40 done!
 -> Progress: 60 done!
 -> Progress: 80 done!
 -> Progress: 100 done!

Keys:  ['time', 'acc1', 'acc5', 'ce_loss']
Training:  [0.006323062519164623, 95.75202301337858, 99.80526808911216, 0.13221914824670492]
Testing:  [0.0042532984415690105, 67.10666666666667, 90.0, 1.8554450639088949]
Best Acc:  67.44

Epoch: [85 | 90] LR: 0.000500
Training...
 -> Progress: 20 done!
 -> Progress: 40 done!
 -> Progress: 60 done!
 -> Progress: 80 done!
 -> Progress: 100 done!
Testing...
 -> Progress: 20 done!
 -> Progress: 40 done!
 -> Progress: 60 done!
 -> Progress: 80 done!
 -> Progress: 100 done!

Keys:  ['time', 'acc1', 'acc5', 'ce_loss']
Training:  [0.006390897080353095, 95.7281975860075, 99.81868600682594, 0.13187823472576338]
Testing:  [0.004324191411336263, 67.37333333333333, 89.92, 1.8666665395100912]
Best Acc:  67.44

Epoch: [86 | 90] LR: 0.000500
Training...
 -> Progress: 20 done!
 -> Progress: 40 done!
 -> Progress: 60 done!
 -> Progress: 80 done!
 -> Progress: 100 done!
Testing...
 -> Progress: 20 done!
 -> Progress: 40 done!
 -> Progress: 60 done!
 -> Progress: 80 done!
 -> Progress: 100 done!

Keys:  ['time', 'acc1', 'acc5', 'ce_loss']
Training:  [0.00640407357199607, 95.89884605017131, 99.82668515358361, 0.1289658236727373]
Testing:  [0.0041957918802897134, 67.26666666666667, 89.97333333333333, 1.8714993794759114]
Best Acc:  67.44

Epoch: [87 | 90] LR: 0.000500
Training...
 -> Progress: 20 done!
 -> Progress: 40 done!
 -> Progress: 60 done!
 -> Progress: 80 done!
 -> Progress: 100 done!
Testing...
 -> Progress: 20 done!
 -> Progress: 40 done!
 -> Progress: 60 done!
 -> Progress: 80 done!
 -> Progress: 100 done!

Keys:  ['time', 'acc1', 'acc5', 'ce_loss']
Training:  [0.00639467353300023, 95.86960187788303, 99.81335324232082, 0.13100025426507403]
Testing:  [0.004177881876627604, 67.13333333333334, 90.04, 1.8818162647883097]
Best Acc:  67.44

Epoch: [88 | 90] LR: 0.000500
Training...
 -> Progress: 20 done!
 -> Progress: 40 done!
 -> Progress: 60 done!
 -> Progress: 80 done!
 -> Progress: 100 done!
Testing...
 -> Progress: 20 done!
 -> Progress: 40 done!
 -> Progress: 60 done!
 -> Progress: 80 done!
 -> Progress: 100 done!

Keys:  ['time', 'acc1', 'acc5', 'ce_loss']
Training:  [0.006397468645011199, 95.91751072593924, 99.84801621160409, 0.12583308043943736]
Testing:  [0.004277000427246094, 67.05333333333333, 89.89333333333333, 1.907968118985494]
Best Acc:  67.44

Epoch: [89 | 90] LR: 0.000500
Training...
 -> Progress: 20 done!
 -> Progress: 40 done!
 -> Progress: 60 done!
 -> Progress: 80 done!
 -> Progress: 100 done!
Testing...
 -> Progress: 20 done!
 -> Progress: 40 done!
 -> Progress: 60 done!
 -> Progress: 80 done!
 -> Progress: 100 done!

Keys:  ['time', 'acc1', 'acc5', 'ce_loss']
Training:  [0.0064180629652107945, 95.94391652911189, 99.82401877133105, 0.12483397683084214]
Testing:  [0.004276005427042643, 67.36, 89.98666666666666, 1.9107197046279907]
Best Acc:  67.44

Epoch: [90 | 90] LR: 0.000500
Training...
 -> Progress: 20 done!
 -> Progress: 40 done!
 -> Progress: 60 done!
 -> Progress: 80 done!
 -> Progress: 100 done!
Testing...
 -> Progress: 20 done!
 -> Progress: 40 done!
 -> Progress: 60 done!
 -> Progress: 80 done!
 -> Progress: 100 done!

Keys:  ['time', 'acc1', 'acc5', 'ce_loss']
Training:  [0.006396029182668432, 96.09297588986341, 99.83726467614288, 0.12136348715821224]
Testing:  [0.004302708307902018, 66.88, 89.96, 1.9242053747177124]
Best Acc:  67.44
==> Preparing dataset cifar100
Files already downloaded and verified
==> Preparing dataset cifar100
Files already downloaded and verified
==> Preparing dataset cifar100
Files already downloaded and verified
    Total params: 14.76M

Epoch: [1 | 15] LR: 0.005000
Training...
 -> Progress: 20 done!
 -> Progress: 40 done!
 -> Progress: 60 done!
 -> Progress: 80 done!
 -> Progress: 100 done!
Testing...
 -> Progress: 20 done!
 -> Progress: 40 done!
 -> Progress: 60 done!
 -> Progress: 80 done!
 -> Progress: 100 done!
Testing...
 -> Progress: 20 done!
 -> Progress: 40 done!
 -> Progress: 60 done!
 -> Progress: 80 done!
 -> Progress: 100 done!

Keys:  ['time', 'acc1', 'acc5', 'ce_loss']
Training:  [0.018569040298461913, 46.03515625, 86.9140625, 1.55864028185606]
Testing New Task:  [0.012316536903381348, 53.3, 94.6, 1.2549936532974244]
Testing Old Task:  [0.004245770772298177, 66.38666666666667, 89.64, 1.9319234196345012]
Best Acc:  53.3

Epoch: [2 | 15] LR: 0.005000
Training...
 -> Progress: 20 done!
 -> Progress: 40 done!
 -> Progress: 60 done!
 -> Progress: 80 done!
 -> Progress: 100 done!
Testing...
 -> Progress: 20 done!
 -> Progress: 40 done!
 -> Progress: 60 done!
 -> Progress: 80 done!
 -> Progress: 100 done!
Testing...
 -> Progress: 20 done!
 -> Progress: 40 done!
 -> Progress: 60 done!
 -> Progress: 80 done!
 -> Progress: 100 done!

Keys:  ['time', 'acc1', 'acc5', 'ce_loss']
Training:  [0.018437564373016357, 60.625, 95.78125, 1.2342502146959304]
Testing New Task:  [0.012805914878845215, 62.7, 96.3, 1.064813756942749]
Testing Old Task:  [0.004308007558186849, 66.44, 89.58666666666667, 1.8649242162704467]
Best Acc:  62.7

Epoch: [3 | 15] LR: 0.005000
Training...
 -> Progress: 20 done!
 -> Progress: 40 done!
 -> Progress: 60 done!
 -> Progress: 80 done!
 -> Progress: 100 done!
Testing...
 -> Progress: 20 done!
 -> Progress: 40 done!
 -> Progress: 60 done!
 -> Progress: 80 done!
 -> Progress: 100 done!
Testing...
 -> Progress: 20 done!
 -> Progress: 40 done!
 -> Progress: 60 done!
 -> Progress: 80 done!
 -> Progress: 100 done!

Keys:  ['time', 'acc1', 'acc5', 'ce_loss']
Training:  [0.01844770312309265, 66.66015625, 96.69921875, 1.120375995337963]
Testing New Task:  [0.01301569938659668, 61.0, 96.4, 1.0669216096401215]
Testing Old Task:  [0.00429078737894694, 65.84, 89.57333333333334, 1.8703610213597615]
Best Acc:  62.7

Epoch: [4 | 15] LR: 0.005000
Training...
 -> Progress: 20 done!
 -> Progress: 40 done!
 -> Progress: 60 done!
 -> Progress: 80 done!
 -> Progress: 100 done!
Testing...
 -> Progress: 20 done!
 -> Progress: 40 done!
 -> Progress: 60 done!
 -> Progress: 80 done!
 -> Progress: 100 done!
Testing...
 -> Progress: 20 done!
 -> Progress: 40 done!
 -> Progress: 60 done!
 -> Progress: 80 done!
 -> Progress: 100 done!

Keys:  ['time', 'acc1', 'acc5', 'ce_loss']
Training:  [0.018506461381912233, 69.84375, 97.40234375, 1.0439719989895822]
Testing New Task:  [0.01265871524810791, 66.6, 96.8, 0.979052621126175]
Testing Old Task:  [0.004281314214070638, 65.85333333333334, 89.57333333333334, 1.925642957687378]
Best Acc:  66.6

Epoch: [5 | 15] LR: 0.005000
Training...
 -> Progress: 20 done!
 -> Progress: 40 done!
 -> Progress: 60 done!
 -> Progress: 80 done!
 -> Progress: 100 done!
Testing...
 -> Progress: 20 done!
 -> Progress: 40 done!
 -> Progress: 60 done!
 -> Progress: 80 done!
 -> Progress: 100 done!
Testing...
 -> Progress: 20 done!
 -> Progress: 40 done!
 -> Progress: 60 done!
 -> Progress: 80 done!
 -> Progress: 100 done!

Keys:  ['time', 'acc1', 'acc5', 'ce_loss']
Training:  [0.018315845727920534, 74.08203125, 98.515625, 0.9313805520534515]
Testing New Task:  [0.012475728988647461, 69.1, 97.2, 0.908603185415268]
Testing Old Task:  [0.004247150421142578, 66.10666666666667, 89.29333333333334, 1.8891595458984376]
Best Acc:  69.1

Epoch: [6 | 15] LR: 0.000500
Training...
 -> Progress: 20 done!
 -> Progress: 40 done!
 -> Progress: 60 done!
 -> Progress: 80 done!
 -> Progress: 100 done!
Testing...
 -> Progress: 20 done!
 -> Progress: 40 done!
 -> Progress: 60 done!
 -> Progress: 80 done!
 -> Progress: 100 done!
Testing...
 -> Progress: 20 done!
 -> Progress: 40 done!
 -> Progress: 60 done!
 -> Progress: 80 done!
 -> Progress: 100 done!

Keys:  ['time', 'acc1', 'acc5', 'ce_loss']
Training:  [0.018550950288772582, 79.140625, 98.76953125, 0.8099356293678284]
Testing New Task:  [0.012711048126220703, 70.4, 97.9, 0.8682044744491577]
Testing Old Task:  [0.004263842900594075, 66.05333333333333, 89.42666666666666, 1.8881888167063394]
Best Acc:  70.4

Epoch: [7 | 15] LR: 0.000500
Training...
 -> Progress: 20 done!
 -> Progress: 40 done!
 -> Progress: 60 done!
 -> Progress: 80 done!
 -> Progress: 100 done!
Testing...
 -> Progress: 20 done!
 -> Progress: 40 done!
 -> Progress: 60 done!
 -> Progress: 80 done!
 -> Progress: 100 done!
Testing...
 -> Progress: 20 done!
 -> Progress: 40 done!
 -> Progress: 60 done!
 -> Progress: 80 done!
 -> Progress: 100 done!

Keys:  ['time', 'acc1', 'acc5', 'ce_loss']
Training:  [0.018362206220626832, 78.203125, 98.3984375, 0.8076502501964569]
Testing New Task:  [0.012679004669189453, 70.0, 97.9, 0.8651007413864136]
Testing Old Task:  [0.004272896448771159, 66.12, 89.33333333333333, 1.88979842821757]
Best Acc:  70.4

Epoch: [8 | 15] LR: 0.000500
Training...
 -> Progress: 20 done!
 -> Progress: 40 done!
 -> Progress: 60 done!
 -> Progress: 80 done!
 -> Progress: 100 done!
Testing...
 -> Progress: 20 done!
 -> Progress: 40 done!
 -> Progress: 60 done!
 -> Progress: 80 done!
 -> Progress: 100 done!
Testing...
 -> Progress: 20 done!
 -> Progress: 40 done!
 -> Progress: 60 done!
 -> Progress: 80 done!
 -> Progress: 100 done!

Keys:  ['time', 'acc1', 'acc5', 'ce_loss']
Training:  [0.018316805362701416, 79.66796875, 98.84765625, 0.7710366681218147]
Testing New Task:  [0.0123734712600708, 70.0, 97.9, 0.8657303929328919]
Testing Old Task:  [0.004272581736246745, 66.10666666666667, 89.33333333333333, 1.9000916258494058]
Best Acc:  70.4

Epoch: [9 | 15] LR: 0.000500
Training...
 -> Progress: 20 done!
 -> Progress: 40 done!
 -> Progress: 60 done!
 -> Progress: 80 done!
 -> Progress: 100 done!
Testing...
 -> Progress: 20 done!
 -> Progress: 40 done!
 -> Progress: 60 done!
 -> Progress: 80 done!
 -> Progress: 100 done!
Testing...
 -> Progress: 20 done!
 -> Progress: 40 done!
 -> Progress: 60 done!
 -> Progress: 80 done!
 -> Progress: 100 done!

Keys:  ['time', 'acc1', 'acc5', 'ce_loss']
Training:  [0.018367546796798705, 79.19921875, 98.59375, 0.77530188113451]
Testing New Task:  [0.012438225746154784, 70.2, 97.9, 0.8679400622844696]
Testing Old Task:  [0.004261744817097982, 65.85333333333334, 89.38666666666667, 1.9020368083318075]
Best Acc:  70.4

Epoch: [10 | 15] LR: 0.000500
Training...
 -> Progress: 20 done!
 -> Progress: 40 done!
 -> Progress: 60 done!
 -> Progress: 80 done!
 -> Progress: 100 done!
Testing...
 -> Progress: 20 done!
 -> Progress: 40 done!
 -> Progress: 60 done!
 -> Progress: 80 done!
 -> Progress: 100 done!
Testing...
 -> Progress: 20 done!
 -> Progress: 40 done!
 -> Progress: 60 done!
 -> Progress: 80 done!
 -> Progress: 100 done!

Keys:  ['time', 'acc1', 'acc5', 'ce_loss']
Training:  [0.018294048309326173, 79.43359375, 98.84765625, 0.766537319123745]
Testing New Task:  [0.012642168998718261, 70.0, 97.9, 0.8647403180599212]
Testing Old Task:  [0.0042663955688476566, 66.12, 89.42666666666666, 1.8966917657852174]
Best Acc:  70.4

Epoch: [11 | 15] LR: 0.000050
Training...
 -> Progress: 20 done!
 -> Progress: 40 done!
 -> Progress: 60 done!
 -> Progress: 80 done!
 -> Progress: 100 done!
Testing...
 -> Progress: 20 done!
 -> Progress: 40 done!
 -> Progress: 60 done!
 -> Progress: 80 done!
 -> Progress: 100 done!
Testing...
 -> Progress: 20 done!
 -> Progress: 40 done!
 -> Progress: 60 done!
 -> Progress: 80 done!
 -> Progress: 100 done!

Keys:  ['time', 'acc1', 'acc5', 'ce_loss']
Training:  [0.0184381902217865, 80.05859375, 98.7890625, 0.7467869147658348]
Testing New Task:  [0.01254417896270752, 69.9, 98.1, 0.8618278563022613]
Testing Old Task:  [0.004240713119506836, 66.18666666666667, 89.45333333333333, 1.8948991552988688]
Best Acc:  70.4

Epoch: [12 | 15] LR: 0.000050
Training...
 -> Progress: 20 done!
 -> Progress: 40 done!
 -> Progress: 60 done!
 -> Progress: 80 done!
 -> Progress: 100 done!
Testing...
 -> Progress: 20 done!
 -> Progress: 40 done!
 -> Progress: 60 done!
 -> Progress: 80 done!
 -> Progress: 100 done!
Testing...
 -> Progress: 20 done!
 -> Progress: 40 done!
 -> Progress: 60 done!
 -> Progress: 80 done!
 -> Progress: 100 done!

Keys:  ['time', 'acc1', 'acc5', 'ce_loss']
Training:  [0.01835107207298279, 79.9609375, 98.9453125, 0.7435289703309536]
Testing New Task:  [0.012550687789916993, 69.6, 98.0, 0.8616025567054748]
Testing Old Task:  [0.004273983637491862, 66.18666666666667, 89.41333333333333, 1.8958437554041545]
Best Acc:  70.4

Epoch: [13 | 15] LR: 0.000050
Training...
 -> Progress: 20 done!
 -> Progress: 40 done!
 -> Progress: 60 done!
 -> Progress: 80 done!
 -> Progress: 100 done!
Testing...
 -> Progress: 20 done!
 -> Progress: 40 done!
 -> Progress: 60 done!
 -> Progress: 80 done!
 -> Progress: 100 done!
Testing...
 -> Progress: 20 done!
 -> Progress: 40 done!
 -> Progress: 60 done!
 -> Progress: 80 done!
 -> Progress: 100 done!

Keys:  ['time', 'acc1', 'acc5', 'ce_loss']
Training:  [0.018504226207733156, 80.21484375, 98.7109375, 0.7418516036123037]
Testing New Task:  [0.012672877311706543, 69.8, 98.0, 0.8599799871444702]
Testing Old Task:  [0.004360885620117188, 66.16, 89.4, 1.8964855035146078]
Best Acc:  70.4

Epoch: [14 | 15] LR: 0.000050
Training...
 -> Progress: 20 done!
 -> Progress: 40 done!
 -> Progress: 60 done!
 -> Progress: 80 done!
 -> Progress: 100 done!
Testing...
 -> Progress: 20 done!
 -> Progress: 40 done!
 -> Progress: 60 done!
 -> Progress: 80 done!
 -> Progress: 100 done!
Testing...
 -> Progress: 20 done!
 -> Progress: 40 done!
 -> Progress: 60 done!
 -> Progress: 80 done!
 -> Progress: 100 done!

Keys:  ['time', 'acc1', 'acc5', 'ce_loss']
Training:  [0.018403512239456177, 79.1796875, 98.96484375, 0.7644667848944664]
Testing New Task:  [0.012682008743286132, 69.5, 98.0, 0.8606503486633301]
Testing Old Task:  [0.004327014287312825, 66.10666666666667, 89.4, 1.8962249946594238]
Best Acc:  70.4

Epoch: [15 | 15] LR: 0.000050
Training...
 -> Progress: 20 done!
 -> Progress: 40 done!
 -> Progress: 60 done!
 -> Progress: 80 done!
 -> Progress: 100 done!
Testing...
 -> Progress: 20 done!
 -> Progress: 40 done!
 -> Progress: 60 done!
 -> Progress: 80 done!
 -> Progress: 100 done!
Testing...
 -> Progress: 20 done!
 -> Progress: 40 done!
 -> Progress: 60 done!
 -> Progress: 80 done!
 -> Progress: 100 done!

Keys:  ['time', 'acc1', 'acc5', 'ce_loss']
Training:  [0.01853111982345581, 80.64453125, 99.08203125, 0.7351584658026695]
Testing New Task:  [0.012969517707824707, 69.5, 98.1, 0.860426253080368]
Testing Old Task:  [0.004299821853637695, 66.13333333333334, 89.36, 1.8972381989161173]
Best Acc:  70.4

real	11m36.925s
user	20m7.387s
sys	4m39.835s

Ending script...
Tue Feb  8 16:31:28 EST 2022
