Tue Feb  8 22:25:40 EST 2022
Slurm nodes: evc7
You were assigned 1 gpu(s)
Please run `conda env list` to see a list of all available environments. Use
`source activate <env>` to activate the environment '<env>'. 

Currently Loaded Modules:
  1) anaconda/anaconda3

 

	[4mGPU0	mlx5_0	CPU Affinity	NUMA Affinity[0m
GPU0	 X 	SYS	0,2,4,6	0-1
mlx5_0	SYS	 X 		

Legend:

  X    = Self
  SYS  = Connection traversing PCIe as well as the SMP interconnect between NUMA nodes (e.g., QPI/UPI)
  NODE = Connection traversing PCIe as well as the interconnect between PCIe Host Bridges within a NUMA node
  PHB  = Connection traversing PCIe as well as a PCIe Host Bridge (typically the CPU)
  PXB  = Connection traversing multiple PCIe bridges (without traversing the PCIe Host Bridge)
  PIX  = Connection traversing at most a single PCIe bridge
  NV#  = Connection traversing a bonded set of # NVLinks


Namespace(arch='vgg16', checkpoint='checkpoint', dataset='cifar100', epochs_t1=90, epochs_t2=45, gamma=0.1, jobid='125013', logs='logs', lr_t1=0.05, lr_t2=0.002, manualSeed=8688, momentum=0.9, schedule_t1=[50, 70], schedule_t2=[15, 30], t1_weight=0.05, task_set='vehicles10-large_animals10-reset80', test_batch=100, train_batch=128, weight_decay=0.0005, workers=4)
VGG(
  (features): Sequential(
    (0): Conv2d(3, 64, kernel_size=(3, 3), stride=(1, 1), padding=(1, 1))
    (1): ReLU(inplace)
    (2): Conv2d(64, 64, kernel_size=(3, 3), stride=(1, 1), padding=(1, 1))
    (3): ReLU(inplace)
    (4): MaxPool2d(kernel_size=2, stride=2, padding=0, dilation=1, ceil_mode=False)
    (5): Conv2d(64, 128, kernel_size=(3, 3), stride=(1, 1), padding=(1, 1))
    (6): ReLU(inplace)
    (7): Conv2d(128, 128, kernel_size=(3, 3), stride=(1, 1), padding=(1, 1))
    (8): ReLU(inplace)
    (9): MaxPool2d(kernel_size=2, stride=2, padding=0, dilation=1, ceil_mode=False)
    (10): Conv2d(128, 256, kernel_size=(3, 3), stride=(1, 1), padding=(1, 1))
    (11): ReLU(inplace)
    (12): Conv2d(256, 256, kernel_size=(3, 3), stride=(1, 1), padding=(1, 1))
    (13): ReLU(inplace)
    (14): Conv2d(256, 256, kernel_size=(3, 3), stride=(1, 1), padding=(1, 1))
    (15): ReLU(inplace)
    (16): MaxPool2d(kernel_size=2, stride=2, padding=0, dilation=1, ceil_mode=False)
    (17): Conv2d(256, 512, kernel_size=(3, 3), stride=(1, 1), padding=(1, 1))
    (18): ReLU(inplace)
    (19): Conv2d(512, 512, kernel_size=(3, 3), stride=(1, 1), padding=(1, 1))
    (20): ReLU(inplace)
    (21): Conv2d(512, 512, kernel_size=(3, 3), stride=(1, 1), padding=(1, 1))
    (22): ReLU(inplace)
    (23): MaxPool2d(kernel_size=2, stride=2, padding=0, dilation=1, ceil_mode=False)
    (24): Conv2d(512, 512, kernel_size=(3, 3), stride=(1, 1), padding=(1, 1))
    (25): ReLU(inplace)
    (26): Conv2d(512, 512, kernel_size=(3, 3), stride=(1, 1), padding=(1, 1))
    (27): ReLU(inplace)
    (28): Conv2d(512, 512, kernel_size=(3, 3), stride=(1, 1), padding=(1, 1))
    (29): ReLU(inplace)
    (30): MaxPool2d(kernel_size=2, stride=2, padding=0, dilation=1, ceil_mode=False)
  )
  (classifiers): ModuleList(
    (0): Linear(in_features=512, out_features=80, bias=True)
    (1): Linear(in_features=512, out_features=10, bias=True)
  )
)
==> Preparing dataset cifar100
Files already downloaded and verified
Testing...
 -> Progress: 20 done!
 -> Progress: 40 done!
 -> Progress: 60 done!
 -> Progress: 80 done!
 -> Progress: 100 done!

Test loss: 2.2105 
Val accuracy: 70.25%
==> Preparing dataset cifar100
Files already downloaded and verified
==> Preparing dataset cifar100
Files already downloaded and verified
==> Preparing dataset cifar100
Files already downloaded and verified
    Total params: 14.76M

Epoch: [1 | 45] LR: 0.002000
Training...
 -> Progress: 20 done!
 -> Progress: 40 done!
 -> Progress: 60 done!
 -> Progress: 80 done!
 -> Progress: 100 done!
Testing...
 -> Progress: 20 done!
 -> Progress: 40 done!
 -> Progress: 60 done!
 -> Progress: 80 done!
 -> Progress: 100 done!
Testing...
 -> Progress: 20 done!
 -> Progress: 40 done!
 -> Progress: 60 done!
 -> Progress: 80 done!
 -> Progress: 100 done!

Keys:  ['time', 'acc1', 'acc5', 'ce_loss']
Training:  [0.019209641218185424, 37.890625, 78.57421875, 4.437317156791687]
Testing Old Task:  [0.004380351305007935, 49.2125, 79.125, 2.286870668828487]
Testing New Task:  [0.01424875259399414, 51.8, 90.8, 1.473809552192688]
49.2, 51.8
Best Acc:  51.8

Epoch: [2 | 45] LR: 0.002000
Training...
 -> Progress: 20 done!
 -> Progress: 40 done!
 -> Progress: 60 done!
 -> Progress: 80 done!
 -> Progress: 100 done!
Testing...
 -> Progress: 20 done!
 -> Progress: 40 done!
 -> Progress: 60 done!
 -> Progress: 80 done!
 -> Progress: 100 done!
Testing...
 -> Progress: 20 done!
 -> Progress: 40 done!
 -> Progress: 60 done!
 -> Progress: 80 done!
 -> Progress: 100 done!

Keys:  ['time', 'acc1', 'acc5', 'ce_loss']
Training:  [0.01932833790779114, 58.96484375, 92.55859375, 3.0011280357837675]
Testing Old Task:  [0.004360651969909668, 47.1625, 76.925, 2.156751075387001]
Testing New Task:  [0.013965892791748046, 58.6, 91.7, 1.4341793417930604]
47.2, 58.6
Best Acc:  58.6

Epoch: [3 | 45] LR: 0.002000
Training...
 -> Progress: 20 done!
 -> Progress: 40 done!
 -> Progress: 60 done!
 -> Progress: 80 done!
 -> Progress: 100 done!
Testing...
 -> Progress: 20 done!
 -> Progress: 40 done!
 -> Progress: 60 done!
 -> Progress: 80 done!
 -> Progress: 100 done!
Testing...
 -> Progress: 20 done!
 -> Progress: 40 done!
 -> Progress: 60 done!
 -> Progress: 80 done!
 -> Progress: 100 done!

Keys:  ['time', 'acc1', 'acc5', 'ce_loss']
Training:  [0.018938690423965454, 62.71484375, 94.94140625, 2.336344173550606]
Testing Old Task:  [0.004387843608856201, 53.425, 81.175, 1.9182255998253823]
Testing New Task:  [0.014468073844909668, 57.6, 94.1, 1.4745903730392456]
53.4, 57.6
Best Acc:  58.6

Epoch: [4 | 45] LR: 0.002000
Training...
 -> Progress: 20 done!
 -> Progress: 40 done!
 -> Progress: 60 done!
 -> Progress: 80 done!
 -> Progress: 100 done!
Testing...
 -> Progress: 20 done!
 -> Progress: 40 done!
 -> Progress: 60 done!
 -> Progress: 80 done!
 -> Progress: 100 done!
Testing...
 -> Progress: 20 done!
 -> Progress: 40 done!
 -> Progress: 60 done!
 -> Progress: 80 done!
 -> Progress: 100 done!

Keys:  ['time', 'acc1', 'acc5', 'ce_loss']
Training:  [0.019207590818405153, 65.5859375, 94.86328125, 2.137680414319038]
Testing Old Task:  [0.004384204745292664, 57.225, 83.0125, 1.825410784780979]
Testing New Task:  [0.01410219669342041, 64.3, 95.9, 1.2566531956195832]
57.2, 64.3
Best Acc:  64.3

Epoch: [5 | 45] LR: 0.002000
Training...
 -> Progress: 20 done!
 -> Progress: 40 done!
 -> Progress: 60 done!
 -> Progress: 80 done!
 -> Progress: 100 done!
Testing...
 -> Progress: 20 done!
 -> Progress: 40 done!
 -> Progress: 60 done!
 -> Progress: 80 done!
 -> Progress: 100 done!
Testing...
 -> Progress: 20 done!
 -> Progress: 40 done!
 -> Progress: 60 done!
 -> Progress: 80 done!
 -> Progress: 100 done!

Keys:  ['time', 'acc1', 'acc5', 'ce_loss']
Training:  [0.019231051206588745, 69.00390625, 96.3671875, 1.755888071656227]
Testing Old Task:  [0.0043778568506240845, 59.875, 85.95, 1.635371908545494]
Testing New Task:  [0.01312103271484375, 60.5, 93.4, 1.5118955969810486]
59.9, 60.5
Best Acc:  64.3

Epoch: [6 | 45] LR: 0.002000
Training...
 -> Progress: 20 done!
 -> Progress: 40 done!
 -> Progress: 60 done!
 -> Progress: 80 done!
 -> Progress: 100 done!
Testing...
 -> Progress: 20 done!
 -> Progress: 40 done!
 -> Progress: 60 done!
 -> Progress: 80 done!
 -> Progress: 100 done!
Testing...
 -> Progress: 20 done!
 -> Progress: 40 done!
 -> Progress: 60 done!
 -> Progress: 80 done!
 -> Progress: 100 done!

Keys:  ['time', 'acc1', 'acc5', 'ce_loss']
Training:  [0.01920430064201355, 71.46484375, 97.01171875, 1.6434369832277298]
Testing Old Task:  [0.004315614700317383, 60.975, 86.175, 1.6942231051623822]
Testing New Task:  [0.01417529582977295, 63.1, 92.7, 1.6140805959701539]
61.0, 63.1
Best Acc:  64.3

Epoch: [7 | 45] LR: 0.002000
Training...
 -> Progress: 20 done!
 -> Progress: 40 done!
 -> Progress: 60 done!
 -> Progress: 80 done!
 -> Progress: 100 done!
Testing...
 -> Progress: 20 done!
 -> Progress: 40 done!
 -> Progress: 60 done!
 -> Progress: 80 done!
 -> Progress: 100 done!
Testing...
 -> Progress: 20 done!
 -> Progress: 40 done!
 -> Progress: 60 done!
 -> Progress: 80 done!
 -> Progress: 100 done!

Keys:  ['time', 'acc1', 'acc5', 'ce_loss']
Training:  [0.019395190477371215, 74.47265625, 97.9296875, 1.3713960528373719]
Testing Old Task:  [0.004417040944099426, 61.8, 87.0625, 1.7262094251811504]
Testing New Task:  [0.014420485496520996, 65.3, 94.1, 1.4751346468925477]
61.8, 65.3
Best Acc:  65.3

Epoch: [8 | 45] LR: 0.002000
Training...
 -> Progress: 20 done!
 -> Progress: 40 done!
 -> Progress: 60 done!
 -> Progress: 80 done!
 -> Progress: 100 done!
Testing...
 -> Progress: 20 done!
 -> Progress: 40 done!
 -> Progress: 60 done!
 -> Progress: 80 done!
 -> Progress: 100 done!
Testing...
 -> Progress: 20 done!
 -> Progress: 40 done!
 -> Progress: 60 done!
 -> Progress: 80 done!
 -> Progress: 100 done!

Keys:  ['time', 'acc1', 'acc5', 'ce_loss']
Training:  [0.01920170187950134, 77.6953125, 97.98828125, 1.221867561340332]
Testing Old Task:  [0.004523411393165588, 63.325, 87.9125, 1.6801062680780887]
Testing New Task:  [0.01475062370300293, 69.2, 94.8, 1.3495102405548096]
63.3, 69.2
Best Acc:  69.2

Epoch: [9 | 45] LR: 0.002000
Training...
 -> Progress: 20 done!
 -> Progress: 40 done!
 -> Progress: 60 done!
 -> Progress: 80 done!
 -> Progress: 100 done!
Testing...
 -> Progress: 20 done!
 -> Progress: 40 done!
 -> Progress: 60 done!
 -> Progress: 80 done!
 -> Progress: 100 done!
Testing...
 -> Progress: 20 done!
 -> Progress: 40 done!
 -> Progress: 60 done!
 -> Progress: 80 done!
 -> Progress: 100 done!

Keys:  ['time', 'acc1', 'acc5', 'ce_loss']
Training:  [0.019336700439453125, 80.80078125, 98.76953125, 1.040797010064125]
Testing Old Task:  [0.004411536455154419, 64.0625, 88.35, 1.682428388297558]
Testing New Task:  [0.014450263977050782, 63.2, 95.7, 1.7068925142288207]
64.1, 63.2
Best Acc:  69.2

Epoch: [10 | 45] LR: 0.002000
Training...
 -> Progress: 20 done!
 -> Progress: 40 done!
 -> Progress: 60 done!
 -> Progress: 80 done!
 -> Progress: 100 done!
Testing...
 -> Progress: 20 done!
 -> Progress: 40 done!
 -> Progress: 60 done!
 -> Progress: 80 done!
 -> Progress: 100 done!
Testing...
 -> Progress: 20 done!
 -> Progress: 40 done!
 -> Progress: 60 done!
 -> Progress: 80 done!
 -> Progress: 100 done!

Keys:  ['time', 'acc1', 'acc5', 'ce_loss']
Training:  [0.019231998920440675, 79.12109375, 98.02734375, 1.2257701724767684]
Testing Old Task:  [0.004393982887268067, 64.1625, 88.475, 1.6644888281822205]
Testing New Task:  [0.014529585838317871, 63.2, 94.7, 1.7769713521003723]
64.2, 63.2
Best Acc:  69.2

Epoch: [11 | 45] LR: 0.002000
Training...
 -> Progress: 20 done!
 -> Progress: 40 done!
 -> Progress: 60 done!
 -> Progress: 80 done!
 -> Progress: 100 done!
Testing...
 -> Progress: 20 done!
 -> Progress: 40 done!
 -> Progress: 60 done!
 -> Progress: 80 done!
 -> Progress: 100 done!
Testing...
 -> Progress: 20 done!
 -> Progress: 40 done!
 -> Progress: 60 done!
 -> Progress: 80 done!
 -> Progress: 100 done!

Keys:  ['time', 'acc1', 'acc5', 'ce_loss']
Training:  [0.019319939613342284, 82.0703125, 98.96484375, 1.0103923752903938]
Testing Old Task:  [0.0043464601039886475, 64.1375, 88.5375, 1.7409677289426326]
Testing New Task:  [0.014257073402404785, 71.7, 95.8, 1.2773042380809785]
64.1, 71.7
Best Acc:  71.7

Epoch: [12 | 45] LR: 0.002000
Training...
 -> Progress: 20 done!
 -> Progress: 40 done!
 -> Progress: 60 done!
 -> Progress: 80 done!
 -> Progress: 100 done!
Testing...
 -> Progress: 20 done!
 -> Progress: 40 done!
 -> Progress: 60 done!
 -> Progress: 80 done!
 -> Progress: 100 done!
Testing...
 -> Progress: 20 done!
 -> Progress: 40 done!
 -> Progress: 60 done!
 -> Progress: 80 done!
 -> Progress: 100 done!

Keys:  ['time', 'acc1', 'acc5', 'ce_loss']
Training:  [0.01929149031639099, 84.90234375, 99.43359375, 0.8736519247293473]
Testing Old Task:  [0.004363912343978882, 65.375, 88.75, 1.7386395044624805]
Testing New Task:  [0.014256834983825684, 68.5, 95.2, 1.5778631806373595]
65.4, 68.5
Best Acc:  71.7

Epoch: [13 | 45] LR: 0.002000
Training...
 -> Progress: 20 done!
 -> Progress: 40 done!
 -> Progress: 60 done!
 -> Progress: 80 done!
 -> Progress: 100 done!
Testing...
 -> Progress: 20 done!
 -> Progress: 40 done!
 -> Progress: 60 done!
 -> Progress: 80 done!
 -> Progress: 100 done!
Testing...
 -> Progress: 20 done!
 -> Progress: 40 done!
 -> Progress: 60 done!
 -> Progress: 80 done!
 -> Progress: 100 done!

Keys:  ['time', 'acc1', 'acc5', 'ce_loss']
Training:  [0.01932779550552368, 83.671875, 99.27734375, 0.9740352928638458]
Testing Old Task:  [0.004387965798377991, 64.95, 88.95, 1.729448990523815]
Testing New Task:  [0.013834834098815918, 71.4, 95.6, 1.389531809091568]
65.0, 71.4
Best Acc:  71.7

Epoch: [14 | 45] LR: 0.002000
Training...
 -> Progress: 20 done!
 -> Progress: 40 done!
 -> Progress: 60 done!
 -> Progress: 80 done!
 -> Progress: 100 done!
Testing...
 -> Progress: 20 done!
 -> Progress: 40 done!
 -> Progress: 60 done!
 -> Progress: 80 done!
 -> Progress: 100 done!
Testing...
 -> Progress: 20 done!
 -> Progress: 40 done!
 -> Progress: 60 done!
 -> Progress: 80 done!
 -> Progress: 100 done!

Keys:  ['time', 'acc1', 'acc5', 'ce_loss']
Training:  [0.019205862283706666, 86.85546875, 99.47265625, 0.7908707812428475]
Testing Old Task:  [0.004386153817176819, 64.5625, 89.05, 1.8207826226949693]
Testing New Task:  [0.013993620872497559, 71.9, 96.3, 1.4055179953575134]
64.6, 71.9
Best Acc:  71.9

Epoch: [15 | 45] LR: 0.002000
Training...
 -> Progress: 20 done!
 -> Progress: 40 done!
 -> Progress: 60 done!
 -> Progress: 80 done!
 -> Progress: 100 done!
Testing...
 -> Progress: 20 done!
 -> Progress: 40 done!
 -> Progress: 60 done!
 -> Progress: 80 done!
 -> Progress: 100 done!
Testing...
 -> Progress: 20 done!
 -> Progress: 40 done!
 -> Progress: 60 done!
 -> Progress: 80 done!
 -> Progress: 100 done!

Keys:  ['time', 'acc1', 'acc5', 'ce_loss']
Training:  [0.01941664218902588, 89.765625, 99.6875, 0.6755811236798763]
Testing Old Task:  [0.004364511370658875, 65.175, 89.1625, 1.8204440899193286]
Testing New Task:  [0.014064145088195801, 70.9, 95.6, 1.4945469617843627]
65.2, 70.9
Best Acc:  71.9
New lr for parameter group: 0  ->  0.0002
New lr for parameter group: 1  ->  0.0002
New lr for parameter group: 2  ->  0.005000000000000001

Epoch: [16 | 45] LR: 0.000200
Training...
 -> Progress: 20 done!
 -> Progress: 40 done!
 -> Progress: 60 done!
 -> Progress: 80 done!
 -> Progress: 100 done!
Testing...
 -> Progress: 20 done!
 -> Progress: 40 done!
 -> Progress: 60 done!
 -> Progress: 80 done!
 -> Progress: 100 done!
Testing...
 -> Progress: 20 done!
 -> Progress: 40 done!
 -> Progress: 60 done!
 -> Progress: 80 done!
 -> Progress: 100 done!

Keys:  ['time', 'acc1', 'acc5', 'ce_loss']
Training:  [0.019231522083282472, 92.8515625, 99.8046875, 0.5388563573360443]
Testing Old Task:  [0.004412591457366943, 65.5375, 89.1375, 1.8211566552519798]
Testing New Task:  [0.014016222953796387, 73.1, 96.1, 1.2713939845561981]
65.5, 73.1
Best Acc:  73.1

Epoch: [17 | 45] LR: 0.000200
Training...
 -> Progress: 20 done!
 -> Progress: 40 done!
 -> Progress: 60 done!
 -> Progress: 80 done!
 -> Progress: 100 done!
Testing...
 -> Progress: 20 done!
 -> Progress: 40 done!
 -> Progress: 60 done!
 -> Progress: 80 done!
 -> Progress: 100 done!
Testing...
 -> Progress: 20 done!
 -> Progress: 40 done!
 -> Progress: 60 done!
 -> Progress: 80 done!
 -> Progress: 100 done!

Keys:  ['time', 'acc1', 'acc5', 'ce_loss']
Training:  [0.019377201795578003, 94.2578125, 99.90234375, 0.48819046542048455]
Testing Old Task:  [0.004438096284866333, 65.55, 89.125, 1.8419200859963893]
Testing New Task:  [0.014027762413024902, 73.8, 96.2, 1.2577177584171295]
65.5, 73.8
Best Acc:  73.8

Epoch: [18 | 45] LR: 0.000200
Training...
 -> Progress: 20 done!
 -> Progress: 40 done!
 -> Progress: 60 done!
 -> Progress: 80 done!
 -> Progress: 100 done!
Testing...
 -> Progress: 20 done!
 -> Progress: 40 done!
 -> Progress: 60 done!
 -> Progress: 80 done!
 -> Progress: 100 done!
Testing...
 -> Progress: 20 done!
 -> Progress: 40 done!
 -> Progress: 60 done!
 -> Progress: 80 done!
 -> Progress: 100 done!

Keys:  ['time', 'acc1', 'acc5', 'ce_loss']
Training:  [0.018923467397689818, 94.62890625, 99.8828125, 0.47737921252846716]
Testing Old Task:  [0.004333454370498657, 65.75, 89.225, 1.8459156349301338]
Testing New Task:  [0.014187312126159668, 73.8, 96.1, 1.2742916584014892]
65.8, 73.8
Best Acc:  73.8

Epoch: [19 | 45] LR: 0.000200
Training...
 -> Progress: 20 done!
 -> Progress: 40 done!
 -> Progress: 60 done!
 -> Progress: 80 done!
 -> Progress: 100 done!
Testing...
 -> Progress: 20 done!
 -> Progress: 40 done!
 -> Progress: 60 done!
 -> Progress: 80 done!
 -> Progress: 100 done!
Testing...
 -> Progress: 20 done!
 -> Progress: 40 done!
 -> Progress: 60 done!
 -> Progress: 80 done!
 -> Progress: 100 done!

Keys:  ['time', 'acc1', 'acc5', 'ce_loss']
Training:  [0.01920621991157532, 95.44921875, 99.90234375, 0.45545872002840043]
Testing Old Task:  [0.004423749446868896, 65.95, 89.3, 1.8563088916242123]
Testing New Task:  [0.014431428909301759, 74.3, 96.2, 1.2301160037517547]
66.0, 74.3
Best Acc:  74.3

Epoch: [20 | 45] LR: 0.000200
Training...
 -> Progress: 20 done!
 -> Progress: 40 done!
 -> Progress: 60 done!
 -> Progress: 80 done!
 -> Progress: 100 done!
Testing...
 -> Progress: 20 done!
 -> Progress: 40 done!
 -> Progress: 60 done!
 -> Progress: 80 done!
 -> Progress: 100 done!
Testing...
 -> Progress: 20 done!
 -> Progress: 40 done!
 -> Progress: 60 done!
 -> Progress: 80 done!
 -> Progress: 100 done!

Keys:  ['time', 'acc1', 'acc5', 'ce_loss']
Training:  [0.018752074241638182, 94.78515625, 99.90234375, 0.4514418177306652]
Testing Old Task:  [0.0043944835662841795, 66.0375, 89.425, 1.8621034875512124]
Testing New Task:  [0.014284825325012207, 74.6, 96.5, 1.255518525838852]
66.0, 74.6
Best Acc:  74.6

Epoch: [21 | 45] LR: 0.000200
Training...
 -> Progress: 20 done!
 -> Progress: 40 done!
 -> Progress: 60 done!
 -> Progress: 80 done!
 -> Progress: 100 done!
Testing...
 -> Progress: 20 done!
 -> Progress: 40 done!
 -> Progress: 60 done!
 -> Progress: 80 done!
 -> Progress: 100 done!
Testing...
 -> Progress: 20 done!
 -> Progress: 40 done!
 -> Progress: 60 done!
 -> Progress: 80 done!
 -> Progress: 100 done!

Keys:  ['time', 'acc1', 'acc5', 'ce_loss']
Training:  [0.019245868921279906, 95.078125, 99.8828125, 0.44709955602884294]
Testing Old Task:  [0.004429996013641357, 66.1125, 89.375, 1.8722880706191063]
Testing New Task:  [0.014307427406311034, 74.5, 96.3, 1.2507498204708098]
66.1, 74.5
Best Acc:  74.6

Epoch: [22 | 45] LR: 0.000200
Training...
 -> Progress: 20 done!
 -> Progress: 40 done!
 -> Progress: 60 done!
 -> Progress: 80 done!
 -> Progress: 100 done!
Testing...
 -> Progress: 20 done!
 -> Progress: 40 done!
 -> Progress: 60 done!
 -> Progress: 80 done!
 -> Progress: 100 done!
Testing...
 -> Progress: 20 done!
 -> Progress: 40 done!
 -> Progress: 60 done!
 -> Progress: 80 done!
 -> Progress: 100 done!

Keys:  ['time', 'acc1', 'acc5', 'ce_loss']
Training:  [0.01922551989555359, 95.01953125, 99.82421875, 0.4381792090833187]
Testing Old Task:  [0.0044152140617370605, 66.075, 89.425, 1.8722936421632768]
Testing New Task:  [0.014436125755310059, 74.6, 96.2, 1.2508456587791443]
66.1, 74.6
Best Acc:  74.6

Epoch: [23 | 45] LR: 0.000200
Training...
 -> Progress: 20 done!
 -> Progress: 40 done!
 -> Progress: 60 done!
 -> Progress: 80 done!
 -> Progress: 100 done!
Testing...
 -> Progress: 20 done!
 -> Progress: 40 done!
 -> Progress: 60 done!
 -> Progress: 80 done!
 -> Progress: 100 done!
Testing...
 -> Progress: 20 done!
 -> Progress: 40 done!
 -> Progress: 60 done!
 -> Progress: 80 done!
 -> Progress: 100 done!

Keys:  ['time', 'acc1', 'acc5', 'ce_loss']
Training:  [0.01919059157371521, 95.390625, 99.8828125, 0.4213602043688297]
Testing Old Task:  [0.004382964968681335, 66.1625, 89.4125, 1.887262335419655]
Testing New Task:  [0.013918757438659668, 74.7, 96.1, 1.2555635094642639]
66.2, 74.7
Best Acc:  74.7

Epoch: [24 | 45] LR: 0.000200
Training...
 -> Progress: 20 done!
 -> Progress: 40 done!
 -> Progress: 60 done!
 -> Progress: 80 done!
 -> Progress: 100 done!
Testing...
 -> Progress: 20 done!
 -> Progress: 40 done!
 -> Progress: 60 done!
 -> Progress: 80 done!
 -> Progress: 100 done!
Testing...
 -> Progress: 20 done!
 -> Progress: 40 done!
 -> Progress: 60 done!
 -> Progress: 80 done!
 -> Progress: 100 done!

Keys:  ['time', 'acc1', 'acc5', 'ce_loss']
Training:  [0.01920756697654724, 95.80078125, 99.84375, 0.4274418674409389]
Testing Old Task:  [0.004293882846832275, 66.05, 89.4875, 1.8897756926715374]
Testing New Task:  [0.014475083351135254, 74.8, 96.3, 1.2645651042461394]
66.0, 74.8
Best Acc:  74.8

Epoch: [25 | 45] LR: 0.000200
Training...
 -> Progress: 20 done!
 -> Progress: 40 done!
 -> Progress: 60 done!
 -> Progress: 80 done!
 -> Progress: 100 done!
Testing...
 -> Progress: 20 done!
 -> Progress: 40 done!
 -> Progress: 60 done!
 -> Progress: 80 done!
 -> Progress: 100 done!
Testing...
 -> Progress: 20 done!
 -> Progress: 40 done!
 -> Progress: 60 done!
 -> Progress: 80 done!
 -> Progress: 100 done!

Keys:  ['time', 'acc1', 'acc5', 'ce_loss']
Training:  [0.01927667260169983, 95.8203125, 99.86328125, 0.4129947625100613]
Testing Old Task:  [0.004379433393478393, 66.175, 89.575, 1.9046613164246082]
Testing New Task:  [0.01424412727355957, 74.8, 96.6, 1.2557955741882325]
66.2, 74.8
Best Acc:  74.8

Epoch: [26 | 45] LR: 0.000200
Training...
 -> Progress: 20 done!
 -> Progress: 40 done!
 -> Progress: 60 done!
 -> Progress: 80 done!
 -> Progress: 100 done!
Testing...
 -> Progress: 20 done!
 -> Progress: 40 done!
 -> Progress: 60 done!
 -> Progress: 80 done!
 -> Progress: 100 done!
Testing...
 -> Progress: 20 done!
 -> Progress: 40 done!
 -> Progress: 60 done!
 -> Progress: 80 done!
 -> Progress: 100 done!

Keys:  ['time', 'acc1', 'acc5', 'ce_loss']
Training:  [0.019364142417907716, 95.9765625, 99.921875, 0.40529571920633317]
Testing Old Task:  [0.004352852702140808, 66.1375, 89.5875, 1.9022114045917988]
Testing New Task:  [0.014040446281433106, 74.7, 96.3, 1.2592921078205108]
66.1, 74.7
Best Acc:  74.8

Epoch: [27 | 45] LR: 0.000200
Training...
 -> Progress: 20 done!
 -> Progress: 40 done!
 -> Progress: 60 done!
 -> Progress: 80 done!
 -> Progress: 100 done!
Testing...
 -> Progress: 20 done!
 -> Progress: 40 done!
 -> Progress: 60 done!
 -> Progress: 80 done!
 -> Progress: 100 done!
Testing...
 -> Progress: 20 done!
 -> Progress: 40 done!
 -> Progress: 60 done!
 -> Progress: 80 done!
 -> Progress: 100 done!

Keys:  ['time', 'acc1', 'acc5', 'ce_loss']
Training:  [0.01926422119140625, 95.64453125, 99.8828125, 0.4062951184809208]
Testing Old Task:  [0.004375371336936951, 66.25, 89.5125, 1.9046608805656433]
Testing New Task:  [0.014044189453125, 74.6, 96.1, 1.265401017665863]
66.2, 74.6
Best Acc:  74.8

Epoch: [28 | 45] LR: 0.000200
Training...
 -> Progress: 20 done!
 -> Progress: 40 done!
 -> Progress: 60 done!
 -> Progress: 80 done!
 -> Progress: 100 done!
Testing...
 -> Progress: 20 done!
 -> Progress: 40 done!
 -> Progress: 60 done!
 -> Progress: 80 done!
 -> Progress: 100 done!
Testing...
 -> Progress: 20 done!
 -> Progress: 40 done!
 -> Progress: 60 done!
 -> Progress: 80 done!
 -> Progress: 100 done!

Keys:  ['time', 'acc1', 'acc5', 'ce_loss']
Training:  [0.019183945655822755, 95.64453125, 99.94140625, 0.40991036370396616]
Testing Old Task:  [0.004366773366928101, 66.3125, 89.525, 1.9115063309669496]
Testing New Task:  [0.013984870910644532, 74.5, 96.1, 1.2684006810188293]
66.3, 74.5
Best Acc:  74.8

Epoch: [29 | 45] LR: 0.000200
Training...
 -> Progress: 20 done!
 -> Progress: 40 done!
 -> Progress: 60 done!
 -> Progress: 80 done!
 -> Progress: 100 done!
Testing...
 -> Progress: 20 done!
 -> Progress: 40 done!
 -> Progress: 60 done!
 -> Progress: 80 done!
 -> Progress: 100 done!
Testing...
 -> Progress: 20 done!
 -> Progress: 40 done!
 -> Progress: 60 done!
 -> Progress: 80 done!
 -> Progress: 100 done!

Keys:  ['time', 'acc1', 'acc5', 'ce_loss']
Training:  [0.019117581844329833, 95.78125, 99.8828125, 0.40168413892388344]
Testing Old Task:  [0.004311558604240417, 66.2375, 89.5875, 1.9044052265584468]
Testing New Task:  [0.014120793342590332, 74.4, 95.9, 1.2691111326217652]
66.2, 74.4
Best Acc:  74.8

Epoch: [30 | 45] LR: 0.000200
Training...
 -> Progress: 20 done!
 -> Progress: 40 done!
 -> Progress: 60 done!
 -> Progress: 80 done!
 -> Progress: 100 done!
Testing...
 -> Progress: 20 done!
 -> Progress: 40 done!
 -> Progress: 60 done!
 -> Progress: 80 done!
 -> Progress: 100 done!
Testing...
 -> Progress: 20 done!
 -> Progress: 40 done!
 -> Progress: 60 done!
 -> Progress: 80 done!
 -> Progress: 100 done!

Keys:  ['time', 'acc1', 'acc5', 'ce_loss']
Training:  [0.019161540269851684, 95.9765625, 99.90234375, 0.39435623660683633]
Testing Old Task:  [0.004395213723182678, 66.3, 89.4625, 1.9146205089986323]
Testing New Task:  [0.013763761520385743, 74.1, 96.0, 1.265893042087555]
66.3, 74.1
Best Acc:  74.8
New lr for parameter group: 0  ->  2e-05
New lr for parameter group: 1  ->  2e-05
New lr for parameter group: 2  ->  0.0005000000000000001

Epoch: [31 | 45] LR: 0.000020
Training...
 -> Progress: 20 done!
 -> Progress: 40 done!
 -> Progress: 60 done!
 -> Progress: 80 done!
 -> Progress: 100 done!
Testing...
 -> Progress: 20 done!
 -> Progress: 40 done!
 -> Progress: 60 done!
 -> Progress: 80 done!
 -> Progress: 100 done!
Testing...
 -> Progress: 20 done!
 -> Progress: 40 done!
 -> Progress: 60 done!
 -> Progress: 80 done!
 -> Progress: 100 done!

Keys:  ['time', 'acc1', 'acc5', 'ce_loss']
Training:  [0.018531656265258788, 96.23046875, 99.98046875, 0.38760134652256967]
Testing Old Task:  [0.0044179469347000126, 66.3125, 89.475, 1.9138892471790314]
Testing New Task:  [0.014272570610046387, 74.7, 96.1, 1.2646755933761598]
66.3, 74.7
Best Acc:  74.8

Epoch: [32 | 45] LR: 0.000020
Training...
 -> Progress: 20 done!
 -> Progress: 40 done!
 -> Progress: 60 done!
 -> Progress: 80 done!
 -> Progress: 100 done!
Testing...
 -> Progress: 20 done!
 -> Progress: 40 done!
 -> Progress: 60 done!
 -> Progress: 80 done!
 -> Progress: 100 done!
Testing...
 -> Progress: 20 done!
 -> Progress: 40 done!
 -> Progress: 60 done!
 -> Progress: 80 done!
 -> Progress: 100 done!

Keys:  ['time', 'acc1', 'acc5', 'ce_loss']
Training:  [0.01910349726676941, 96.484375, 99.98046875, 0.38492475897073747]
Testing Old Task:  [0.004367244243621826, 66.3, 89.475, 1.9149043001234531]
Testing New Task:  [0.014066672325134278, 74.8, 96.1, 1.2632948398590087]
66.3, 74.8
Best Acc:  74.8

Epoch: [33 | 45] LR: 0.000020
Training...
 -> Progress: 20 done!
 -> Progress: 40 done!
 -> Progress: 60 done!
 -> Progress: 80 done!
 -> Progress: 100 done!
Testing...
 -> Progress: 20 done!
 -> Progress: 40 done!
 -> Progress: 60 done!
 -> Progress: 80 done!
 -> Progress: 100 done!
Testing...
 -> Progress: 20 done!
 -> Progress: 40 done!
 -> Progress: 60 done!
 -> Progress: 80 done!
 -> Progress: 100 done!

Keys:  ['time', 'acc1', 'acc5', 'ce_loss']
Training:  [0.01912960410118103, 96.69921875, 99.90234375, 0.38064988180994985]
Testing Old Task:  [0.004347863793373108, 66.325, 89.45, 1.9154260382056236]
Testing New Task:  [0.013979697227478027, 74.9, 96.1, 1.2620803356170653]
66.3, 74.9
Best Acc:  74.9

Epoch: [34 | 45] LR: 0.000020
Training...
 -> Progress: 20 done!
 -> Progress: 40 done!
 -> Progress: 60 done!
 -> Progress: 80 done!
 -> Progress: 100 done!
Testing...
 -> Progress: 20 done!
 -> Progress: 40 done!
 -> Progress: 60 done!
 -> Progress: 80 done!
 -> Progress: 100 done!
Testing...
 -> Progress: 20 done!
 -> Progress: 40 done!
 -> Progress: 60 done!
 -> Progress: 80 done!
 -> Progress: 100 done!

Keys:  ['time', 'acc1', 'acc5', 'ce_loss']
Training:  [0.0191802978515625, 96.09375, 99.9609375, 0.38355379924178123]
Testing Old Task:  [0.004360479116439819, 66.3375, 89.4625, 1.9155553355813026]
Testing New Task:  [0.014154577255249023, 74.9, 96.0, 1.2637456893920898]
66.3, 74.9
Best Acc:  74.9

Epoch: [35 | 45] LR: 0.000020
Training...
 -> Progress: 20 done!
 -> Progress: 40 done!
 -> Progress: 60 done!
 -> Progress: 80 done!
 -> Progress: 100 done!
Testing...
 -> Progress: 20 done!
 -> Progress: 40 done!
 -> Progress: 60 done!
 -> Progress: 80 done!
 -> Progress: 100 done!
Testing...
 -> Progress: 20 done!
 -> Progress: 40 done!
 -> Progress: 60 done!
 -> Progress: 80 done!
 -> Progress: 100 done!

Keys:  ['time', 'acc1', 'acc5', 'ce_loss']
Training:  [0.019190108776092528, 96.42578125, 99.9609375, 0.37945715337991714]
Testing Old Task:  [0.0043958544731140135, 66.3625, 89.4625, 1.9163920685648919]
Testing New Task:  [0.01435546875, 74.8, 96.1, 1.2627156853675843]
66.4, 74.8
Best Acc:  74.9

Epoch: [36 | 45] LR: 0.000020
Training...
 -> Progress: 20 done!
 -> Progress: 40 done!
 -> Progress: 60 done!
 -> Progress: 80 done!
 -> Progress: 100 done!
Testing...
 -> Progress: 20 done!
 -> Progress: 40 done!
 -> Progress: 60 done!
 -> Progress: 80 done!
 -> Progress: 100 done!
Testing...
 -> Progress: 20 done!
 -> Progress: 40 done!
 -> Progress: 60 done!
 -> Progress: 80 done!
 -> Progress: 100 done!

Keys:  ['time', 'acc1', 'acc5', 'ce_loss']
Training:  [0.019164735078811647, 96.73828125, 99.94140625, 0.37395715340971947]
Testing Old Task:  [0.00422004759311676, 66.3375, 89.45, 1.9171674348413945]
Testing New Task:  [0.014247369766235352, 74.4, 96.0, 1.266233903169632]
66.3, 74.4
Best Acc:  74.9

Epoch: [37 | 45] LR: 0.000020
Training...
 -> Progress: 20 done!
 -> Progress: 40 done!
 -> Progress: 60 done!
 -> Progress: 80 done!
 -> Progress: 100 done!
Testing...
 -> Progress: 20 done!
 -> Progress: 40 done!
 -> Progress: 60 done!
 -> Progress: 80 done!
 -> Progress: 100 done!
Testing...
 -> Progress: 20 done!
 -> Progress: 40 done!
 -> Progress: 60 done!
 -> Progress: 80 done!
 -> Progress: 100 done!

Keys:  ['time', 'acc1', 'acc5', 'ce_loss']
Training:  [0.019182872772216798, 96.46484375, 99.9609375, 0.3710703007876873]
Testing Old Task:  [0.004354420304298401, 66.3375, 89.5125, 1.9197451189160346]
Testing New Task:  [0.012928938865661621, 74.3, 95.9, 1.2680213451385498]
66.3, 74.3
Best Acc:  74.9

Epoch: [38 | 45] LR: 0.000020
Training...
 -> Progress: 20 done!
 -> Progress: 40 done!
 -> Progress: 60 done!
 -> Progress: 80 done!
 -> Progress: 100 done!
Testing...
 -> Progress: 20 done!
 -> Progress: 40 done!
 -> Progress: 60 done!
 -> Progress: 80 done!
 -> Progress: 100 done!
Testing...
 -> Progress: 20 done!
 -> Progress: 40 done!
 -> Progress: 60 done!
 -> Progress: 80 done!
 -> Progress: 100 done!

Keys:  ['time', 'acc1', 'acc5', 'ce_loss']
Training:  [0.019210827350616456, 96.34765625, 99.98046875, 0.37543297857046126]
Testing Old Task:  [0.004324287176132202, 66.3625, 89.5375, 1.919744849950075]
Testing New Task:  [0.013912010192871093, 74.6, 96.0, 1.26583953499794]
66.4, 74.6
Best Acc:  74.9

Epoch: [39 | 45] LR: 0.000020
Training...
 -> Progress: 20 done!
 -> Progress: 40 done!
 -> Progress: 60 done!
 -> Progress: 80 done!
 -> Progress: 100 done!
Testing...
 -> Progress: 20 done!
 -> Progress: 40 done!
 -> Progress: 60 done!
 -> Progress: 80 done!
 -> Progress: 100 done!
Testing...
 -> Progress: 20 done!
 -> Progress: 40 done!
 -> Progress: 60 done!
 -> Progress: 80 done!
 -> Progress: 100 done!

Keys:  ['time', 'acc1', 'acc5', 'ce_loss']
Training:  [0.018725484609603882, 96.38671875, 100.0, 0.3699606690555811]
Testing Old Task:  [0.004363623261451721, 66.375, 89.5125, 1.921992550045252]
Testing New Task:  [0.013970303535461425, 75.1, 96.1, 1.2680014014244079]
66.4, 75.1
Best Acc:  75.1

Epoch: [40 | 45] LR: 0.000020
Training...
 -> Progress: 20 done!
 -> Progress: 40 done!
 -> Progress: 60 done!
 -> Progress: 80 done!
 -> Progress: 100 done!
Testing...
 -> Progress: 20 done!
 -> Progress: 40 done!
 -> Progress: 60 done!
 -> Progress: 80 done!
 -> Progress: 100 done!
Testing...
 -> Progress: 20 done!
 -> Progress: 40 done!
 -> Progress: 60 done!
 -> Progress: 80 done!
 -> Progress: 100 done!

Keys:  ['time', 'acc1', 'acc5', 'ce_loss']
Training:  [0.019320476055145263, 96.19140625, 99.90234375, 0.3783714108169079]
Testing Old Task:  [0.00432637631893158, 66.4, 89.5125, 1.9215597748756408]
Testing New Task:  [0.014057064056396484, 74.9, 96.0, 1.2685216307640075]
66.4, 74.9
Best Acc:  75.1

Epoch: [41 | 45] LR: 0.000020
Training...
 -> Progress: 20 done!
 -> Progress: 40 done!
 -> Progress: 60 done!
 -> Progress: 80 done!
 -> Progress: 100 done!
Testing...
 -> Progress: 20 done!
 -> Progress: 40 done!
 -> Progress: 60 done!
 -> Progress: 80 done!
 -> Progress: 100 done!
Testing...
 -> Progress: 20 done!
 -> Progress: 40 done!
 -> Progress: 60 done!
 -> Progress: 80 done!
 -> Progress: 100 done!

Keys:  ['time', 'acc1', 'acc5', 'ce_loss']
Training:  [0.01933874487876892, 96.015625, 99.9609375, 0.3797703988850117]
Testing Old Task:  [0.004348251223564148, 66.35, 89.55, 1.9218733467161655]
Testing New Task:  [0.013950920104980469, 74.7, 96.1, 1.2688159465789794]
66.3, 74.7
Best Acc:  75.1

Epoch: [42 | 45] LR: 0.000020
Training...
 -> Progress: 20 done!
 -> Progress: 40 done!
 -> Progress: 60 done!
 -> Progress: 80 done!
 -> Progress: 100 done!
Testing...
 -> Progress: 20 done!
 -> Progress: 40 done!
 -> Progress: 60 done!
 -> Progress: 80 done!
 -> Progress: 100 done!
Testing...
 -> Progress: 20 done!
 -> Progress: 40 done!
 -> Progress: 60 done!
 -> Progress: 80 done!
 -> Progress: 100 done!

Keys:  ['time', 'acc1', 'acc5', 'ce_loss']
Training:  [0.01924917697906494, 96.5234375, 99.9609375, 0.37689907625317576]
Testing Old Task:  [0.004378256201744079, 66.45, 89.575, 1.9243548043072223]
Testing New Task:  [0.014264273643493652, 74.8, 96.0, 1.2693412959575654]
66.5, 74.8
Best Acc:  75.1

Epoch: [43 | 45] LR: 0.000020
Training...
 -> Progress: 20 done!
 -> Progress: 40 done!
 -> Progress: 60 done!
 -> Progress: 80 done!
 -> Progress: 100 done!
Testing...
 -> Progress: 20 done!
 -> Progress: 40 done!
 -> Progress: 60 done!
 -> Progress: 80 done!
 -> Progress: 100 done!
Testing...
 -> Progress: 20 done!
 -> Progress: 40 done!
 -> Progress: 60 done!
 -> Progress: 80 done!
 -> Progress: 100 done!

Keys:  ['time', 'acc1', 'acc5', 'ce_loss']
Training:  [0.019313472509384155, 96.40625, 99.94140625, 0.375278539955616]
Testing Old Task:  [0.004363203048706054, 66.4375, 89.5375, 1.925282174348831]
Testing New Task:  [0.014234781265258789, 74.5, 96.0, 1.2702184915542603]
66.4, 74.5
Best Acc:  75.1

Epoch: [44 | 45] LR: 0.000020
Training...
 -> Progress: 20 done!
 -> Progress: 40 done!
 -> Progress: 60 done!
 -> Progress: 80 done!
 -> Progress: 100 done!
Testing...
 -> Progress: 20 done!
 -> Progress: 40 done!
 -> Progress: 60 done!
 -> Progress: 80 done!
 -> Progress: 100 done!
Testing...
 -> Progress: 20 done!
 -> Progress: 40 done!
 -> Progress: 60 done!
 -> Progress: 80 done!
 -> Progress: 100 done!

Keys:  ['time', 'acc1', 'acc5', 'ce_loss']
Training:  [0.01921892762184143, 96.171875, 99.921875, 0.38817491605877874]
Testing Old Task:  [0.004353752732276917, 66.3875, 89.55, 1.9246578313410283]
Testing New Task:  [0.014325666427612304, 74.7, 96.0, 1.2680829465389252]
66.4, 74.7
Best Acc:  75.1

Epoch: [45 | 45] LR: 0.000020
Training...
 -> Progress: 20 done!
 -> Progress: 40 done!
 -> Progress: 60 done!
 -> Progress: 80 done!
 -> Progress: 100 done!
Testing...
 -> Progress: 20 done!
 -> Progress: 40 done!
 -> Progress: 60 done!
 -> Progress: 80 done!
 -> Progress: 100 done!
Testing...
 -> Progress: 20 done!
 -> Progress: 40 done!
 -> Progress: 60 done!
 -> Progress: 80 done!
 -> Progress: 100 done!

Keys:  ['time', 'acc1', 'acc5', 'ce_loss']
Training:  [0.019195860624313353, 96.07421875, 99.94140625, 0.37918790355324744]
Testing Old Task:  [0.004372900724411011, 66.3375, 89.5625, 1.9244888126850128]
Testing New Task:  [0.013820958137512208, 74.9, 96.1, 1.2678091406822205]
66.3, 74.9
Best Acc:  75.1

real	1m54.194s
user	2m44.666s
sys	1m4.145s

Ending script...
Tue Feb  8 22:27:36 EST 2022
