Tue Feb  8 22:34:05 EST 2022
Slurm nodes: evc9
You were assigned 1 gpu(s)
Please run `conda env list` to see a list of all available environments. Use
`source activate <env>` to activate the environment '<env>'. 

Currently Loaded Modules:
  1) anaconda/anaconda3

 

	[4mGPU0	mlx5_0	CPU Affinity	NUMA Affinity[0m
GPU0	 X 	SYS	0,2,4,22	0-1
mlx5_0	SYS	 X 		

Legend:

  X    = Self
  SYS  = Connection traversing PCIe as well as the SMP interconnect between NUMA nodes (e.g., QPI/UPI)
  NODE = Connection traversing PCIe as well as the interconnect between PCIe Host Bridges within a NUMA node
  PHB  = Connection traversing PCIe as well as a PCIe Host Bridge (typically the CPU)
  PXB  = Connection traversing multiple PCIe bridges (without traversing the PCIe Host Bridge)
  PIX  = Connection traversing at most a single PCIe bridge
  NV#  = Connection traversing a bonded set of # NVLinks


Namespace(arch='vgg16', checkpoint='checkpoint', dataset='cifar100', epochs_t1=90, epochs_t2=45, gamma=0.1, jobid='125021', logs='logs', lr_t1=0.05, lr_t2=0.004, manualSeed=5245, momentum=0.9, schedule_t1=[50, 70], schedule_t2=[15, 30], t1_weight=0.4, task_set='vehicles10-large_animals10-reset80', test_batch=100, train_batch=128, weight_decay=0.0005, workers=4)
VGG(
  (features): Sequential(
    (0): Conv2d(3, 64, kernel_size=(3, 3), stride=(1, 1), padding=(1, 1))
    (1): ReLU(inplace)
    (2): Conv2d(64, 64, kernel_size=(3, 3), stride=(1, 1), padding=(1, 1))
    (3): ReLU(inplace)
    (4): MaxPool2d(kernel_size=2, stride=2, padding=0, dilation=1, ceil_mode=False)
    (5): Conv2d(64, 128, kernel_size=(3, 3), stride=(1, 1), padding=(1, 1))
    (6): ReLU(inplace)
    (7): Conv2d(128, 128, kernel_size=(3, 3), stride=(1, 1), padding=(1, 1))
    (8): ReLU(inplace)
    (9): MaxPool2d(kernel_size=2, stride=2, padding=0, dilation=1, ceil_mode=False)
    (10): Conv2d(128, 256, kernel_size=(3, 3), stride=(1, 1), padding=(1, 1))
    (11): ReLU(inplace)
    (12): Conv2d(256, 256, kernel_size=(3, 3), stride=(1, 1), padding=(1, 1))
    (13): ReLU(inplace)
    (14): Conv2d(256, 256, kernel_size=(3, 3), stride=(1, 1), padding=(1, 1))
    (15): ReLU(inplace)
    (16): MaxPool2d(kernel_size=2, stride=2, padding=0, dilation=1, ceil_mode=False)
    (17): Conv2d(256, 512, kernel_size=(3, 3), stride=(1, 1), padding=(1, 1))
    (18): ReLU(inplace)
    (19): Conv2d(512, 512, kernel_size=(3, 3), stride=(1, 1), padding=(1, 1))
    (20): ReLU(inplace)
    (21): Conv2d(512, 512, kernel_size=(3, 3), stride=(1, 1), padding=(1, 1))
    (22): ReLU(inplace)
    (23): MaxPool2d(kernel_size=2, stride=2, padding=0, dilation=1, ceil_mode=False)
    (24): Conv2d(512, 512, kernel_size=(3, 3), stride=(1, 1), padding=(1, 1))
    (25): ReLU(inplace)
    (26): Conv2d(512, 512, kernel_size=(3, 3), stride=(1, 1), padding=(1, 1))
    (27): ReLU(inplace)
    (28): Conv2d(512, 512, kernel_size=(3, 3), stride=(1, 1), padding=(1, 1))
    (29): ReLU(inplace)
    (30): MaxPool2d(kernel_size=2, stride=2, padding=0, dilation=1, ceil_mode=False)
  )
  (classifiers): ModuleList(
    (0): Linear(in_features=512, out_features=80, bias=True)
    (1): Linear(in_features=512, out_features=10, bias=True)
  )
)
==> Preparing dataset cifar100
Files already downloaded and verified
Testing...
 -> Progress: 20 done!
 -> Progress: 40 done!
 -> Progress: 60 done!
 -> Progress: 80 done!
 -> Progress: 100 done!

Test loss: 2.2105 
Val accuracy: 70.25%
==> Preparing dataset cifar100
Files already downloaded and verified
==> Preparing dataset cifar100
Files already downloaded and verified
==> Preparing dataset cifar100
Files already downloaded and verified
    Total params: 14.76M

Epoch: [1 | 45] LR: 0.004000
Training...
 -> Progress: 20 done!
 -> Progress: 40 done!
 -> Progress: 60 done!
 -> Progress: 80 done!
 -> Progress: 100 done!
Testing...
 -> Progress: 20 done!
 -> Progress: 40 done!
 -> Progress: 60 done!
 -> Progress: 80 done!
 -> Progress: 100 done!
Testing...
 -> Progress: 20 done!
 -> Progress: 40 done!
 -> Progress: 60 done!
 -> Progress: 80 done!
 -> Progress: 100 done!

Keys:  ['time', 'acc1', 'acc5', 'ce_loss']
Training:  [0.02068137526512146, 45.09765625, 81.62109375, 6.3841119587421415]
Testing Old Task:  [0.00541500449180603, 65.8875, 89.2625, 2.082298757135868]
Testing New Task:  [0.017641544342041016, 50.7, 92.4, 2.343912220001221]
65.9, 50.7
Best Acc:  50.7

Epoch: [2 | 45] LR: 0.004000
Training...
 -> Progress: 20 done!
 -> Progress: 40 done!
 -> Progress: 60 done!
 -> Progress: 80 done!
 -> Progress: 100 done!
Testing...
 -> Progress: 20 done!
 -> Progress: 40 done!
 -> Progress: 60 done!
 -> Progress: 80 done!
 -> Progress: 100 done!
Testing...
 -> Progress: 20 done!
 -> Progress: 40 done!
 -> Progress: 60 done!
 -> Progress: 80 done!
 -> Progress: 100 done!

Keys:  ['time', 'acc1', 'acc5', 'ce_loss']
Training:  [0.02045307159423828, 58.61328125, 93.76953125, 3.340168535709381]
Testing Old Task:  [0.005235093832015991, 67.8125, 90.125, 1.928028666228056]
Testing New Task:  [0.019053721427917482, 35.8, 82.8, 4.411274456977845]
67.8, 35.8
Best Acc:  50.7

Epoch: [3 | 45] LR: 0.004000
Training...
 -> Progress: 20 done!
 -> Progress: 40 done!
 -> Progress: 60 done!
 -> Progress: 80 done!
 -> Progress: 100 done!
Testing...
 -> Progress: 20 done!
 -> Progress: 40 done!
 -> Progress: 60 done!
 -> Progress: 80 done!
 -> Progress: 100 done!
Testing...
 -> Progress: 20 done!
 -> Progress: 40 done!
 -> Progress: 60 done!
 -> Progress: 80 done!
 -> Progress: 100 done!

Keys:  ['time', 'acc1', 'acc5', 'ce_loss']
Training:  [0.02056707739830017, 61.15234375, 93.57421875, 3.8046208143234255]
Testing Old Task:  [0.005259093642234802, 67.15, 89.5375, 2.0959579654037954]
Testing New Task:  [0.017685747146606444, 61.5, 94.3, 1.6932725310325623]
67.2, 61.5
Best Acc:  61.5

Epoch: [4 | 45] LR: 0.004000
Training...
 -> Progress: 20 done!
 -> Progress: 40 done!
 -> Progress: 60 done!
 -> Progress: 80 done!
 -> Progress: 100 done!
Testing...
 -> Progress: 20 done!
 -> Progress: 40 done!
 -> Progress: 60 done!
 -> Progress: 80 done!
 -> Progress: 100 done!
Testing...
 -> Progress: 20 done!
 -> Progress: 40 done!
 -> Progress: 60 done!
 -> Progress: 80 done!
 -> Progress: 100 done!

Keys:  ['time', 'acc1', 'acc5', 'ce_loss']
Training:  [0.020905685424804688, 68.2421875, 96.58203125, 2.547297143936157]
Testing Old Task:  [0.005148735642433166, 67.8375, 89.825, 2.0875044927001]
Testing New Task:  [0.018668317794799806, 58.2, 93.3, 1.8468638062477112]
67.8, 58.2
Best Acc:  61.5

Epoch: [5 | 45] LR: 0.004000
Training...
 -> Progress: 20 done!
 -> Progress: 40 done!
 -> Progress: 60 done!
 -> Progress: 80 done!
 -> Progress: 100 done!
Testing...
 -> Progress: 20 done!
 -> Progress: 40 done!
 -> Progress: 60 done!
 -> Progress: 80 done!
 -> Progress: 100 done!
Testing...
 -> Progress: 20 done!
 -> Progress: 40 done!
 -> Progress: 60 done!
 -> Progress: 80 done!
 -> Progress: 100 done!

Keys:  ['time', 'acc1', 'acc5', 'ce_loss']
Training:  [0.020510053634643553, 70.09765625, 97.0703125, 2.4373362839221953]
Testing Old Task:  [0.005289927124977112, 68.3625, 90.0125, 1.976414179801941]
Testing New Task:  [0.017244577407836914, 50.3, 92.0, 2.991242599487305]
68.4, 50.3
Best Acc:  61.5

Epoch: [6 | 45] LR: 0.004000
Training...
 -> Progress: 20 done!
 -> Progress: 40 done!
 -> Progress: 60 done!
 -> Progress: 80 done!
 -> Progress: 100 done!
Testing...
 -> Progress: 20 done!
 -> Progress: 40 done!
 -> Progress: 60 done!
 -> Progress: 80 done!
 -> Progress: 100 done!
Testing...
 -> Progress: 20 done!
 -> Progress: 40 done!
 -> Progress: 60 done!
 -> Progress: 80 done!
 -> Progress: 100 done!

Keys:  ['time', 'acc1', 'acc5', 'ce_loss']
Training:  [0.020437556505203246, 73.10546875, 97.71484375, 2.301891392469406]
Testing Old Task:  [0.005105727910995483, 67.6, 90.3, 2.0039172634482383]
Testing New Task:  [0.015865254402160644, 56.5, 93.4, 2.2716395974159242]
67.6, 56.5
Best Acc:  61.5

Epoch: [7 | 45] LR: 0.004000
Training...
 -> Progress: 20 done!
 -> Progress: 40 done!
 -> Progress: 60 done!
 -> Progress: 80 done!
 -> Progress: 100 done!
Testing...
 -> Progress: 20 done!
 -> Progress: 40 done!
 -> Progress: 60 done!
 -> Progress: 80 done!
 -> Progress: 100 done!
Testing...
 -> Progress: 20 done!
 -> Progress: 40 done!
 -> Progress: 60 done!
 -> Progress: 80 done!
 -> Progress: 100 done!

Keys:  ['time', 'acc1', 'acc5', 'ce_loss']
Training:  [0.020327717065811157, 75.1953125, 97.91015625, 2.3232059866189956]
Testing Old Task:  [0.005229946970939636, 68.0, 90.1125, 1.9663406163454056]
Testing New Task:  [0.016789984703063966, 64.8, 95.4, 1.61745628118515]
68.0, 64.8
Best Acc:  64.8

Epoch: [8 | 45] LR: 0.004000
Training...
 -> Progress: 20 done!
 -> Progress: 40 done!
 -> Progress: 60 done!
 -> Progress: 80 done!
 -> Progress: 100 done!
Testing...
 -> Progress: 20 done!
 -> Progress: 40 done!
 -> Progress: 60 done!
 -> Progress: 80 done!
 -> Progress: 100 done!
Testing...
 -> Progress: 20 done!
 -> Progress: 40 done!
 -> Progress: 60 done!
 -> Progress: 80 done!
 -> Progress: 100 done!

Keys:  ['time', 'acc1', 'acc5', 'ce_loss']
Training:  [0.020218396186828615, 82.34375, 99.0625, 1.6585853040218352]
Testing Old Task:  [0.005287930369377136, 68.125, 90.4875, 1.9423983864486218]
Testing New Task:  [0.018468832969665526, 67.4, 95.4, 1.5437024295330048]
68.1, 67.4
Best Acc:  67.4

Epoch: [9 | 45] LR: 0.004000
Training...
 -> Progress: 20 done!
 -> Progress: 40 done!
 -> Progress: 60 done!
 -> Progress: 80 done!
 -> Progress: 100 done!
Testing...
 -> Progress: 20 done!
 -> Progress: 40 done!
 -> Progress: 60 done!
 -> Progress: 80 done!
 -> Progress: 100 done!
Testing...
 -> Progress: 20 done!
 -> Progress: 40 done!
 -> Progress: 60 done!
 -> Progress: 80 done!
 -> Progress: 100 done!

Keys:  ['time', 'acc1', 'acc5', 'ce_loss']
Training:  [0.021161943674087524, 82.890625, 99.2578125, 1.6127629727125168]
Testing Old Task:  [0.005252572894096375, 67.9, 90.1375, 2.049167027324438]
Testing New Task:  [0.01716465950012207, 58.6, 94.1, 2.2527969896793367]
67.9, 58.6
Best Acc:  67.4

Epoch: [10 | 45] LR: 0.004000
Training...
 -> Progress: 20 done!
 -> Progress: 40 done!
 -> Progress: 60 done!
 -> Progress: 80 done!
 -> Progress: 100 done!
Testing...
 -> Progress: 20 done!
 -> Progress: 40 done!
 -> Progress: 60 done!
 -> Progress: 80 done!
 -> Progress: 100 done!
Testing...
 -> Progress: 20 done!
 -> Progress: 40 done!
 -> Progress: 60 done!
 -> Progress: 80 done!
 -> Progress: 100 done!

Keys:  ['time', 'acc1', 'acc5', 'ce_loss']
Training:  [0.02037804126739502, 81.89453125, 99.04296875, 1.716177761554718]
Testing Old Task:  [0.005553972721099853, 68.3875, 90.3375, 1.9999407723546028]
Testing New Task:  [0.01801605224609375, 64.0, 95.1, 1.8761484742164611]
68.4, 64.0
Best Acc:  67.4

Epoch: [11 | 45] LR: 0.004000
Training...
 -> Progress: 20 done!
 -> Progress: 40 done!
 -> Progress: 60 done!
 -> Progress: 80 done!
 -> Progress: 100 done!
Testing...
 -> Progress: 20 done!
 -> Progress: 40 done!
 -> Progress: 60 done!
 -> Progress: 80 done!
 -> Progress: 100 done!
Testing...
 -> Progress: 20 done!
 -> Progress: 40 done!
 -> Progress: 60 done!
 -> Progress: 80 done!
 -> Progress: 100 done!

Keys:  ['time', 'acc1', 'acc5', 'ce_loss']
Training:  [0.020509958267211914, 85.1171875, 99.5703125, 1.6127271115779878]
Testing Old Task:  [0.005383399128913879, 67.725, 90.2875, 2.092322711646557]
Testing New Task:  [0.01955392360687256, 65.9, 92.5, 2.036179280281067]
67.7, 65.9
Best Acc:  67.4

Epoch: [12 | 45] LR: 0.004000
Training...
 -> Progress: 20 done!
 -> Progress: 40 done!
 -> Progress: 60 done!
 -> Progress: 80 done!
 -> Progress: 100 done!
Testing...
 -> Progress: 20 done!
 -> Progress: 40 done!
 -> Progress: 60 done!
 -> Progress: 80 done!
 -> Progress: 100 done!
Testing...
 -> Progress: 20 done!
 -> Progress: 40 done!
 -> Progress: 60 done!
 -> Progress: 80 done!
 -> Progress: 100 done!

Keys:  ['time', 'acc1', 'acc5', 'ce_loss']
Training:  [0.021021944284439088, 84.47265625, 99.27734375, 1.731782653927803]
Testing Old Task:  [0.005456945300102234, 67.9375, 90.075, 1.9634138628840447]
Testing New Task:  [0.018062901496887208, 65.9, 96.1, 1.9061450123786927]
67.9, 65.9
Best Acc:  67.4

Epoch: [13 | 45] LR: 0.004000
Training...
 -> Progress: 20 done!
 -> Progress: 40 done!
 -> Progress: 60 done!
 -> Progress: 80 done!
 -> Progress: 100 done!
Testing...
 -> Progress: 20 done!
 -> Progress: 40 done!
 -> Progress: 60 done!
 -> Progress: 80 done!
 -> Progress: 100 done!
Testing...
 -> Progress: 20 done!
 -> Progress: 40 done!
 -> Progress: 60 done!
 -> Progress: 80 done!
 -> Progress: 100 done!

Keys:  ['time', 'acc1', 'acc5', 'ce_loss']
Training:  [0.020387572050094605, 86.875, 99.58984375, 1.594687606394291]
Testing Old Task:  [0.00515352189540863, 68.0625, 90.3125, 2.0172269687056543]
Testing New Task:  [0.017960596084594726, 68.4, 96.0, 1.6680314898490907]
68.1, 68.4
Best Acc:  68.4

Epoch: [14 | 45] LR: 0.004000
Training...
 -> Progress: 20 done!
 -> Progress: 40 done!
 -> Progress: 60 done!
 -> Progress: 80 done!
 -> Progress: 100 done!
Testing...
 -> Progress: 20 done!
 -> Progress: 40 done!
 -> Progress: 60 done!
 -> Progress: 80 done!
 -> Progress: 100 done!
Testing...
 -> Progress: 20 done!
 -> Progress: 40 done!
 -> Progress: 60 done!
 -> Progress: 80 done!
 -> Progress: 100 done!

Keys:  ['time', 'acc1', 'acc5', 'ce_loss']
Training:  [0.020613837242126464, 91.66015625, 99.84375, 1.2078027829527855]
Testing Old Task:  [0.005243358016014099, 68.625, 90.3375, 2.036208900809288]
Testing New Task:  [0.016858530044555665, 67.7, 95.8, 1.7335935711860657]
68.6, 67.7
Best Acc:  68.4

Epoch: [15 | 45] LR: 0.004000
Training...
 -> Progress: 20 done!
 -> Progress: 40 done!
 -> Progress: 60 done!
 -> Progress: 80 done!
 -> Progress: 100 done!
Testing...
 -> Progress: 20 done!
 -> Progress: 40 done!
 -> Progress: 60 done!
 -> Progress: 80 done!
 -> Progress: 100 done!
Testing...
 -> Progress: 20 done!
 -> Progress: 40 done!
 -> Progress: 60 done!
 -> Progress: 80 done!
 -> Progress: 100 done!

Keys:  ['time', 'acc1', 'acc5', 'ce_loss']
Training:  [0.020577895641326904, 90.52734375, 99.90234375, 1.1497442990541458]
Testing Old Task:  [0.005563962459564209, 69.0125, 90.2375, 1.9783270239830018]
Testing New Task:  [0.018342137336730957, 67.5, 95.2, 1.7196717262268066]
69.0, 67.5
Best Acc:  68.4
New lr for parameter group: 0  ->  0.0004
New lr for parameter group: 1  ->  0.0004
New lr for parameter group: 2  ->  0.005000000000000001

Epoch: [16 | 45] LR: 0.000400
Training...
 -> Progress: 20 done!
 -> Progress: 40 done!
 -> Progress: 60 done!
 -> Progress: 80 done!
 -> Progress: 100 done!
Testing...
 -> Progress: 20 done!
 -> Progress: 40 done!
 -> Progress: 60 done!
 -> Progress: 80 done!
 -> Progress: 100 done!
Testing...
 -> Progress: 20 done!
 -> Progress: 40 done!
 -> Progress: 60 done!
 -> Progress: 80 done!
 -> Progress: 100 done!

Keys:  ['time', 'acc1', 'acc5', 'ce_loss']
Training:  [0.02056105136871338, 94.21875, 99.921875, 0.9244659230113029]
Testing Old Task:  [0.005354917049407959, 69.1875, 90.85, 1.9926440984010696]
Testing New Task:  [0.018573856353759764, 69.4, 96.1, 1.5349297046661377]
69.2, 69.4
Best Acc:  69.4

Epoch: [17 | 45] LR: 0.000400
Training...
 -> Progress: 20 done!
 -> Progress: 40 done!
 -> Progress: 60 done!
 -> Progress: 80 done!
 -> Progress: 100 done!
Testing...
 -> Progress: 20 done!
 -> Progress: 40 done!
 -> Progress: 60 done!
 -> Progress: 80 done!
 -> Progress: 100 done!
Testing...
 -> Progress: 20 done!
 -> Progress: 40 done!
 -> Progress: 60 done!
 -> Progress: 80 done!
 -> Progress: 100 done!

Keys:  ['time', 'acc1', 'acc5', 'ce_loss']
Training:  [0.020591968297958375, 96.07421875, 99.98046875, 0.7825843676924705]
Testing Old Task:  [0.005262985825538635, 69.3, 90.8875, 1.9900280371308328]
Testing New Task:  [0.01842670440673828, 69.9, 95.8, 1.504056304693222]
69.3, 69.9
Best Acc:  69.9

Epoch: [18 | 45] LR: 0.000400
Training...
 -> Progress: 20 done!
 -> Progress: 40 done!
 -> Progress: 60 done!
 -> Progress: 80 done!
 -> Progress: 100 done!
Testing...
 -> Progress: 20 done!
 -> Progress: 40 done!
 -> Progress: 60 done!
 -> Progress: 80 done!
 -> Progress: 100 done!
Testing...
 -> Progress: 20 done!
 -> Progress: 40 done!
 -> Progress: 60 done!
 -> Progress: 80 done!
 -> Progress: 100 done!

Keys:  ['time', 'acc1', 'acc5', 'ce_loss']
Training:  [0.019906753301620485, 95.80078125, 99.9609375, 0.7752718448638916]
Testing Old Task:  [0.005108988285064698, 69.2375, 90.8625, 1.9807409003376961]
Testing New Task:  [0.017193603515625, 70.1, 96.1, 1.5077521562576295]
69.2, 70.1
Best Acc:  70.1

Epoch: [19 | 45] LR: 0.000400
Training...
 -> Progress: 20 done!
 -> Progress: 40 done!
 -> Progress: 60 done!
 -> Progress: 80 done!
 -> Progress: 100 done!
Testing...
 -> Progress: 20 done!
 -> Progress: 40 done!
 -> Progress: 60 done!
 -> Progress: 80 done!
 -> Progress: 100 done!
Testing...
 -> Progress: 20 done!
 -> Progress: 40 done!
 -> Progress: 60 done!
 -> Progress: 80 done!
 -> Progress: 100 done!

Keys:  ['time', 'acc1', 'acc5', 'ce_loss']
Training:  [0.020811784267425536, 96.73828125, 99.98046875, 0.7488153740763664]
Testing Old Task:  [0.005375388264656067, 69.2375, 90.8875, 1.9846414737403393]
Testing New Task:  [0.01781957149505615, 70.1, 95.8, 1.5135891795158387]
69.2, 70.1
Best Acc:  70.1

Epoch: [20 | 45] LR: 0.000400
Training...
 -> Progress: 20 done!
 -> Progress: 40 done!
 -> Progress: 60 done!
 -> Progress: 80 done!
 -> Progress: 100 done!
Testing...
 -> Progress: 20 done!
 -> Progress: 40 done!
 -> Progress: 60 done!
 -> Progress: 80 done!
 -> Progress: 100 done!
Testing...
 -> Progress: 20 done!
 -> Progress: 40 done!
 -> Progress: 60 done!
 -> Progress: 80 done!
 -> Progress: 100 done!

Keys:  ['time', 'acc1', 'acc5', 'ce_loss']
Training:  [0.02053799629211426, 96.34765625, 99.9609375, 0.7397729262709618]
Testing Old Task:  [0.0055806577205657956, 69.275, 90.85, 1.9900955088436603]
Testing New Task:  [0.018499469757080077, 69.8, 96.0, 1.5262820541858673]
69.3, 69.8
Best Acc:  70.1

Epoch: [21 | 45] LR: 0.000400
Training...
 -> Progress: 20 done!
 -> Progress: 40 done!
 -> Progress: 60 done!
 -> Progress: 80 done!
 -> Progress: 100 done!
Testing...
 -> Progress: 20 done!
 -> Progress: 40 done!
 -> Progress: 60 done!
 -> Progress: 80 done!
 -> Progress: 100 done!
Testing...
 -> Progress: 20 done!
 -> Progress: 40 done!
 -> Progress: 60 done!
 -> Progress: 80 done!
 -> Progress: 100 done!

Keys:  ['time', 'acc1', 'acc5', 'ce_loss']
Training:  [0.020582669973373414, 95.9375, 100.0, 0.7280655995011329]
Testing Old Task:  [0.005247196555137635, 69.3125, 90.85, 1.995936281234026]
Testing New Task:  [0.017460966110229494, 70.4, 95.7, 1.5250560581684112]
69.3, 70.4
Best Acc:  70.4

Epoch: [22 | 45] LR: 0.000400
Training...
 -> Progress: 20 done!
 -> Progress: 40 done!
 -> Progress: 60 done!
 -> Progress: 80 done!
 -> Progress: 100 done!
Testing...
 -> Progress: 20 done!
 -> Progress: 40 done!
 -> Progress: 60 done!
 -> Progress: 80 done!
 -> Progress: 100 done!
Testing...
 -> Progress: 20 done!
 -> Progress: 40 done!
 -> Progress: 60 done!
 -> Progress: 80 done!
 -> Progress: 100 done!

Keys:  ['time', 'acc1', 'acc5', 'ce_loss']
Training:  [0.02053617835044861, 96.23046875, 100.0, 0.7217286378145218]
Testing Old Task:  [0.005271843075752259, 69.275, 90.85, 1.981040643900633]
Testing New Task:  [0.018277549743652345, 69.7, 95.6, 1.5367459774017334]
69.3, 69.7
Best Acc:  70.4

Epoch: [23 | 45] LR: 0.000400
Training...
 -> Progress: 20 done!
 -> Progress: 40 done!
 -> Progress: 60 done!
 -> Progress: 80 done!
 -> Progress: 100 done!
Testing...
 -> Progress: 20 done!
 -> Progress: 40 done!
 -> Progress: 60 done!
 -> Progress: 80 done!
 -> Progress: 100 done!
Testing...
 -> Progress: 20 done!
 -> Progress: 40 done!
 -> Progress: 60 done!
 -> Progress: 80 done!
 -> Progress: 100 done!

Keys:  ['time', 'acc1', 'acc5', 'ce_loss']
Training:  [0.020610928535461426, 96.54296875, 99.6875, 0.7062812179327012]
Testing Old Task:  [0.005127835273742676, 69.3125, 90.8875, 1.9931579783558846]
Testing New Task:  [0.017336583137512206, 70.2, 96.4, 1.5029857099056243]
69.3, 70.2
Best Acc:  70.4

Epoch: [24 | 45] LR: 0.000400
Training...
 -> Progress: 20 done!
 -> Progress: 40 done!
 -> Progress: 60 done!
 -> Progress: 80 done!
 -> Progress: 100 done!
Testing...
 -> Progress: 20 done!
 -> Progress: 40 done!
 -> Progress: 60 done!
 -> Progress: 80 done!
 -> Progress: 100 done!
Testing...
 -> Progress: 20 done!
 -> Progress: 40 done!
 -> Progress: 60 done!
 -> Progress: 80 done!
 -> Progress: 100 done!

Keys:  ['time', 'acc1', 'acc5', 'ce_loss']
Training:  [0.020653748512268068, 97.01171875, 99.98046875, 0.6823286637663841]
Testing Old Task:  [0.005451703071594238, 69.3375, 90.8875, 1.9887891195714473]
Testing New Task:  [0.018010854721069336, 69.6, 96.0, 1.5288242101669312]
69.3, 69.6
Best Acc:  70.4

Epoch: [25 | 45] LR: 0.000400
Training...
 -> Progress: 20 done!
 -> Progress: 40 done!
 -> Progress: 60 done!
 -> Progress: 80 done!
 -> Progress: 100 done!
Testing...
 -> Progress: 20 done!
 -> Progress: 40 done!
 -> Progress: 60 done!
 -> Progress: 80 done!
 -> Progress: 100 done!
Testing...
 -> Progress: 20 done!
 -> Progress: 40 done!
 -> Progress: 60 done!
 -> Progress: 80 done!
 -> Progress: 100 done!

Keys:  ['time', 'acc1', 'acc5', 'ce_loss']
Training:  [0.019952964782714844, 97.08984375, 99.9609375, 0.6784794196486473]
Testing Old Task:  [0.005717098712921143, 69.275, 90.8875, 2.0036578096449373]
Testing New Task:  [0.018083834648132326, 69.9, 95.6, 1.5423805296421051]
69.3, 69.9
Best Acc:  70.4

Epoch: [26 | 45] LR: 0.000400
Training...
 -> Progress: 20 done!
 -> Progress: 40 done!
 -> Progress: 60 done!
 -> Progress: 80 done!
 -> Progress: 100 done!
Testing...
 -> Progress: 20 done!
 -> Progress: 40 done!
 -> Progress: 60 done!
 -> Progress: 80 done!
 -> Progress: 100 done!
Testing...
 -> Progress: 20 done!
 -> Progress: 40 done!
 -> Progress: 60 done!
 -> Progress: 80 done!
 -> Progress: 100 done!

Keys:  ['time', 'acc1', 'acc5', 'ce_loss']
Training:  [0.020427441596984862, 97.20703125, 99.98046875, 0.6508082449436188]
Testing Old Task:  [0.005044466257095337, 69.1625, 90.9125, 1.9970479123294353]
Testing New Task:  [0.01763911247253418, 69.8, 95.5, 1.5425621926784516]
69.2, 69.8
Best Acc:  70.4

Epoch: [27 | 45] LR: 0.000400
Training...
 -> Progress: 20 done!
 -> Progress: 40 done!
 -> Progress: 60 done!
 -> Progress: 80 done!
 -> Progress: 100 done!
Testing...
 -> Progress: 20 done!
 -> Progress: 40 done!
 -> Progress: 60 done!
 -> Progress: 80 done!
 -> Progress: 100 done!
Testing...
 -> Progress: 20 done!
 -> Progress: 40 done!
 -> Progress: 60 done!
 -> Progress: 80 done!
 -> Progress: 100 done!

Keys:  ['time', 'acc1', 'acc5', 'ce_loss']
Training:  [0.0203590452671051, 97.03125, 100.0, 0.6531493440270424]
Testing Old Task:  [0.005496090650558472, 69.275, 90.925, 1.9918420806527137]
Testing New Task:  [0.017433810234069824, 70.2, 95.9, 1.5218136310577393]
69.3, 70.2
Best Acc:  70.4

Epoch: [28 | 45] LR: 0.000400
Training...
 -> Progress: 20 done!
 -> Progress: 40 done!
 -> Progress: 60 done!
 -> Progress: 80 done!
 -> Progress: 100 done!
Testing...
 -> Progress: 20 done!
 -> Progress: 40 done!
 -> Progress: 60 done!
 -> Progress: 80 done!
 -> Progress: 100 done!
Testing...
 -> Progress: 20 done!
 -> Progress: 40 done!
 -> Progress: 60 done!
 -> Progress: 80 done!
 -> Progress: 100 done!

Keys:  ['time', 'acc1', 'acc5', 'ce_loss']
Training:  [0.020973265171051025, 96.9140625, 99.98046875, 0.6568778991699219]
Testing Old Task:  [0.005536723136901856, 69.4, 90.9, 1.9857396230101585]
Testing New Task:  [0.01788301467895508, 70.7, 95.7, 1.5341941714286804]
69.4, 70.7
Best Acc:  70.7

Epoch: [29 | 45] LR: 0.000400
Training...
 -> Progress: 20 done!
 -> Progress: 40 done!
 -> Progress: 60 done!
 -> Progress: 80 done!
 -> Progress: 100 done!
Testing...
 -> Progress: 20 done!
 -> Progress: 40 done!
 -> Progress: 60 done!
 -> Progress: 80 done!
 -> Progress: 100 done!
Testing...
 -> Progress: 20 done!
 -> Progress: 40 done!
 -> Progress: 60 done!
 -> Progress: 80 done!
 -> Progress: 100 done!

Keys:  ['time', 'acc1', 'acc5', 'ce_loss']
Training:  [0.020657527446746825, 97.34375, 99.98046875, 0.6355985984206199]
Testing Old Task:  [0.005143594741821289, 69.3625, 90.8875, 1.9927652291953564]
Testing New Task:  [0.017246341705322264, 69.5, 95.6, 1.527941143512726]
69.4, 69.5
Best Acc:  70.7

Epoch: [30 | 45] LR: 0.000400
Training...
 -> Progress: 20 done!
 -> Progress: 40 done!
 -> Progress: 60 done!
 -> Progress: 80 done!
 -> Progress: 100 done!
Testing...
 -> Progress: 20 done!
 -> Progress: 40 done!
 -> Progress: 60 done!
 -> Progress: 80 done!
 -> Progress: 100 done!
Testing...
 -> Progress: 20 done!
 -> Progress: 40 done!
 -> Progress: 60 done!
 -> Progress: 80 done!
 -> Progress: 100 done!

Keys:  ['time', 'acc1', 'acc5', 'ce_loss']
Training:  [0.020316386222839357, 97.51953125, 100.0, 0.6206687688827515]
Testing Old Task:  [0.005324730277061462, 69.35, 90.8625, 1.9950855068862439]
Testing New Task:  [0.017692923545837402, 69.4, 95.9, 1.5306029438972473]
69.3, 69.4
Best Acc:  70.7
New lr for parameter group: 0  ->  4e-05
New lr for parameter group: 1  ->  4e-05
New lr for parameter group: 2  ->  0.0005000000000000001

Epoch: [31 | 45] LR: 0.000040
Training...
 -> Progress: 20 done!
 -> Progress: 40 done!
 -> Progress: 60 done!
 -> Progress: 80 done!
 -> Progress: 100 done!
Testing...
 -> Progress: 20 done!
 -> Progress: 40 done!
 -> Progress: 60 done!
 -> Progress: 80 done!
 -> Progress: 100 done!
Testing...
 -> Progress: 20 done!
 -> Progress: 40 done!
 -> Progress: 60 done!
 -> Progress: 80 done!
 -> Progress: 100 done!

Keys:  ['time', 'acc1', 'acc5', 'ce_loss']
Training:  [0.020602506399154664, 97.8125, 99.98046875, 0.6113216176629066]
Testing Old Task:  [0.005293446779251099, 69.4, 90.875, 1.9947667062282561]
Testing New Task:  [0.0183058500289917, 70.2, 95.7, 1.5224740147590636]
69.4, 70.2
Best Acc:  70.7

Epoch: [32 | 45] LR: 0.000040
Training...
 -> Progress: 20 done!
 -> Progress: 40 done!
 -> Progress: 60 done!
 -> Progress: 80 done!
 -> Progress: 100 done!
Testing...
 -> Progress: 20 done!
 -> Progress: 40 done!
 -> Progress: 60 done!
 -> Progress: 80 done!
 -> Progress: 100 done!
Testing...
 -> Progress: 20 done!
 -> Progress: 40 done!
 -> Progress: 60 done!
 -> Progress: 80 done!
 -> Progress: 100 done!

Keys:  ['time', 'acc1', 'acc5', 'ce_loss']
Training:  [0.020858103036880495, 97.20703125, 100.0, 0.6186967954039574]
Testing Old Task:  [0.005172845721244812, 69.4, 90.85, 1.9969680912792682]
Testing New Task:  [0.01728515625, 69.9, 95.9, 1.5212263643741608]
69.4, 69.9
Best Acc:  70.7

Epoch: [33 | 45] LR: 0.000040
Training...
 -> Progress: 20 done!
 -> Progress: 40 done!
 -> Progress: 60 done!
 -> Progress: 80 done!
 -> Progress: 100 done!
Testing...
 -> Progress: 20 done!
 -> Progress: 40 done!
 -> Progress: 60 done!
 -> Progress: 80 done!
 -> Progress: 100 done!
Testing...
 -> Progress: 20 done!
 -> Progress: 40 done!
 -> Progress: 60 done!
 -> Progress: 80 done!
 -> Progress: 100 done!

Keys:  ['time', 'acc1', 'acc5', 'ce_loss']
Training:  [0.020520436763763427, 97.40234375, 99.94140625, 0.6164336234331131]
Testing Old Task:  [0.005381464958190918, 69.3875, 90.9, 1.995146556198597]
Testing New Task:  [0.017504215240478516, 69.7, 95.9, 1.5195934355258942]
69.4, 69.7
Best Acc:  70.7

Epoch: [34 | 45] LR: 0.000040
Training...
 -> Progress: 20 done!
 -> Progress: 40 done!
 -> Progress: 60 done!
 -> Progress: 80 done!
 -> Progress: 100 done!
Testing...
 -> Progress: 20 done!
 -> Progress: 40 done!
 -> Progress: 60 done!
 -> Progress: 80 done!
 -> Progress: 100 done!
Testing...
 -> Progress: 20 done!
 -> Progress: 40 done!
 -> Progress: 60 done!
 -> Progress: 80 done!
 -> Progress: 100 done!

Keys:  ['time', 'acc1', 'acc5', 'ce_loss']
Training:  [0.02028171420097351, 97.6953125, 100.0, 0.6059483841061593]
Testing Old Task:  [0.0054052680730819706, 69.35, 90.925, 1.995065588504076]
Testing New Task:  [0.01817777156829834, 69.9, 95.8, 1.522578740119934]
69.3, 69.9
Best Acc:  70.7

Epoch: [35 | 45] LR: 0.000040
Training...
 -> Progress: 20 done!
 -> Progress: 40 done!
 -> Progress: 60 done!
 -> Progress: 80 done!
 -> Progress: 100 done!
Testing...
 -> Progress: 20 done!
 -> Progress: 40 done!
 -> Progress: 60 done!
 -> Progress: 80 done!
 -> Progress: 100 done!
Testing...
 -> Progress: 20 done!
 -> Progress: 40 done!
 -> Progress: 60 done!
 -> Progress: 80 done!
 -> Progress: 100 done!

Keys:  ['time', 'acc1', 'acc5', 'ce_loss']
Training:  [0.020393902063369752, 97.3828125, 99.98046875, 0.6012309543788433]
Testing Old Task:  [0.0052308827638626095, 69.375, 90.8875, 1.9984760627150535]
Testing New Task:  [0.018344521522521973, 69.9, 95.9, 1.5254530310630798]
69.4, 69.9
Best Acc:  70.7

Epoch: [36 | 45] LR: 0.000040
Training...
 -> Progress: 20 done!
 -> Progress: 40 done!
 -> Progress: 60 done!
 -> Progress: 80 done!
 -> Progress: 100 done!
Testing...
 -> Progress: 20 done!
 -> Progress: 40 done!
 -> Progress: 60 done!
 -> Progress: 80 done!
 -> Progress: 100 done!
Testing...
 -> Progress: 20 done!
 -> Progress: 40 done!
 -> Progress: 60 done!
 -> Progress: 80 done!
 -> Progress: 100 done!

Keys:  ['time', 'acc1', 'acc5', 'ce_loss']
Training:  [0.019694799184799196, 97.96875, 100.0, 0.5916888594627381]
Testing Old Task:  [0.0052464306354522705, 69.4, 90.9125, 1.9985614247620105]
Testing New Task:  [0.01845223903656006, 69.9, 95.9, 1.5287831008434296]
69.4, 69.9
Best Acc:  70.7

Epoch: [37 | 45] LR: 0.000040
Training...
 -> Progress: 20 done!
 -> Progress: 40 done!
 -> Progress: 60 done!
 -> Progress: 80 done!
 -> Progress: 100 done!
Testing...
 -> Progress: 20 done!
 -> Progress: 40 done!
 -> Progress: 60 done!
 -> Progress: 80 done!
 -> Progress: 100 done!
Testing...
 -> Progress: 20 done!
 -> Progress: 40 done!
 -> Progress: 60 done!
 -> Progress: 80 done!
 -> Progress: 100 done!

Keys:  ['time', 'acc1', 'acc5', 'ce_loss']
Training:  [0.019710391759872437, 97.96875, 99.98046875, 0.6131666794419288]
Testing Old Task:  [0.00499441921710968, 69.4125, 90.9375, 1.9971813447773457]
Testing New Task:  [0.018879199028015138, 69.7, 95.8, 1.5245913028717042]
69.4, 69.7
Best Acc:  70.7

Epoch: [38 | 45] LR: 0.000040
Training...
 -> Progress: 20 done!
 -> Progress: 40 done!
 -> Progress: 60 done!
 -> Progress: 80 done!
 -> Progress: 100 done!
Testing...
 -> Progress: 20 done!
 -> Progress: 40 done!
 -> Progress: 60 done!
 -> Progress: 80 done!
 -> Progress: 100 done!
Testing...
 -> Progress: 20 done!
 -> Progress: 40 done!
 -> Progress: 60 done!
 -> Progress: 80 done!
 -> Progress: 100 done!

Keys:  ['time', 'acc1', 'acc5', 'ce_loss']
Training:  [0.020563358068466188, 97.9296875, 99.98046875, 0.594688555598259]
Testing Old Task:  [0.005209508538246155, 69.3875, 90.8875, 1.9967852659523486]
Testing New Task:  [0.016601300239562987, 69.7, 96.0, 1.5280815601348876]
69.4, 69.7
Best Acc:  70.7

Epoch: [39 | 45] LR: 0.000040
Training...
 -> Progress: 20 done!
 -> Progress: 40 done!
 -> Progress: 60 done!
 -> Progress: 80 done!
 -> Progress: 100 done!
Testing...
 -> Progress: 20 done!
 -> Progress: 40 done!
 -> Progress: 60 done!
 -> Progress: 80 done!
 -> Progress: 100 done!
Testing...
 -> Progress: 20 done!
 -> Progress: 40 done!
 -> Progress: 60 done!
 -> Progress: 80 done!
 -> Progress: 100 done!

Keys:  ['time', 'acc1', 'acc5', 'ce_loss']
Training:  [0.020562660694122315, 97.578125, 100.0, 0.5951404020190239]
Testing Old Task:  [0.005381128191947937, 69.4375, 90.9, 1.9986155331134796]
Testing New Task:  [0.01795017719268799, 69.4, 96.0, 1.5305287301540376]
69.4, 69.4
Best Acc:  70.7

Epoch: [40 | 45] LR: 0.000040
Training...
 -> Progress: 20 done!
 -> Progress: 40 done!
 -> Progress: 60 done!
 -> Progress: 80 done!
 -> Progress: 100 done!
Testing...
 -> Progress: 20 done!
 -> Progress: 40 done!
 -> Progress: 60 done!
 -> Progress: 80 done!
 -> Progress: 100 done!
Testing...
 -> Progress: 20 done!
 -> Progress: 40 done!
 -> Progress: 60 done!
 -> Progress: 80 done!
 -> Progress: 100 done!

Keys:  ['time', 'acc1', 'acc5', 'ce_loss']
Training:  [0.019834280014038086, 97.51953125, 100.0, 0.6005900338292122]
Testing Old Task:  [0.005194634199142456, 69.375, 90.925, 1.9972098313272]
Testing New Task:  [0.018683457374572755, 69.7, 96.0, 1.5260014951229095]
69.4, 69.7
Best Acc:  70.7

Epoch: [41 | 45] LR: 0.000040
Training...
 -> Progress: 20 done!
 -> Progress: 40 done!
 -> Progress: 60 done!
 -> Progress: 80 done!
 -> Progress: 100 done!
Testing...
 -> Progress: 20 done!
 -> Progress: 40 done!
 -> Progress: 60 done!
 -> Progress: 80 done!
 -> Progress: 100 done!
Testing...
 -> Progress: 20 done!
 -> Progress: 40 done!
 -> Progress: 60 done!
 -> Progress: 80 done!
 -> Progress: 100 done!

Keys:  ['time', 'acc1', 'acc5', 'ce_loss']
Training:  [0.020482689142227173, 97.578125, 100.0, 0.6008366465568542]
Testing Old Task:  [0.00519251823425293, 69.3875, 90.8875, 1.9973613172769547]
Testing New Task:  [0.017967820167541504, 69.7, 96.0, 1.5258134007453918]
69.4, 69.7
Best Acc:  70.7

Epoch: [42 | 45] LR: 0.000040
Training...
 -> Progress: 20 done!
 -> Progress: 40 done!
 -> Progress: 60 done!
 -> Progress: 80 done!
 -> Progress: 100 done!
Testing...
 -> Progress: 20 done!
 -> Progress: 40 done!
 -> Progress: 60 done!
 -> Progress: 80 done!
 -> Progress: 100 done!
Testing...
 -> Progress: 20 done!
 -> Progress: 40 done!
 -> Progress: 60 done!
 -> Progress: 80 done!
 -> Progress: 100 done!

Keys:  ['time', 'acc1', 'acc5', 'ce_loss']
Training:  [0.020208752155303954, 97.6171875, 100.0, 0.599573265761137]
Testing Old Task:  [0.0053713381290435794, 69.4375, 90.8875, 1.997135729342699]
Testing New Task:  [0.0184833288192749, 69.5, 95.8, 1.5246095061302185]
69.4, 69.5
Best Acc:  70.7

Epoch: [43 | 45] LR: 0.000040
Training...
 -> Progress: 20 done!
 -> Progress: 40 done!
 -> Progress: 60 done!
 -> Progress: 80 done!
 -> Progress: 100 done!
Testing...
 -> Progress: 20 done!
 -> Progress: 40 done!
 -> Progress: 60 done!
 -> Progress: 80 done!
 -> Progress: 100 done!
Testing...
 -> Progress: 20 done!
 -> Progress: 40 done!
 -> Progress: 60 done!
 -> Progress: 80 done!
 -> Progress: 100 done!

Keys:  ['time', 'acc1', 'acc5', 'ce_loss']
Training:  [0.02034808397293091, 97.87109375, 100.0, 0.5951094880700112]
Testing Old Task:  [0.005062654614448547, 69.3625, 90.9, 1.9969765476882457]
Testing New Task:  [0.01830747127532959, 69.8, 95.8, 1.5267107963562012]
69.4, 69.8
Best Acc:  70.7

Epoch: [44 | 45] LR: 0.000040
Training...
 -> Progress: 20 done!
 -> Progress: 40 done!
 -> Progress: 60 done!
 -> Progress: 80 done!
 -> Progress: 100 done!
Testing...
 -> Progress: 20 done!
 -> Progress: 40 done!
 -> Progress: 60 done!
 -> Progress: 80 done!
 -> Progress: 100 done!
Testing...
 -> Progress: 20 done!
 -> Progress: 40 done!
 -> Progress: 60 done!
 -> Progress: 80 done!
 -> Progress: 100 done!

Keys:  ['time', 'acc1', 'acc5', 'ce_loss']
Training:  [0.020777106285095215, 97.32421875, 99.98046875, 0.6028300657868385]
Testing Old Task:  [0.0053511857986450195, 69.375, 90.875, 1.9985634483397008]
Testing New Task:  [0.01762087345123291, 69.5, 95.8, 1.5292944431304931]
69.4, 69.5
Best Acc:  70.7

Epoch: [45 | 45] LR: 0.000040
Training...
 -> Progress: 20 done!
 -> Progress: 40 done!
 -> Progress: 60 done!
 -> Progress: 80 done!
 -> Progress: 100 done!
Testing...
 -> Progress: 20 done!
 -> Progress: 40 done!
 -> Progress: 60 done!
 -> Progress: 80 done!
 -> Progress: 100 done!
Testing...
 -> Progress: 20 done!
 -> Progress: 40 done!
 -> Progress: 60 done!
 -> Progress: 80 done!
 -> Progress: 100 done!

Keys:  ['time', 'acc1', 'acc5', 'ce_loss']
Training:  [0.020098644495010375, 97.51953125, 100.0, 0.6039835423231125]
Testing Old Task:  [0.005161091685295105, 69.3625, 90.85, 1.9983351401984693]
Testing New Task:  [0.01762683391571045, 69.5, 96.0, 1.53003368973732]
69.4, 69.5
Best Acc:  70.7

real	2m2.486s
user	3m14.045s
sys	1m11.042s

Ending script...
Tue Feb  8 22:36:09 EST 2022
